[2022-09-24 16:29:35,607] {scheduler_job.py:182} INFO - Started process (PID=55) to work on /home/airflow/.local/lib/python3.6/site-packages/airflow/example_dags/example_skip_dag.py
[2022-09-24 16:29:35,609] {scheduler_job.py:629} INFO - Processing file /home/airflow/.local/lib/python3.6/site-packages/airflow/example_dags/example_skip_dag.py for tasks to queue
[2022-09-24 16:29:35,610] {logging_mixin.py:104} INFO - [2022-09-24 16:29:35,610] {dagbag.py:451} INFO - Filling up the DagBag from /home/airflow/.local/lib/python3.6/site-packages/airflow/example_dags/example_skip_dag.py
[2022-09-24 16:29:35,624] {scheduler_job.py:639} INFO - DAG(s) dict_keys(['example_skip_dag']) retrieved from /home/airflow/.local/lib/python3.6/site-packages/airflow/example_dags/example_skip_dag.py
[2022-09-24 16:29:35,657] {logging_mixin.py:104} INFO - [2022-09-24 16:29:35,657] {dag.py:1824} INFO - Sync 1 DAGs
[2022-09-24 16:29:35,676] {logging_mixin.py:104} INFO - [2022-09-24 16:29:35,676] {dag.py:1843} INFO - Creating ORM DAG for example_skip_dag
[2022-09-24 16:29:35,682] {logging_mixin.py:104} INFO - [2022-09-24 16:29:35,682] {dag.py:2280} INFO - Setting next_dagrun for example_skip_dag to 2022-09-22 00:00:00+00:00
[2022-09-24 16:29:35,700] {scheduler_job.py:190} INFO - Processing /home/airflow/.local/lib/python3.6/site-packages/airflow/example_dags/example_skip_dag.py took 0.096 seconds
[2022-09-24 16:30:05,910] {scheduler_job.py:182} INFO - Started process (PID=83) to work on /home/airflow/.local/lib/python3.6/site-packages/airflow/example_dags/example_skip_dag.py
[2022-09-24 16:30:05,911] {scheduler_job.py:629} INFO - Processing file /home/airflow/.local/lib/python3.6/site-packages/airflow/example_dags/example_skip_dag.py for tasks to queue
[2022-09-24 16:30:05,912] {logging_mixin.py:104} INFO - [2022-09-24 16:30:05,912] {dagbag.py:451} INFO - Filling up the DagBag from /home/airflow/.local/lib/python3.6/site-packages/airflow/example_dags/example_skip_dag.py
[2022-09-24 16:30:05,920] {scheduler_job.py:639} INFO - DAG(s) dict_keys(['example_skip_dag']) retrieved from /home/airflow/.local/lib/python3.6/site-packages/airflow/example_dags/example_skip_dag.py
[2022-09-24 16:30:05,935] {logging_mixin.py:104} INFO - [2022-09-24 16:30:05,935] {dag.py:1824} INFO - Sync 1 DAGs
[2022-09-24 16:30:05,948] {logging_mixin.py:104} INFO - [2022-09-24 16:30:05,948] {dag.py:2280} INFO - Setting next_dagrun for example_skip_dag to 2022-09-22 00:00:00+00:00
[2022-09-24 16:30:05,955] {scheduler_job.py:190} INFO - Processing /home/airflow/.local/lib/python3.6/site-packages/airflow/example_dags/example_skip_dag.py took 0.048 seconds
[2022-09-24 16:30:36,021] {scheduler_job.py:182} INFO - Started process (PID=109) to work on /home/airflow/.local/lib/python3.6/site-packages/airflow/example_dags/example_skip_dag.py
[2022-09-24 16:30:36,022] {scheduler_job.py:629} INFO - Processing file /home/airflow/.local/lib/python3.6/site-packages/airflow/example_dags/example_skip_dag.py for tasks to queue
[2022-09-24 16:30:36,023] {logging_mixin.py:104} INFO - [2022-09-24 16:30:36,023] {dagbag.py:451} INFO - Filling up the DagBag from /home/airflow/.local/lib/python3.6/site-packages/airflow/example_dags/example_skip_dag.py
[2022-09-24 16:30:36,031] {scheduler_job.py:639} INFO - DAG(s) dict_keys(['example_skip_dag']) retrieved from /home/airflow/.local/lib/python3.6/site-packages/airflow/example_dags/example_skip_dag.py
[2022-09-24 16:30:36,048] {logging_mixin.py:104} INFO - [2022-09-24 16:30:36,047] {dag.py:1824} INFO - Sync 1 DAGs
[2022-09-24 16:30:36,061] {logging_mixin.py:104} INFO - [2022-09-24 16:30:36,061] {dag.py:2280} INFO - Setting next_dagrun for example_skip_dag to 2022-09-22 00:00:00+00:00
[2022-09-24 16:30:36,069] {scheduler_job.py:190} INFO - Processing /home/airflow/.local/lib/python3.6/site-packages/airflow/example_dags/example_skip_dag.py took 0.050 seconds
[2022-09-24 16:31:06,853] {scheduler_job.py:182} INFO - Started process (PID=133) to work on /home/airflow/.local/lib/python3.6/site-packages/airflow/example_dags/example_skip_dag.py
[2022-09-24 16:31:06,854] {scheduler_job.py:629} INFO - Processing file /home/airflow/.local/lib/python3.6/site-packages/airflow/example_dags/example_skip_dag.py for tasks to queue
[2022-09-24 16:31:06,855] {logging_mixin.py:104} INFO - [2022-09-24 16:31:06,855] {dagbag.py:451} INFO - Filling up the DagBag from /home/airflow/.local/lib/python3.6/site-packages/airflow/example_dags/example_skip_dag.py
[2022-09-24 16:31:06,862] {scheduler_job.py:639} INFO - DAG(s) dict_keys(['example_skip_dag']) retrieved from /home/airflow/.local/lib/python3.6/site-packages/airflow/example_dags/example_skip_dag.py
[2022-09-24 16:31:06,878] {logging_mixin.py:104} INFO - [2022-09-24 16:31:06,878] {dag.py:1824} INFO - Sync 1 DAGs
[2022-09-24 16:31:06,891] {logging_mixin.py:104} INFO - [2022-09-24 16:31:06,891] {dag.py:2280} INFO - Setting next_dagrun for example_skip_dag to 2022-09-22 00:00:00+00:00
[2022-09-24 16:31:06,898] {scheduler_job.py:190} INFO - Processing /home/airflow/.local/lib/python3.6/site-packages/airflow/example_dags/example_skip_dag.py took 0.047 seconds
[2022-09-24 16:31:37,869] {scheduler_job.py:182} INFO - Started process (PID=159) to work on /home/airflow/.local/lib/python3.6/site-packages/airflow/example_dags/example_skip_dag.py
[2022-09-24 16:31:37,870] {scheduler_job.py:629} INFO - Processing file /home/airflow/.local/lib/python3.6/site-packages/airflow/example_dags/example_skip_dag.py for tasks to queue
[2022-09-24 16:31:37,871] {logging_mixin.py:104} INFO - [2022-09-24 16:31:37,871] {dagbag.py:451} INFO - Filling up the DagBag from /home/airflow/.local/lib/python3.6/site-packages/airflow/example_dags/example_skip_dag.py
[2022-09-24 16:31:37,879] {scheduler_job.py:639} INFO - DAG(s) dict_keys(['example_skip_dag']) retrieved from /home/airflow/.local/lib/python3.6/site-packages/airflow/example_dags/example_skip_dag.py
[2022-09-24 16:31:37,896] {logging_mixin.py:104} INFO - [2022-09-24 16:31:37,896] {dag.py:1824} INFO - Sync 1 DAGs
[2022-09-24 16:31:37,908] {logging_mixin.py:104} INFO - [2022-09-24 16:31:37,908] {dag.py:2280} INFO - Setting next_dagrun for example_skip_dag to 2022-09-22 00:00:00+00:00
[2022-09-24 16:31:37,917] {scheduler_job.py:190} INFO - Processing /home/airflow/.local/lib/python3.6/site-packages/airflow/example_dags/example_skip_dag.py took 0.050 seconds
[2022-09-24 16:32:08,984] {scheduler_job.py:182} INFO - Started process (PID=185) to work on /home/airflow/.local/lib/python3.6/site-packages/airflow/example_dags/example_skip_dag.py
[2022-09-24 16:32:08,985] {scheduler_job.py:629} INFO - Processing file /home/airflow/.local/lib/python3.6/site-packages/airflow/example_dags/example_skip_dag.py for tasks to queue
[2022-09-24 16:32:08,985] {logging_mixin.py:104} INFO - [2022-09-24 16:32:08,985] {dagbag.py:451} INFO - Filling up the DagBag from /home/airflow/.local/lib/python3.6/site-packages/airflow/example_dags/example_skip_dag.py
[2022-09-24 16:32:08,993] {scheduler_job.py:639} INFO - DAG(s) dict_keys(['example_skip_dag']) retrieved from /home/airflow/.local/lib/python3.6/site-packages/airflow/example_dags/example_skip_dag.py
[2022-09-24 16:32:09,007] {logging_mixin.py:104} INFO - [2022-09-24 16:32:09,007] {dag.py:1824} INFO - Sync 1 DAGs
[2022-09-24 16:32:09,020] {logging_mixin.py:104} INFO - [2022-09-24 16:32:09,020] {dag.py:2280} INFO - Setting next_dagrun for example_skip_dag to 2022-09-22 00:00:00+00:00
[2022-09-24 16:32:09,028] {scheduler_job.py:190} INFO - Processing /home/airflow/.local/lib/python3.6/site-packages/airflow/example_dags/example_skip_dag.py took 0.047 seconds
[2022-09-24 16:32:39,732] {scheduler_job.py:182} INFO - Started process (PID=211) to work on /home/airflow/.local/lib/python3.6/site-packages/airflow/example_dags/example_skip_dag.py
[2022-09-24 16:32:39,733] {scheduler_job.py:629} INFO - Processing file /home/airflow/.local/lib/python3.6/site-packages/airflow/example_dags/example_skip_dag.py for tasks to queue
[2022-09-24 16:32:39,735] {logging_mixin.py:104} INFO - [2022-09-24 16:32:39,735] {dagbag.py:451} INFO - Filling up the DagBag from /home/airflow/.local/lib/python3.6/site-packages/airflow/example_dags/example_skip_dag.py
[2022-09-24 16:32:39,750] {scheduler_job.py:639} INFO - DAG(s) dict_keys(['example_skip_dag']) retrieved from /home/airflow/.local/lib/python3.6/site-packages/airflow/example_dags/example_skip_dag.py
[2022-09-24 16:32:39,781] {logging_mixin.py:104} INFO - [2022-09-24 16:32:39,781] {dag.py:1824} INFO - Sync 1 DAGs
[2022-09-24 16:32:39,803] {logging_mixin.py:104} INFO - [2022-09-24 16:32:39,803] {dag.py:2280} INFO - Setting next_dagrun for example_skip_dag to 2022-09-22 00:00:00+00:00
[2022-09-24 16:32:39,820] {scheduler_job.py:190} INFO - Processing /home/airflow/.local/lib/python3.6/site-packages/airflow/example_dags/example_skip_dag.py took 0.092 seconds
[2022-09-24 16:33:11,272] {scheduler_job.py:182} INFO - Started process (PID=244) to work on /home/airflow/.local/lib/python3.6/site-packages/airflow/example_dags/example_skip_dag.py
[2022-09-24 16:33:11,274] {scheduler_job.py:629} INFO - Processing file /home/airflow/.local/lib/python3.6/site-packages/airflow/example_dags/example_skip_dag.py for tasks to queue
[2022-09-24 16:33:11,275] {logging_mixin.py:104} INFO - [2022-09-24 16:33:11,275] {dagbag.py:451} INFO - Filling up the DagBag from /home/airflow/.local/lib/python3.6/site-packages/airflow/example_dags/example_skip_dag.py
[2022-09-24 16:33:11,287] {scheduler_job.py:639} INFO - DAG(s) dict_keys(['example_skip_dag']) retrieved from /home/airflow/.local/lib/python3.6/site-packages/airflow/example_dags/example_skip_dag.py
[2022-09-24 16:33:11,312] {logging_mixin.py:104} INFO - [2022-09-24 16:33:11,312] {dag.py:1824} INFO - Sync 1 DAGs
[2022-09-24 16:33:11,326] {logging_mixin.py:104} INFO - [2022-09-24 16:33:11,326] {dag.py:2280} INFO - Setting next_dagrun for example_skip_dag to 2022-09-22 00:00:00+00:00
[2022-09-24 16:33:11,334] {scheduler_job.py:190} INFO - Processing /home/airflow/.local/lib/python3.6/site-packages/airflow/example_dags/example_skip_dag.py took 0.067 seconds
[2022-09-24 16:33:41,355] {scheduler_job.py:182} INFO - Started process (PID=268) to work on /home/airflow/.local/lib/python3.6/site-packages/airflow/example_dags/example_skip_dag.py
[2022-09-24 16:33:41,355] {scheduler_job.py:629} INFO - Processing file /home/airflow/.local/lib/python3.6/site-packages/airflow/example_dags/example_skip_dag.py for tasks to queue
[2022-09-24 16:33:41,356] {logging_mixin.py:104} INFO - [2022-09-24 16:33:41,356] {dagbag.py:451} INFO - Filling up the DagBag from /home/airflow/.local/lib/python3.6/site-packages/airflow/example_dags/example_skip_dag.py
[2022-09-24 16:33:41,363] {scheduler_job.py:639} INFO - DAG(s) dict_keys(['example_skip_dag']) retrieved from /home/airflow/.local/lib/python3.6/site-packages/airflow/example_dags/example_skip_dag.py
[2022-09-24 16:33:41,382] {logging_mixin.py:104} INFO - [2022-09-24 16:33:41,382] {dag.py:1824} INFO - Sync 1 DAGs
[2022-09-24 16:33:41,392] {logging_mixin.py:104} INFO - [2022-09-24 16:33:41,392] {dag.py:2280} INFO - Setting next_dagrun for example_skip_dag to 2022-09-22 00:00:00+00:00
[2022-09-24 16:33:41,400] {scheduler_job.py:190} INFO - Processing /home/airflow/.local/lib/python3.6/site-packages/airflow/example_dags/example_skip_dag.py took 0.048 seconds
[2022-09-24 16:34:11,743] {scheduler_job.py:182} INFO - Started process (PID=294) to work on /home/airflow/.local/lib/python3.6/site-packages/airflow/example_dags/example_skip_dag.py
[2022-09-24 16:34:11,745] {scheduler_job.py:629} INFO - Processing file /home/airflow/.local/lib/python3.6/site-packages/airflow/example_dags/example_skip_dag.py for tasks to queue
[2022-09-24 16:34:11,745] {logging_mixin.py:104} INFO - [2022-09-24 16:34:11,745] {dagbag.py:451} INFO - Filling up the DagBag from /home/airflow/.local/lib/python3.6/site-packages/airflow/example_dags/example_skip_dag.py
[2022-09-24 16:34:11,755] {scheduler_job.py:639} INFO - DAG(s) dict_keys(['example_skip_dag']) retrieved from /home/airflow/.local/lib/python3.6/site-packages/airflow/example_dags/example_skip_dag.py
[2022-09-24 16:34:11,779] {logging_mixin.py:104} INFO - [2022-09-24 16:34:11,779] {dag.py:1824} INFO - Sync 1 DAGs
[2022-09-24 16:34:11,796] {logging_mixin.py:104} INFO - [2022-09-24 16:34:11,796] {dag.py:2280} INFO - Setting next_dagrun for example_skip_dag to 2022-09-22 00:00:00+00:00
[2022-09-24 16:34:11,806] {scheduler_job.py:190} INFO - Processing /home/airflow/.local/lib/python3.6/site-packages/airflow/example_dags/example_skip_dag.py took 0.066 seconds
[2022-09-24 16:34:41,913] {scheduler_job.py:182} INFO - Started process (PID=321) to work on /home/airflow/.local/lib/python3.6/site-packages/airflow/example_dags/example_skip_dag.py
[2022-09-24 16:34:41,914] {scheduler_job.py:629} INFO - Processing file /home/airflow/.local/lib/python3.6/site-packages/airflow/example_dags/example_skip_dag.py for tasks to queue
[2022-09-24 16:34:41,914] {logging_mixin.py:104} INFO - [2022-09-24 16:34:41,914] {dagbag.py:451} INFO - Filling up the DagBag from /home/airflow/.local/lib/python3.6/site-packages/airflow/example_dags/example_skip_dag.py
[2022-09-24 16:34:41,924] {scheduler_job.py:639} INFO - DAG(s) dict_keys(['example_skip_dag']) retrieved from /home/airflow/.local/lib/python3.6/site-packages/airflow/example_dags/example_skip_dag.py
[2022-09-24 16:34:41,939] {logging_mixin.py:104} INFO - [2022-09-24 16:34:41,939] {dag.py:1824} INFO - Sync 1 DAGs
[2022-09-24 16:34:41,949] {logging_mixin.py:104} INFO - [2022-09-24 16:34:41,949] {dag.py:2280} INFO - Setting next_dagrun for example_skip_dag to 2022-09-22 00:00:00+00:00
[2022-09-24 16:34:41,956] {scheduler_job.py:190} INFO - Processing /home/airflow/.local/lib/python3.6/site-packages/airflow/example_dags/example_skip_dag.py took 0.046 seconds
[2022-09-24 16:35:12,381] {scheduler_job.py:182} INFO - Started process (PID=350) to work on /home/airflow/.local/lib/python3.6/site-packages/airflow/example_dags/example_skip_dag.py
[2022-09-24 16:35:12,383] {scheduler_job.py:629} INFO - Processing file /home/airflow/.local/lib/python3.6/site-packages/airflow/example_dags/example_skip_dag.py for tasks to queue
[2022-09-24 16:35:12,384] {logging_mixin.py:104} INFO - [2022-09-24 16:35:12,384] {dagbag.py:451} INFO - Filling up the DagBag from /home/airflow/.local/lib/python3.6/site-packages/airflow/example_dags/example_skip_dag.py
[2022-09-24 16:35:12,394] {scheduler_job.py:639} INFO - DAG(s) dict_keys(['example_skip_dag']) retrieved from /home/airflow/.local/lib/python3.6/site-packages/airflow/example_dags/example_skip_dag.py
[2022-09-24 16:35:12,412] {logging_mixin.py:104} INFO - [2022-09-24 16:35:12,412] {dag.py:1824} INFO - Sync 1 DAGs
[2022-09-24 16:35:12,428] {logging_mixin.py:104} INFO - [2022-09-24 16:35:12,427] {dag.py:2280} INFO - Setting next_dagrun for example_skip_dag to 2022-09-22 00:00:00+00:00
[2022-09-24 16:35:12,437] {scheduler_job.py:190} INFO - Processing /home/airflow/.local/lib/python3.6/site-packages/airflow/example_dags/example_skip_dag.py took 0.059 seconds
[2022-09-24 16:35:42,462] {scheduler_job.py:182} INFO - Started process (PID=377) to work on /home/airflow/.local/lib/python3.6/site-packages/airflow/example_dags/example_skip_dag.py
[2022-09-24 16:35:42,463] {scheduler_job.py:629} INFO - Processing file /home/airflow/.local/lib/python3.6/site-packages/airflow/example_dags/example_skip_dag.py for tasks to queue
[2022-09-24 16:35:42,464] {logging_mixin.py:104} INFO - [2022-09-24 16:35:42,464] {dagbag.py:451} INFO - Filling up the DagBag from /home/airflow/.local/lib/python3.6/site-packages/airflow/example_dags/example_skip_dag.py
[2022-09-24 16:35:42,475] {scheduler_job.py:639} INFO - DAG(s) dict_keys(['example_skip_dag']) retrieved from /home/airflow/.local/lib/python3.6/site-packages/airflow/example_dags/example_skip_dag.py
[2022-09-24 16:35:42,493] {logging_mixin.py:104} INFO - [2022-09-24 16:35:42,492] {dag.py:1824} INFO - Sync 1 DAGs
[2022-09-24 16:35:42,502] {logging_mixin.py:104} INFO - [2022-09-24 16:35:42,502] {dag.py:2280} INFO - Setting next_dagrun for example_skip_dag to 2022-09-22 00:00:00+00:00
[2022-09-24 16:35:42,510] {scheduler_job.py:190} INFO - Processing /home/airflow/.local/lib/python3.6/site-packages/airflow/example_dags/example_skip_dag.py took 0.051 seconds
[2022-09-24 16:36:12,610] {scheduler_job.py:182} INFO - Started process (PID=404) to work on /home/airflow/.local/lib/python3.6/site-packages/airflow/example_dags/example_skip_dag.py
[2022-09-24 16:36:12,611] {scheduler_job.py:629} INFO - Processing file /home/airflow/.local/lib/python3.6/site-packages/airflow/example_dags/example_skip_dag.py for tasks to queue
[2022-09-24 16:36:12,612] {logging_mixin.py:104} INFO - [2022-09-24 16:36:12,612] {dagbag.py:451} INFO - Filling up the DagBag from /home/airflow/.local/lib/python3.6/site-packages/airflow/example_dags/example_skip_dag.py
[2022-09-24 16:36:12,623] {scheduler_job.py:639} INFO - DAG(s) dict_keys(['example_skip_dag']) retrieved from /home/airflow/.local/lib/python3.6/site-packages/airflow/example_dags/example_skip_dag.py
[2022-09-24 16:36:12,641] {logging_mixin.py:104} INFO - [2022-09-24 16:36:12,641] {dag.py:1824} INFO - Sync 1 DAGs
[2022-09-24 16:36:12,652] {logging_mixin.py:104} INFO - [2022-09-24 16:36:12,652] {dag.py:2280} INFO - Setting next_dagrun for example_skip_dag to 2022-09-22 00:00:00+00:00
[2022-09-24 16:36:12,660] {scheduler_job.py:190} INFO - Processing /home/airflow/.local/lib/python3.6/site-packages/airflow/example_dags/example_skip_dag.py took 0.053 seconds
[2022-09-24 16:36:42,782] {scheduler_job.py:182} INFO - Started process (PID=431) to work on /home/airflow/.local/lib/python3.6/site-packages/airflow/example_dags/example_skip_dag.py
[2022-09-24 16:36:42,787] {scheduler_job.py:629} INFO - Processing file /home/airflow/.local/lib/python3.6/site-packages/airflow/example_dags/example_skip_dag.py for tasks to queue
[2022-09-24 16:36:42,788] {logging_mixin.py:104} INFO - [2022-09-24 16:36:42,788] {dagbag.py:451} INFO - Filling up the DagBag from /home/airflow/.local/lib/python3.6/site-packages/airflow/example_dags/example_skip_dag.py
[2022-09-24 16:36:42,797] {scheduler_job.py:639} INFO - DAG(s) dict_keys(['example_skip_dag']) retrieved from /home/airflow/.local/lib/python3.6/site-packages/airflow/example_dags/example_skip_dag.py
[2022-09-24 16:36:42,827] {logging_mixin.py:104} INFO - [2022-09-24 16:36:42,826] {dag.py:1824} INFO - Sync 1 DAGs
[2022-09-24 16:36:42,848] {logging_mixin.py:104} INFO - [2022-09-24 16:36:42,848] {dag.py:2280} INFO - Setting next_dagrun for example_skip_dag to 2022-09-22 00:00:00+00:00
[2022-09-24 16:36:42,863] {scheduler_job.py:190} INFO - Processing /home/airflow/.local/lib/python3.6/site-packages/airflow/example_dags/example_skip_dag.py took 0.084 seconds
[2022-09-24 16:37:12,887] {scheduler_job.py:182} INFO - Started process (PID=458) to work on /home/airflow/.local/lib/python3.6/site-packages/airflow/example_dags/example_skip_dag.py
[2022-09-24 16:37:12,888] {scheduler_job.py:629} INFO - Processing file /home/airflow/.local/lib/python3.6/site-packages/airflow/example_dags/example_skip_dag.py for tasks to queue
[2022-09-24 16:37:12,889] {logging_mixin.py:104} INFO - [2022-09-24 16:37:12,889] {dagbag.py:451} INFO - Filling up the DagBag from /home/airflow/.local/lib/python3.6/site-packages/airflow/example_dags/example_skip_dag.py
[2022-09-24 16:37:12,897] {scheduler_job.py:639} INFO - DAG(s) dict_keys(['example_skip_dag']) retrieved from /home/airflow/.local/lib/python3.6/site-packages/airflow/example_dags/example_skip_dag.py
[2022-09-24 16:37:12,911] {logging_mixin.py:104} INFO - [2022-09-24 16:37:12,911] {dag.py:1824} INFO - Sync 1 DAGs
[2022-09-24 16:37:12,922] {logging_mixin.py:104} INFO - [2022-09-24 16:37:12,922] {dag.py:2280} INFO - Setting next_dagrun for example_skip_dag to 2022-09-22 00:00:00+00:00
[2022-09-24 16:37:12,928] {scheduler_job.py:190} INFO - Processing /home/airflow/.local/lib/python3.6/site-packages/airflow/example_dags/example_skip_dag.py took 0.043 seconds
[2022-09-24 16:37:43,153] {scheduler_job.py:182} INFO - Started process (PID=485) to work on /home/airflow/.local/lib/python3.6/site-packages/airflow/example_dags/example_skip_dag.py
[2022-09-24 16:37:43,154] {scheduler_job.py:629} INFO - Processing file /home/airflow/.local/lib/python3.6/site-packages/airflow/example_dags/example_skip_dag.py for tasks to queue
[2022-09-24 16:37:43,155] {logging_mixin.py:104} INFO - [2022-09-24 16:37:43,155] {dagbag.py:451} INFO - Filling up the DagBag from /home/airflow/.local/lib/python3.6/site-packages/airflow/example_dags/example_skip_dag.py
[2022-09-24 16:37:43,164] {scheduler_job.py:639} INFO - DAG(s) dict_keys(['example_skip_dag']) retrieved from /home/airflow/.local/lib/python3.6/site-packages/airflow/example_dags/example_skip_dag.py
[2022-09-24 16:37:43,182] {logging_mixin.py:104} INFO - [2022-09-24 16:37:43,182] {dag.py:1824} INFO - Sync 1 DAGs
[2022-09-24 16:37:43,194] {logging_mixin.py:104} INFO - [2022-09-24 16:37:43,194] {dag.py:2280} INFO - Setting next_dagrun for example_skip_dag to 2022-09-22 00:00:00+00:00
[2022-09-24 16:37:43,202] {scheduler_job.py:190} INFO - Processing /home/airflow/.local/lib/python3.6/site-packages/airflow/example_dags/example_skip_dag.py took 0.052 seconds
[2022-09-24 16:38:13,322] {scheduler_job.py:182} INFO - Started process (PID=512) to work on /home/airflow/.local/lib/python3.6/site-packages/airflow/example_dags/example_skip_dag.py
[2022-09-24 16:38:13,323] {scheduler_job.py:629} INFO - Processing file /home/airflow/.local/lib/python3.6/site-packages/airflow/example_dags/example_skip_dag.py for tasks to queue
[2022-09-24 16:38:13,323] {logging_mixin.py:104} INFO - [2022-09-24 16:38:13,323] {dagbag.py:451} INFO - Filling up the DagBag from /home/airflow/.local/lib/python3.6/site-packages/airflow/example_dags/example_skip_dag.py
[2022-09-24 16:38:13,332] {scheduler_job.py:639} INFO - DAG(s) dict_keys(['example_skip_dag']) retrieved from /home/airflow/.local/lib/python3.6/site-packages/airflow/example_dags/example_skip_dag.py
[2022-09-24 16:38:13,347] {logging_mixin.py:104} INFO - [2022-09-24 16:38:13,347] {dag.py:1824} INFO - Sync 1 DAGs
[2022-09-24 16:38:13,358] {logging_mixin.py:104} INFO - [2022-09-24 16:38:13,358] {dag.py:2280} INFO - Setting next_dagrun for example_skip_dag to 2022-09-22 00:00:00+00:00
[2022-09-24 16:38:13,365] {scheduler_job.py:190} INFO - Processing /home/airflow/.local/lib/python3.6/site-packages/airflow/example_dags/example_skip_dag.py took 0.046 seconds
[2022-09-24 16:38:43,534] {scheduler_job.py:182} INFO - Started process (PID=539) to work on /home/airflow/.local/lib/python3.6/site-packages/airflow/example_dags/example_skip_dag.py
[2022-09-24 16:38:43,536] {scheduler_job.py:629} INFO - Processing file /home/airflow/.local/lib/python3.6/site-packages/airflow/example_dags/example_skip_dag.py for tasks to queue
[2022-09-24 16:38:43,537] {logging_mixin.py:104} INFO - [2022-09-24 16:38:43,536] {dagbag.py:451} INFO - Filling up the DagBag from /home/airflow/.local/lib/python3.6/site-packages/airflow/example_dags/example_skip_dag.py
[2022-09-24 16:38:43,546] {scheduler_job.py:639} INFO - DAG(s) dict_keys(['example_skip_dag']) retrieved from /home/airflow/.local/lib/python3.6/site-packages/airflow/example_dags/example_skip_dag.py
[2022-09-24 16:38:43,564] {logging_mixin.py:104} INFO - [2022-09-24 16:38:43,564] {dag.py:1824} INFO - Sync 1 DAGs
[2022-09-24 16:38:43,577] {logging_mixin.py:104} INFO - [2022-09-24 16:38:43,577] {dag.py:2280} INFO - Setting next_dagrun for example_skip_dag to 2022-09-22 00:00:00+00:00
[2022-09-24 16:38:43,586] {scheduler_job.py:190} INFO - Processing /home/airflow/.local/lib/python3.6/site-packages/airflow/example_dags/example_skip_dag.py took 0.055 seconds
[2022-09-24 16:39:13,847] {scheduler_job.py:182} INFO - Started process (PID=566) to work on /home/airflow/.local/lib/python3.6/site-packages/airflow/example_dags/example_skip_dag.py
[2022-09-24 16:39:13,848] {scheduler_job.py:629} INFO - Processing file /home/airflow/.local/lib/python3.6/site-packages/airflow/example_dags/example_skip_dag.py for tasks to queue
[2022-09-24 16:39:13,849] {logging_mixin.py:104} INFO - [2022-09-24 16:39:13,849] {dagbag.py:451} INFO - Filling up the DagBag from /home/airflow/.local/lib/python3.6/site-packages/airflow/example_dags/example_skip_dag.py
[2022-09-24 16:39:13,858] {scheduler_job.py:639} INFO - DAG(s) dict_keys(['example_skip_dag']) retrieved from /home/airflow/.local/lib/python3.6/site-packages/airflow/example_dags/example_skip_dag.py
[2022-09-24 16:39:13,875] {logging_mixin.py:104} INFO - [2022-09-24 16:39:13,874] {dag.py:1824} INFO - Sync 1 DAGs
[2022-09-24 16:39:13,885] {logging_mixin.py:104} INFO - [2022-09-24 16:39:13,885] {dag.py:2280} INFO - Setting next_dagrun for example_skip_dag to 2022-09-22 00:00:00+00:00
[2022-09-24 16:39:13,893] {scheduler_job.py:190} INFO - Processing /home/airflow/.local/lib/python3.6/site-packages/airflow/example_dags/example_skip_dag.py took 0.048 seconds
[2022-09-24 16:39:44,768] {scheduler_job.py:182} INFO - Started process (PID=591) to work on /home/airflow/.local/lib/python3.6/site-packages/airflow/example_dags/example_skip_dag.py
[2022-09-24 16:39:44,769] {scheduler_job.py:629} INFO - Processing file /home/airflow/.local/lib/python3.6/site-packages/airflow/example_dags/example_skip_dag.py for tasks to queue
[2022-09-24 16:39:44,770] {logging_mixin.py:104} INFO - [2022-09-24 16:39:44,770] {dagbag.py:451} INFO - Filling up the DagBag from /home/airflow/.local/lib/python3.6/site-packages/airflow/example_dags/example_skip_dag.py
[2022-09-24 16:39:44,780] {scheduler_job.py:639} INFO - DAG(s) dict_keys(['example_skip_dag']) retrieved from /home/airflow/.local/lib/python3.6/site-packages/airflow/example_dags/example_skip_dag.py
[2022-09-24 16:39:44,802] {logging_mixin.py:104} INFO - [2022-09-24 16:39:44,801] {dag.py:1824} INFO - Sync 1 DAGs
[2022-09-24 16:39:44,818] {logging_mixin.py:104} INFO - [2022-09-24 16:39:44,818] {dag.py:2280} INFO - Setting next_dagrun for example_skip_dag to 2022-09-22 00:00:00+00:00
[2022-09-24 16:39:44,829] {scheduler_job.py:190} INFO - Processing /home/airflow/.local/lib/python3.6/site-packages/airflow/example_dags/example_skip_dag.py took 0.064 seconds
[2022-09-24 16:40:15,063] {scheduler_job.py:182} INFO - Started process (PID=620) to work on /home/airflow/.local/lib/python3.6/site-packages/airflow/example_dags/example_skip_dag.py
[2022-09-24 16:40:15,064] {scheduler_job.py:629} INFO - Processing file /home/airflow/.local/lib/python3.6/site-packages/airflow/example_dags/example_skip_dag.py for tasks to queue
[2022-09-24 16:40:15,065] {logging_mixin.py:104} INFO - [2022-09-24 16:40:15,065] {dagbag.py:451} INFO - Filling up the DagBag from /home/airflow/.local/lib/python3.6/site-packages/airflow/example_dags/example_skip_dag.py
[2022-09-24 16:40:15,072] {scheduler_job.py:639} INFO - DAG(s) dict_keys(['example_skip_dag']) retrieved from /home/airflow/.local/lib/python3.6/site-packages/airflow/example_dags/example_skip_dag.py
[2022-09-24 16:40:15,090] {logging_mixin.py:104} INFO - [2022-09-24 16:40:15,089] {dag.py:1824} INFO - Sync 1 DAGs
[2022-09-24 16:40:15,100] {logging_mixin.py:104} INFO - [2022-09-24 16:40:15,100] {dag.py:2280} INFO - Setting next_dagrun for example_skip_dag to 2022-09-22 00:00:00+00:00
[2022-09-24 16:40:15,107] {scheduler_job.py:190} INFO - Processing /home/airflow/.local/lib/python3.6/site-packages/airflow/example_dags/example_skip_dag.py took 0.046 seconds
[2022-09-24 16:40:45,194] {scheduler_job.py:182} INFO - Started process (PID=648) to work on /home/airflow/.local/lib/python3.6/site-packages/airflow/example_dags/example_skip_dag.py
[2022-09-24 16:40:45,195] {scheduler_job.py:629} INFO - Processing file /home/airflow/.local/lib/python3.6/site-packages/airflow/example_dags/example_skip_dag.py for tasks to queue
[2022-09-24 16:40:45,196] {logging_mixin.py:104} INFO - [2022-09-24 16:40:45,196] {dagbag.py:451} INFO - Filling up the DagBag from /home/airflow/.local/lib/python3.6/site-packages/airflow/example_dags/example_skip_dag.py
[2022-09-24 16:40:45,208] {scheduler_job.py:639} INFO - DAG(s) dict_keys(['example_skip_dag']) retrieved from /home/airflow/.local/lib/python3.6/site-packages/airflow/example_dags/example_skip_dag.py
[2022-09-24 16:40:45,229] {logging_mixin.py:104} INFO - [2022-09-24 16:40:45,229] {dag.py:1824} INFO - Sync 1 DAGs
[2022-09-24 16:40:45,245] {logging_mixin.py:104} INFO - [2022-09-24 16:40:45,245] {dag.py:2280} INFO - Setting next_dagrun for example_skip_dag to 2022-09-22 00:00:00+00:00
[2022-09-24 16:40:45,255] {scheduler_job.py:190} INFO - Processing /home/airflow/.local/lib/python3.6/site-packages/airflow/example_dags/example_skip_dag.py took 0.065 seconds
[2022-09-24 16:41:15,797] {scheduler_job.py:182} INFO - Started process (PID=675) to work on /home/airflow/.local/lib/python3.6/site-packages/airflow/example_dags/example_skip_dag.py
[2022-09-24 16:41:15,799] {scheduler_job.py:629} INFO - Processing file /home/airflow/.local/lib/python3.6/site-packages/airflow/example_dags/example_skip_dag.py for tasks to queue
[2022-09-24 16:41:15,800] {logging_mixin.py:104} INFO - [2022-09-24 16:41:15,800] {dagbag.py:451} INFO - Filling up the DagBag from /home/airflow/.local/lib/python3.6/site-packages/airflow/example_dags/example_skip_dag.py
[2022-09-24 16:41:15,814] {scheduler_job.py:639} INFO - DAG(s) dict_keys(['example_skip_dag']) retrieved from /home/airflow/.local/lib/python3.6/site-packages/airflow/example_dags/example_skip_dag.py
[2022-09-24 16:41:15,843] {logging_mixin.py:104} INFO - [2022-09-24 16:41:15,843] {dag.py:1824} INFO - Sync 1 DAGs
[2022-09-24 16:41:15,862] {logging_mixin.py:104} INFO - [2022-09-24 16:41:15,861] {dag.py:2280} INFO - Setting next_dagrun for example_skip_dag to 2022-09-22 00:00:00+00:00
[2022-09-24 16:41:15,874] {scheduler_job.py:190} INFO - Processing /home/airflow/.local/lib/python3.6/site-packages/airflow/example_dags/example_skip_dag.py took 0.080 seconds
[2022-09-24 16:41:46,000] {scheduler_job.py:182} INFO - Started process (PID=702) to work on /home/airflow/.local/lib/python3.6/site-packages/airflow/example_dags/example_skip_dag.py
[2022-09-24 16:41:46,002] {scheduler_job.py:629} INFO - Processing file /home/airflow/.local/lib/python3.6/site-packages/airflow/example_dags/example_skip_dag.py for tasks to queue
[2022-09-24 16:41:46,003] {logging_mixin.py:104} INFO - [2022-09-24 16:41:46,003] {dagbag.py:451} INFO - Filling up the DagBag from /home/airflow/.local/lib/python3.6/site-packages/airflow/example_dags/example_skip_dag.py
[2022-09-24 16:41:46,011] {scheduler_job.py:639} INFO - DAG(s) dict_keys(['example_skip_dag']) retrieved from /home/airflow/.local/lib/python3.6/site-packages/airflow/example_dags/example_skip_dag.py
[2022-09-24 16:41:46,028] {logging_mixin.py:104} INFO - [2022-09-24 16:41:46,028] {dag.py:1824} INFO - Sync 1 DAGs
[2022-09-24 16:41:46,040] {logging_mixin.py:104} INFO - [2022-09-24 16:41:46,040] {dag.py:2280} INFO - Setting next_dagrun for example_skip_dag to 2022-09-22 00:00:00+00:00
[2022-09-24 16:41:46,048] {scheduler_job.py:190} INFO - Processing /home/airflow/.local/lib/python3.6/site-packages/airflow/example_dags/example_skip_dag.py took 0.050 seconds
[2022-09-24 16:42:16,134] {scheduler_job.py:182} INFO - Started process (PID=729) to work on /home/airflow/.local/lib/python3.6/site-packages/airflow/example_dags/example_skip_dag.py
[2022-09-24 16:42:16,135] {scheduler_job.py:629} INFO - Processing file /home/airflow/.local/lib/python3.6/site-packages/airflow/example_dags/example_skip_dag.py for tasks to queue
[2022-09-24 16:42:16,136] {logging_mixin.py:104} INFO - [2022-09-24 16:42:16,136] {dagbag.py:451} INFO - Filling up the DagBag from /home/airflow/.local/lib/python3.6/site-packages/airflow/example_dags/example_skip_dag.py
[2022-09-24 16:42:16,144] {scheduler_job.py:639} INFO - DAG(s) dict_keys(['example_skip_dag']) retrieved from /home/airflow/.local/lib/python3.6/site-packages/airflow/example_dags/example_skip_dag.py
[2022-09-24 16:42:16,159] {logging_mixin.py:104} INFO - [2022-09-24 16:42:16,158] {dag.py:1824} INFO - Sync 1 DAGs
[2022-09-24 16:42:16,169] {logging_mixin.py:104} INFO - [2022-09-24 16:42:16,169] {dag.py:2280} INFO - Setting next_dagrun for example_skip_dag to 2022-09-22 00:00:00+00:00
[2022-09-24 16:42:16,176] {scheduler_job.py:190} INFO - Processing /home/airflow/.local/lib/python3.6/site-packages/airflow/example_dags/example_skip_dag.py took 0.044 seconds
[2022-09-24 16:42:46,213] {scheduler_job.py:182} INFO - Started process (PID=755) to work on /home/airflow/.local/lib/python3.6/site-packages/airflow/example_dags/example_skip_dag.py
[2022-09-24 16:42:46,214] {scheduler_job.py:629} INFO - Processing file /home/airflow/.local/lib/python3.6/site-packages/airflow/example_dags/example_skip_dag.py for tasks to queue
[2022-09-24 16:42:46,215] {logging_mixin.py:104} INFO - [2022-09-24 16:42:46,214] {dagbag.py:451} INFO - Filling up the DagBag from /home/airflow/.local/lib/python3.6/site-packages/airflow/example_dags/example_skip_dag.py
[2022-09-24 16:42:46,222] {scheduler_job.py:639} INFO - DAG(s) dict_keys(['example_skip_dag']) retrieved from /home/airflow/.local/lib/python3.6/site-packages/airflow/example_dags/example_skip_dag.py
[2022-09-24 16:42:46,239] {logging_mixin.py:104} INFO - [2022-09-24 16:42:46,239] {dag.py:1824} INFO - Sync 1 DAGs
[2022-09-24 16:42:46,250] {logging_mixin.py:104} INFO - [2022-09-24 16:42:46,250] {dag.py:2280} INFO - Setting next_dagrun for example_skip_dag to 2022-09-22 00:00:00+00:00
[2022-09-24 16:42:46,257] {scheduler_job.py:190} INFO - Processing /home/airflow/.local/lib/python3.6/site-packages/airflow/example_dags/example_skip_dag.py took 0.047 seconds
[2022-09-24 16:43:16,301] {scheduler_job.py:182} INFO - Started process (PID=782) to work on /home/airflow/.local/lib/python3.6/site-packages/airflow/example_dags/example_skip_dag.py
[2022-09-24 16:43:16,302] {scheduler_job.py:629} INFO - Processing file /home/airflow/.local/lib/python3.6/site-packages/airflow/example_dags/example_skip_dag.py for tasks to queue
[2022-09-24 16:43:16,303] {logging_mixin.py:104} INFO - [2022-09-24 16:43:16,303] {dagbag.py:451} INFO - Filling up the DagBag from /home/airflow/.local/lib/python3.6/site-packages/airflow/example_dags/example_skip_dag.py
[2022-09-24 16:43:16,310] {scheduler_job.py:639} INFO - DAG(s) dict_keys(['example_skip_dag']) retrieved from /home/airflow/.local/lib/python3.6/site-packages/airflow/example_dags/example_skip_dag.py
[2022-09-24 16:43:16,326] {logging_mixin.py:104} INFO - [2022-09-24 16:43:16,325] {dag.py:1824} INFO - Sync 1 DAGs
[2022-09-24 16:43:16,336] {logging_mixin.py:104} INFO - [2022-09-24 16:43:16,336] {dag.py:2280} INFO - Setting next_dagrun for example_skip_dag to 2022-09-22 00:00:00+00:00
[2022-09-24 16:43:16,343] {scheduler_job.py:190} INFO - Processing /home/airflow/.local/lib/python3.6/site-packages/airflow/example_dags/example_skip_dag.py took 0.044 seconds
[2022-09-24 16:43:46,373] {scheduler_job.py:182} INFO - Started process (PID=809) to work on /home/airflow/.local/lib/python3.6/site-packages/airflow/example_dags/example_skip_dag.py
[2022-09-24 16:43:46,374] {scheduler_job.py:629} INFO - Processing file /home/airflow/.local/lib/python3.6/site-packages/airflow/example_dags/example_skip_dag.py for tasks to queue
[2022-09-24 16:43:46,374] {logging_mixin.py:104} INFO - [2022-09-24 16:43:46,374] {dagbag.py:451} INFO - Filling up the DagBag from /home/airflow/.local/lib/python3.6/site-packages/airflow/example_dags/example_skip_dag.py
[2022-09-24 16:43:46,382] {scheduler_job.py:639} INFO - DAG(s) dict_keys(['example_skip_dag']) retrieved from /home/airflow/.local/lib/python3.6/site-packages/airflow/example_dags/example_skip_dag.py
[2022-09-24 16:43:46,397] {logging_mixin.py:104} INFO - [2022-09-24 16:43:46,397] {dag.py:1824} INFO - Sync 1 DAGs
[2022-09-24 16:43:46,407] {logging_mixin.py:104} INFO - [2022-09-24 16:43:46,407] {dag.py:2280} INFO - Setting next_dagrun for example_skip_dag to 2022-09-22 00:00:00+00:00
[2022-09-24 16:43:46,414] {scheduler_job.py:190} INFO - Processing /home/airflow/.local/lib/python3.6/site-packages/airflow/example_dags/example_skip_dag.py took 0.043 seconds
[2022-09-24 16:44:16,621] {scheduler_job.py:182} INFO - Started process (PID=836) to work on /home/airflow/.local/lib/python3.6/site-packages/airflow/example_dags/example_skip_dag.py
[2022-09-24 16:44:16,622] {scheduler_job.py:629} INFO - Processing file /home/airflow/.local/lib/python3.6/site-packages/airflow/example_dags/example_skip_dag.py for tasks to queue
[2022-09-24 16:44:16,623] {logging_mixin.py:104} INFO - [2022-09-24 16:44:16,623] {dagbag.py:451} INFO - Filling up the DagBag from /home/airflow/.local/lib/python3.6/site-packages/airflow/example_dags/example_skip_dag.py
[2022-09-24 16:44:16,631] {scheduler_job.py:639} INFO - DAG(s) dict_keys(['example_skip_dag']) retrieved from /home/airflow/.local/lib/python3.6/site-packages/airflow/example_dags/example_skip_dag.py
[2022-09-24 16:44:16,647] {logging_mixin.py:104} INFO - [2022-09-24 16:44:16,647] {dag.py:1824} INFO - Sync 1 DAGs
[2022-09-24 16:44:16,658] {logging_mixin.py:104} INFO - [2022-09-24 16:44:16,658] {dag.py:2280} INFO - Setting next_dagrun for example_skip_dag to 2022-09-22 00:00:00+00:00
[2022-09-24 16:44:16,666] {scheduler_job.py:190} INFO - Processing /home/airflow/.local/lib/python3.6/site-packages/airflow/example_dags/example_skip_dag.py took 0.048 seconds
[2022-09-24 16:44:46,727] {scheduler_job.py:182} INFO - Started process (PID=864) to work on /home/airflow/.local/lib/python3.6/site-packages/airflow/example_dags/example_skip_dag.py
[2022-09-24 16:44:46,728] {scheduler_job.py:629} INFO - Processing file /home/airflow/.local/lib/python3.6/site-packages/airflow/example_dags/example_skip_dag.py for tasks to queue
[2022-09-24 16:44:46,728] {logging_mixin.py:104} INFO - [2022-09-24 16:44:46,728] {dagbag.py:451} INFO - Filling up the DagBag from /home/airflow/.local/lib/python3.6/site-packages/airflow/example_dags/example_skip_dag.py
[2022-09-24 16:44:46,736] {scheduler_job.py:639} INFO - DAG(s) dict_keys(['example_skip_dag']) retrieved from /home/airflow/.local/lib/python3.6/site-packages/airflow/example_dags/example_skip_dag.py
[2022-09-24 16:44:46,751] {logging_mixin.py:104} INFO - [2022-09-24 16:44:46,751] {dag.py:1824} INFO - Sync 1 DAGs
[2022-09-24 16:44:46,761] {logging_mixin.py:104} INFO - [2022-09-24 16:44:46,761] {dag.py:2280} INFO - Setting next_dagrun for example_skip_dag to 2022-09-22 00:00:00+00:00
[2022-09-24 16:44:46,768] {scheduler_job.py:190} INFO - Processing /home/airflow/.local/lib/python3.6/site-packages/airflow/example_dags/example_skip_dag.py took 0.044 seconds
[2022-09-24 16:45:17,572] {scheduler_job.py:182} INFO - Started process (PID=885) to work on /home/airflow/.local/lib/python3.6/site-packages/airflow/example_dags/example_skip_dag.py
[2022-09-24 16:45:17,573] {scheduler_job.py:629} INFO - Processing file /home/airflow/.local/lib/python3.6/site-packages/airflow/example_dags/example_skip_dag.py for tasks to queue
[2022-09-24 16:45:17,574] {logging_mixin.py:104} INFO - [2022-09-24 16:45:17,574] {dagbag.py:451} INFO - Filling up the DagBag from /home/airflow/.local/lib/python3.6/site-packages/airflow/example_dags/example_skip_dag.py
[2022-09-24 16:45:17,582] {scheduler_job.py:639} INFO - DAG(s) dict_keys(['example_skip_dag']) retrieved from /home/airflow/.local/lib/python3.6/site-packages/airflow/example_dags/example_skip_dag.py
[2022-09-24 16:45:17,598] {logging_mixin.py:104} INFO - [2022-09-24 16:45:17,598] {dag.py:1824} INFO - Sync 1 DAGs
[2022-09-24 16:45:17,607] {logging_mixin.py:104} INFO - [2022-09-24 16:45:17,607] {dag.py:2280} INFO - Setting next_dagrun for example_skip_dag to 2022-09-22 00:00:00+00:00
[2022-09-24 16:45:17,614] {scheduler_job.py:190} INFO - Processing /home/airflow/.local/lib/python3.6/site-packages/airflow/example_dags/example_skip_dag.py took 0.044 seconds
[2022-09-24 16:45:47,661] {scheduler_job.py:182} INFO - Started process (PID=912) to work on /home/airflow/.local/lib/python3.6/site-packages/airflow/example_dags/example_skip_dag.py
[2022-09-24 16:45:47,662] {scheduler_job.py:629} INFO - Processing file /home/airflow/.local/lib/python3.6/site-packages/airflow/example_dags/example_skip_dag.py for tasks to queue
[2022-09-24 16:45:47,662] {logging_mixin.py:104} INFO - [2022-09-24 16:45:47,662] {dagbag.py:451} INFO - Filling up the DagBag from /home/airflow/.local/lib/python3.6/site-packages/airflow/example_dags/example_skip_dag.py
[2022-09-24 16:45:47,670] {scheduler_job.py:639} INFO - DAG(s) dict_keys(['example_skip_dag']) retrieved from /home/airflow/.local/lib/python3.6/site-packages/airflow/example_dags/example_skip_dag.py
[2022-09-24 16:45:47,686] {logging_mixin.py:104} INFO - [2022-09-24 16:45:47,686] {dag.py:1824} INFO - Sync 1 DAGs
[2022-09-24 16:45:47,698] {logging_mixin.py:104} INFO - [2022-09-24 16:45:47,698] {dag.py:2280} INFO - Setting next_dagrun for example_skip_dag to 2022-09-22 00:00:00+00:00
[2022-09-24 16:45:47,707] {scheduler_job.py:190} INFO - Processing /home/airflow/.local/lib/python3.6/site-packages/airflow/example_dags/example_skip_dag.py took 0.049 seconds
[2022-09-24 16:46:18,672] {scheduler_job.py:182} INFO - Started process (PID=939) to work on /home/airflow/.local/lib/python3.6/site-packages/airflow/example_dags/example_skip_dag.py
[2022-09-24 16:46:18,672] {scheduler_job.py:629} INFO - Processing file /home/airflow/.local/lib/python3.6/site-packages/airflow/example_dags/example_skip_dag.py for tasks to queue
[2022-09-24 16:46:18,673] {logging_mixin.py:104} INFO - [2022-09-24 16:46:18,673] {dagbag.py:451} INFO - Filling up the DagBag from /home/airflow/.local/lib/python3.6/site-packages/airflow/example_dags/example_skip_dag.py
[2022-09-24 16:46:18,681] {scheduler_job.py:639} INFO - DAG(s) dict_keys(['example_skip_dag']) retrieved from /home/airflow/.local/lib/python3.6/site-packages/airflow/example_dags/example_skip_dag.py
[2022-09-24 16:46:18,699] {logging_mixin.py:104} INFO - [2022-09-24 16:46:18,699] {dag.py:1824} INFO - Sync 1 DAGs
[2022-09-24 16:46:18,711] {logging_mixin.py:104} INFO - [2022-09-24 16:46:18,711] {dag.py:2280} INFO - Setting next_dagrun for example_skip_dag to 2022-09-22 00:00:00+00:00
[2022-09-24 16:46:18,718] {scheduler_job.py:190} INFO - Processing /home/airflow/.local/lib/python3.6/site-packages/airflow/example_dags/example_skip_dag.py took 0.049 seconds
[2022-09-24 16:46:49,599] {scheduler_job.py:182} INFO - Started process (PID=966) to work on /home/airflow/.local/lib/python3.6/site-packages/airflow/example_dags/example_skip_dag.py
[2022-09-24 16:46:49,601] {scheduler_job.py:629} INFO - Processing file /home/airflow/.local/lib/python3.6/site-packages/airflow/example_dags/example_skip_dag.py for tasks to queue
[2022-09-24 16:46:49,602] {logging_mixin.py:104} INFO - [2022-09-24 16:46:49,602] {dagbag.py:451} INFO - Filling up the DagBag from /home/airflow/.local/lib/python3.6/site-packages/airflow/example_dags/example_skip_dag.py
[2022-09-24 16:46:49,616] {scheduler_job.py:639} INFO - DAG(s) dict_keys(['example_skip_dag']) retrieved from /home/airflow/.local/lib/python3.6/site-packages/airflow/example_dags/example_skip_dag.py
[2022-09-24 16:46:49,636] {logging_mixin.py:104} INFO - [2022-09-24 16:46:49,636] {dag.py:1824} INFO - Sync 1 DAGs
[2022-09-24 16:46:49,648] {logging_mixin.py:104} INFO - [2022-09-24 16:46:49,648] {dag.py:2280} INFO - Setting next_dagrun for example_skip_dag to 2022-09-22 00:00:00+00:00
[2022-09-24 16:46:49,655] {scheduler_job.py:190} INFO - Processing /home/airflow/.local/lib/python3.6/site-packages/airflow/example_dags/example_skip_dag.py took 0.059 seconds
[2022-09-24 16:47:20,670] {scheduler_job.py:182} INFO - Started process (PID=993) to work on /home/airflow/.local/lib/python3.6/site-packages/airflow/example_dags/example_skip_dag.py
[2022-09-24 16:47:20,671] {scheduler_job.py:629} INFO - Processing file /home/airflow/.local/lib/python3.6/site-packages/airflow/example_dags/example_skip_dag.py for tasks to queue
[2022-09-24 16:47:20,671] {logging_mixin.py:104} INFO - [2022-09-24 16:47:20,671] {dagbag.py:451} INFO - Filling up the DagBag from /home/airflow/.local/lib/python3.6/site-packages/airflow/example_dags/example_skip_dag.py
[2022-09-24 16:47:20,679] {scheduler_job.py:639} INFO - DAG(s) dict_keys(['example_skip_dag']) retrieved from /home/airflow/.local/lib/python3.6/site-packages/airflow/example_dags/example_skip_dag.py
[2022-09-24 16:47:20,694] {logging_mixin.py:104} INFO - [2022-09-24 16:47:20,694] {dag.py:1824} INFO - Sync 1 DAGs
[2022-09-24 16:47:20,704] {logging_mixin.py:104} INFO - [2022-09-24 16:47:20,704] {dag.py:2280} INFO - Setting next_dagrun for example_skip_dag to 2022-09-22 00:00:00+00:00
[2022-09-24 16:47:20,711] {scheduler_job.py:190} INFO - Processing /home/airflow/.local/lib/python3.6/site-packages/airflow/example_dags/example_skip_dag.py took 0.044 seconds
[2022-09-24 16:47:50,785] {scheduler_job.py:182} INFO - Started process (PID=1020) to work on /home/airflow/.local/lib/python3.6/site-packages/airflow/example_dags/example_skip_dag.py
[2022-09-24 16:47:50,786] {scheduler_job.py:629} INFO - Processing file /home/airflow/.local/lib/python3.6/site-packages/airflow/example_dags/example_skip_dag.py for tasks to queue
[2022-09-24 16:47:50,787] {logging_mixin.py:104} INFO - [2022-09-24 16:47:50,787] {dagbag.py:451} INFO - Filling up the DagBag from /home/airflow/.local/lib/python3.6/site-packages/airflow/example_dags/example_skip_dag.py
[2022-09-24 16:47:50,795] {scheduler_job.py:639} INFO - DAG(s) dict_keys(['example_skip_dag']) retrieved from /home/airflow/.local/lib/python3.6/site-packages/airflow/example_dags/example_skip_dag.py
[2022-09-24 16:47:50,811] {logging_mixin.py:104} INFO - [2022-09-24 16:47:50,811] {dag.py:1824} INFO - Sync 1 DAGs
[2022-09-24 16:47:50,822] {logging_mixin.py:104} INFO - [2022-09-24 16:47:50,821] {dag.py:2280} INFO - Setting next_dagrun for example_skip_dag to 2022-09-22 00:00:00+00:00
[2022-09-24 16:47:50,829] {scheduler_job.py:190} INFO - Processing /home/airflow/.local/lib/python3.6/site-packages/airflow/example_dags/example_skip_dag.py took 0.046 seconds
[2022-09-24 16:48:20,896] {scheduler_job.py:182} INFO - Started process (PID=1047) to work on /home/airflow/.local/lib/python3.6/site-packages/airflow/example_dags/example_skip_dag.py
[2022-09-24 16:48:20,897] {scheduler_job.py:629} INFO - Processing file /home/airflow/.local/lib/python3.6/site-packages/airflow/example_dags/example_skip_dag.py for tasks to queue
[2022-09-24 16:48:20,898] {logging_mixin.py:104} INFO - [2022-09-24 16:48:20,898] {dagbag.py:451} INFO - Filling up the DagBag from /home/airflow/.local/lib/python3.6/site-packages/airflow/example_dags/example_skip_dag.py
[2022-09-24 16:48:20,906] {scheduler_job.py:639} INFO - DAG(s) dict_keys(['example_skip_dag']) retrieved from /home/airflow/.local/lib/python3.6/site-packages/airflow/example_dags/example_skip_dag.py
[2022-09-24 16:48:20,922] {logging_mixin.py:104} INFO - [2022-09-24 16:48:20,922] {dag.py:1824} INFO - Sync 1 DAGs
[2022-09-24 16:48:20,933] {logging_mixin.py:104} INFO - [2022-09-24 16:48:20,933] {dag.py:2280} INFO - Setting next_dagrun for example_skip_dag to 2022-09-22 00:00:00+00:00
[2022-09-24 16:48:20,940] {scheduler_job.py:190} INFO - Processing /home/airflow/.local/lib/python3.6/site-packages/airflow/example_dags/example_skip_dag.py took 0.047 seconds
[2022-09-24 16:48:51,167] {scheduler_job.py:182} INFO - Started process (PID=1077) to work on /home/airflow/.local/lib/python3.6/site-packages/airflow/example_dags/example_skip_dag.py
[2022-09-24 16:48:51,168] {scheduler_job.py:629} INFO - Processing file /home/airflow/.local/lib/python3.6/site-packages/airflow/example_dags/example_skip_dag.py for tasks to queue
[2022-09-24 16:48:51,169] {logging_mixin.py:104} INFO - [2022-09-24 16:48:51,168] {dagbag.py:451} INFO - Filling up the DagBag from /home/airflow/.local/lib/python3.6/site-packages/airflow/example_dags/example_skip_dag.py
[2022-09-24 16:48:51,181] {scheduler_job.py:639} INFO - DAG(s) dict_keys(['example_skip_dag']) retrieved from /home/airflow/.local/lib/python3.6/site-packages/airflow/example_dags/example_skip_dag.py
[2022-09-24 16:48:51,209] {logging_mixin.py:104} INFO - [2022-09-24 16:48:51,208] {dag.py:1824} INFO - Sync 1 DAGs
[2022-09-24 16:48:51,235] {logging_mixin.py:104} INFO - [2022-09-24 16:48:51,234] {dag.py:2280} INFO - Setting next_dagrun for example_skip_dag to 2022-09-22 00:00:00+00:00
[2022-09-24 16:48:51,249] {scheduler_job.py:190} INFO - Processing /home/airflow/.local/lib/python3.6/site-packages/airflow/example_dags/example_skip_dag.py took 0.085 seconds
[2022-09-24 16:49:21,516] {scheduler_job.py:182} INFO - Started process (PID=1106) to work on /home/airflow/.local/lib/python3.6/site-packages/airflow/example_dags/example_skip_dag.py
[2022-09-24 16:49:21,517] {scheduler_job.py:629} INFO - Processing file /home/airflow/.local/lib/python3.6/site-packages/airflow/example_dags/example_skip_dag.py for tasks to queue
[2022-09-24 16:49:21,519] {logging_mixin.py:104} INFO - [2022-09-24 16:49:21,518] {dagbag.py:451} INFO - Filling up the DagBag from /home/airflow/.local/lib/python3.6/site-packages/airflow/example_dags/example_skip_dag.py
[2022-09-24 16:49:21,530] {scheduler_job.py:639} INFO - DAG(s) dict_keys(['example_skip_dag']) retrieved from /home/airflow/.local/lib/python3.6/site-packages/airflow/example_dags/example_skip_dag.py
[2022-09-24 16:49:21,552] {logging_mixin.py:104} INFO - [2022-09-24 16:49:21,552] {dag.py:1824} INFO - Sync 1 DAGs
[2022-09-24 16:49:21,565] {logging_mixin.py:104} INFO - [2022-09-24 16:49:21,565] {dag.py:2280} INFO - Setting next_dagrun for example_skip_dag to 2022-09-22 00:00:00+00:00
[2022-09-24 16:49:21,574] {scheduler_job.py:190} INFO - Processing /home/airflow/.local/lib/python3.6/site-packages/airflow/example_dags/example_skip_dag.py took 0.063 seconds
[2022-09-24 16:49:51,684] {scheduler_job.py:182} INFO - Started process (PID=1131) to work on /home/airflow/.local/lib/python3.6/site-packages/airflow/example_dags/example_skip_dag.py
[2022-09-24 16:49:51,685] {scheduler_job.py:629} INFO - Processing file /home/airflow/.local/lib/python3.6/site-packages/airflow/example_dags/example_skip_dag.py for tasks to queue
[2022-09-24 16:49:51,686] {logging_mixin.py:104} INFO - [2022-09-24 16:49:51,686] {dagbag.py:451} INFO - Filling up the DagBag from /home/airflow/.local/lib/python3.6/site-packages/airflow/example_dags/example_skip_dag.py
[2022-09-24 16:49:51,694] {scheduler_job.py:639} INFO - DAG(s) dict_keys(['example_skip_dag']) retrieved from /home/airflow/.local/lib/python3.6/site-packages/airflow/example_dags/example_skip_dag.py
[2022-09-24 16:49:51,711] {logging_mixin.py:104} INFO - [2022-09-24 16:49:51,711] {dag.py:1824} INFO - Sync 1 DAGs
[2022-09-24 16:49:51,721] {logging_mixin.py:104} INFO - [2022-09-24 16:49:51,721] {dag.py:2280} INFO - Setting next_dagrun for example_skip_dag to 2022-09-22 00:00:00+00:00
[2022-09-24 16:49:51,730] {scheduler_job.py:190} INFO - Processing /home/airflow/.local/lib/python3.6/site-packages/airflow/example_dags/example_skip_dag.py took 0.048 seconds
[2022-09-24 16:50:21,904] {scheduler_job.py:182} INFO - Started process (PID=1158) to work on /home/airflow/.local/lib/python3.6/site-packages/airflow/example_dags/example_skip_dag.py
[2022-09-24 16:50:21,906] {scheduler_job.py:629} INFO - Processing file /home/airflow/.local/lib/python3.6/site-packages/airflow/example_dags/example_skip_dag.py for tasks to queue
[2022-09-24 16:50:21,908] {logging_mixin.py:104} INFO - [2022-09-24 16:50:21,908] {dagbag.py:451} INFO - Filling up the DagBag from /home/airflow/.local/lib/python3.6/site-packages/airflow/example_dags/example_skip_dag.py
[2022-09-24 16:50:21,916] {scheduler_job.py:639} INFO - DAG(s) dict_keys(['example_skip_dag']) retrieved from /home/airflow/.local/lib/python3.6/site-packages/airflow/example_dags/example_skip_dag.py
[2022-09-24 16:50:21,932] {logging_mixin.py:104} INFO - [2022-09-24 16:50:21,932] {dag.py:1824} INFO - Sync 1 DAGs
[2022-09-24 16:50:21,946] {logging_mixin.py:104} INFO - [2022-09-24 16:50:21,946] {dag.py:2280} INFO - Setting next_dagrun for example_skip_dag to 2022-09-22 00:00:00+00:00
[2022-09-24 16:50:21,954] {scheduler_job.py:190} INFO - Processing /home/airflow/.local/lib/python3.6/site-packages/airflow/example_dags/example_skip_dag.py took 0.052 seconds
[2022-09-24 16:50:52,051] {scheduler_job.py:182} INFO - Started process (PID=1185) to work on /home/airflow/.local/lib/python3.6/site-packages/airflow/example_dags/example_skip_dag.py
[2022-09-24 16:50:52,052] {scheduler_job.py:629} INFO - Processing file /home/airflow/.local/lib/python3.6/site-packages/airflow/example_dags/example_skip_dag.py for tasks to queue
[2022-09-24 16:50:52,052] {logging_mixin.py:104} INFO - [2022-09-24 16:50:52,052] {dagbag.py:451} INFO - Filling up the DagBag from /home/airflow/.local/lib/python3.6/site-packages/airflow/example_dags/example_skip_dag.py
[2022-09-24 16:50:52,060] {scheduler_job.py:639} INFO - DAG(s) dict_keys(['example_skip_dag']) retrieved from /home/airflow/.local/lib/python3.6/site-packages/airflow/example_dags/example_skip_dag.py
[2022-09-24 16:50:52,075] {logging_mixin.py:104} INFO - [2022-09-24 16:50:52,075] {dag.py:1824} INFO - Sync 1 DAGs
[2022-09-24 16:50:52,088] {logging_mixin.py:104} INFO - [2022-09-24 16:50:52,087] {dag.py:2280} INFO - Setting next_dagrun for example_skip_dag to 2022-09-22 00:00:00+00:00
[2022-09-24 16:50:52,096] {scheduler_job.py:190} INFO - Processing /home/airflow/.local/lib/python3.6/site-packages/airflow/example_dags/example_skip_dag.py took 0.048 seconds
[2022-09-24 16:51:22,193] {scheduler_job.py:182} INFO - Started process (PID=1211) to work on /home/airflow/.local/lib/python3.6/site-packages/airflow/example_dags/example_skip_dag.py
[2022-09-24 16:51:22,194] {scheduler_job.py:629} INFO - Processing file /home/airflow/.local/lib/python3.6/site-packages/airflow/example_dags/example_skip_dag.py for tasks to queue
[2022-09-24 16:51:22,195] {logging_mixin.py:104} INFO - [2022-09-24 16:51:22,195] {dagbag.py:451} INFO - Filling up the DagBag from /home/airflow/.local/lib/python3.6/site-packages/airflow/example_dags/example_skip_dag.py
[2022-09-24 16:51:22,202] {scheduler_job.py:639} INFO - DAG(s) dict_keys(['example_skip_dag']) retrieved from /home/airflow/.local/lib/python3.6/site-packages/airflow/example_dags/example_skip_dag.py
[2022-09-24 16:51:22,217] {logging_mixin.py:104} INFO - [2022-09-24 16:51:22,217] {dag.py:1824} INFO - Sync 1 DAGs
[2022-09-24 16:51:22,227] {logging_mixin.py:104} INFO - [2022-09-24 16:51:22,227] {dag.py:2280} INFO - Setting next_dagrun for example_skip_dag to 2022-09-22 00:00:00+00:00
[2022-09-24 16:51:22,236] {scheduler_job.py:190} INFO - Processing /home/airflow/.local/lib/python3.6/site-packages/airflow/example_dags/example_skip_dag.py took 0.045 seconds
[2022-09-24 16:51:52,256] {scheduler_job.py:182} INFO - Started process (PID=1237) to work on /home/airflow/.local/lib/python3.6/site-packages/airflow/example_dags/example_skip_dag.py
[2022-09-24 16:51:52,257] {scheduler_job.py:629} INFO - Processing file /home/airflow/.local/lib/python3.6/site-packages/airflow/example_dags/example_skip_dag.py for tasks to queue
[2022-09-24 16:51:52,258] {logging_mixin.py:104} INFO - [2022-09-24 16:51:52,258] {dagbag.py:451} INFO - Filling up the DagBag from /home/airflow/.local/lib/python3.6/site-packages/airflow/example_dags/example_skip_dag.py
[2022-09-24 16:51:52,265] {scheduler_job.py:639} INFO - DAG(s) dict_keys(['example_skip_dag']) retrieved from /home/airflow/.local/lib/python3.6/site-packages/airflow/example_dags/example_skip_dag.py
[2022-09-24 16:51:52,279] {logging_mixin.py:104} INFO - [2022-09-24 16:51:52,279] {dag.py:1824} INFO - Sync 1 DAGs
[2022-09-24 16:51:52,289] {logging_mixin.py:104} INFO - [2022-09-24 16:51:52,289] {dag.py:2280} INFO - Setting next_dagrun for example_skip_dag to 2022-09-22 00:00:00+00:00
[2022-09-24 16:51:52,297] {scheduler_job.py:190} INFO - Processing /home/airflow/.local/lib/python3.6/site-packages/airflow/example_dags/example_skip_dag.py took 0.043 seconds
[2022-09-24 16:52:23,472] {scheduler_job.py:182} INFO - Started process (PID=1272) to work on /home/airflow/.local/lib/python3.6/site-packages/airflow/example_dags/example_skip_dag.py
[2022-09-24 16:52:23,473] {scheduler_job.py:629} INFO - Processing file /home/airflow/.local/lib/python3.6/site-packages/airflow/example_dags/example_skip_dag.py for tasks to queue
[2022-09-24 16:52:23,474] {logging_mixin.py:104} INFO - [2022-09-24 16:52:23,474] {dagbag.py:451} INFO - Filling up the DagBag from /home/airflow/.local/lib/python3.6/site-packages/airflow/example_dags/example_skip_dag.py
[2022-09-24 16:52:23,481] {scheduler_job.py:639} INFO - DAG(s) dict_keys(['example_skip_dag']) retrieved from /home/airflow/.local/lib/python3.6/site-packages/airflow/example_dags/example_skip_dag.py
[2022-09-24 16:52:23,495] {logging_mixin.py:104} INFO - [2022-09-24 16:52:23,495] {dag.py:1824} INFO - Sync 1 DAGs
[2022-09-24 16:52:23,507] {logging_mixin.py:104} INFO - [2022-09-24 16:52:23,507] {dag.py:2280} INFO - Setting next_dagrun for example_skip_dag to 2022-09-22 00:00:00+00:00
[2022-09-24 16:52:23,515] {scheduler_job.py:190} INFO - Processing /home/airflow/.local/lib/python3.6/site-packages/airflow/example_dags/example_skip_dag.py took 0.045 seconds
[2022-09-24 16:52:54,539] {scheduler_job.py:182} INFO - Started process (PID=1299) to work on /home/airflow/.local/lib/python3.6/site-packages/airflow/example_dags/example_skip_dag.py
[2022-09-24 16:52:54,541] {scheduler_job.py:629} INFO - Processing file /home/airflow/.local/lib/python3.6/site-packages/airflow/example_dags/example_skip_dag.py for tasks to queue
[2022-09-24 16:52:54,542] {logging_mixin.py:104} INFO - [2022-09-24 16:52:54,542] {dagbag.py:451} INFO - Filling up the DagBag from /home/airflow/.local/lib/python3.6/site-packages/airflow/example_dags/example_skip_dag.py
[2022-09-24 16:52:54,556] {scheduler_job.py:639} INFO - DAG(s) dict_keys(['example_skip_dag']) retrieved from /home/airflow/.local/lib/python3.6/site-packages/airflow/example_dags/example_skip_dag.py
[2022-09-24 16:52:54,577] {logging_mixin.py:104} INFO - [2022-09-24 16:52:54,577] {dag.py:1824} INFO - Sync 1 DAGs
[2022-09-24 16:52:54,592] {logging_mixin.py:104} INFO - [2022-09-24 16:52:54,592] {dag.py:2280} INFO - Setting next_dagrun for example_skip_dag to 2022-09-22 00:00:00+00:00
[2022-09-24 16:52:54,603] {scheduler_job.py:190} INFO - Processing /home/airflow/.local/lib/python3.6/site-packages/airflow/example_dags/example_skip_dag.py took 0.068 seconds
[2022-09-24 16:53:25,571] {scheduler_job.py:182} INFO - Started process (PID=1325) to work on /home/airflow/.local/lib/python3.6/site-packages/airflow/example_dags/example_skip_dag.py
[2022-09-24 16:53:25,572] {scheduler_job.py:629} INFO - Processing file /home/airflow/.local/lib/python3.6/site-packages/airflow/example_dags/example_skip_dag.py for tasks to queue
[2022-09-24 16:53:25,573] {logging_mixin.py:104} INFO - [2022-09-24 16:53:25,573] {dagbag.py:451} INFO - Filling up the DagBag from /home/airflow/.local/lib/python3.6/site-packages/airflow/example_dags/example_skip_dag.py
[2022-09-24 16:53:25,583] {scheduler_job.py:639} INFO - DAG(s) dict_keys(['example_skip_dag']) retrieved from /home/airflow/.local/lib/python3.6/site-packages/airflow/example_dags/example_skip_dag.py
[2022-09-24 16:53:25,607] {logging_mixin.py:104} INFO - [2022-09-24 16:53:25,607] {dag.py:1824} INFO - Sync 1 DAGs
[2022-09-24 16:53:25,625] {logging_mixin.py:104} INFO - [2022-09-24 16:53:25,625] {dag.py:2280} INFO - Setting next_dagrun for example_skip_dag to 2022-09-22 00:00:00+00:00
[2022-09-24 16:53:25,635] {scheduler_job.py:190} INFO - Processing /home/airflow/.local/lib/python3.6/site-packages/airflow/example_dags/example_skip_dag.py took 0.066 seconds
[2022-09-24 16:53:55,683] {scheduler_job.py:182} INFO - Started process (PID=1350) to work on /home/airflow/.local/lib/python3.6/site-packages/airflow/example_dags/example_skip_dag.py
[2022-09-24 16:53:55,684] {scheduler_job.py:629} INFO - Processing file /home/airflow/.local/lib/python3.6/site-packages/airflow/example_dags/example_skip_dag.py for tasks to queue
[2022-09-24 16:53:55,685] {logging_mixin.py:104} INFO - [2022-09-24 16:53:55,685] {dagbag.py:451} INFO - Filling up the DagBag from /home/airflow/.local/lib/python3.6/site-packages/airflow/example_dags/example_skip_dag.py
[2022-09-24 16:53:55,692] {scheduler_job.py:639} INFO - DAG(s) dict_keys(['example_skip_dag']) retrieved from /home/airflow/.local/lib/python3.6/site-packages/airflow/example_dags/example_skip_dag.py
[2022-09-24 16:53:55,708] {logging_mixin.py:104} INFO - [2022-09-24 16:53:55,708] {dag.py:1824} INFO - Sync 1 DAGs
[2022-09-24 16:53:55,717] {logging_mixin.py:104} INFO - [2022-09-24 16:53:55,717] {dag.py:2280} INFO - Setting next_dagrun for example_skip_dag to 2022-09-22 00:00:00+00:00
[2022-09-24 16:53:55,731] {scheduler_job.py:190} INFO - Processing /home/airflow/.local/lib/python3.6/site-packages/airflow/example_dags/example_skip_dag.py took 0.050 seconds
[2022-09-24 16:54:26,747] {scheduler_job.py:182} INFO - Started process (PID=1379) to work on /home/airflow/.local/lib/python3.6/site-packages/airflow/example_dags/example_skip_dag.py
[2022-09-24 16:54:26,748] {scheduler_job.py:629} INFO - Processing file /home/airflow/.local/lib/python3.6/site-packages/airflow/example_dags/example_skip_dag.py for tasks to queue
[2022-09-24 16:54:26,749] {logging_mixin.py:104} INFO - [2022-09-24 16:54:26,749] {dagbag.py:451} INFO - Filling up the DagBag from /home/airflow/.local/lib/python3.6/site-packages/airflow/example_dags/example_skip_dag.py
[2022-09-24 16:54:26,757] {scheduler_job.py:639} INFO - DAG(s) dict_keys(['example_skip_dag']) retrieved from /home/airflow/.local/lib/python3.6/site-packages/airflow/example_dags/example_skip_dag.py
[2022-09-24 16:54:26,772] {logging_mixin.py:104} INFO - [2022-09-24 16:54:26,772] {dag.py:1824} INFO - Sync 1 DAGs
[2022-09-24 16:54:26,782] {logging_mixin.py:104} INFO - [2022-09-24 16:54:26,782] {dag.py:2280} INFO - Setting next_dagrun for example_skip_dag to 2022-09-22 00:00:00+00:00
[2022-09-24 16:54:26,789] {scheduler_job.py:190} INFO - Processing /home/airflow/.local/lib/python3.6/site-packages/airflow/example_dags/example_skip_dag.py took 0.044 seconds
[2022-09-24 16:54:56,822] {scheduler_job.py:182} INFO - Started process (PID=1406) to work on /home/airflow/.local/lib/python3.6/site-packages/airflow/example_dags/example_skip_dag.py
[2022-09-24 16:54:56,823] {scheduler_job.py:629} INFO - Processing file /home/airflow/.local/lib/python3.6/site-packages/airflow/example_dags/example_skip_dag.py for tasks to queue
[2022-09-24 16:54:56,824] {logging_mixin.py:104} INFO - [2022-09-24 16:54:56,824] {dagbag.py:451} INFO - Filling up the DagBag from /home/airflow/.local/lib/python3.6/site-packages/airflow/example_dags/example_skip_dag.py
[2022-09-24 16:54:56,831] {scheduler_job.py:639} INFO - DAG(s) dict_keys(['example_skip_dag']) retrieved from /home/airflow/.local/lib/python3.6/site-packages/airflow/example_dags/example_skip_dag.py
[2022-09-24 16:54:56,848] {logging_mixin.py:104} INFO - [2022-09-24 16:54:56,848] {dag.py:1824} INFO - Sync 1 DAGs
[2022-09-24 16:54:56,858] {logging_mixin.py:104} INFO - [2022-09-24 16:54:56,858] {dag.py:2280} INFO - Setting next_dagrun for example_skip_dag to 2022-09-22 00:00:00+00:00
[2022-09-24 16:54:56,865] {scheduler_job.py:190} INFO - Processing /home/airflow/.local/lib/python3.6/site-packages/airflow/example_dags/example_skip_dag.py took 0.045 seconds
[2022-09-24 16:55:27,888] {scheduler_job.py:182} INFO - Started process (PID=1432) to work on /home/airflow/.local/lib/python3.6/site-packages/airflow/example_dags/example_skip_dag.py
[2022-09-24 16:55:27,889] {scheduler_job.py:629} INFO - Processing file /home/airflow/.local/lib/python3.6/site-packages/airflow/example_dags/example_skip_dag.py for tasks to queue
[2022-09-24 16:55:27,889] {logging_mixin.py:104} INFO - [2022-09-24 16:55:27,889] {dagbag.py:451} INFO - Filling up the DagBag from /home/airflow/.local/lib/python3.6/site-packages/airflow/example_dags/example_skip_dag.py
[2022-09-24 16:55:27,898] {scheduler_job.py:639} INFO - DAG(s) dict_keys(['example_skip_dag']) retrieved from /home/airflow/.local/lib/python3.6/site-packages/airflow/example_dags/example_skip_dag.py
[2022-09-24 16:55:27,912] {logging_mixin.py:104} INFO - [2022-09-24 16:55:27,912] {dag.py:1824} INFO - Sync 1 DAGs
[2022-09-24 16:55:27,923] {logging_mixin.py:104} INFO - [2022-09-24 16:55:27,923] {dag.py:2280} INFO - Setting next_dagrun for example_skip_dag to 2022-09-22 00:00:00+00:00
[2022-09-24 16:55:27,930] {scheduler_job.py:190} INFO - Processing /home/airflow/.local/lib/python3.6/site-packages/airflow/example_dags/example_skip_dag.py took 0.046 seconds
