[2022-09-24 16:29:35,528] {scheduler_job.py:182} INFO - Started process (PID=54) to work on /home/airflow/.local/lib/python3.6/site-packages/airflow/example_dags/example_kubernetes_executor_config.py
[2022-09-24 16:29:35,530] {scheduler_job.py:629} INFO - Processing file /home/airflow/.local/lib/python3.6/site-packages/airflow/example_dags/example_kubernetes_executor_config.py for tasks to queue
[2022-09-24 16:29:35,531] {logging_mixin.py:104} INFO - [2022-09-24 16:29:35,531] {dagbag.py:451} INFO - Filling up the DagBag from /home/airflow/.local/lib/python3.6/site-packages/airflow/example_dags/example_kubernetes_executor_config.py
[2022-09-24 16:29:35,552] {scheduler_job.py:639} INFO - DAG(s) dict_keys(['example_kubernetes_executor_config']) retrieved from /home/airflow/.local/lib/python3.6/site-packages/airflow/example_dags/example_kubernetes_executor_config.py
[2022-09-24 16:29:35,591] {logging_mixin.py:104} INFO - [2022-09-24 16:29:35,591] {dag.py:1824} INFO - Sync 1 DAGs
[2022-09-24 16:29:35,602] {logging_mixin.py:104} INFO - [2022-09-24 16:29:35,602] {dag.py:1843} INFO - Creating ORM DAG for example_kubernetes_executor_config
[2022-09-24 16:29:35,608] {logging_mixin.py:104} INFO - [2022-09-24 16:29:35,608] {dag.py:2280} INFO - Setting next_dagrun for example_kubernetes_executor_config to None
[2022-09-24 16:29:35,625] {scheduler_job.py:190} INFO - Processing /home/airflow/.local/lib/python3.6/site-packages/airflow/example_dags/example_kubernetes_executor_config.py took 0.103 seconds
[2022-09-24 16:30:05,783] {scheduler_job.py:182} INFO - Started process (PID=79) to work on /home/airflow/.local/lib/python3.6/site-packages/airflow/example_dags/example_kubernetes_executor_config.py
[2022-09-24 16:30:05,784] {scheduler_job.py:629} INFO - Processing file /home/airflow/.local/lib/python3.6/site-packages/airflow/example_dags/example_kubernetes_executor_config.py for tasks to queue
[2022-09-24 16:30:05,784] {logging_mixin.py:104} INFO - [2022-09-24 16:30:05,784] {dagbag.py:451} INFO - Filling up the DagBag from /home/airflow/.local/lib/python3.6/site-packages/airflow/example_dags/example_kubernetes_executor_config.py
[2022-09-24 16:30:05,794] {scheduler_job.py:639} INFO - DAG(s) dict_keys(['example_kubernetes_executor_config']) retrieved from /home/airflow/.local/lib/python3.6/site-packages/airflow/example_dags/example_kubernetes_executor_config.py
[2022-09-24 16:30:05,810] {logging_mixin.py:104} INFO - [2022-09-24 16:30:05,810] {dag.py:1824} INFO - Sync 1 DAGs
[2022-09-24 16:30:05,821] {logging_mixin.py:104} INFO - [2022-09-24 16:30:05,821] {dag.py:2280} INFO - Setting next_dagrun for example_kubernetes_executor_config to None
[2022-09-24 16:30:05,828] {scheduler_job.py:190} INFO - Processing /home/airflow/.local/lib/python3.6/site-packages/airflow/example_dags/example_kubernetes_executor_config.py took 0.048 seconds
[2022-09-24 16:30:35,882] {scheduler_job.py:182} INFO - Started process (PID=105) to work on /home/airflow/.local/lib/python3.6/site-packages/airflow/example_dags/example_kubernetes_executor_config.py
[2022-09-24 16:30:35,883] {scheduler_job.py:629} INFO - Processing file /home/airflow/.local/lib/python3.6/site-packages/airflow/example_dags/example_kubernetes_executor_config.py for tasks to queue
[2022-09-24 16:30:35,884] {logging_mixin.py:104} INFO - [2022-09-24 16:30:35,884] {dagbag.py:451} INFO - Filling up the DagBag from /home/airflow/.local/lib/python3.6/site-packages/airflow/example_dags/example_kubernetes_executor_config.py
[2022-09-24 16:30:35,897] {scheduler_job.py:639} INFO - DAG(s) dict_keys(['example_kubernetes_executor_config']) retrieved from /home/airflow/.local/lib/python3.6/site-packages/airflow/example_dags/example_kubernetes_executor_config.py
[2022-09-24 16:30:35,917] {logging_mixin.py:104} INFO - [2022-09-24 16:30:35,917] {dag.py:1824} INFO - Sync 1 DAGs
[2022-09-24 16:30:35,927] {logging_mixin.py:104} INFO - [2022-09-24 16:30:35,927] {dag.py:2280} INFO - Setting next_dagrun for example_kubernetes_executor_config to None
[2022-09-24 16:30:35,934] {scheduler_job.py:190} INFO - Processing /home/airflow/.local/lib/python3.6/site-packages/airflow/example_dags/example_kubernetes_executor_config.py took 0.056 seconds
[2022-09-24 16:31:06,838] {scheduler_job.py:182} INFO - Started process (PID=132) to work on /home/airflow/.local/lib/python3.6/site-packages/airflow/example_dags/example_kubernetes_executor_config.py
[2022-09-24 16:31:06,839] {scheduler_job.py:629} INFO - Processing file /home/airflow/.local/lib/python3.6/site-packages/airflow/example_dags/example_kubernetes_executor_config.py for tasks to queue
[2022-09-24 16:31:06,840] {logging_mixin.py:104} INFO - [2022-09-24 16:31:06,840] {dagbag.py:451} INFO - Filling up the DagBag from /home/airflow/.local/lib/python3.6/site-packages/airflow/example_dags/example_kubernetes_executor_config.py
[2022-09-24 16:31:06,850] {scheduler_job.py:639} INFO - DAG(s) dict_keys(['example_kubernetes_executor_config']) retrieved from /home/airflow/.local/lib/python3.6/site-packages/airflow/example_dags/example_kubernetes_executor_config.py
[2022-09-24 16:31:06,868] {logging_mixin.py:104} INFO - [2022-09-24 16:31:06,868] {dag.py:1824} INFO - Sync 1 DAGs
[2022-09-24 16:31:06,877] {logging_mixin.py:104} INFO - [2022-09-24 16:31:06,877] {dag.py:2280} INFO - Setting next_dagrun for example_kubernetes_executor_config to None
[2022-09-24 16:31:06,884] {scheduler_job.py:190} INFO - Processing /home/airflow/.local/lib/python3.6/site-packages/airflow/example_dags/example_kubernetes_executor_config.py took 0.048 seconds
[2022-09-24 16:31:37,869] {scheduler_job.py:182} INFO - Started process (PID=158) to work on /home/airflow/.local/lib/python3.6/site-packages/airflow/example_dags/example_kubernetes_executor_config.py
[2022-09-24 16:31:37,870] {scheduler_job.py:629} INFO - Processing file /home/airflow/.local/lib/python3.6/site-packages/airflow/example_dags/example_kubernetes_executor_config.py for tasks to queue
[2022-09-24 16:31:37,871] {logging_mixin.py:104} INFO - [2022-09-24 16:31:37,871] {dagbag.py:451} INFO - Filling up the DagBag from /home/airflow/.local/lib/python3.6/site-packages/airflow/example_dags/example_kubernetes_executor_config.py
[2022-09-24 16:31:37,880] {scheduler_job.py:639} INFO - DAG(s) dict_keys(['example_kubernetes_executor_config']) retrieved from /home/airflow/.local/lib/python3.6/site-packages/airflow/example_dags/example_kubernetes_executor_config.py
[2022-09-24 16:31:37,898] {logging_mixin.py:104} INFO - [2022-09-24 16:31:37,898] {dag.py:1824} INFO - Sync 1 DAGs
[2022-09-24 16:31:37,908] {logging_mixin.py:104} INFO - [2022-09-24 16:31:37,908] {dag.py:2280} INFO - Setting next_dagrun for example_kubernetes_executor_config to None
[2022-09-24 16:31:37,915] {scheduler_job.py:190} INFO - Processing /home/airflow/.local/lib/python3.6/site-packages/airflow/example_dags/example_kubernetes_executor_config.py took 0.048 seconds
[2022-09-24 16:32:08,979] {scheduler_job.py:182} INFO - Started process (PID=184) to work on /home/airflow/.local/lib/python3.6/site-packages/airflow/example_dags/example_kubernetes_executor_config.py
[2022-09-24 16:32:08,980] {scheduler_job.py:629} INFO - Processing file /home/airflow/.local/lib/python3.6/site-packages/airflow/example_dags/example_kubernetes_executor_config.py for tasks to queue
[2022-09-24 16:32:08,980] {logging_mixin.py:104} INFO - [2022-09-24 16:32:08,980] {dagbag.py:451} INFO - Filling up the DagBag from /home/airflow/.local/lib/python3.6/site-packages/airflow/example_dags/example_kubernetes_executor_config.py
[2022-09-24 16:32:08,990] {scheduler_job.py:639} INFO - DAG(s) dict_keys(['example_kubernetes_executor_config']) retrieved from /home/airflow/.local/lib/python3.6/site-packages/airflow/example_dags/example_kubernetes_executor_config.py
[2022-09-24 16:32:09,009] {logging_mixin.py:104} INFO - [2022-09-24 16:32:09,009] {dag.py:1824} INFO - Sync 1 DAGs
[2022-09-24 16:32:09,019] {logging_mixin.py:104} INFO - [2022-09-24 16:32:09,019] {dag.py:2280} INFO - Setting next_dagrun for example_kubernetes_executor_config to None
[2022-09-24 16:32:09,027] {scheduler_job.py:190} INFO - Processing /home/airflow/.local/lib/python3.6/site-packages/airflow/example_dags/example_kubernetes_executor_config.py took 0.051 seconds
[2022-09-24 16:32:39,704] {scheduler_job.py:182} INFO - Started process (PID=210) to work on /home/airflow/.local/lib/python3.6/site-packages/airflow/example_dags/example_kubernetes_executor_config.py
[2022-09-24 16:32:39,706] {scheduler_job.py:629} INFO - Processing file /home/airflow/.local/lib/python3.6/site-packages/airflow/example_dags/example_kubernetes_executor_config.py for tasks to queue
[2022-09-24 16:32:39,707] {logging_mixin.py:104} INFO - [2022-09-24 16:32:39,707] {dagbag.py:451} INFO - Filling up the DagBag from /home/airflow/.local/lib/python3.6/site-packages/airflow/example_dags/example_kubernetes_executor_config.py
[2022-09-24 16:32:39,731] {scheduler_job.py:639} INFO - DAG(s) dict_keys(['example_kubernetes_executor_config']) retrieved from /home/airflow/.local/lib/python3.6/site-packages/airflow/example_dags/example_kubernetes_executor_config.py
[2022-09-24 16:32:39,765] {logging_mixin.py:104} INFO - [2022-09-24 16:32:39,765] {dag.py:1824} INFO - Sync 1 DAGs
[2022-09-24 16:32:39,785] {logging_mixin.py:104} INFO - [2022-09-24 16:32:39,785] {dag.py:2280} INFO - Setting next_dagrun for example_kubernetes_executor_config to None
[2022-09-24 16:32:39,800] {scheduler_job.py:190} INFO - Processing /home/airflow/.local/lib/python3.6/site-packages/airflow/example_dags/example_kubernetes_executor_config.py took 0.100 seconds
[2022-09-24 16:33:11,219] {scheduler_job.py:182} INFO - Started process (PID=243) to work on /home/airflow/.local/lib/python3.6/site-packages/airflow/example_dags/example_kubernetes_executor_config.py
[2022-09-24 16:33:11,220] {scheduler_job.py:629} INFO - Processing file /home/airflow/.local/lib/python3.6/site-packages/airflow/example_dags/example_kubernetes_executor_config.py for tasks to queue
[2022-09-24 16:33:11,221] {logging_mixin.py:104} INFO - [2022-09-24 16:33:11,221] {dagbag.py:451} INFO - Filling up the DagBag from /home/airflow/.local/lib/python3.6/site-packages/airflow/example_dags/example_kubernetes_executor_config.py
[2022-09-24 16:33:11,240] {scheduler_job.py:639} INFO - DAG(s) dict_keys(['example_kubernetes_executor_config']) retrieved from /home/airflow/.local/lib/python3.6/site-packages/airflow/example_dags/example_kubernetes_executor_config.py
[2022-09-24 16:33:11,276] {logging_mixin.py:104} INFO - [2022-09-24 16:33:11,276] {dag.py:1824} INFO - Sync 1 DAGs
[2022-09-24 16:33:11,292] {logging_mixin.py:104} INFO - [2022-09-24 16:33:11,292] {dag.py:2280} INFO - Setting next_dagrun for example_kubernetes_executor_config to None
[2022-09-24 16:33:11,303] {scheduler_job.py:190} INFO - Processing /home/airflow/.local/lib/python3.6/site-packages/airflow/example_dags/example_kubernetes_executor_config.py took 0.086 seconds
[2022-09-24 16:33:41,492] {scheduler_job.py:182} INFO - Started process (PID=270) to work on /home/airflow/.local/lib/python3.6/site-packages/airflow/example_dags/example_kubernetes_executor_config.py
[2022-09-24 16:33:41,493] {scheduler_job.py:629} INFO - Processing file /home/airflow/.local/lib/python3.6/site-packages/airflow/example_dags/example_kubernetes_executor_config.py for tasks to queue
[2022-09-24 16:33:41,494] {logging_mixin.py:104} INFO - [2022-09-24 16:33:41,494] {dagbag.py:451} INFO - Filling up the DagBag from /home/airflow/.local/lib/python3.6/site-packages/airflow/example_dags/example_kubernetes_executor_config.py
[2022-09-24 16:33:41,507] {scheduler_job.py:639} INFO - DAG(s) dict_keys(['example_kubernetes_executor_config']) retrieved from /home/airflow/.local/lib/python3.6/site-packages/airflow/example_dags/example_kubernetes_executor_config.py
[2022-09-24 16:33:41,548] {logging_mixin.py:104} INFO - [2022-09-24 16:33:41,547] {dag.py:1824} INFO - Sync 1 DAGs
[2022-09-24 16:33:41,572] {logging_mixin.py:104} INFO - [2022-09-24 16:33:41,572] {dag.py:2280} INFO - Setting next_dagrun for example_kubernetes_executor_config to None
[2022-09-24 16:33:41,593] {scheduler_job.py:190} INFO - Processing /home/airflow/.local/lib/python3.6/site-packages/airflow/example_dags/example_kubernetes_executor_config.py took 0.103 seconds
[2022-09-24 16:34:11,823] {scheduler_job.py:182} INFO - Started process (PID=296) to work on /home/airflow/.local/lib/python3.6/site-packages/airflow/example_dags/example_kubernetes_executor_config.py
[2022-09-24 16:34:11,824] {scheduler_job.py:629} INFO - Processing file /home/airflow/.local/lib/python3.6/site-packages/airflow/example_dags/example_kubernetes_executor_config.py for tasks to queue
[2022-09-24 16:34:11,824] {logging_mixin.py:104} INFO - [2022-09-24 16:34:11,824] {dagbag.py:451} INFO - Filling up the DagBag from /home/airflow/.local/lib/python3.6/site-packages/airflow/example_dags/example_kubernetes_executor_config.py
[2022-09-24 16:34:11,840] {scheduler_job.py:639} INFO - DAG(s) dict_keys(['example_kubernetes_executor_config']) retrieved from /home/airflow/.local/lib/python3.6/site-packages/airflow/example_dags/example_kubernetes_executor_config.py
[2022-09-24 16:34:11,862] {logging_mixin.py:104} INFO - [2022-09-24 16:34:11,861] {dag.py:1824} INFO - Sync 1 DAGs
[2022-09-24 16:34:11,875] {logging_mixin.py:104} INFO - [2022-09-24 16:34:11,875] {dag.py:2280} INFO - Setting next_dagrun for example_kubernetes_executor_config to None
[2022-09-24 16:34:11,885] {scheduler_job.py:190} INFO - Processing /home/airflow/.local/lib/python3.6/site-packages/airflow/example_dags/example_kubernetes_executor_config.py took 0.065 seconds
[2022-09-24 16:34:42,059] {scheduler_job.py:182} INFO - Started process (PID=323) to work on /home/airflow/.local/lib/python3.6/site-packages/airflow/example_dags/example_kubernetes_executor_config.py
[2022-09-24 16:34:42,061] {scheduler_job.py:629} INFO - Processing file /home/airflow/.local/lib/python3.6/site-packages/airflow/example_dags/example_kubernetes_executor_config.py for tasks to queue
[2022-09-24 16:34:42,062] {logging_mixin.py:104} INFO - [2022-09-24 16:34:42,062] {dagbag.py:451} INFO - Filling up the DagBag from /home/airflow/.local/lib/python3.6/site-packages/airflow/example_dags/example_kubernetes_executor_config.py
[2022-09-24 16:34:42,077] {scheduler_job.py:639} INFO - DAG(s) dict_keys(['example_kubernetes_executor_config']) retrieved from /home/airflow/.local/lib/python3.6/site-packages/airflow/example_dags/example_kubernetes_executor_config.py
[2022-09-24 16:34:42,102] {logging_mixin.py:104} INFO - [2022-09-24 16:34:42,102] {dag.py:1824} INFO - Sync 1 DAGs
[2022-09-24 16:34:42,116] {logging_mixin.py:104} INFO - [2022-09-24 16:34:42,116] {dag.py:2280} INFO - Setting next_dagrun for example_kubernetes_executor_config to None
[2022-09-24 16:34:42,125] {scheduler_job.py:190} INFO - Processing /home/airflow/.local/lib/python3.6/site-packages/airflow/example_dags/example_kubernetes_executor_config.py took 0.069 seconds
[2022-09-24 16:35:12,461] {scheduler_job.py:182} INFO - Started process (PID=352) to work on /home/airflow/.local/lib/python3.6/site-packages/airflow/example_dags/example_kubernetes_executor_config.py
[2022-09-24 16:35:12,462] {scheduler_job.py:629} INFO - Processing file /home/airflow/.local/lib/python3.6/site-packages/airflow/example_dags/example_kubernetes_executor_config.py for tasks to queue
[2022-09-24 16:35:12,462] {logging_mixin.py:104} INFO - [2022-09-24 16:35:12,462] {dagbag.py:451} INFO - Filling up the DagBag from /home/airflow/.local/lib/python3.6/site-packages/airflow/example_dags/example_kubernetes_executor_config.py
[2022-09-24 16:35:12,476] {scheduler_job.py:639} INFO - DAG(s) dict_keys(['example_kubernetes_executor_config']) retrieved from /home/airflow/.local/lib/python3.6/site-packages/airflow/example_dags/example_kubernetes_executor_config.py
[2022-09-24 16:35:12,495] {logging_mixin.py:104} INFO - [2022-09-24 16:35:12,495] {dag.py:1824} INFO - Sync 1 DAGs
[2022-09-24 16:35:12,507] {logging_mixin.py:104} INFO - [2022-09-24 16:35:12,507] {dag.py:2280} INFO - Setting next_dagrun for example_kubernetes_executor_config to None
[2022-09-24 16:35:12,516] {scheduler_job.py:190} INFO - Processing /home/airflow/.local/lib/python3.6/site-packages/airflow/example_dags/example_kubernetes_executor_config.py took 0.058 seconds
[2022-09-24 16:35:42,659] {scheduler_job.py:182} INFO - Started process (PID=381) to work on /home/airflow/.local/lib/python3.6/site-packages/airflow/example_dags/example_kubernetes_executor_config.py
[2022-09-24 16:35:42,660] {scheduler_job.py:629} INFO - Processing file /home/airflow/.local/lib/python3.6/site-packages/airflow/example_dags/example_kubernetes_executor_config.py for tasks to queue
[2022-09-24 16:35:42,661] {logging_mixin.py:104} INFO - [2022-09-24 16:35:42,660] {dagbag.py:451} INFO - Filling up the DagBag from /home/airflow/.local/lib/python3.6/site-packages/airflow/example_dags/example_kubernetes_executor_config.py
[2022-09-24 16:35:42,675] {scheduler_job.py:639} INFO - DAG(s) dict_keys(['example_kubernetes_executor_config']) retrieved from /home/airflow/.local/lib/python3.6/site-packages/airflow/example_dags/example_kubernetes_executor_config.py
[2022-09-24 16:35:42,696] {logging_mixin.py:104} INFO - [2022-09-24 16:35:42,696] {dag.py:1824} INFO - Sync 1 DAGs
[2022-09-24 16:35:42,710] {logging_mixin.py:104} INFO - [2022-09-24 16:35:42,710] {dag.py:2280} INFO - Setting next_dagrun for example_kubernetes_executor_config to None
[2022-09-24 16:35:42,719] {scheduler_job.py:190} INFO - Processing /home/airflow/.local/lib/python3.6/site-packages/airflow/example_dags/example_kubernetes_executor_config.py took 0.063 seconds
[2022-09-24 16:36:12,803] {scheduler_job.py:182} INFO - Started process (PID=409) to work on /home/airflow/.local/lib/python3.6/site-packages/airflow/example_dags/example_kubernetes_executor_config.py
[2022-09-24 16:36:12,804] {scheduler_job.py:629} INFO - Processing file /home/airflow/.local/lib/python3.6/site-packages/airflow/example_dags/example_kubernetes_executor_config.py for tasks to queue
[2022-09-24 16:36:12,805] {logging_mixin.py:104} INFO - [2022-09-24 16:36:12,805] {dagbag.py:451} INFO - Filling up the DagBag from /home/airflow/.local/lib/python3.6/site-packages/airflow/example_dags/example_kubernetes_executor_config.py
[2022-09-24 16:36:12,819] {scheduler_job.py:639} INFO - DAG(s) dict_keys(['example_kubernetes_executor_config']) retrieved from /home/airflow/.local/lib/python3.6/site-packages/airflow/example_dags/example_kubernetes_executor_config.py
[2022-09-24 16:36:12,837] {logging_mixin.py:104} INFO - [2022-09-24 16:36:12,837] {dag.py:1824} INFO - Sync 1 DAGs
[2022-09-24 16:36:12,849] {logging_mixin.py:104} INFO - [2022-09-24 16:36:12,849] {dag.py:2280} INFO - Setting next_dagrun for example_kubernetes_executor_config to None
[2022-09-24 16:36:12,857] {scheduler_job.py:190} INFO - Processing /home/airflow/.local/lib/python3.6/site-packages/airflow/example_dags/example_kubernetes_executor_config.py took 0.058 seconds
[2022-09-24 16:36:43,089] {scheduler_job.py:182} INFO - Started process (PID=436) to work on /home/airflow/.local/lib/python3.6/site-packages/airflow/example_dags/example_kubernetes_executor_config.py
[2022-09-24 16:36:43,098] {scheduler_job.py:629} INFO - Processing file /home/airflow/.local/lib/python3.6/site-packages/airflow/example_dags/example_kubernetes_executor_config.py for tasks to queue
[2022-09-24 16:36:43,099] {logging_mixin.py:104} INFO - [2022-09-24 16:36:43,099] {dagbag.py:451} INFO - Filling up the DagBag from /home/airflow/.local/lib/python3.6/site-packages/airflow/example_dags/example_kubernetes_executor_config.py
[2022-09-24 16:36:43,113] {scheduler_job.py:639} INFO - DAG(s) dict_keys(['example_kubernetes_executor_config']) retrieved from /home/airflow/.local/lib/python3.6/site-packages/airflow/example_dags/example_kubernetes_executor_config.py
[2022-09-24 16:36:43,142] {logging_mixin.py:104} INFO - [2022-09-24 16:36:43,141] {dag.py:1824} INFO - Sync 1 DAGs
[2022-09-24 16:36:43,163] {logging_mixin.py:104} INFO - [2022-09-24 16:36:43,163] {dag.py:2280} INFO - Setting next_dagrun for example_kubernetes_executor_config to None
[2022-09-24 16:36:43,177] {scheduler_job.py:190} INFO - Processing /home/airflow/.local/lib/python3.6/site-packages/airflow/example_dags/example_kubernetes_executor_config.py took 0.092 seconds
[2022-09-24 16:37:14,020] {scheduler_job.py:182} INFO - Started process (PID=461) to work on /home/airflow/.local/lib/python3.6/site-packages/airflow/example_dags/example_kubernetes_executor_config.py
[2022-09-24 16:37:14,021] {scheduler_job.py:629} INFO - Processing file /home/airflow/.local/lib/python3.6/site-packages/airflow/example_dags/example_kubernetes_executor_config.py for tasks to queue
[2022-09-24 16:37:14,022] {logging_mixin.py:104} INFO - [2022-09-24 16:37:14,022] {dagbag.py:451} INFO - Filling up the DagBag from /home/airflow/.local/lib/python3.6/site-packages/airflow/example_dags/example_kubernetes_executor_config.py
[2022-09-24 16:37:14,035] {scheduler_job.py:639} INFO - DAG(s) dict_keys(['example_kubernetes_executor_config']) retrieved from /home/airflow/.local/lib/python3.6/site-packages/airflow/example_dags/example_kubernetes_executor_config.py
[2022-09-24 16:37:14,059] {logging_mixin.py:104} INFO - [2022-09-24 16:37:14,059] {dag.py:1824} INFO - Sync 1 DAGs
[2022-09-24 16:37:14,078] {logging_mixin.py:104} INFO - [2022-09-24 16:37:14,078] {dag.py:2280} INFO - Setting next_dagrun for example_kubernetes_executor_config to None
[2022-09-24 16:37:14,093] {scheduler_job.py:190} INFO - Processing /home/airflow/.local/lib/python3.6/site-packages/airflow/example_dags/example_kubernetes_executor_config.py took 0.077 seconds
[2022-09-24 16:37:44,303] {scheduler_job.py:182} INFO - Started process (PID=488) to work on /home/airflow/.local/lib/python3.6/site-packages/airflow/example_dags/example_kubernetes_executor_config.py
[2022-09-24 16:37:44,305] {scheduler_job.py:629} INFO - Processing file /home/airflow/.local/lib/python3.6/site-packages/airflow/example_dags/example_kubernetes_executor_config.py for tasks to queue
[2022-09-24 16:37:44,306] {logging_mixin.py:104} INFO - [2022-09-24 16:37:44,306] {dagbag.py:451} INFO - Filling up the DagBag from /home/airflow/.local/lib/python3.6/site-packages/airflow/example_dags/example_kubernetes_executor_config.py
[2022-09-24 16:37:44,322] {scheduler_job.py:639} INFO - DAG(s) dict_keys(['example_kubernetes_executor_config']) retrieved from /home/airflow/.local/lib/python3.6/site-packages/airflow/example_dags/example_kubernetes_executor_config.py
[2022-09-24 16:37:44,353] {logging_mixin.py:104} INFO - [2022-09-24 16:37:44,353] {dag.py:1824} INFO - Sync 1 DAGs
[2022-09-24 16:37:44,372] {logging_mixin.py:104} INFO - [2022-09-24 16:37:44,372] {dag.py:2280} INFO - Setting next_dagrun for example_kubernetes_executor_config to None
[2022-09-24 16:37:44,386] {scheduler_job.py:190} INFO - Processing /home/airflow/.local/lib/python3.6/site-packages/airflow/example_dags/example_kubernetes_executor_config.py took 0.088 seconds
[2022-09-24 16:38:14,524] {scheduler_job.py:182} INFO - Started process (PID=515) to work on /home/airflow/.local/lib/python3.6/site-packages/airflow/example_dags/example_kubernetes_executor_config.py
[2022-09-24 16:38:14,526] {scheduler_job.py:629} INFO - Processing file /home/airflow/.local/lib/python3.6/site-packages/airflow/example_dags/example_kubernetes_executor_config.py for tasks to queue
[2022-09-24 16:38:14,527] {logging_mixin.py:104} INFO - [2022-09-24 16:38:14,527] {dagbag.py:451} INFO - Filling up the DagBag from /home/airflow/.local/lib/python3.6/site-packages/airflow/example_dags/example_kubernetes_executor_config.py
[2022-09-24 16:38:14,542] {scheduler_job.py:639} INFO - DAG(s) dict_keys(['example_kubernetes_executor_config']) retrieved from /home/airflow/.local/lib/python3.6/site-packages/airflow/example_dags/example_kubernetes_executor_config.py
[2022-09-24 16:38:14,572] {logging_mixin.py:104} INFO - [2022-09-24 16:38:14,572] {dag.py:1824} INFO - Sync 1 DAGs
[2022-09-24 16:38:14,598] {logging_mixin.py:104} INFO - [2022-09-24 16:38:14,598] {dag.py:2280} INFO - Setting next_dagrun for example_kubernetes_executor_config to None
[2022-09-24 16:38:14,615] {scheduler_job.py:190} INFO - Processing /home/airflow/.local/lib/python3.6/site-packages/airflow/example_dags/example_kubernetes_executor_config.py took 0.095 seconds
[2022-09-24 16:38:44,818] {scheduler_job.py:182} INFO - Started process (PID=543) to work on /home/airflow/.local/lib/python3.6/site-packages/airflow/example_dags/example_kubernetes_executor_config.py
[2022-09-24 16:38:44,819] {scheduler_job.py:629} INFO - Processing file /home/airflow/.local/lib/python3.6/site-packages/airflow/example_dags/example_kubernetes_executor_config.py for tasks to queue
[2022-09-24 16:38:44,820] {logging_mixin.py:104} INFO - [2022-09-24 16:38:44,820] {dagbag.py:451} INFO - Filling up the DagBag from /home/airflow/.local/lib/python3.6/site-packages/airflow/example_dags/example_kubernetes_executor_config.py
[2022-09-24 16:38:44,833] {scheduler_job.py:639} INFO - DAG(s) dict_keys(['example_kubernetes_executor_config']) retrieved from /home/airflow/.local/lib/python3.6/site-packages/airflow/example_dags/example_kubernetes_executor_config.py
[2022-09-24 16:38:44,858] {logging_mixin.py:104} INFO - [2022-09-24 16:38:44,857] {dag.py:1824} INFO - Sync 1 DAGs
[2022-09-24 16:38:44,873] {logging_mixin.py:104} INFO - [2022-09-24 16:38:44,873] {dag.py:2280} INFO - Setting next_dagrun for example_kubernetes_executor_config to None
[2022-09-24 16:38:44,882] {scheduler_job.py:190} INFO - Processing /home/airflow/.local/lib/python3.6/site-packages/airflow/example_dags/example_kubernetes_executor_config.py took 0.068 seconds
[2022-09-24 16:39:15,037] {scheduler_job.py:182} INFO - Started process (PID=571) to work on /home/airflow/.local/lib/python3.6/site-packages/airflow/example_dags/example_kubernetes_executor_config.py
[2022-09-24 16:39:15,039] {scheduler_job.py:629} INFO - Processing file /home/airflow/.local/lib/python3.6/site-packages/airflow/example_dags/example_kubernetes_executor_config.py for tasks to queue
[2022-09-24 16:39:15,039] {logging_mixin.py:104} INFO - [2022-09-24 16:39:15,039] {dagbag.py:451} INFO - Filling up the DagBag from /home/airflow/.local/lib/python3.6/site-packages/airflow/example_dags/example_kubernetes_executor_config.py
[2022-09-24 16:39:15,050] {scheduler_job.py:639} INFO - DAG(s) dict_keys(['example_kubernetes_executor_config']) retrieved from /home/airflow/.local/lib/python3.6/site-packages/airflow/example_dags/example_kubernetes_executor_config.py
[2022-09-24 16:39:15,068] {logging_mixin.py:104} INFO - [2022-09-24 16:39:15,068] {dag.py:1824} INFO - Sync 1 DAGs
[2022-09-24 16:39:15,080] {logging_mixin.py:104} INFO - [2022-09-24 16:39:15,080] {dag.py:2280} INFO - Setting next_dagrun for example_kubernetes_executor_config to None
[2022-09-24 16:39:15,088] {scheduler_job.py:190} INFO - Processing /home/airflow/.local/lib/python3.6/site-packages/airflow/example_dags/example_kubernetes_executor_config.py took 0.053 seconds
[2022-09-24 16:39:45,156] {scheduler_job.py:182} INFO - Started process (PID=598) to work on /home/airflow/.local/lib/python3.6/site-packages/airflow/example_dags/example_kubernetes_executor_config.py
[2022-09-24 16:39:45,157] {scheduler_job.py:629} INFO - Processing file /home/airflow/.local/lib/python3.6/site-packages/airflow/example_dags/example_kubernetes_executor_config.py for tasks to queue
[2022-09-24 16:39:45,158] {logging_mixin.py:104} INFO - [2022-09-24 16:39:45,158] {dagbag.py:451} INFO - Filling up the DagBag from /home/airflow/.local/lib/python3.6/site-packages/airflow/example_dags/example_kubernetes_executor_config.py
[2022-09-24 16:39:45,169] {scheduler_job.py:639} INFO - DAG(s) dict_keys(['example_kubernetes_executor_config']) retrieved from /home/airflow/.local/lib/python3.6/site-packages/airflow/example_dags/example_kubernetes_executor_config.py
[2022-09-24 16:39:45,187] {logging_mixin.py:104} INFO - [2022-09-24 16:39:45,187] {dag.py:1824} INFO - Sync 1 DAGs
[2022-09-24 16:39:45,198] {logging_mixin.py:104} INFO - [2022-09-24 16:39:45,198] {dag.py:2280} INFO - Setting next_dagrun for example_kubernetes_executor_config to None
[2022-09-24 16:39:45,204] {scheduler_job.py:190} INFO - Processing /home/airflow/.local/lib/python3.6/site-packages/airflow/example_dags/example_kubernetes_executor_config.py took 0.051 seconds
[2022-09-24 16:40:15,308] {scheduler_job.py:182} INFO - Started process (PID=625) to work on /home/airflow/.local/lib/python3.6/site-packages/airflow/example_dags/example_kubernetes_executor_config.py
[2022-09-24 16:40:15,309] {scheduler_job.py:629} INFO - Processing file /home/airflow/.local/lib/python3.6/site-packages/airflow/example_dags/example_kubernetes_executor_config.py for tasks to queue
[2022-09-24 16:40:15,310] {logging_mixin.py:104} INFO - [2022-09-24 16:40:15,310] {dagbag.py:451} INFO - Filling up the DagBag from /home/airflow/.local/lib/python3.6/site-packages/airflow/example_dags/example_kubernetes_executor_config.py
[2022-09-24 16:40:15,325] {scheduler_job.py:639} INFO - DAG(s) dict_keys(['example_kubernetes_executor_config']) retrieved from /home/airflow/.local/lib/python3.6/site-packages/airflow/example_dags/example_kubernetes_executor_config.py
[2022-09-24 16:40:15,347] {logging_mixin.py:104} INFO - [2022-09-24 16:40:15,347] {dag.py:1824} INFO - Sync 1 DAGs
[2022-09-24 16:40:15,364] {logging_mixin.py:104} INFO - [2022-09-24 16:40:15,364] {dag.py:2280} INFO - Setting next_dagrun for example_kubernetes_executor_config to None
[2022-09-24 16:40:15,374] {scheduler_job.py:190} INFO - Processing /home/airflow/.local/lib/python3.6/site-packages/airflow/example_dags/example_kubernetes_executor_config.py took 0.070 seconds
[2022-09-24 16:40:45,428] {scheduler_job.py:182} INFO - Started process (PID=652) to work on /home/airflow/.local/lib/python3.6/site-packages/airflow/example_dags/example_kubernetes_executor_config.py
[2022-09-24 16:40:45,430] {scheduler_job.py:629} INFO - Processing file /home/airflow/.local/lib/python3.6/site-packages/airflow/example_dags/example_kubernetes_executor_config.py for tasks to queue
[2022-09-24 16:40:45,431] {logging_mixin.py:104} INFO - [2022-09-24 16:40:45,431] {dagbag.py:451} INFO - Filling up the DagBag from /home/airflow/.local/lib/python3.6/site-packages/airflow/example_dags/example_kubernetes_executor_config.py
[2022-09-24 16:40:45,447] {scheduler_job.py:639} INFO - DAG(s) dict_keys(['example_kubernetes_executor_config']) retrieved from /home/airflow/.local/lib/python3.6/site-packages/airflow/example_dags/example_kubernetes_executor_config.py
[2022-09-24 16:40:45,468] {logging_mixin.py:104} INFO - [2022-09-24 16:40:45,468] {dag.py:1824} INFO - Sync 1 DAGs
[2022-09-24 16:40:45,481] {logging_mixin.py:104} INFO - [2022-09-24 16:40:45,481] {dag.py:2280} INFO - Setting next_dagrun for example_kubernetes_executor_config to None
[2022-09-24 16:40:45,492] {scheduler_job.py:190} INFO - Processing /home/airflow/.local/lib/python3.6/site-packages/airflow/example_dags/example_kubernetes_executor_config.py took 0.068 seconds
[2022-09-24 16:41:15,996] {scheduler_job.py:182} INFO - Started process (PID=679) to work on /home/airflow/.local/lib/python3.6/site-packages/airflow/example_dags/example_kubernetes_executor_config.py
[2022-09-24 16:41:15,998] {scheduler_job.py:629} INFO - Processing file /home/airflow/.local/lib/python3.6/site-packages/airflow/example_dags/example_kubernetes_executor_config.py for tasks to queue
[2022-09-24 16:41:15,999] {logging_mixin.py:104} INFO - [2022-09-24 16:41:15,998] {dagbag.py:451} INFO - Filling up the DagBag from /home/airflow/.local/lib/python3.6/site-packages/airflow/example_dags/example_kubernetes_executor_config.py
[2022-09-24 16:41:16,011] {scheduler_job.py:639} INFO - DAG(s) dict_keys(['example_kubernetes_executor_config']) retrieved from /home/airflow/.local/lib/python3.6/site-packages/airflow/example_dags/example_kubernetes_executor_config.py
[2022-09-24 16:41:16,087] {logging_mixin.py:104} INFO - [2022-09-24 16:41:16,087] {dag.py:1824} INFO - Sync 1 DAGs
[2022-09-24 16:41:16,105] {logging_mixin.py:104} INFO - [2022-09-24 16:41:16,105] {dag.py:2280} INFO - Setting next_dagrun for example_kubernetes_executor_config to None
[2022-09-24 16:41:16,117] {scheduler_job.py:190} INFO - Processing /home/airflow/.local/lib/python3.6/site-packages/airflow/example_dags/example_kubernetes_executor_config.py took 0.123 seconds
[2022-09-24 16:41:46,192] {scheduler_job.py:182} INFO - Started process (PID=706) to work on /home/airflow/.local/lib/python3.6/site-packages/airflow/example_dags/example_kubernetes_executor_config.py
[2022-09-24 16:41:46,194] {scheduler_job.py:629} INFO - Processing file /home/airflow/.local/lib/python3.6/site-packages/airflow/example_dags/example_kubernetes_executor_config.py for tasks to queue
[2022-09-24 16:41:46,194] {logging_mixin.py:104} INFO - [2022-09-24 16:41:46,194] {dagbag.py:451} INFO - Filling up the DagBag from /home/airflow/.local/lib/python3.6/site-packages/airflow/example_dags/example_kubernetes_executor_config.py
[2022-09-24 16:41:46,203] {scheduler_job.py:639} INFO - DAG(s) dict_keys(['example_kubernetes_executor_config']) retrieved from /home/airflow/.local/lib/python3.6/site-packages/airflow/example_dags/example_kubernetes_executor_config.py
[2022-09-24 16:41:46,220] {logging_mixin.py:104} INFO - [2022-09-24 16:41:46,220] {dag.py:1824} INFO - Sync 1 DAGs
[2022-09-24 16:41:46,230] {logging_mixin.py:104} INFO - [2022-09-24 16:41:46,230] {dag.py:2280} INFO - Setting next_dagrun for example_kubernetes_executor_config to None
[2022-09-24 16:41:46,237] {scheduler_job.py:190} INFO - Processing /home/airflow/.local/lib/python3.6/site-packages/airflow/example_dags/example_kubernetes_executor_config.py took 0.048 seconds
[2022-09-24 16:42:16,325] {scheduler_job.py:182} INFO - Started process (PID=733) to work on /home/airflow/.local/lib/python3.6/site-packages/airflow/example_dags/example_kubernetes_executor_config.py
[2022-09-24 16:42:16,326] {scheduler_job.py:629} INFO - Processing file /home/airflow/.local/lib/python3.6/site-packages/airflow/example_dags/example_kubernetes_executor_config.py for tasks to queue
[2022-09-24 16:42:16,327] {logging_mixin.py:104} INFO - [2022-09-24 16:42:16,327] {dagbag.py:451} INFO - Filling up the DagBag from /home/airflow/.local/lib/python3.6/site-packages/airflow/example_dags/example_kubernetes_executor_config.py
[2022-09-24 16:42:16,336] {scheduler_job.py:639} INFO - DAG(s) dict_keys(['example_kubernetes_executor_config']) retrieved from /home/airflow/.local/lib/python3.6/site-packages/airflow/example_dags/example_kubernetes_executor_config.py
[2022-09-24 16:42:16,353] {logging_mixin.py:104} INFO - [2022-09-24 16:42:16,353] {dag.py:1824} INFO - Sync 1 DAGs
[2022-09-24 16:42:16,362] {logging_mixin.py:104} INFO - [2022-09-24 16:42:16,362] {dag.py:2280} INFO - Setting next_dagrun for example_kubernetes_executor_config to None
[2022-09-24 16:42:16,369] {scheduler_job.py:190} INFO - Processing /home/airflow/.local/lib/python3.6/site-packages/airflow/example_dags/example_kubernetes_executor_config.py took 0.046 seconds
[2022-09-24 16:42:46,405] {scheduler_job.py:182} INFO - Started process (PID=760) to work on /home/airflow/.local/lib/python3.6/site-packages/airflow/example_dags/example_kubernetes_executor_config.py
[2022-09-24 16:42:46,406] {scheduler_job.py:629} INFO - Processing file /home/airflow/.local/lib/python3.6/site-packages/airflow/example_dags/example_kubernetes_executor_config.py for tasks to queue
[2022-09-24 16:42:46,407] {logging_mixin.py:104} INFO - [2022-09-24 16:42:46,407] {dagbag.py:451} INFO - Filling up the DagBag from /home/airflow/.local/lib/python3.6/site-packages/airflow/example_dags/example_kubernetes_executor_config.py
[2022-09-24 16:42:46,417] {scheduler_job.py:639} INFO - DAG(s) dict_keys(['example_kubernetes_executor_config']) retrieved from /home/airflow/.local/lib/python3.6/site-packages/airflow/example_dags/example_kubernetes_executor_config.py
[2022-09-24 16:42:46,434] {logging_mixin.py:104} INFO - [2022-09-24 16:42:46,434] {dag.py:1824} INFO - Sync 1 DAGs
[2022-09-24 16:42:46,446] {logging_mixin.py:104} INFO - [2022-09-24 16:42:46,445] {dag.py:2280} INFO - Setting next_dagrun for example_kubernetes_executor_config to None
[2022-09-24 16:42:46,452] {scheduler_job.py:190} INFO - Processing /home/airflow/.local/lib/python3.6/site-packages/airflow/example_dags/example_kubernetes_executor_config.py took 0.049 seconds
[2022-09-24 16:43:16,488] {scheduler_job.py:182} INFO - Started process (PID=787) to work on /home/airflow/.local/lib/python3.6/site-packages/airflow/example_dags/example_kubernetes_executor_config.py
[2022-09-24 16:43:16,489] {scheduler_job.py:629} INFO - Processing file /home/airflow/.local/lib/python3.6/site-packages/airflow/example_dags/example_kubernetes_executor_config.py for tasks to queue
[2022-09-24 16:43:16,490] {logging_mixin.py:104} INFO - [2022-09-24 16:43:16,490] {dagbag.py:451} INFO - Filling up the DagBag from /home/airflow/.local/lib/python3.6/site-packages/airflow/example_dags/example_kubernetes_executor_config.py
[2022-09-24 16:43:16,499] {scheduler_job.py:639} INFO - DAG(s) dict_keys(['example_kubernetes_executor_config']) retrieved from /home/airflow/.local/lib/python3.6/site-packages/airflow/example_dags/example_kubernetes_executor_config.py
[2022-09-24 16:43:16,516] {logging_mixin.py:104} INFO - [2022-09-24 16:43:16,516] {dag.py:1824} INFO - Sync 1 DAGs
[2022-09-24 16:43:16,526] {logging_mixin.py:104} INFO - [2022-09-24 16:43:16,525] {dag.py:2280} INFO - Setting next_dagrun for example_kubernetes_executor_config to None
[2022-09-24 16:43:16,533] {scheduler_job.py:190} INFO - Processing /home/airflow/.local/lib/python3.6/site-packages/airflow/example_dags/example_kubernetes_executor_config.py took 0.048 seconds
[2022-09-24 16:43:46,561] {scheduler_job.py:182} INFO - Started process (PID=814) to work on /home/airflow/.local/lib/python3.6/site-packages/airflow/example_dags/example_kubernetes_executor_config.py
[2022-09-24 16:43:46,562] {scheduler_job.py:629} INFO - Processing file /home/airflow/.local/lib/python3.6/site-packages/airflow/example_dags/example_kubernetes_executor_config.py for tasks to queue
[2022-09-24 16:43:46,562] {logging_mixin.py:104} INFO - [2022-09-24 16:43:46,562] {dagbag.py:451} INFO - Filling up the DagBag from /home/airflow/.local/lib/python3.6/site-packages/airflow/example_dags/example_kubernetes_executor_config.py
[2022-09-24 16:43:46,572] {scheduler_job.py:639} INFO - DAG(s) dict_keys(['example_kubernetes_executor_config']) retrieved from /home/airflow/.local/lib/python3.6/site-packages/airflow/example_dags/example_kubernetes_executor_config.py
[2022-09-24 16:43:46,590] {logging_mixin.py:104} INFO - [2022-09-24 16:43:46,590] {dag.py:1824} INFO - Sync 1 DAGs
[2022-09-24 16:43:46,601] {logging_mixin.py:104} INFO - [2022-09-24 16:43:46,601] {dag.py:2280} INFO - Setting next_dagrun for example_kubernetes_executor_config to None
[2022-09-24 16:43:46,609] {scheduler_job.py:190} INFO - Processing /home/airflow/.local/lib/python3.6/site-packages/airflow/example_dags/example_kubernetes_executor_config.py took 0.051 seconds
[2022-09-24 16:44:16,771] {scheduler_job.py:182} INFO - Started process (PID=841) to work on /home/airflow/.local/lib/python3.6/site-packages/airflow/example_dags/example_kubernetes_executor_config.py
[2022-09-24 16:44:16,772] {scheduler_job.py:629} INFO - Processing file /home/airflow/.local/lib/python3.6/site-packages/airflow/example_dags/example_kubernetes_executor_config.py for tasks to queue
[2022-09-24 16:44:16,772] {logging_mixin.py:104} INFO - [2022-09-24 16:44:16,772] {dagbag.py:451} INFO - Filling up the DagBag from /home/airflow/.local/lib/python3.6/site-packages/airflow/example_dags/example_kubernetes_executor_config.py
[2022-09-24 16:44:16,782] {scheduler_job.py:639} INFO - DAG(s) dict_keys(['example_kubernetes_executor_config']) retrieved from /home/airflow/.local/lib/python3.6/site-packages/airflow/example_dags/example_kubernetes_executor_config.py
[2022-09-24 16:44:16,800] {logging_mixin.py:104} INFO - [2022-09-24 16:44:16,800] {dag.py:1824} INFO - Sync 1 DAGs
[2022-09-24 16:44:16,811] {logging_mixin.py:104} INFO - [2022-09-24 16:44:16,810] {dag.py:2280} INFO - Setting next_dagrun for example_kubernetes_executor_config to None
[2022-09-24 16:44:16,817] {scheduler_job.py:190} INFO - Processing /home/airflow/.local/lib/python3.6/site-packages/airflow/example_dags/example_kubernetes_executor_config.py took 0.050 seconds
[2022-09-24 16:44:46,841] {scheduler_job.py:182} INFO - Started process (PID=867) to work on /home/airflow/.local/lib/python3.6/site-packages/airflow/example_dags/example_kubernetes_executor_config.py
[2022-09-24 16:44:46,842] {scheduler_job.py:629} INFO - Processing file /home/airflow/.local/lib/python3.6/site-packages/airflow/example_dags/example_kubernetes_executor_config.py for tasks to queue
[2022-09-24 16:44:46,843] {logging_mixin.py:104} INFO - [2022-09-24 16:44:46,843] {dagbag.py:451} INFO - Filling up the DagBag from /home/airflow/.local/lib/python3.6/site-packages/airflow/example_dags/example_kubernetes_executor_config.py
[2022-09-24 16:44:46,852] {scheduler_job.py:639} INFO - DAG(s) dict_keys(['example_kubernetes_executor_config']) retrieved from /home/airflow/.local/lib/python3.6/site-packages/airflow/example_dags/example_kubernetes_executor_config.py
[2022-09-24 16:44:46,869] {logging_mixin.py:104} INFO - [2022-09-24 16:44:46,869] {dag.py:1824} INFO - Sync 1 DAGs
[2022-09-24 16:44:46,879] {logging_mixin.py:104} INFO - [2022-09-24 16:44:46,879] {dag.py:2280} INFO - Setting next_dagrun for example_kubernetes_executor_config to None
[2022-09-24 16:44:46,887] {scheduler_job.py:190} INFO - Processing /home/airflow/.local/lib/python3.6/site-packages/airflow/example_dags/example_kubernetes_executor_config.py took 0.048 seconds
[2022-09-24 16:45:17,523] {scheduler_job.py:182} INFO - Started process (PID=884) to work on /home/airflow/.local/lib/python3.6/site-packages/airflow/example_dags/example_kubernetes_executor_config.py
[2022-09-24 16:45:17,524] {scheduler_job.py:629} INFO - Processing file /home/airflow/.local/lib/python3.6/site-packages/airflow/example_dags/example_kubernetes_executor_config.py for tasks to queue
[2022-09-24 16:45:17,525] {logging_mixin.py:104} INFO - [2022-09-24 16:45:17,525] {dagbag.py:451} INFO - Filling up the DagBag from /home/airflow/.local/lib/python3.6/site-packages/airflow/example_dags/example_kubernetes_executor_config.py
[2022-09-24 16:45:17,534] {scheduler_job.py:639} INFO - DAG(s) dict_keys(['example_kubernetes_executor_config']) retrieved from /home/airflow/.local/lib/python3.6/site-packages/airflow/example_dags/example_kubernetes_executor_config.py
[2022-09-24 16:45:17,549] {logging_mixin.py:104} INFO - [2022-09-24 16:45:17,549] {dag.py:1824} INFO - Sync 1 DAGs
[2022-09-24 16:45:17,558] {logging_mixin.py:104} INFO - [2022-09-24 16:45:17,558] {dag.py:2280} INFO - Setting next_dagrun for example_kubernetes_executor_config to None
[2022-09-24 16:45:17,566] {scheduler_job.py:190} INFO - Processing /home/airflow/.local/lib/python3.6/site-packages/airflow/example_dags/example_kubernetes_executor_config.py took 0.045 seconds
[2022-09-24 16:45:47,617] {scheduler_job.py:182} INFO - Started process (PID=911) to work on /home/airflow/.local/lib/python3.6/site-packages/airflow/example_dags/example_kubernetes_executor_config.py
[2022-09-24 16:45:47,618] {scheduler_job.py:629} INFO - Processing file /home/airflow/.local/lib/python3.6/site-packages/airflow/example_dags/example_kubernetes_executor_config.py for tasks to queue
[2022-09-24 16:45:47,618] {logging_mixin.py:104} INFO - [2022-09-24 16:45:47,618] {dagbag.py:451} INFO - Filling up the DagBag from /home/airflow/.local/lib/python3.6/site-packages/airflow/example_dags/example_kubernetes_executor_config.py
[2022-09-24 16:45:47,629] {scheduler_job.py:639} INFO - DAG(s) dict_keys(['example_kubernetes_executor_config']) retrieved from /home/airflow/.local/lib/python3.6/site-packages/airflow/example_dags/example_kubernetes_executor_config.py
[2022-09-24 16:45:47,645] {logging_mixin.py:104} INFO - [2022-09-24 16:45:47,645] {dag.py:1824} INFO - Sync 1 DAGs
[2022-09-24 16:45:47,656] {logging_mixin.py:104} INFO - [2022-09-24 16:45:47,656] {dag.py:2280} INFO - Setting next_dagrun for example_kubernetes_executor_config to None
[2022-09-24 16:45:47,663] {scheduler_job.py:190} INFO - Processing /home/airflow/.local/lib/python3.6/site-packages/airflow/example_dags/example_kubernetes_executor_config.py took 0.049 seconds
[2022-09-24 16:46:18,630] {scheduler_job.py:182} INFO - Started process (PID=938) to work on /home/airflow/.local/lib/python3.6/site-packages/airflow/example_dags/example_kubernetes_executor_config.py
[2022-09-24 16:46:18,631] {scheduler_job.py:629} INFO - Processing file /home/airflow/.local/lib/python3.6/site-packages/airflow/example_dags/example_kubernetes_executor_config.py for tasks to queue
[2022-09-24 16:46:18,632] {logging_mixin.py:104} INFO - [2022-09-24 16:46:18,632] {dagbag.py:451} INFO - Filling up the DagBag from /home/airflow/.local/lib/python3.6/site-packages/airflow/example_dags/example_kubernetes_executor_config.py
[2022-09-24 16:46:18,641] {scheduler_job.py:639} INFO - DAG(s) dict_keys(['example_kubernetes_executor_config']) retrieved from /home/airflow/.local/lib/python3.6/site-packages/airflow/example_dags/example_kubernetes_executor_config.py
[2022-09-24 16:46:18,658] {logging_mixin.py:104} INFO - [2022-09-24 16:46:18,657] {dag.py:1824} INFO - Sync 1 DAGs
[2022-09-24 16:46:18,668] {logging_mixin.py:104} INFO - [2022-09-24 16:46:18,668] {dag.py:2280} INFO - Setting next_dagrun for example_kubernetes_executor_config to None
[2022-09-24 16:46:18,676] {scheduler_job.py:190} INFO - Processing /home/airflow/.local/lib/python3.6/site-packages/airflow/example_dags/example_kubernetes_executor_config.py took 0.048 seconds
[2022-09-24 16:46:49,583] {scheduler_job.py:182} INFO - Started process (PID=965) to work on /home/airflow/.local/lib/python3.6/site-packages/airflow/example_dags/example_kubernetes_executor_config.py
[2022-09-24 16:46:49,585] {scheduler_job.py:629} INFO - Processing file /home/airflow/.local/lib/python3.6/site-packages/airflow/example_dags/example_kubernetes_executor_config.py for tasks to queue
[2022-09-24 16:46:49,585] {logging_mixin.py:104} INFO - [2022-09-24 16:46:49,585] {dagbag.py:451} INFO - Filling up the DagBag from /home/airflow/.local/lib/python3.6/site-packages/airflow/example_dags/example_kubernetes_executor_config.py
[2022-09-24 16:46:49,595] {scheduler_job.py:639} INFO - DAG(s) dict_keys(['example_kubernetes_executor_config']) retrieved from /home/airflow/.local/lib/python3.6/site-packages/airflow/example_dags/example_kubernetes_executor_config.py
[2022-09-24 16:46:49,617] {logging_mixin.py:104} INFO - [2022-09-24 16:46:49,617] {dag.py:1824} INFO - Sync 1 DAGs
[2022-09-24 16:46:49,631] {logging_mixin.py:104} INFO - [2022-09-24 16:46:49,631] {dag.py:2280} INFO - Setting next_dagrun for example_kubernetes_executor_config to None
[2022-09-24 16:46:49,639] {scheduler_job.py:190} INFO - Processing /home/airflow/.local/lib/python3.6/site-packages/airflow/example_dags/example_kubernetes_executor_config.py took 0.059 seconds
[2022-09-24 16:47:20,619] {scheduler_job.py:182} INFO - Started process (PID=992) to work on /home/airflow/.local/lib/python3.6/site-packages/airflow/example_dags/example_kubernetes_executor_config.py
[2022-09-24 16:47:20,620] {scheduler_job.py:629} INFO - Processing file /home/airflow/.local/lib/python3.6/site-packages/airflow/example_dags/example_kubernetes_executor_config.py for tasks to queue
[2022-09-24 16:47:20,621] {logging_mixin.py:104} INFO - [2022-09-24 16:47:20,621] {dagbag.py:451} INFO - Filling up the DagBag from /home/airflow/.local/lib/python3.6/site-packages/airflow/example_dags/example_kubernetes_executor_config.py
[2022-09-24 16:47:20,632] {scheduler_job.py:639} INFO - DAG(s) dict_keys(['example_kubernetes_executor_config']) retrieved from /home/airflow/.local/lib/python3.6/site-packages/airflow/example_dags/example_kubernetes_executor_config.py
[2022-09-24 16:47:20,652] {logging_mixin.py:104} INFO - [2022-09-24 16:47:20,652] {dag.py:1824} INFO - Sync 1 DAGs
[2022-09-24 16:47:20,667] {logging_mixin.py:104} INFO - [2022-09-24 16:47:20,667] {dag.py:2280} INFO - Setting next_dagrun for example_kubernetes_executor_config to None
[2022-09-24 16:47:20,674] {scheduler_job.py:190} INFO - Processing /home/airflow/.local/lib/python3.6/site-packages/airflow/example_dags/example_kubernetes_executor_config.py took 0.058 seconds
[2022-09-24 16:47:50,739] {scheduler_job.py:182} INFO - Started process (PID=1019) to work on /home/airflow/.local/lib/python3.6/site-packages/airflow/example_dags/example_kubernetes_executor_config.py
[2022-09-24 16:47:50,740] {scheduler_job.py:629} INFO - Processing file /home/airflow/.local/lib/python3.6/site-packages/airflow/example_dags/example_kubernetes_executor_config.py for tasks to queue
[2022-09-24 16:47:50,741] {logging_mixin.py:104} INFO - [2022-09-24 16:47:50,741] {dagbag.py:451} INFO - Filling up the DagBag from /home/airflow/.local/lib/python3.6/site-packages/airflow/example_dags/example_kubernetes_executor_config.py
[2022-09-24 16:47:50,751] {scheduler_job.py:639} INFO - DAG(s) dict_keys(['example_kubernetes_executor_config']) retrieved from /home/airflow/.local/lib/python3.6/site-packages/airflow/example_dags/example_kubernetes_executor_config.py
[2022-09-24 16:47:50,768] {logging_mixin.py:104} INFO - [2022-09-24 16:47:50,768] {dag.py:1824} INFO - Sync 1 DAGs
[2022-09-24 16:47:50,779] {logging_mixin.py:104} INFO - [2022-09-24 16:47:50,779] {dag.py:2280} INFO - Setting next_dagrun for example_kubernetes_executor_config to None
[2022-09-24 16:47:50,786] {scheduler_job.py:190} INFO - Processing /home/airflow/.local/lib/python3.6/site-packages/airflow/example_dags/example_kubernetes_executor_config.py took 0.050 seconds
[2022-09-24 16:48:20,847] {scheduler_job.py:182} INFO - Started process (PID=1046) to work on /home/airflow/.local/lib/python3.6/site-packages/airflow/example_dags/example_kubernetes_executor_config.py
[2022-09-24 16:48:20,848] {scheduler_job.py:629} INFO - Processing file /home/airflow/.local/lib/python3.6/site-packages/airflow/example_dags/example_kubernetes_executor_config.py for tasks to queue
[2022-09-24 16:48:20,849] {logging_mixin.py:104} INFO - [2022-09-24 16:48:20,849] {dagbag.py:451} INFO - Filling up the DagBag from /home/airflow/.local/lib/python3.6/site-packages/airflow/example_dags/example_kubernetes_executor_config.py
[2022-09-24 16:48:20,861] {scheduler_job.py:639} INFO - DAG(s) dict_keys(['example_kubernetes_executor_config']) retrieved from /home/airflow/.local/lib/python3.6/site-packages/airflow/example_dags/example_kubernetes_executor_config.py
[2022-09-24 16:48:20,883] {logging_mixin.py:104} INFO - [2022-09-24 16:48:20,883] {dag.py:1824} INFO - Sync 1 DAGs
[2022-09-24 16:48:20,896] {logging_mixin.py:104} INFO - [2022-09-24 16:48:20,896] {dag.py:2280} INFO - Setting next_dagrun for example_kubernetes_executor_config to None
[2022-09-24 16:48:20,904] {scheduler_job.py:190} INFO - Processing /home/airflow/.local/lib/python3.6/site-packages/airflow/example_dags/example_kubernetes_executor_config.py took 0.060 seconds
[2022-09-24 16:48:51,004] {scheduler_job.py:182} INFO - Started process (PID=1072) to work on /home/airflow/.local/lib/python3.6/site-packages/airflow/example_dags/example_kubernetes_executor_config.py
[2022-09-24 16:48:51,005] {scheduler_job.py:629} INFO - Processing file /home/airflow/.local/lib/python3.6/site-packages/airflow/example_dags/example_kubernetes_executor_config.py for tasks to queue
[2022-09-24 16:48:51,006] {logging_mixin.py:104} INFO - [2022-09-24 16:48:51,006] {dagbag.py:451} INFO - Filling up the DagBag from /home/airflow/.local/lib/python3.6/site-packages/airflow/example_dags/example_kubernetes_executor_config.py
[2022-09-24 16:48:51,016] {scheduler_job.py:639} INFO - DAG(s) dict_keys(['example_kubernetes_executor_config']) retrieved from /home/airflow/.local/lib/python3.6/site-packages/airflow/example_dags/example_kubernetes_executor_config.py
[2022-09-24 16:48:51,033] {logging_mixin.py:104} INFO - [2022-09-24 16:48:51,033] {dag.py:1824} INFO - Sync 1 DAGs
[2022-09-24 16:48:51,046] {logging_mixin.py:104} INFO - [2022-09-24 16:48:51,046] {dag.py:2280} INFO - Setting next_dagrun for example_kubernetes_executor_config to None
[2022-09-24 16:48:51,056] {scheduler_job.py:190} INFO - Processing /home/airflow/.local/lib/python3.6/site-packages/airflow/example_dags/example_kubernetes_executor_config.py took 0.054 seconds
[2022-09-24 16:49:21,342] {scheduler_job.py:182} INFO - Started process (PID=1101) to work on /home/airflow/.local/lib/python3.6/site-packages/airflow/example_dags/example_kubernetes_executor_config.py
[2022-09-24 16:49:21,343] {scheduler_job.py:629} INFO - Processing file /home/airflow/.local/lib/python3.6/site-packages/airflow/example_dags/example_kubernetes_executor_config.py for tasks to queue
[2022-09-24 16:49:21,344] {logging_mixin.py:104} INFO - [2022-09-24 16:49:21,344] {dagbag.py:451} INFO - Filling up the DagBag from /home/airflow/.local/lib/python3.6/site-packages/airflow/example_dags/example_kubernetes_executor_config.py
[2022-09-24 16:49:21,355] {scheduler_job.py:639} INFO - DAG(s) dict_keys(['example_kubernetes_executor_config']) retrieved from /home/airflow/.local/lib/python3.6/site-packages/airflow/example_dags/example_kubernetes_executor_config.py
[2022-09-24 16:49:21,376] {logging_mixin.py:104} INFO - [2022-09-24 16:49:21,376] {dag.py:1824} INFO - Sync 1 DAGs
[2022-09-24 16:49:21,390] {logging_mixin.py:104} INFO - [2022-09-24 16:49:21,390] {dag.py:2280} INFO - Setting next_dagrun for example_kubernetes_executor_config to None
[2022-09-24 16:49:21,399] {scheduler_job.py:190} INFO - Processing /home/airflow/.local/lib/python3.6/site-packages/airflow/example_dags/example_kubernetes_executor_config.py took 0.059 seconds
[2022-09-24 16:49:51,619] {scheduler_job.py:182} INFO - Started process (PID=1129) to work on /home/airflow/.local/lib/python3.6/site-packages/airflow/example_dags/example_kubernetes_executor_config.py
[2022-09-24 16:49:51,620] {scheduler_job.py:629} INFO - Processing file /home/airflow/.local/lib/python3.6/site-packages/airflow/example_dags/example_kubernetes_executor_config.py for tasks to queue
[2022-09-24 16:49:51,621] {logging_mixin.py:104} INFO - [2022-09-24 16:49:51,621] {dagbag.py:451} INFO - Filling up the DagBag from /home/airflow/.local/lib/python3.6/site-packages/airflow/example_dags/example_kubernetes_executor_config.py
[2022-09-24 16:49:51,631] {scheduler_job.py:639} INFO - DAG(s) dict_keys(['example_kubernetes_executor_config']) retrieved from /home/airflow/.local/lib/python3.6/site-packages/airflow/example_dags/example_kubernetes_executor_config.py
[2022-09-24 16:49:51,649] {logging_mixin.py:104} INFO - [2022-09-24 16:49:51,649] {dag.py:1824} INFO - Sync 1 DAGs
[2022-09-24 16:49:51,659] {logging_mixin.py:104} INFO - [2022-09-24 16:49:51,659] {dag.py:2280} INFO - Setting next_dagrun for example_kubernetes_executor_config to None
[2022-09-24 16:49:51,666] {scheduler_job.py:190} INFO - Processing /home/airflow/.local/lib/python3.6/site-packages/airflow/example_dags/example_kubernetes_executor_config.py took 0.050 seconds
[2022-09-24 16:50:21,839] {scheduler_job.py:182} INFO - Started process (PID=1156) to work on /home/airflow/.local/lib/python3.6/site-packages/airflow/example_dags/example_kubernetes_executor_config.py
[2022-09-24 16:50:21,840] {scheduler_job.py:629} INFO - Processing file /home/airflow/.local/lib/python3.6/site-packages/airflow/example_dags/example_kubernetes_executor_config.py for tasks to queue
[2022-09-24 16:50:21,841] {logging_mixin.py:104} INFO - [2022-09-24 16:50:21,841] {dagbag.py:451} INFO - Filling up the DagBag from /home/airflow/.local/lib/python3.6/site-packages/airflow/example_dags/example_kubernetes_executor_config.py
[2022-09-24 16:50:21,851] {scheduler_job.py:639} INFO - DAG(s) dict_keys(['example_kubernetes_executor_config']) retrieved from /home/airflow/.local/lib/python3.6/site-packages/airflow/example_dags/example_kubernetes_executor_config.py
[2022-09-24 16:50:21,867] {logging_mixin.py:104} INFO - [2022-09-24 16:50:21,867] {dag.py:1824} INFO - Sync 1 DAGs
[2022-09-24 16:50:21,877] {logging_mixin.py:104} INFO - [2022-09-24 16:50:21,877] {dag.py:2280} INFO - Setting next_dagrun for example_kubernetes_executor_config to None
[2022-09-24 16:50:21,884] {scheduler_job.py:190} INFO - Processing /home/airflow/.local/lib/python3.6/site-packages/airflow/example_dags/example_kubernetes_executor_config.py took 0.048 seconds
[2022-09-24 16:50:51,916] {scheduler_job.py:182} INFO - Started process (PID=1183) to work on /home/airflow/.local/lib/python3.6/site-packages/airflow/example_dags/example_kubernetes_executor_config.py
[2022-09-24 16:50:51,917] {scheduler_job.py:629} INFO - Processing file /home/airflow/.local/lib/python3.6/site-packages/airflow/example_dags/example_kubernetes_executor_config.py for tasks to queue
[2022-09-24 16:50:51,917] {logging_mixin.py:104} INFO - [2022-09-24 16:50:51,917] {dagbag.py:451} INFO - Filling up the DagBag from /home/airflow/.local/lib/python3.6/site-packages/airflow/example_dags/example_kubernetes_executor_config.py
[2022-09-24 16:50:51,926] {scheduler_job.py:639} INFO - DAG(s) dict_keys(['example_kubernetes_executor_config']) retrieved from /home/airflow/.local/lib/python3.6/site-packages/airflow/example_dags/example_kubernetes_executor_config.py
[2022-09-24 16:50:51,941] {logging_mixin.py:104} INFO - [2022-09-24 16:50:51,941] {dag.py:1824} INFO - Sync 1 DAGs
[2022-09-24 16:50:51,951] {logging_mixin.py:104} INFO - [2022-09-24 16:50:51,951] {dag.py:2280} INFO - Setting next_dagrun for example_kubernetes_executor_config to None
[2022-09-24 16:50:51,958] {scheduler_job.py:190} INFO - Processing /home/airflow/.local/lib/python3.6/site-packages/airflow/example_dags/example_kubernetes_executor_config.py took 0.044 seconds
[2022-09-24 16:51:22,257] {scheduler_job.py:182} INFO - Started process (PID=1212) to work on /home/airflow/.local/lib/python3.6/site-packages/airflow/example_dags/example_kubernetes_executor_config.py
[2022-09-24 16:51:22,258] {scheduler_job.py:629} INFO - Processing file /home/airflow/.local/lib/python3.6/site-packages/airflow/example_dags/example_kubernetes_executor_config.py for tasks to queue
[2022-09-24 16:51:22,259] {logging_mixin.py:104} INFO - [2022-09-24 16:51:22,259] {dagbag.py:451} INFO - Filling up the DagBag from /home/airflow/.local/lib/python3.6/site-packages/airflow/example_dags/example_kubernetes_executor_config.py
[2022-09-24 16:51:22,269] {scheduler_job.py:639} INFO - DAG(s) dict_keys(['example_kubernetes_executor_config']) retrieved from /home/airflow/.local/lib/python3.6/site-packages/airflow/example_dags/example_kubernetes_executor_config.py
[2022-09-24 16:51:22,285] {logging_mixin.py:104} INFO - [2022-09-24 16:51:22,285] {dag.py:1824} INFO - Sync 1 DAGs
[2022-09-24 16:51:22,294] {logging_mixin.py:104} INFO - [2022-09-24 16:51:22,294] {dag.py:2280} INFO - Setting next_dagrun for example_kubernetes_executor_config to None
[2022-09-24 16:51:22,301] {scheduler_job.py:190} INFO - Processing /home/airflow/.local/lib/python3.6/site-packages/airflow/example_dags/example_kubernetes_executor_config.py took 0.046 seconds
[2022-09-24 16:51:52,372] {scheduler_job.py:182} INFO - Started process (PID=1240) to work on /home/airflow/.local/lib/python3.6/site-packages/airflow/example_dags/example_kubernetes_executor_config.py
[2022-09-24 16:51:52,374] {scheduler_job.py:629} INFO - Processing file /home/airflow/.local/lib/python3.6/site-packages/airflow/example_dags/example_kubernetes_executor_config.py for tasks to queue
[2022-09-24 16:51:52,374] {logging_mixin.py:104} INFO - [2022-09-24 16:51:52,374] {dagbag.py:451} INFO - Filling up the DagBag from /home/airflow/.local/lib/python3.6/site-packages/airflow/example_dags/example_kubernetes_executor_config.py
[2022-09-24 16:51:52,383] {scheduler_job.py:639} INFO - DAG(s) dict_keys(['example_kubernetes_executor_config']) retrieved from /home/airflow/.local/lib/python3.6/site-packages/airflow/example_dags/example_kubernetes_executor_config.py
[2022-09-24 16:51:52,399] {logging_mixin.py:104} INFO - [2022-09-24 16:51:52,399] {dag.py:1824} INFO - Sync 1 DAGs
[2022-09-24 16:51:52,409] {logging_mixin.py:104} INFO - [2022-09-24 16:51:52,409] {dag.py:2280} INFO - Setting next_dagrun for example_kubernetes_executor_config to None
[2022-09-24 16:51:52,416] {scheduler_job.py:190} INFO - Processing /home/airflow/.local/lib/python3.6/site-packages/airflow/example_dags/example_kubernetes_executor_config.py took 0.046 seconds
[2022-09-24 16:52:23,468] {scheduler_job.py:182} INFO - Started process (PID=1271) to work on /home/airflow/.local/lib/python3.6/site-packages/airflow/example_dags/example_kubernetes_executor_config.py
[2022-09-24 16:52:23,469] {scheduler_job.py:629} INFO - Processing file /home/airflow/.local/lib/python3.6/site-packages/airflow/example_dags/example_kubernetes_executor_config.py for tasks to queue
[2022-09-24 16:52:23,470] {logging_mixin.py:104} INFO - [2022-09-24 16:52:23,469] {dagbag.py:451} INFO - Filling up the DagBag from /home/airflow/.local/lib/python3.6/site-packages/airflow/example_dags/example_kubernetes_executor_config.py
[2022-09-24 16:52:23,479] {scheduler_job.py:639} INFO - DAG(s) dict_keys(['example_kubernetes_executor_config']) retrieved from /home/airflow/.local/lib/python3.6/site-packages/airflow/example_dags/example_kubernetes_executor_config.py
[2022-09-24 16:52:23,494] {logging_mixin.py:104} INFO - [2022-09-24 16:52:23,494] {dag.py:1824} INFO - Sync 1 DAGs
[2022-09-24 16:52:23,506] {logging_mixin.py:104} INFO - [2022-09-24 16:52:23,506] {dag.py:2280} INFO - Setting next_dagrun for example_kubernetes_executor_config to None
[2022-09-24 16:52:23,514] {scheduler_job.py:190} INFO - Processing /home/airflow/.local/lib/python3.6/site-packages/airflow/example_dags/example_kubernetes_executor_config.py took 0.049 seconds
[2022-09-24 16:52:54,530] {scheduler_job.py:182} INFO - Started process (PID=1298) to work on /home/airflow/.local/lib/python3.6/site-packages/airflow/example_dags/example_kubernetes_executor_config.py
[2022-09-24 16:52:54,532] {scheduler_job.py:629} INFO - Processing file /home/airflow/.local/lib/python3.6/site-packages/airflow/example_dags/example_kubernetes_executor_config.py for tasks to queue
[2022-09-24 16:52:54,533] {logging_mixin.py:104} INFO - [2022-09-24 16:52:54,533] {dagbag.py:451} INFO - Filling up the DagBag from /home/airflow/.local/lib/python3.6/site-packages/airflow/example_dags/example_kubernetes_executor_config.py
[2022-09-24 16:52:54,549] {scheduler_job.py:639} INFO - DAG(s) dict_keys(['example_kubernetes_executor_config']) retrieved from /home/airflow/.local/lib/python3.6/site-packages/airflow/example_dags/example_kubernetes_executor_config.py
[2022-09-24 16:52:54,575] {logging_mixin.py:104} INFO - [2022-09-24 16:52:54,575] {dag.py:1824} INFO - Sync 1 DAGs
[2022-09-24 16:52:54,590] {logging_mixin.py:104} INFO - [2022-09-24 16:52:54,590] {dag.py:2280} INFO - Setting next_dagrun for example_kubernetes_executor_config to None
[2022-09-24 16:52:54,601] {scheduler_job.py:190} INFO - Processing /home/airflow/.local/lib/python3.6/site-packages/airflow/example_dags/example_kubernetes_executor_config.py took 0.075 seconds
[2022-09-24 16:53:25,663] {scheduler_job.py:182} INFO - Started process (PID=1326) to work on /home/airflow/.local/lib/python3.6/site-packages/airflow/example_dags/example_kubernetes_executor_config.py
[2022-09-24 16:53:25,664] {scheduler_job.py:629} INFO - Processing file /home/airflow/.local/lib/python3.6/site-packages/airflow/example_dags/example_kubernetes_executor_config.py for tasks to queue
[2022-09-24 16:53:25,665] {logging_mixin.py:104} INFO - [2022-09-24 16:53:25,665] {dagbag.py:451} INFO - Filling up the DagBag from /home/airflow/.local/lib/python3.6/site-packages/airflow/example_dags/example_kubernetes_executor_config.py
[2022-09-24 16:53:25,679] {scheduler_job.py:639} INFO - DAG(s) dict_keys(['example_kubernetes_executor_config']) retrieved from /home/airflow/.local/lib/python3.6/site-packages/airflow/example_dags/example_kubernetes_executor_config.py
[2022-09-24 16:53:25,702] {logging_mixin.py:104} INFO - [2022-09-24 16:53:25,702] {dag.py:1824} INFO - Sync 1 DAGs
[2022-09-24 16:53:25,715] {logging_mixin.py:104} INFO - [2022-09-24 16:53:25,715] {dag.py:2280} INFO - Setting next_dagrun for example_kubernetes_executor_config to None
[2022-09-24 16:53:25,722] {scheduler_job.py:190} INFO - Processing /home/airflow/.local/lib/python3.6/site-packages/airflow/example_dags/example_kubernetes_executor_config.py took 0.064 seconds
[2022-09-24 16:53:55,817] {scheduler_job.py:182} INFO - Started process (PID=1354) to work on /home/airflow/.local/lib/python3.6/site-packages/airflow/example_dags/example_kubernetes_executor_config.py
[2022-09-24 16:53:55,818] {scheduler_job.py:629} INFO - Processing file /home/airflow/.local/lib/python3.6/site-packages/airflow/example_dags/example_kubernetes_executor_config.py for tasks to queue
[2022-09-24 16:53:55,819] {logging_mixin.py:104} INFO - [2022-09-24 16:53:55,819] {dagbag.py:451} INFO - Filling up the DagBag from /home/airflow/.local/lib/python3.6/site-packages/airflow/example_dags/example_kubernetes_executor_config.py
[2022-09-24 16:53:55,828] {scheduler_job.py:639} INFO - DAG(s) dict_keys(['example_kubernetes_executor_config']) retrieved from /home/airflow/.local/lib/python3.6/site-packages/airflow/example_dags/example_kubernetes_executor_config.py
[2022-09-24 16:53:55,844] {logging_mixin.py:104} INFO - [2022-09-24 16:53:55,844] {dag.py:1824} INFO - Sync 1 DAGs
[2022-09-24 16:53:55,854] {logging_mixin.py:104} INFO - [2022-09-24 16:53:55,854] {dag.py:2280} INFO - Setting next_dagrun for example_kubernetes_executor_config to None
[2022-09-24 16:53:55,861] {scheduler_job.py:190} INFO - Processing /home/airflow/.local/lib/python3.6/site-packages/airflow/example_dags/example_kubernetes_executor_config.py took 0.046 seconds
[2022-09-24 16:54:26,812] {scheduler_job.py:182} INFO - Started process (PID=1380) to work on /home/airflow/.local/lib/python3.6/site-packages/airflow/example_dags/example_kubernetes_executor_config.py
[2022-09-24 16:54:26,813] {scheduler_job.py:629} INFO - Processing file /home/airflow/.local/lib/python3.6/site-packages/airflow/example_dags/example_kubernetes_executor_config.py for tasks to queue
[2022-09-24 16:54:26,814] {logging_mixin.py:104} INFO - [2022-09-24 16:54:26,814] {dagbag.py:451} INFO - Filling up the DagBag from /home/airflow/.local/lib/python3.6/site-packages/airflow/example_dags/example_kubernetes_executor_config.py
[2022-09-24 16:54:26,823] {scheduler_job.py:639} INFO - DAG(s) dict_keys(['example_kubernetes_executor_config']) retrieved from /home/airflow/.local/lib/python3.6/site-packages/airflow/example_dags/example_kubernetes_executor_config.py
[2022-09-24 16:54:26,839] {logging_mixin.py:104} INFO - [2022-09-24 16:54:26,839] {dag.py:1824} INFO - Sync 1 DAGs
[2022-09-24 16:54:26,848] {logging_mixin.py:104} INFO - [2022-09-24 16:54:26,848] {dag.py:2280} INFO - Setting next_dagrun for example_kubernetes_executor_config to None
[2022-09-24 16:54:26,857] {scheduler_job.py:190} INFO - Processing /home/airflow/.local/lib/python3.6/site-packages/airflow/example_dags/example_kubernetes_executor_config.py took 0.048 seconds
[2022-09-24 16:54:56,886] {scheduler_job.py:182} INFO - Started process (PID=1408) to work on /home/airflow/.local/lib/python3.6/site-packages/airflow/example_dags/example_kubernetes_executor_config.py
[2022-09-24 16:54:56,887] {scheduler_job.py:629} INFO - Processing file /home/airflow/.local/lib/python3.6/site-packages/airflow/example_dags/example_kubernetes_executor_config.py for tasks to queue
[2022-09-24 16:54:56,888] {logging_mixin.py:104} INFO - [2022-09-24 16:54:56,888] {dagbag.py:451} INFO - Filling up the DagBag from /home/airflow/.local/lib/python3.6/site-packages/airflow/example_dags/example_kubernetes_executor_config.py
[2022-09-24 16:54:56,897] {scheduler_job.py:639} INFO - DAG(s) dict_keys(['example_kubernetes_executor_config']) retrieved from /home/airflow/.local/lib/python3.6/site-packages/airflow/example_dags/example_kubernetes_executor_config.py
[2022-09-24 16:54:56,913] {logging_mixin.py:104} INFO - [2022-09-24 16:54:56,913] {dag.py:1824} INFO - Sync 1 DAGs
[2022-09-24 16:54:56,922] {logging_mixin.py:104} INFO - [2022-09-24 16:54:56,922] {dag.py:2280} INFO - Setting next_dagrun for example_kubernetes_executor_config to None
[2022-09-24 16:54:56,929] {scheduler_job.py:190} INFO - Processing /home/airflow/.local/lib/python3.6/site-packages/airflow/example_dags/example_kubernetes_executor_config.py took 0.044 seconds
[2022-09-24 16:55:27,788] {scheduler_job.py:182} INFO - Started process (PID=1431) to work on /home/airflow/.local/lib/python3.6/site-packages/airflow/example_dags/example_kubernetes_executor_config.py
[2022-09-24 16:55:27,789] {scheduler_job.py:629} INFO - Processing file /home/airflow/.local/lib/python3.6/site-packages/airflow/example_dags/example_kubernetes_executor_config.py for tasks to queue
[2022-09-24 16:55:27,789] {logging_mixin.py:104} INFO - [2022-09-24 16:55:27,789] {dagbag.py:451} INFO - Filling up the DagBag from /home/airflow/.local/lib/python3.6/site-packages/airflow/example_dags/example_kubernetes_executor_config.py
[2022-09-24 16:55:27,798] {scheduler_job.py:639} INFO - DAG(s) dict_keys(['example_kubernetes_executor_config']) retrieved from /home/airflow/.local/lib/python3.6/site-packages/airflow/example_dags/example_kubernetes_executor_config.py
[2022-09-24 16:55:27,817] {logging_mixin.py:104} INFO - [2022-09-24 16:55:27,816] {dag.py:1824} INFO - Sync 1 DAGs
[2022-09-24 16:55:27,827] {logging_mixin.py:104} INFO - [2022-09-24 16:55:27,827] {dag.py:2280} INFO - Setting next_dagrun for example_kubernetes_executor_config to None
[2022-09-24 16:55:27,834] {scheduler_job.py:190} INFO - Processing /home/airflow/.local/lib/python3.6/site-packages/airflow/example_dags/example_kubernetes_executor_config.py took 0.049 seconds
