[2022-09-24 16:29:35,185] {scheduler_job.py:182} INFO - Started process (PID=50) to work on /home/airflow/.local/lib/python3.6/site-packages/airflow/example_dags/example_xcomargs.py
[2022-09-24 16:29:35,186] {scheduler_job.py:629} INFO - Processing file /home/airflow/.local/lib/python3.6/site-packages/airflow/example_dags/example_xcomargs.py for tasks to queue
[2022-09-24 16:29:35,187] {logging_mixin.py:104} INFO - [2022-09-24 16:29:35,187] {dagbag.py:451} INFO - Filling up the DagBag from /home/airflow/.local/lib/python3.6/site-packages/airflow/example_dags/example_xcomargs.py
[2022-09-24 16:29:35,206] {scheduler_job.py:639} INFO - DAG(s) dict_keys(['example_xcom_args', 'example_xcom_args_with_operators']) retrieved from /home/airflow/.local/lib/python3.6/site-packages/airflow/example_dags/example_xcomargs.py
[2022-09-24 16:29:35,247] {logging_mixin.py:104} INFO - [2022-09-24 16:29:35,247] {dag.py:1824} INFO - Sync 2 DAGs
[2022-09-24 16:29:35,259] {logging_mixin.py:104} INFO - [2022-09-24 16:29:35,259] {dag.py:1843} INFO - Creating ORM DAG for example_xcom_args_with_operators
[2022-09-24 16:29:35,260] {logging_mixin.py:104} INFO - [2022-09-24 16:29:35,260] {dag.py:1843} INFO - Creating ORM DAG for example_xcom_args
[2022-09-24 16:29:35,265] {logging_mixin.py:104} INFO - [2022-09-24 16:29:35,265] {dag.py:2280} INFO - Setting next_dagrun for example_xcom_args to None
[2022-09-24 16:29:35,266] {logging_mixin.py:104} INFO - [2022-09-24 16:29:35,266] {dag.py:2280} INFO - Setting next_dagrun for example_xcom_args_with_operators to None
[2022-09-24 16:29:35,286] {scheduler_job.py:190} INFO - Processing /home/airflow/.local/lib/python3.6/site-packages/airflow/example_dags/example_xcomargs.py took 0.104 seconds
[2022-09-24 16:30:05,672] {scheduler_job.py:182} INFO - Started process (PID=75) to work on /home/airflow/.local/lib/python3.6/site-packages/airflow/example_dags/example_xcomargs.py
[2022-09-24 16:30:05,673] {scheduler_job.py:629} INFO - Processing file /home/airflow/.local/lib/python3.6/site-packages/airflow/example_dags/example_xcomargs.py for tasks to queue
[2022-09-24 16:30:05,674] {logging_mixin.py:104} INFO - [2022-09-24 16:30:05,674] {dagbag.py:451} INFO - Filling up the DagBag from /home/airflow/.local/lib/python3.6/site-packages/airflow/example_dags/example_xcomargs.py
[2022-09-24 16:30:05,683] {scheduler_job.py:639} INFO - DAG(s) dict_keys(['example_xcom_args', 'example_xcom_args_with_operators']) retrieved from /home/airflow/.local/lib/python3.6/site-packages/airflow/example_dags/example_xcomargs.py
[2022-09-24 16:30:05,704] {logging_mixin.py:104} INFO - [2022-09-24 16:30:05,703] {dag.py:1824} INFO - Sync 2 DAGs
[2022-09-24 16:30:05,713] {logging_mixin.py:104} INFO - [2022-09-24 16:30:05,713] {dag.py:2280} INFO - Setting next_dagrun for example_xcom_args to None
[2022-09-24 16:30:05,714] {logging_mixin.py:104} INFO - [2022-09-24 16:30:05,714] {dag.py:2280} INFO - Setting next_dagrun for example_xcom_args_with_operators to None
[2022-09-24 16:30:05,723] {scheduler_job.py:190} INFO - Processing /home/airflow/.local/lib/python3.6/site-packages/airflow/example_dags/example_xcomargs.py took 0.052 seconds
[2022-09-24 16:30:35,758] {scheduler_job.py:182} INFO - Started process (PID=101) to work on /home/airflow/.local/lib/python3.6/site-packages/airflow/example_dags/example_xcomargs.py
[2022-09-24 16:30:35,760] {scheduler_job.py:629} INFO - Processing file /home/airflow/.local/lib/python3.6/site-packages/airflow/example_dags/example_xcomargs.py for tasks to queue
[2022-09-24 16:30:35,760] {logging_mixin.py:104} INFO - [2022-09-24 16:30:35,760] {dagbag.py:451} INFO - Filling up the DagBag from /home/airflow/.local/lib/python3.6/site-packages/airflow/example_dags/example_xcomargs.py
[2022-09-24 16:30:35,771] {scheduler_job.py:639} INFO - DAG(s) dict_keys(['example_xcom_args', 'example_xcom_args_with_operators']) retrieved from /home/airflow/.local/lib/python3.6/site-packages/airflow/example_dags/example_xcomargs.py
[2022-09-24 16:30:35,792] {logging_mixin.py:104} INFO - [2022-09-24 16:30:35,792] {dag.py:1824} INFO - Sync 2 DAGs
[2022-09-24 16:30:35,802] {logging_mixin.py:104} INFO - [2022-09-24 16:30:35,802] {dag.py:2280} INFO - Setting next_dagrun for example_xcom_args to None
[2022-09-24 16:30:35,803] {logging_mixin.py:104} INFO - [2022-09-24 16:30:35,803] {dag.py:2280} INFO - Setting next_dagrun for example_xcom_args_with_operators to None
[2022-09-24 16:30:35,811] {scheduler_job.py:190} INFO - Processing /home/airflow/.local/lib/python3.6/site-packages/airflow/example_dags/example_xcomargs.py took 0.055 seconds
[2022-09-24 16:31:06,721] {scheduler_job.py:182} INFO - Started process (PID=128) to work on /home/airflow/.local/lib/python3.6/site-packages/airflow/example_dags/example_xcomargs.py
[2022-09-24 16:31:06,722] {scheduler_job.py:629} INFO - Processing file /home/airflow/.local/lib/python3.6/site-packages/airflow/example_dags/example_xcomargs.py for tasks to queue
[2022-09-24 16:31:06,723] {logging_mixin.py:104} INFO - [2022-09-24 16:31:06,723] {dagbag.py:451} INFO - Filling up the DagBag from /home/airflow/.local/lib/python3.6/site-packages/airflow/example_dags/example_xcomargs.py
[2022-09-24 16:31:06,733] {scheduler_job.py:639} INFO - DAG(s) dict_keys(['example_xcom_args', 'example_xcom_args_with_operators']) retrieved from /home/airflow/.local/lib/python3.6/site-packages/airflow/example_dags/example_xcomargs.py
[2022-09-24 16:31:06,754] {logging_mixin.py:104} INFO - [2022-09-24 16:31:06,754] {dag.py:1824} INFO - Sync 2 DAGs
[2022-09-24 16:31:06,763] {logging_mixin.py:104} INFO - [2022-09-24 16:31:06,763] {dag.py:2280} INFO - Setting next_dagrun for example_xcom_args to None
[2022-09-24 16:31:06,764] {logging_mixin.py:104} INFO - [2022-09-24 16:31:06,764] {dag.py:2280} INFO - Setting next_dagrun for example_xcom_args_with_operators to None
[2022-09-24 16:31:06,774] {scheduler_job.py:190} INFO - Processing /home/airflow/.local/lib/python3.6/site-packages/airflow/example_dags/example_xcomargs.py took 0.055 seconds
[2022-09-24 16:31:37,664] {scheduler_job.py:182} INFO - Started process (PID=154) to work on /home/airflow/.local/lib/python3.6/site-packages/airflow/example_dags/example_xcomargs.py
[2022-09-24 16:31:37,665] {scheduler_job.py:629} INFO - Processing file /home/airflow/.local/lib/python3.6/site-packages/airflow/example_dags/example_xcomargs.py for tasks to queue
[2022-09-24 16:31:37,666] {logging_mixin.py:104} INFO - [2022-09-24 16:31:37,666] {dagbag.py:451} INFO - Filling up the DagBag from /home/airflow/.local/lib/python3.6/site-packages/airflow/example_dags/example_xcomargs.py
[2022-09-24 16:31:37,676] {scheduler_job.py:639} INFO - DAG(s) dict_keys(['example_xcom_args', 'example_xcom_args_with_operators']) retrieved from /home/airflow/.local/lib/python3.6/site-packages/airflow/example_dags/example_xcomargs.py
[2022-09-24 16:31:37,696] {logging_mixin.py:104} INFO - [2022-09-24 16:31:37,696] {dag.py:1824} INFO - Sync 2 DAGs
[2022-09-24 16:31:37,705] {logging_mixin.py:104} INFO - [2022-09-24 16:31:37,705] {dag.py:2280} INFO - Setting next_dagrun for example_xcom_args to None
[2022-09-24 16:31:37,706] {logging_mixin.py:104} INFO - [2022-09-24 16:31:37,706] {dag.py:2280} INFO - Setting next_dagrun for example_xcom_args_with_operators to None
[2022-09-24 16:31:37,715] {scheduler_job.py:190} INFO - Processing /home/airflow/.local/lib/python3.6/site-packages/airflow/example_dags/example_xcomargs.py took 0.054 seconds
[2022-09-24 16:32:08,824] {scheduler_job.py:182} INFO - Started process (PID=180) to work on /home/airflow/.local/lib/python3.6/site-packages/airflow/example_dags/example_xcomargs.py
[2022-09-24 16:32:08,826] {scheduler_job.py:629} INFO - Processing file /home/airflow/.local/lib/python3.6/site-packages/airflow/example_dags/example_xcomargs.py for tasks to queue
[2022-09-24 16:32:08,827] {logging_mixin.py:104} INFO - [2022-09-24 16:32:08,826] {dagbag.py:451} INFO - Filling up the DagBag from /home/airflow/.local/lib/python3.6/site-packages/airflow/example_dags/example_xcomargs.py
[2022-09-24 16:32:08,837] {scheduler_job.py:639} INFO - DAG(s) dict_keys(['example_xcom_args', 'example_xcom_args_with_operators']) retrieved from /home/airflow/.local/lib/python3.6/site-packages/airflow/example_dags/example_xcomargs.py
[2022-09-24 16:32:08,867] {logging_mixin.py:104} INFO - [2022-09-24 16:32:08,867] {dag.py:1824} INFO - Sync 2 DAGs
[2022-09-24 16:32:08,883] {logging_mixin.py:104} INFO - [2022-09-24 16:32:08,883] {dag.py:2280} INFO - Setting next_dagrun for example_xcom_args to None
[2022-09-24 16:32:08,884] {logging_mixin.py:104} INFO - [2022-09-24 16:32:08,884] {dag.py:2280} INFO - Setting next_dagrun for example_xcom_args_with_operators to None
[2022-09-24 16:32:08,898] {scheduler_job.py:190} INFO - Processing /home/airflow/.local/lib/python3.6/site-packages/airflow/example_dags/example_xcomargs.py took 0.077 seconds
[2022-09-24 16:32:39,447] {scheduler_job.py:182} INFO - Started process (PID=206) to work on /home/airflow/.local/lib/python3.6/site-packages/airflow/example_dags/example_xcomargs.py
[2022-09-24 16:32:39,449] {scheduler_job.py:629} INFO - Processing file /home/airflow/.local/lib/python3.6/site-packages/airflow/example_dags/example_xcomargs.py for tasks to queue
[2022-09-24 16:32:39,451] {logging_mixin.py:104} INFO - [2022-09-24 16:32:39,451] {dagbag.py:451} INFO - Filling up the DagBag from /home/airflow/.local/lib/python3.6/site-packages/airflow/example_dags/example_xcomargs.py
[2022-09-24 16:32:39,473] {scheduler_job.py:639} INFO - DAG(s) dict_keys(['example_xcom_args', 'example_xcom_args_with_operators']) retrieved from /home/airflow/.local/lib/python3.6/site-packages/airflow/example_dags/example_xcomargs.py
[2022-09-24 16:32:39,519] {logging_mixin.py:104} INFO - [2022-09-24 16:32:39,519] {dag.py:1824} INFO - Sync 2 DAGs
[2022-09-24 16:32:39,540] {logging_mixin.py:104} INFO - [2022-09-24 16:32:39,540] {dag.py:2280} INFO - Setting next_dagrun for example_xcom_args to None
[2022-09-24 16:32:39,541] {logging_mixin.py:104} INFO - [2022-09-24 16:32:39,541] {dag.py:2280} INFO - Setting next_dagrun for example_xcom_args_with_operators to None
[2022-09-24 16:32:39,559] {scheduler_job.py:190} INFO - Processing /home/airflow/.local/lib/python3.6/site-packages/airflow/example_dags/example_xcomargs.py took 0.118 seconds
[2022-09-24 16:33:09,599] {scheduler_job.py:182} INFO - Started process (PID=232) to work on /home/airflow/.local/lib/python3.6/site-packages/airflow/example_dags/example_xcomargs.py
[2022-09-24 16:33:09,600] {scheduler_job.py:629} INFO - Processing file /home/airflow/.local/lib/python3.6/site-packages/airflow/example_dags/example_xcomargs.py for tasks to queue
[2022-09-24 16:33:09,600] {logging_mixin.py:104} INFO - [2022-09-24 16:33:09,600] {dagbag.py:451} INFO - Filling up the DagBag from /home/airflow/.local/lib/python3.6/site-packages/airflow/example_dags/example_xcomargs.py
[2022-09-24 16:33:09,610] {scheduler_job.py:639} INFO - DAG(s) dict_keys(['example_xcom_args', 'example_xcom_args_with_operators']) retrieved from /home/airflow/.local/lib/python3.6/site-packages/airflow/example_dags/example_xcomargs.py
[2022-09-24 16:33:09,632] {logging_mixin.py:104} INFO - [2022-09-24 16:33:09,632] {dag.py:1824} INFO - Sync 2 DAGs
[2022-09-24 16:33:09,642] {logging_mixin.py:104} INFO - [2022-09-24 16:33:09,642] {dag.py:2280} INFO - Setting next_dagrun for example_xcom_args to None
[2022-09-24 16:33:09,643] {logging_mixin.py:104} INFO - [2022-09-24 16:33:09,643] {dag.py:2280} INFO - Setting next_dagrun for example_xcom_args_with_operators to None
[2022-09-24 16:33:09,653] {scheduler_job.py:190} INFO - Processing /home/airflow/.local/lib/python3.6/site-packages/airflow/example_dags/example_xcomargs.py took 0.057 seconds
[2022-09-24 16:33:39,942] {scheduler_job.py:182} INFO - Started process (PID=257) to work on /home/airflow/.local/lib/python3.6/site-packages/airflow/example_dags/example_xcomargs.py
[2022-09-24 16:33:39,944] {scheduler_job.py:629} INFO - Processing file /home/airflow/.local/lib/python3.6/site-packages/airflow/example_dags/example_xcomargs.py for tasks to queue
[2022-09-24 16:33:39,944] {logging_mixin.py:104} INFO - [2022-09-24 16:33:39,944] {dagbag.py:451} INFO - Filling up the DagBag from /home/airflow/.local/lib/python3.6/site-packages/airflow/example_dags/example_xcomargs.py
[2022-09-24 16:33:39,960] {scheduler_job.py:639} INFO - DAG(s) dict_keys(['example_xcom_args', 'example_xcom_args_with_operators']) retrieved from /home/airflow/.local/lib/python3.6/site-packages/airflow/example_dags/example_xcomargs.py
[2022-09-24 16:33:39,983] {logging_mixin.py:104} INFO - [2022-09-24 16:33:39,983] {dag.py:1824} INFO - Sync 2 DAGs
[2022-09-24 16:33:39,993] {logging_mixin.py:104} INFO - [2022-09-24 16:33:39,993] {dag.py:2280} INFO - Setting next_dagrun for example_xcom_args to None
[2022-09-24 16:33:39,994] {logging_mixin.py:104} INFO - [2022-09-24 16:33:39,994] {dag.py:2280} INFO - Setting next_dagrun for example_xcom_args_with_operators to None
[2022-09-24 16:33:40,002] {scheduler_job.py:190} INFO - Processing /home/airflow/.local/lib/python3.6/site-packages/airflow/example_dags/example_xcomargs.py took 0.062 seconds
[2022-09-24 16:34:10,338] {scheduler_job.py:182} INFO - Started process (PID=283) to work on /home/airflow/.local/lib/python3.6/site-packages/airflow/example_dags/example_xcomargs.py
[2022-09-24 16:34:10,339] {scheduler_job.py:629} INFO - Processing file /home/airflow/.local/lib/python3.6/site-packages/airflow/example_dags/example_xcomargs.py for tasks to queue
[2022-09-24 16:34:10,340] {logging_mixin.py:104} INFO - [2022-09-24 16:34:10,340] {dagbag.py:451} INFO - Filling up the DagBag from /home/airflow/.local/lib/python3.6/site-packages/airflow/example_dags/example_xcomargs.py
[2022-09-24 16:34:10,360] {scheduler_job.py:639} INFO - DAG(s) dict_keys(['example_xcom_args', 'example_xcom_args_with_operators']) retrieved from /home/airflow/.local/lib/python3.6/site-packages/airflow/example_dags/example_xcomargs.py
[2022-09-24 16:34:10,394] {logging_mixin.py:104} INFO - [2022-09-24 16:34:10,394] {dag.py:1824} INFO - Sync 2 DAGs
[2022-09-24 16:34:10,410] {logging_mixin.py:104} INFO - [2022-09-24 16:34:10,410] {dag.py:2280} INFO - Setting next_dagrun for example_xcom_args to None
[2022-09-24 16:34:10,411] {logging_mixin.py:104} INFO - [2022-09-24 16:34:10,411] {dag.py:2280} INFO - Setting next_dagrun for example_xcom_args_with_operators to None
[2022-09-24 16:34:10,424] {scheduler_job.py:190} INFO - Processing /home/airflow/.local/lib/python3.6/site-packages/airflow/example_dags/example_xcomargs.py took 0.090 seconds
[2022-09-24 16:34:40,452] {scheduler_job.py:182} INFO - Started process (PID=310) to work on /home/airflow/.local/lib/python3.6/site-packages/airflow/example_dags/example_xcomargs.py
[2022-09-24 16:34:40,454] {scheduler_job.py:629} INFO - Processing file /home/airflow/.local/lib/python3.6/site-packages/airflow/example_dags/example_xcomargs.py for tasks to queue
[2022-09-24 16:34:40,455] {logging_mixin.py:104} INFO - [2022-09-24 16:34:40,454] {dagbag.py:451} INFO - Filling up the DagBag from /home/airflow/.local/lib/python3.6/site-packages/airflow/example_dags/example_xcomargs.py
[2022-09-24 16:34:40,469] {scheduler_job.py:639} INFO - DAG(s) dict_keys(['example_xcom_args', 'example_xcom_args_with_operators']) retrieved from /home/airflow/.local/lib/python3.6/site-packages/airflow/example_dags/example_xcomargs.py
[2022-09-24 16:34:40,492] {logging_mixin.py:104} INFO - [2022-09-24 16:34:40,491] {dag.py:1824} INFO - Sync 2 DAGs
[2022-09-24 16:34:40,507] {logging_mixin.py:104} INFO - [2022-09-24 16:34:40,507] {dag.py:2280} INFO - Setting next_dagrun for example_xcom_args to None
[2022-09-24 16:34:40,508] {logging_mixin.py:104} INFO - [2022-09-24 16:34:40,508] {dag.py:2280} INFO - Setting next_dagrun for example_xcom_args_with_operators to None
[2022-09-24 16:34:40,519] {scheduler_job.py:190} INFO - Processing /home/airflow/.local/lib/python3.6/site-packages/airflow/example_dags/example_xcomargs.py took 0.070 seconds
[2022-09-24 16:35:10,656] {scheduler_job.py:182} INFO - Started process (PID=334) to work on /home/airflow/.local/lib/python3.6/site-packages/airflow/example_dags/example_xcomargs.py
[2022-09-24 16:35:10,657] {scheduler_job.py:629} INFO - Processing file /home/airflow/.local/lib/python3.6/site-packages/airflow/example_dags/example_xcomargs.py for tasks to queue
[2022-09-24 16:35:10,658] {logging_mixin.py:104} INFO - [2022-09-24 16:35:10,658] {dagbag.py:451} INFO - Filling up the DagBag from /home/airflow/.local/lib/python3.6/site-packages/airflow/example_dags/example_xcomargs.py
[2022-09-24 16:35:10,673] {scheduler_job.py:639} INFO - DAG(s) dict_keys(['example_xcom_args', 'example_xcom_args_with_operators']) retrieved from /home/airflow/.local/lib/python3.6/site-packages/airflow/example_dags/example_xcomargs.py
[2022-09-24 16:35:10,695] {logging_mixin.py:104} INFO - [2022-09-24 16:35:10,695] {dag.py:1824} INFO - Sync 2 DAGs
[2022-09-24 16:35:10,706] {logging_mixin.py:104} INFO - [2022-09-24 16:35:10,706] {dag.py:2280} INFO - Setting next_dagrun for example_xcom_args to None
[2022-09-24 16:35:10,707] {logging_mixin.py:104} INFO - [2022-09-24 16:35:10,707] {dag.py:2280} INFO - Setting next_dagrun for example_xcom_args_with_operators to None
[2022-09-24 16:35:10,715] {scheduler_job.py:190} INFO - Processing /home/airflow/.local/lib/python3.6/site-packages/airflow/example_dags/example_xcomargs.py took 0.062 seconds
[2022-09-24 16:35:40,817] {scheduler_job.py:182} INFO - Started process (PID=361) to work on /home/airflow/.local/lib/python3.6/site-packages/airflow/example_dags/example_xcomargs.py
[2022-09-24 16:35:40,818] {scheduler_job.py:629} INFO - Processing file /home/airflow/.local/lib/python3.6/site-packages/airflow/example_dags/example_xcomargs.py for tasks to queue
[2022-09-24 16:35:40,820] {logging_mixin.py:104} INFO - [2022-09-24 16:35:40,819] {dagbag.py:451} INFO - Filling up the DagBag from /home/airflow/.local/lib/python3.6/site-packages/airflow/example_dags/example_xcomargs.py
[2022-09-24 16:35:40,835] {scheduler_job.py:639} INFO - DAG(s) dict_keys(['example_xcom_args', 'example_xcom_args_with_operators']) retrieved from /home/airflow/.local/lib/python3.6/site-packages/airflow/example_dags/example_xcomargs.py
[2022-09-24 16:35:40,854] {logging_mixin.py:104} INFO - [2022-09-24 16:35:40,854] {dag.py:1824} INFO - Sync 2 DAGs
[2022-09-24 16:35:40,863] {logging_mixin.py:104} INFO - [2022-09-24 16:35:40,863] {dag.py:2280} INFO - Setting next_dagrun for example_xcom_args to None
[2022-09-24 16:35:40,864] {logging_mixin.py:104} INFO - [2022-09-24 16:35:40,864] {dag.py:2280} INFO - Setting next_dagrun for example_xcom_args_with_operators to None
[2022-09-24 16:35:40,872] {scheduler_job.py:190} INFO - Processing /home/airflow/.local/lib/python3.6/site-packages/airflow/example_dags/example_xcomargs.py took 0.057 seconds
[2022-09-24 16:36:10,952] {scheduler_job.py:182} INFO - Started process (PID=388) to work on /home/airflow/.local/lib/python3.6/site-packages/airflow/example_dags/example_xcomargs.py
[2022-09-24 16:36:10,953] {scheduler_job.py:629} INFO - Processing file /home/airflow/.local/lib/python3.6/site-packages/airflow/example_dags/example_xcomargs.py for tasks to queue
[2022-09-24 16:36:10,954] {logging_mixin.py:104} INFO - [2022-09-24 16:36:10,954] {dagbag.py:451} INFO - Filling up the DagBag from /home/airflow/.local/lib/python3.6/site-packages/airflow/example_dags/example_xcomargs.py
[2022-09-24 16:36:10,966] {scheduler_job.py:639} INFO - DAG(s) dict_keys(['example_xcom_args', 'example_xcom_args_with_operators']) retrieved from /home/airflow/.local/lib/python3.6/site-packages/airflow/example_dags/example_xcomargs.py
[2022-09-24 16:36:10,983] {logging_mixin.py:104} INFO - [2022-09-24 16:36:10,983] {dag.py:1824} INFO - Sync 2 DAGs
[2022-09-24 16:36:10,992] {logging_mixin.py:104} INFO - [2022-09-24 16:36:10,992] {dag.py:2280} INFO - Setting next_dagrun for example_xcom_args to None
[2022-09-24 16:36:10,993] {logging_mixin.py:104} INFO - [2022-09-24 16:36:10,993] {dag.py:2280} INFO - Setting next_dagrun for example_xcom_args_with_operators to None
[2022-09-24 16:36:11,000] {scheduler_job.py:190} INFO - Processing /home/airflow/.local/lib/python3.6/site-packages/airflow/example_dags/example_xcomargs.py took 0.051 seconds
[2022-09-24 16:36:41,062] {scheduler_job.py:182} INFO - Started process (PID=415) to work on /home/airflow/.local/lib/python3.6/site-packages/airflow/example_dags/example_xcomargs.py
[2022-09-24 16:36:41,067] {scheduler_job.py:629} INFO - Processing file /home/airflow/.local/lib/python3.6/site-packages/airflow/example_dags/example_xcomargs.py for tasks to queue
[2022-09-24 16:36:41,067] {logging_mixin.py:104} INFO - [2022-09-24 16:36:41,067] {dagbag.py:451} INFO - Filling up the DagBag from /home/airflow/.local/lib/python3.6/site-packages/airflow/example_dags/example_xcomargs.py
[2022-09-24 16:36:41,077] {scheduler_job.py:639} INFO - DAG(s) dict_keys(['example_xcom_args', 'example_xcom_args_with_operators']) retrieved from /home/airflow/.local/lib/python3.6/site-packages/airflow/example_dags/example_xcomargs.py
[2022-09-24 16:36:41,096] {logging_mixin.py:104} INFO - [2022-09-24 16:36:41,096] {dag.py:1824} INFO - Sync 2 DAGs
[2022-09-24 16:36:41,105] {logging_mixin.py:104} INFO - [2022-09-24 16:36:41,105] {dag.py:2280} INFO - Setting next_dagrun for example_xcom_args to None
[2022-09-24 16:36:41,106] {logging_mixin.py:104} INFO - [2022-09-24 16:36:41,106] {dag.py:2280} INFO - Setting next_dagrun for example_xcom_args_with_operators to None
[2022-09-24 16:36:41,115] {scheduler_job.py:190} INFO - Processing /home/airflow/.local/lib/python3.6/site-packages/airflow/example_dags/example_xcomargs.py took 0.055 seconds
[2022-09-24 16:37:11,337] {scheduler_job.py:182} INFO - Started process (PID=440) to work on /home/airflow/.local/lib/python3.6/site-packages/airflow/example_dags/example_xcomargs.py
[2022-09-24 16:37:11,338] {scheduler_job.py:629} INFO - Processing file /home/airflow/.local/lib/python3.6/site-packages/airflow/example_dags/example_xcomargs.py for tasks to queue
[2022-09-24 16:37:11,338] {logging_mixin.py:104} INFO - [2022-09-24 16:37:11,338] {dagbag.py:451} INFO - Filling up the DagBag from /home/airflow/.local/lib/python3.6/site-packages/airflow/example_dags/example_xcomargs.py
[2022-09-24 16:37:11,347] {scheduler_job.py:639} INFO - DAG(s) dict_keys(['example_xcom_args', 'example_xcom_args_with_operators']) retrieved from /home/airflow/.local/lib/python3.6/site-packages/airflow/example_dags/example_xcomargs.py
[2022-09-24 16:37:11,367] {logging_mixin.py:104} INFO - [2022-09-24 16:37:11,367] {dag.py:1824} INFO - Sync 2 DAGs
[2022-09-24 16:37:11,377] {logging_mixin.py:104} INFO - [2022-09-24 16:37:11,376] {dag.py:2280} INFO - Setting next_dagrun for example_xcom_args to None
[2022-09-24 16:37:11,377] {logging_mixin.py:104} INFO - [2022-09-24 16:37:11,377] {dag.py:2280} INFO - Setting next_dagrun for example_xcom_args_with_operators to None
[2022-09-24 16:37:11,384] {scheduler_job.py:190} INFO - Processing /home/airflow/.local/lib/python3.6/site-packages/airflow/example_dags/example_xcomargs.py took 0.050 seconds
[2022-09-24 16:37:42,642] {scheduler_job.py:182} INFO - Started process (PID=473) to work on /home/airflow/.local/lib/python3.6/site-packages/airflow/example_dags/example_xcomargs.py
[2022-09-24 16:37:42,643] {scheduler_job.py:629} INFO - Processing file /home/airflow/.local/lib/python3.6/site-packages/airflow/example_dags/example_xcomargs.py for tasks to queue
[2022-09-24 16:37:42,644] {logging_mixin.py:104} INFO - [2022-09-24 16:37:42,644] {dagbag.py:451} INFO - Filling up the DagBag from /home/airflow/.local/lib/python3.6/site-packages/airflow/example_dags/example_xcomargs.py
[2022-09-24 16:37:42,654] {scheduler_job.py:639} INFO - DAG(s) dict_keys(['example_xcom_args', 'example_xcom_args_with_operators']) retrieved from /home/airflow/.local/lib/python3.6/site-packages/airflow/example_dags/example_xcomargs.py
[2022-09-24 16:37:42,673] {logging_mixin.py:104} INFO - [2022-09-24 16:37:42,673] {dag.py:1824} INFO - Sync 2 DAGs
[2022-09-24 16:37:42,683] {logging_mixin.py:104} INFO - [2022-09-24 16:37:42,683] {dag.py:2280} INFO - Setting next_dagrun for example_xcom_args to None
[2022-09-24 16:37:42,684] {logging_mixin.py:104} INFO - [2022-09-24 16:37:42,684] {dag.py:2280} INFO - Setting next_dagrun for example_xcom_args_with_operators to None
[2022-09-24 16:37:42,693] {scheduler_job.py:190} INFO - Processing /home/airflow/.local/lib/python3.6/site-packages/airflow/example_dags/example_xcomargs.py took 0.053 seconds
[2022-09-24 16:38:13,075] {scheduler_job.py:182} INFO - Started process (PID=503) to work on /home/airflow/.local/lib/python3.6/site-packages/airflow/example_dags/example_xcomargs.py
[2022-09-24 16:38:13,075] {scheduler_job.py:629} INFO - Processing file /home/airflow/.local/lib/python3.6/site-packages/airflow/example_dags/example_xcomargs.py for tasks to queue
[2022-09-24 16:38:13,076] {logging_mixin.py:104} INFO - [2022-09-24 16:38:13,076] {dagbag.py:451} INFO - Filling up the DagBag from /home/airflow/.local/lib/python3.6/site-packages/airflow/example_dags/example_xcomargs.py
[2022-09-24 16:38:13,086] {scheduler_job.py:639} INFO - DAG(s) dict_keys(['example_xcom_args', 'example_xcom_args_with_operators']) retrieved from /home/airflow/.local/lib/python3.6/site-packages/airflow/example_dags/example_xcomargs.py
[2022-09-24 16:38:13,107] {logging_mixin.py:104} INFO - [2022-09-24 16:38:13,106] {dag.py:1824} INFO - Sync 2 DAGs
[2022-09-24 16:38:13,119] {logging_mixin.py:104} INFO - [2022-09-24 16:38:13,119] {dag.py:2280} INFO - Setting next_dagrun for example_xcom_args to None
[2022-09-24 16:38:13,120] {logging_mixin.py:104} INFO - [2022-09-24 16:38:13,120] {dag.py:2280} INFO - Setting next_dagrun for example_xcom_args_with_operators to None
[2022-09-24 16:38:13,130] {scheduler_job.py:190} INFO - Processing /home/airflow/.local/lib/python3.6/site-packages/airflow/example_dags/example_xcomargs.py took 0.058 seconds
[2022-09-24 16:38:43,184] {scheduler_job.py:182} INFO - Started process (PID=530) to work on /home/airflow/.local/lib/python3.6/site-packages/airflow/example_dags/example_xcomargs.py
[2022-09-24 16:38:43,185] {scheduler_job.py:629} INFO - Processing file /home/airflow/.local/lib/python3.6/site-packages/airflow/example_dags/example_xcomargs.py for tasks to queue
[2022-09-24 16:38:43,186] {logging_mixin.py:104} INFO - [2022-09-24 16:38:43,186] {dagbag.py:451} INFO - Filling up the DagBag from /home/airflow/.local/lib/python3.6/site-packages/airflow/example_dags/example_xcomargs.py
[2022-09-24 16:38:43,199] {scheduler_job.py:639} INFO - DAG(s) dict_keys(['example_xcom_args', 'example_xcom_args_with_operators']) retrieved from /home/airflow/.local/lib/python3.6/site-packages/airflow/example_dags/example_xcomargs.py
[2022-09-24 16:38:43,223] {logging_mixin.py:104} INFO - [2022-09-24 16:38:43,223] {dag.py:1824} INFO - Sync 2 DAGs
[2022-09-24 16:38:43,236] {logging_mixin.py:104} INFO - [2022-09-24 16:38:43,236] {dag.py:2280} INFO - Setting next_dagrun for example_xcom_args to None
[2022-09-24 16:38:43,237] {logging_mixin.py:104} INFO - [2022-09-24 16:38:43,237] {dag.py:2280} INFO - Setting next_dagrun for example_xcom_args_with_operators to None
[2022-09-24 16:38:43,247] {scheduler_job.py:190} INFO - Processing /home/airflow/.local/lib/python3.6/site-packages/airflow/example_dags/example_xcomargs.py took 0.066 seconds
[2022-09-24 16:39:13,467] {scheduler_job.py:182} INFO - Started process (PID=556) to work on /home/airflow/.local/lib/python3.6/site-packages/airflow/example_dags/example_xcomargs.py
[2022-09-24 16:39:13,468] {scheduler_job.py:629} INFO - Processing file /home/airflow/.local/lib/python3.6/site-packages/airflow/example_dags/example_xcomargs.py for tasks to queue
[2022-09-24 16:39:13,469] {logging_mixin.py:104} INFO - [2022-09-24 16:39:13,469] {dagbag.py:451} INFO - Filling up the DagBag from /home/airflow/.local/lib/python3.6/site-packages/airflow/example_dags/example_xcomargs.py
[2022-09-24 16:39:13,483] {scheduler_job.py:639} INFO - DAG(s) dict_keys(['example_xcom_args', 'example_xcom_args_with_operators']) retrieved from /home/airflow/.local/lib/python3.6/site-packages/airflow/example_dags/example_xcomargs.py
[2022-09-24 16:39:13,514] {logging_mixin.py:104} INFO - [2022-09-24 16:39:13,514] {dag.py:1824} INFO - Sync 2 DAGs
[2022-09-24 16:39:13,531] {logging_mixin.py:104} INFO - [2022-09-24 16:39:13,530] {dag.py:2280} INFO - Setting next_dagrun for example_xcom_args to None
[2022-09-24 16:39:13,532] {logging_mixin.py:104} INFO - [2022-09-24 16:39:13,532] {dag.py:2280} INFO - Setting next_dagrun for example_xcom_args_with_operators to None
[2022-09-24 16:39:13,543] {scheduler_job.py:190} INFO - Processing /home/airflow/.local/lib/python3.6/site-packages/airflow/example_dags/example_xcomargs.py took 0.081 seconds
[2022-09-24 16:39:44,605] {scheduler_job.py:182} INFO - Started process (PID=587) to work on /home/airflow/.local/lib/python3.6/site-packages/airflow/example_dags/example_xcomargs.py
[2022-09-24 16:39:44,606] {scheduler_job.py:629} INFO - Processing file /home/airflow/.local/lib/python3.6/site-packages/airflow/example_dags/example_xcomargs.py for tasks to queue
[2022-09-24 16:39:44,607] {logging_mixin.py:104} INFO - [2022-09-24 16:39:44,607] {dagbag.py:451} INFO - Filling up the DagBag from /home/airflow/.local/lib/python3.6/site-packages/airflow/example_dags/example_xcomargs.py
[2022-09-24 16:39:44,620] {scheduler_job.py:639} INFO - DAG(s) dict_keys(['example_xcom_args', 'example_xcom_args_with_operators']) retrieved from /home/airflow/.local/lib/python3.6/site-packages/airflow/example_dags/example_xcomargs.py
[2022-09-24 16:39:44,644] {logging_mixin.py:104} INFO - [2022-09-24 16:39:44,644] {dag.py:1824} INFO - Sync 2 DAGs
[2022-09-24 16:39:44,657] {logging_mixin.py:104} INFO - [2022-09-24 16:39:44,656] {dag.py:2280} INFO - Setting next_dagrun for example_xcom_args to None
[2022-09-24 16:39:44,657] {logging_mixin.py:104} INFO - [2022-09-24 16:39:44,657] {dag.py:2280} INFO - Setting next_dagrun for example_xcom_args_with_operators to None
[2022-09-24 16:39:44,667] {scheduler_job.py:190} INFO - Processing /home/airflow/.local/lib/python3.6/site-packages/airflow/example_dags/example_xcomargs.py took 0.065 seconds
[2022-09-24 16:40:14,803] {scheduler_job.py:182} INFO - Started process (PID=613) to work on /home/airflow/.local/lib/python3.6/site-packages/airflow/example_dags/example_xcomargs.py
[2022-09-24 16:40:14,804] {scheduler_job.py:629} INFO - Processing file /home/airflow/.local/lib/python3.6/site-packages/airflow/example_dags/example_xcomargs.py for tasks to queue
[2022-09-24 16:40:14,805] {logging_mixin.py:104} INFO - [2022-09-24 16:40:14,805] {dagbag.py:451} INFO - Filling up the DagBag from /home/airflow/.local/lib/python3.6/site-packages/airflow/example_dags/example_xcomargs.py
[2022-09-24 16:40:14,817] {scheduler_job.py:639} INFO - DAG(s) dict_keys(['example_xcom_args', 'example_xcom_args_with_operators']) retrieved from /home/airflow/.local/lib/python3.6/site-packages/airflow/example_dags/example_xcomargs.py
[2022-09-24 16:40:14,840] {logging_mixin.py:104} INFO - [2022-09-24 16:40:14,840] {dag.py:1824} INFO - Sync 2 DAGs
[2022-09-24 16:40:14,856] {logging_mixin.py:104} INFO - [2022-09-24 16:40:14,856] {dag.py:2280} INFO - Setting next_dagrun for example_xcom_args to None
[2022-09-24 16:40:14,857] {logging_mixin.py:104} INFO - [2022-09-24 16:40:14,857] {dag.py:2280} INFO - Setting next_dagrun for example_xcom_args_with_operators to None
[2022-09-24 16:40:14,867] {scheduler_job.py:190} INFO - Processing /home/airflow/.local/lib/python3.6/site-packages/airflow/example_dags/example_xcomargs.py took 0.067 seconds
[2022-09-24 16:40:44,898] {scheduler_job.py:182} INFO - Started process (PID=640) to work on /home/airflow/.local/lib/python3.6/site-packages/airflow/example_dags/example_xcomargs.py
[2022-09-24 16:40:44,899] {scheduler_job.py:629} INFO - Processing file /home/airflow/.local/lib/python3.6/site-packages/airflow/example_dags/example_xcomargs.py for tasks to queue
[2022-09-24 16:40:44,900] {logging_mixin.py:104} INFO - [2022-09-24 16:40:44,899] {dagbag.py:451} INFO - Filling up the DagBag from /home/airflow/.local/lib/python3.6/site-packages/airflow/example_dags/example_xcomargs.py
[2022-09-24 16:40:44,912] {scheduler_job.py:639} INFO - DAG(s) dict_keys(['example_xcom_args', 'example_xcom_args_with_operators']) retrieved from /home/airflow/.local/lib/python3.6/site-packages/airflow/example_dags/example_xcomargs.py
[2022-09-24 16:40:44,935] {logging_mixin.py:104} INFO - [2022-09-24 16:40:44,935] {dag.py:1824} INFO - Sync 2 DAGs
[2022-09-24 16:40:44,950] {logging_mixin.py:104} INFO - [2022-09-24 16:40:44,950] {dag.py:2280} INFO - Setting next_dagrun for example_xcom_args to None
[2022-09-24 16:40:44,951] {logging_mixin.py:104} INFO - [2022-09-24 16:40:44,951] {dag.py:2280} INFO - Setting next_dagrun for example_xcom_args_with_operators to None
[2022-09-24 16:40:44,960] {scheduler_job.py:190} INFO - Processing /home/airflow/.local/lib/python3.6/site-packages/airflow/example_dags/example_xcomargs.py took 0.065 seconds
[2022-09-24 16:41:15,099] {scheduler_job.py:182} INFO - Started process (PID=665) to work on /home/airflow/.local/lib/python3.6/site-packages/airflow/example_dags/example_xcomargs.py
[2022-09-24 16:41:15,101] {scheduler_job.py:629} INFO - Processing file /home/airflow/.local/lib/python3.6/site-packages/airflow/example_dags/example_xcomargs.py for tasks to queue
[2022-09-24 16:41:15,102] {logging_mixin.py:104} INFO - [2022-09-24 16:41:15,102] {dagbag.py:451} INFO - Filling up the DagBag from /home/airflow/.local/lib/python3.6/site-packages/airflow/example_dags/example_xcomargs.py
[2022-09-24 16:41:15,126] {scheduler_job.py:639} INFO - DAG(s) dict_keys(['example_xcom_args', 'example_xcom_args_with_operators']) retrieved from /home/airflow/.local/lib/python3.6/site-packages/airflow/example_dags/example_xcomargs.py
[2022-09-24 16:41:15,171] {logging_mixin.py:104} INFO - [2022-09-24 16:41:15,170] {dag.py:1824} INFO - Sync 2 DAGs
[2022-09-24 16:41:15,195] {logging_mixin.py:104} INFO - [2022-09-24 16:41:15,195] {dag.py:2280} INFO - Setting next_dagrun for example_xcom_args to None
[2022-09-24 16:41:15,197] {logging_mixin.py:104} INFO - [2022-09-24 16:41:15,197] {dag.py:2280} INFO - Setting next_dagrun for example_xcom_args_with_operators to None
[2022-09-24 16:41:15,214] {scheduler_job.py:190} INFO - Processing /home/airflow/.local/lib/python3.6/site-packages/airflow/example_dags/example_xcomargs.py took 0.120 seconds
[2022-09-24 16:41:45,361] {scheduler_job.py:182} INFO - Started process (PID=687) to work on /home/airflow/.local/lib/python3.6/site-packages/airflow/example_dags/example_xcomargs.py
[2022-09-24 16:41:45,364] {scheduler_job.py:629} INFO - Processing file /home/airflow/.local/lib/python3.6/site-packages/airflow/example_dags/example_xcomargs.py for tasks to queue
[2022-09-24 16:41:45,366] {logging_mixin.py:104} INFO - [2022-09-24 16:41:45,366] {dagbag.py:451} INFO - Filling up the DagBag from /home/airflow/.local/lib/python3.6/site-packages/airflow/example_dags/example_xcomargs.py
[2022-09-24 16:41:45,388] {scheduler_job.py:639} INFO - DAG(s) dict_keys(['example_xcom_args', 'example_xcom_args_with_operators']) retrieved from /home/airflow/.local/lib/python3.6/site-packages/airflow/example_dags/example_xcomargs.py
[2022-09-24 16:41:45,424] {logging_mixin.py:104} INFO - [2022-09-24 16:41:45,424] {dag.py:1824} INFO - Sync 2 DAGs
[2022-09-24 16:41:45,443] {logging_mixin.py:104} INFO - [2022-09-24 16:41:45,443] {dag.py:2280} INFO - Setting next_dagrun for example_xcom_args to None
[2022-09-24 16:41:45,444] {logging_mixin.py:104} INFO - [2022-09-24 16:41:45,444] {dag.py:2280} INFO - Setting next_dagrun for example_xcom_args_with_operators to None
[2022-09-24 16:41:45,461] {scheduler_job.py:190} INFO - Processing /home/airflow/.local/lib/python3.6/site-packages/airflow/example_dags/example_xcomargs.py took 0.108 seconds
[2022-09-24 16:42:15,541] {scheduler_job.py:182} INFO - Started process (PID=714) to work on /home/airflow/.local/lib/python3.6/site-packages/airflow/example_dags/example_xcomargs.py
[2022-09-24 16:42:15,542] {scheduler_job.py:629} INFO - Processing file /home/airflow/.local/lib/python3.6/site-packages/airflow/example_dags/example_xcomargs.py for tasks to queue
[2022-09-24 16:42:15,543] {logging_mixin.py:104} INFO - [2022-09-24 16:42:15,543] {dagbag.py:451} INFO - Filling up the DagBag from /home/airflow/.local/lib/python3.6/site-packages/airflow/example_dags/example_xcomargs.py
[2022-09-24 16:42:15,553] {scheduler_job.py:639} INFO - DAG(s) dict_keys(['example_xcom_args', 'example_xcom_args_with_operators']) retrieved from /home/airflow/.local/lib/python3.6/site-packages/airflow/example_dags/example_xcomargs.py
[2022-09-24 16:42:15,573] {logging_mixin.py:104} INFO - [2022-09-24 16:42:15,572] {dag.py:1824} INFO - Sync 2 DAGs
[2022-09-24 16:42:15,585] {logging_mixin.py:104} INFO - [2022-09-24 16:42:15,584] {dag.py:2280} INFO - Setting next_dagrun for example_xcom_args to None
[2022-09-24 16:42:15,586] {logging_mixin.py:104} INFO - [2022-09-24 16:42:15,585] {dag.py:2280} INFO - Setting next_dagrun for example_xcom_args_with_operators to None
[2022-09-24 16:42:15,596] {scheduler_job.py:190} INFO - Processing /home/airflow/.local/lib/python3.6/site-packages/airflow/example_dags/example_xcomargs.py took 0.058 seconds
[2022-09-24 16:42:45,682] {scheduler_job.py:182} INFO - Started process (PID=741) to work on /home/airflow/.local/lib/python3.6/site-packages/airflow/example_dags/example_xcomargs.py
[2022-09-24 16:42:45,683] {scheduler_job.py:629} INFO - Processing file /home/airflow/.local/lib/python3.6/site-packages/airflow/example_dags/example_xcomargs.py for tasks to queue
[2022-09-24 16:42:45,684] {logging_mixin.py:104} INFO - [2022-09-24 16:42:45,684] {dagbag.py:451} INFO - Filling up the DagBag from /home/airflow/.local/lib/python3.6/site-packages/airflow/example_dags/example_xcomargs.py
[2022-09-24 16:42:45,693] {scheduler_job.py:639} INFO - DAG(s) dict_keys(['example_xcom_args', 'example_xcom_args_with_operators']) retrieved from /home/airflow/.local/lib/python3.6/site-packages/airflow/example_dags/example_xcomargs.py
[2022-09-24 16:42:45,710] {logging_mixin.py:104} INFO - [2022-09-24 16:42:45,710] {dag.py:1824} INFO - Sync 2 DAGs
[2022-09-24 16:42:45,720] {logging_mixin.py:104} INFO - [2022-09-24 16:42:45,720] {dag.py:2280} INFO - Setting next_dagrun for example_xcom_args to None
[2022-09-24 16:42:45,721] {logging_mixin.py:104} INFO - [2022-09-24 16:42:45,721] {dag.py:2280} INFO - Setting next_dagrun for example_xcom_args_with_operators to None
[2022-09-24 16:42:45,729] {scheduler_job.py:190} INFO - Processing /home/airflow/.local/lib/python3.6/site-packages/airflow/example_dags/example_xcomargs.py took 0.049 seconds
[2022-09-24 16:43:15,758] {scheduler_job.py:182} INFO - Started process (PID=768) to work on /home/airflow/.local/lib/python3.6/site-packages/airflow/example_dags/example_xcomargs.py
[2022-09-24 16:43:15,759] {scheduler_job.py:629} INFO - Processing file /home/airflow/.local/lib/python3.6/site-packages/airflow/example_dags/example_xcomargs.py for tasks to queue
[2022-09-24 16:43:15,760] {logging_mixin.py:104} INFO - [2022-09-24 16:43:15,760] {dagbag.py:451} INFO - Filling up the DagBag from /home/airflow/.local/lib/python3.6/site-packages/airflow/example_dags/example_xcomargs.py
[2022-09-24 16:43:15,769] {scheduler_job.py:639} INFO - DAG(s) dict_keys(['example_xcom_args', 'example_xcom_args_with_operators']) retrieved from /home/airflow/.local/lib/python3.6/site-packages/airflow/example_dags/example_xcomargs.py
[2022-09-24 16:43:15,787] {logging_mixin.py:104} INFO - [2022-09-24 16:43:15,787] {dag.py:1824} INFO - Sync 2 DAGs
[2022-09-24 16:43:15,797] {logging_mixin.py:104} INFO - [2022-09-24 16:43:15,797] {dag.py:2280} INFO - Setting next_dagrun for example_xcom_args to None
[2022-09-24 16:43:15,798] {logging_mixin.py:104} INFO - [2022-09-24 16:43:15,798] {dag.py:2280} INFO - Setting next_dagrun for example_xcom_args_with_operators to None
[2022-09-24 16:43:15,809] {scheduler_job.py:190} INFO - Processing /home/airflow/.local/lib/python3.6/site-packages/airflow/example_dags/example_xcomargs.py took 0.052 seconds
[2022-09-24 16:43:45,887] {scheduler_job.py:182} INFO - Started process (PID=795) to work on /home/airflow/.local/lib/python3.6/site-packages/airflow/example_dags/example_xcomargs.py
[2022-09-24 16:43:45,888] {scheduler_job.py:629} INFO - Processing file /home/airflow/.local/lib/python3.6/site-packages/airflow/example_dags/example_xcomargs.py for tasks to queue
[2022-09-24 16:43:45,889] {logging_mixin.py:104} INFO - [2022-09-24 16:43:45,889] {dagbag.py:451} INFO - Filling up the DagBag from /home/airflow/.local/lib/python3.6/site-packages/airflow/example_dags/example_xcomargs.py
[2022-09-24 16:43:45,900] {scheduler_job.py:639} INFO - DAG(s) dict_keys(['example_xcom_args', 'example_xcom_args_with_operators']) retrieved from /home/airflow/.local/lib/python3.6/site-packages/airflow/example_dags/example_xcomargs.py
[2022-09-24 16:43:45,919] {logging_mixin.py:104} INFO - [2022-09-24 16:43:45,919] {dag.py:1824} INFO - Sync 2 DAGs
[2022-09-24 16:43:45,930] {logging_mixin.py:104} INFO - [2022-09-24 16:43:45,930] {dag.py:2280} INFO - Setting next_dagrun for example_xcom_args to None
[2022-09-24 16:43:45,931] {logging_mixin.py:104} INFO - [2022-09-24 16:43:45,931] {dag.py:2280} INFO - Setting next_dagrun for example_xcom_args_with_operators to None
[2022-09-24 16:43:45,941] {scheduler_job.py:190} INFO - Processing /home/airflow/.local/lib/python3.6/site-packages/airflow/example_dags/example_xcomargs.py took 0.056 seconds
[2022-09-24 16:44:16,047] {scheduler_job.py:182} INFO - Started process (PID=822) to work on /home/airflow/.local/lib/python3.6/site-packages/airflow/example_dags/example_xcomargs.py
[2022-09-24 16:44:16,048] {scheduler_job.py:629} INFO - Processing file /home/airflow/.local/lib/python3.6/site-packages/airflow/example_dags/example_xcomargs.py for tasks to queue
[2022-09-24 16:44:16,049] {logging_mixin.py:104} INFO - [2022-09-24 16:44:16,049] {dagbag.py:451} INFO - Filling up the DagBag from /home/airflow/.local/lib/python3.6/site-packages/airflow/example_dags/example_xcomargs.py
[2022-09-24 16:44:16,059] {scheduler_job.py:639} INFO - DAG(s) dict_keys(['example_xcom_args', 'example_xcom_args_with_operators']) retrieved from /home/airflow/.local/lib/python3.6/site-packages/airflow/example_dags/example_xcomargs.py
[2022-09-24 16:44:16,078] {logging_mixin.py:104} INFO - [2022-09-24 16:44:16,078] {dag.py:1824} INFO - Sync 2 DAGs
[2022-09-24 16:44:16,088] {logging_mixin.py:104} INFO - [2022-09-24 16:44:16,088] {dag.py:2280} INFO - Setting next_dagrun for example_xcom_args to None
[2022-09-24 16:44:16,089] {logging_mixin.py:104} INFO - [2022-09-24 16:44:16,089] {dag.py:2280} INFO - Setting next_dagrun for example_xcom_args_with_operators to None
[2022-09-24 16:44:16,103] {scheduler_job.py:190} INFO - Processing /home/airflow/.local/lib/python3.6/site-packages/airflow/example_dags/example_xcomargs.py took 0.059 seconds
[2022-09-24 16:44:46,177] {scheduler_job.py:182} INFO - Started process (PID=849) to work on /home/airflow/.local/lib/python3.6/site-packages/airflow/example_dags/example_xcomargs.py
[2022-09-24 16:44:46,178] {scheduler_job.py:629} INFO - Processing file /home/airflow/.local/lib/python3.6/site-packages/airflow/example_dags/example_xcomargs.py for tasks to queue
[2022-09-24 16:44:46,179] {logging_mixin.py:104} INFO - [2022-09-24 16:44:46,179] {dagbag.py:451} INFO - Filling up the DagBag from /home/airflow/.local/lib/python3.6/site-packages/airflow/example_dags/example_xcomargs.py
[2022-09-24 16:44:46,190] {scheduler_job.py:639} INFO - DAG(s) dict_keys(['example_xcom_args', 'example_xcom_args_with_operators']) retrieved from /home/airflow/.local/lib/python3.6/site-packages/airflow/example_dags/example_xcomargs.py
[2022-09-24 16:44:46,208] {logging_mixin.py:104} INFO - [2022-09-24 16:44:46,208] {dag.py:1824} INFO - Sync 2 DAGs
[2022-09-24 16:44:46,218] {logging_mixin.py:104} INFO - [2022-09-24 16:44:46,218] {dag.py:2280} INFO - Setting next_dagrun for example_xcom_args to None
[2022-09-24 16:44:46,219] {logging_mixin.py:104} INFO - [2022-09-24 16:44:46,219] {dag.py:2280} INFO - Setting next_dagrun for example_xcom_args_with_operators to None
[2022-09-24 16:44:46,228] {scheduler_job.py:190} INFO - Processing /home/airflow/.local/lib/python3.6/site-packages/airflow/example_dags/example_xcomargs.py took 0.054 seconds
[2022-09-24 16:45:16,248] {scheduler_job.py:182} INFO - Started process (PID=876) to work on /home/airflow/.local/lib/python3.6/site-packages/airflow/example_dags/example_xcomargs.py
[2022-09-24 16:45:16,249] {scheduler_job.py:629} INFO - Processing file /home/airflow/.local/lib/python3.6/site-packages/airflow/example_dags/example_xcomargs.py for tasks to queue
[2022-09-24 16:45:16,250] {logging_mixin.py:104} INFO - [2022-09-24 16:45:16,250] {dagbag.py:451} INFO - Filling up the DagBag from /home/airflow/.local/lib/python3.6/site-packages/airflow/example_dags/example_xcomargs.py
[2022-09-24 16:45:16,259] {scheduler_job.py:639} INFO - DAG(s) dict_keys(['example_xcom_args', 'example_xcom_args_with_operators']) retrieved from /home/airflow/.local/lib/python3.6/site-packages/airflow/example_dags/example_xcomargs.py
[2022-09-24 16:45:16,278] {logging_mixin.py:104} INFO - [2022-09-24 16:45:16,278] {dag.py:1824} INFO - Sync 2 DAGs
[2022-09-24 16:45:16,287] {logging_mixin.py:104} INFO - [2022-09-24 16:45:16,287] {dag.py:2280} INFO - Setting next_dagrun for example_xcom_args to None
[2022-09-24 16:45:16,288] {logging_mixin.py:104} INFO - [2022-09-24 16:45:16,288] {dag.py:2280} INFO - Setting next_dagrun for example_xcom_args_with_operators to None
[2022-09-24 16:45:16,296] {scheduler_job.py:190} INFO - Processing /home/airflow/.local/lib/python3.6/site-packages/airflow/example_dags/example_xcomargs.py took 0.050 seconds
[2022-09-24 16:45:46,335] {scheduler_job.py:182} INFO - Started process (PID=902) to work on /home/airflow/.local/lib/python3.6/site-packages/airflow/example_dags/example_xcomargs.py
[2022-09-24 16:45:46,336] {scheduler_job.py:629} INFO - Processing file /home/airflow/.local/lib/python3.6/site-packages/airflow/example_dags/example_xcomargs.py for tasks to queue
[2022-09-24 16:45:46,336] {logging_mixin.py:104} INFO - [2022-09-24 16:45:46,336] {dagbag.py:451} INFO - Filling up the DagBag from /home/airflow/.local/lib/python3.6/site-packages/airflow/example_dags/example_xcomargs.py
[2022-09-24 16:45:46,347] {scheduler_job.py:639} INFO - DAG(s) dict_keys(['example_xcom_args', 'example_xcom_args_with_operators']) retrieved from /home/airflow/.local/lib/python3.6/site-packages/airflow/example_dags/example_xcomargs.py
[2022-09-24 16:45:46,366] {logging_mixin.py:104} INFO - [2022-09-24 16:45:46,366] {dag.py:1824} INFO - Sync 2 DAGs
[2022-09-24 16:45:46,376] {logging_mixin.py:104} INFO - [2022-09-24 16:45:46,376] {dag.py:2280} INFO - Setting next_dagrun for example_xcom_args to None
[2022-09-24 16:45:46,377] {logging_mixin.py:104} INFO - [2022-09-24 16:45:46,377] {dag.py:2280} INFO - Setting next_dagrun for example_xcom_args_with_operators to None
[2022-09-24 16:45:46,387] {scheduler_job.py:190} INFO - Processing /home/airflow/.local/lib/python3.6/site-packages/airflow/example_dags/example_xcomargs.py took 0.054 seconds
[2022-09-24 16:46:17,351] {scheduler_job.py:182} INFO - Started process (PID=930) to work on /home/airflow/.local/lib/python3.6/site-packages/airflow/example_dags/example_xcomargs.py
[2022-09-24 16:46:17,352] {scheduler_job.py:629} INFO - Processing file /home/airflow/.local/lib/python3.6/site-packages/airflow/example_dags/example_xcomargs.py for tasks to queue
[2022-09-24 16:46:17,352] {logging_mixin.py:104} INFO - [2022-09-24 16:46:17,352] {dagbag.py:451} INFO - Filling up the DagBag from /home/airflow/.local/lib/python3.6/site-packages/airflow/example_dags/example_xcomargs.py
[2022-09-24 16:46:17,364] {scheduler_job.py:639} INFO - DAG(s) dict_keys(['example_xcom_args', 'example_xcom_args_with_operators']) retrieved from /home/airflow/.local/lib/python3.6/site-packages/airflow/example_dags/example_xcomargs.py
[2022-09-24 16:46:17,382] {logging_mixin.py:104} INFO - [2022-09-24 16:46:17,382] {dag.py:1824} INFO - Sync 2 DAGs
[2022-09-24 16:46:17,394] {logging_mixin.py:104} INFO - [2022-09-24 16:46:17,394] {dag.py:2280} INFO - Setting next_dagrun for example_xcom_args to None
[2022-09-24 16:46:17,395] {logging_mixin.py:104} INFO - [2022-09-24 16:46:17,395] {dag.py:2280} INFO - Setting next_dagrun for example_xcom_args_with_operators to None
[2022-09-24 16:46:17,403] {scheduler_job.py:190} INFO - Processing /home/airflow/.local/lib/python3.6/site-packages/airflow/example_dags/example_xcomargs.py took 0.055 seconds
[2022-09-24 16:46:48,294] {scheduler_job.py:182} INFO - Started process (PID=957) to work on /home/airflow/.local/lib/python3.6/site-packages/airflow/example_dags/example_xcomargs.py
[2022-09-24 16:46:48,295] {scheduler_job.py:629} INFO - Processing file /home/airflow/.local/lib/python3.6/site-packages/airflow/example_dags/example_xcomargs.py for tasks to queue
[2022-09-24 16:46:48,296] {logging_mixin.py:104} INFO - [2022-09-24 16:46:48,296] {dagbag.py:451} INFO - Filling up the DagBag from /home/airflow/.local/lib/python3.6/site-packages/airflow/example_dags/example_xcomargs.py
[2022-09-24 16:46:48,305] {scheduler_job.py:639} INFO - DAG(s) dict_keys(['example_xcom_args', 'example_xcom_args_with_operators']) retrieved from /home/airflow/.local/lib/python3.6/site-packages/airflow/example_dags/example_xcomargs.py
[2022-09-24 16:46:48,325] {logging_mixin.py:104} INFO - [2022-09-24 16:46:48,325] {dag.py:1824} INFO - Sync 2 DAGs
[2022-09-24 16:46:48,335] {logging_mixin.py:104} INFO - [2022-09-24 16:46:48,335] {dag.py:2280} INFO - Setting next_dagrun for example_xcom_args to None
[2022-09-24 16:46:48,336] {logging_mixin.py:104} INFO - [2022-09-24 16:46:48,335] {dag.py:2280} INFO - Setting next_dagrun for example_xcom_args_with_operators to None
[2022-09-24 16:46:48,344] {scheduler_job.py:190} INFO - Processing /home/airflow/.local/lib/python3.6/site-packages/airflow/example_dags/example_xcomargs.py took 0.052 seconds
[2022-09-24 16:47:19,296] {scheduler_job.py:182} INFO - Started process (PID=984) to work on /home/airflow/.local/lib/python3.6/site-packages/airflow/example_dags/example_xcomargs.py
[2022-09-24 16:47:19,297] {scheduler_job.py:629} INFO - Processing file /home/airflow/.local/lib/python3.6/site-packages/airflow/example_dags/example_xcomargs.py for tasks to queue
[2022-09-24 16:47:19,298] {logging_mixin.py:104} INFO - [2022-09-24 16:47:19,298] {dagbag.py:451} INFO - Filling up the DagBag from /home/airflow/.local/lib/python3.6/site-packages/airflow/example_dags/example_xcomargs.py
[2022-09-24 16:47:19,309] {scheduler_job.py:639} INFO - DAG(s) dict_keys(['example_xcom_args', 'example_xcom_args_with_operators']) retrieved from /home/airflow/.local/lib/python3.6/site-packages/airflow/example_dags/example_xcomargs.py
[2022-09-24 16:47:19,328] {logging_mixin.py:104} INFO - [2022-09-24 16:47:19,328] {dag.py:1824} INFO - Sync 2 DAGs
[2022-09-24 16:47:19,340] {logging_mixin.py:104} INFO - [2022-09-24 16:47:19,340] {dag.py:2280} INFO - Setting next_dagrun for example_xcom_args to None
[2022-09-24 16:47:19,341] {logging_mixin.py:104} INFO - [2022-09-24 16:47:19,341] {dag.py:2280} INFO - Setting next_dagrun for example_xcom_args_with_operators to None
[2022-09-24 16:47:19,351] {scheduler_job.py:190} INFO - Processing /home/airflow/.local/lib/python3.6/site-packages/airflow/example_dags/example_xcomargs.py took 0.057 seconds
[2022-09-24 16:47:50,431] {scheduler_job.py:182} INFO - Started process (PID=1011) to work on /home/airflow/.local/lib/python3.6/site-packages/airflow/example_dags/example_xcomargs.py
[2022-09-24 16:47:50,432] {scheduler_job.py:629} INFO - Processing file /home/airflow/.local/lib/python3.6/site-packages/airflow/example_dags/example_xcomargs.py for tasks to queue
[2022-09-24 16:47:50,433] {logging_mixin.py:104} INFO - [2022-09-24 16:47:50,433] {dagbag.py:451} INFO - Filling up the DagBag from /home/airflow/.local/lib/python3.6/site-packages/airflow/example_dags/example_xcomargs.py
[2022-09-24 16:47:50,443] {scheduler_job.py:639} INFO - DAG(s) dict_keys(['example_xcom_args', 'example_xcom_args_with_operators']) retrieved from /home/airflow/.local/lib/python3.6/site-packages/airflow/example_dags/example_xcomargs.py
[2022-09-24 16:47:50,467] {logging_mixin.py:104} INFO - [2022-09-24 16:47:50,467] {dag.py:1824} INFO - Sync 2 DAGs
[2022-09-24 16:47:50,480] {logging_mixin.py:104} INFO - [2022-09-24 16:47:50,480] {dag.py:2280} INFO - Setting next_dagrun for example_xcom_args to None
[2022-09-24 16:47:50,481] {logging_mixin.py:104} INFO - [2022-09-24 16:47:50,481] {dag.py:2280} INFO - Setting next_dagrun for example_xcom_args_with_operators to None
[2022-09-24 16:47:50,492] {scheduler_job.py:190} INFO - Processing /home/airflow/.local/lib/python3.6/site-packages/airflow/example_dags/example_xcomargs.py took 0.064 seconds
[2022-09-24 16:48:20,594] {scheduler_job.py:182} INFO - Started process (PID=1039) to work on /home/airflow/.local/lib/python3.6/site-packages/airflow/example_dags/example_xcomargs.py
[2022-09-24 16:48:20,595] {scheduler_job.py:629} INFO - Processing file /home/airflow/.local/lib/python3.6/site-packages/airflow/example_dags/example_xcomargs.py for tasks to queue
[2022-09-24 16:48:20,596] {logging_mixin.py:104} INFO - [2022-09-24 16:48:20,596] {dagbag.py:451} INFO - Filling up the DagBag from /home/airflow/.local/lib/python3.6/site-packages/airflow/example_dags/example_xcomargs.py
[2022-09-24 16:48:20,613] {scheduler_job.py:639} INFO - DAG(s) dict_keys(['example_xcom_args', 'example_xcom_args_with_operators']) retrieved from /home/airflow/.local/lib/python3.6/site-packages/airflow/example_dags/example_xcomargs.py
[2022-09-24 16:48:20,638] {logging_mixin.py:104} INFO - [2022-09-24 16:48:20,638] {dag.py:1824} INFO - Sync 2 DAGs
[2022-09-24 16:48:20,652] {logging_mixin.py:104} INFO - [2022-09-24 16:48:20,652] {dag.py:2280} INFO - Setting next_dagrun for example_xcom_args to None
[2022-09-24 16:48:20,653] {logging_mixin.py:104} INFO - [2022-09-24 16:48:20,653] {dag.py:2280} INFO - Setting next_dagrun for example_xcom_args_with_operators to None
[2022-09-24 16:48:20,664] {scheduler_job.py:190} INFO - Processing /home/airflow/.local/lib/python3.6/site-packages/airflow/example_dags/example_xcomargs.py took 0.074 seconds
[2022-09-24 16:48:50,693] {scheduler_job.py:182} INFO - Started process (PID=1066) to work on /home/airflow/.local/lib/python3.6/site-packages/airflow/example_dags/example_xcomargs.py
[2022-09-24 16:48:50,694] {scheduler_job.py:629} INFO - Processing file /home/airflow/.local/lib/python3.6/site-packages/airflow/example_dags/example_xcomargs.py for tasks to queue
[2022-09-24 16:48:50,695] {logging_mixin.py:104} INFO - [2022-09-24 16:48:50,695] {dagbag.py:451} INFO - Filling up the DagBag from /home/airflow/.local/lib/python3.6/site-packages/airflow/example_dags/example_xcomargs.py
[2022-09-24 16:48:50,711] {scheduler_job.py:639} INFO - DAG(s) dict_keys(['example_xcom_args', 'example_xcom_args_with_operators']) retrieved from /home/airflow/.local/lib/python3.6/site-packages/airflow/example_dags/example_xcomargs.py
[2022-09-24 16:48:50,738] {logging_mixin.py:104} INFO - [2022-09-24 16:48:50,738] {dag.py:1824} INFO - Sync 2 DAGs
[2022-09-24 16:48:50,757] {logging_mixin.py:104} INFO - [2022-09-24 16:48:50,757] {dag.py:2280} INFO - Setting next_dagrun for example_xcom_args to None
[2022-09-24 16:48:50,758] {logging_mixin.py:104} INFO - [2022-09-24 16:48:50,758] {dag.py:2280} INFO - Setting next_dagrun for example_xcom_args_with_operators to None
[2022-09-24 16:48:50,773] {scheduler_job.py:190} INFO - Processing /home/airflow/.local/lib/python3.6/site-packages/airflow/example_dags/example_xcomargs.py took 0.084 seconds
[2022-09-24 16:49:20,886] {scheduler_job.py:182} INFO - Started process (PID=1091) to work on /home/airflow/.local/lib/python3.6/site-packages/airflow/example_dags/example_xcomargs.py
[2022-09-24 16:49:20,887] {scheduler_job.py:629} INFO - Processing file /home/airflow/.local/lib/python3.6/site-packages/airflow/example_dags/example_xcomargs.py for tasks to queue
[2022-09-24 16:49:20,888] {logging_mixin.py:104} INFO - [2022-09-24 16:49:20,888] {dagbag.py:451} INFO - Filling up the DagBag from /home/airflow/.local/lib/python3.6/site-packages/airflow/example_dags/example_xcomargs.py
[2022-09-24 16:49:20,900] {scheduler_job.py:639} INFO - DAG(s) dict_keys(['example_xcom_args', 'example_xcom_args_with_operators']) retrieved from /home/airflow/.local/lib/python3.6/site-packages/airflow/example_dags/example_xcomargs.py
[2022-09-24 16:49:20,920] {logging_mixin.py:104} INFO - [2022-09-24 16:49:20,920] {dag.py:1824} INFO - Sync 2 DAGs
[2022-09-24 16:49:20,931] {logging_mixin.py:104} INFO - [2022-09-24 16:49:20,931] {dag.py:2280} INFO - Setting next_dagrun for example_xcom_args to None
[2022-09-24 16:49:20,932] {logging_mixin.py:104} INFO - [2022-09-24 16:49:20,932] {dag.py:2280} INFO - Setting next_dagrun for example_xcom_args_with_operators to None
[2022-09-24 16:49:20,941] {scheduler_job.py:190} INFO - Processing /home/airflow/.local/lib/python3.6/site-packages/airflow/example_dags/example_xcomargs.py took 0.059 seconds
[2022-09-24 16:49:50,994] {scheduler_job.py:182} INFO - Started process (PID=1117) to work on /home/airflow/.local/lib/python3.6/site-packages/airflow/example_dags/example_xcomargs.py
[2022-09-24 16:49:50,995] {scheduler_job.py:629} INFO - Processing file /home/airflow/.local/lib/python3.6/site-packages/airflow/example_dags/example_xcomargs.py for tasks to queue
[2022-09-24 16:49:50,996] {logging_mixin.py:104} INFO - [2022-09-24 16:49:50,996] {dagbag.py:451} INFO - Filling up the DagBag from /home/airflow/.local/lib/python3.6/site-packages/airflow/example_dags/example_xcomargs.py
[2022-09-24 16:49:51,007] {scheduler_job.py:639} INFO - DAG(s) dict_keys(['example_xcom_args', 'example_xcom_args_with_operators']) retrieved from /home/airflow/.local/lib/python3.6/site-packages/airflow/example_dags/example_xcomargs.py
[2022-09-24 16:49:51,026] {logging_mixin.py:104} INFO - [2022-09-24 16:49:51,026] {dag.py:1824} INFO - Sync 2 DAGs
[2022-09-24 16:49:51,036] {logging_mixin.py:104} INFO - [2022-09-24 16:49:51,036] {dag.py:2280} INFO - Setting next_dagrun for example_xcom_args to None
[2022-09-24 16:49:51,037] {logging_mixin.py:104} INFO - [2022-09-24 16:49:51,037] {dag.py:2280} INFO - Setting next_dagrun for example_xcom_args_with_operators to None
[2022-09-24 16:49:51,045] {scheduler_job.py:190} INFO - Processing /home/airflow/.local/lib/python3.6/site-packages/airflow/example_dags/example_xcomargs.py took 0.053 seconds
[2022-09-24 16:50:21,441] {scheduler_job.py:182} INFO - Started process (PID=1146) to work on /home/airflow/.local/lib/python3.6/site-packages/airflow/example_dags/example_xcomargs.py
[2022-09-24 16:50:21,442] {scheduler_job.py:629} INFO - Processing file /home/airflow/.local/lib/python3.6/site-packages/airflow/example_dags/example_xcomargs.py for tasks to queue
[2022-09-24 16:50:21,443] {logging_mixin.py:104} INFO - [2022-09-24 16:50:21,443] {dagbag.py:451} INFO - Filling up the DagBag from /home/airflow/.local/lib/python3.6/site-packages/airflow/example_dags/example_xcomargs.py
[2022-09-24 16:50:21,457] {scheduler_job.py:639} INFO - DAG(s) dict_keys(['example_xcom_args', 'example_xcom_args_with_operators']) retrieved from /home/airflow/.local/lib/python3.6/site-packages/airflow/example_dags/example_xcomargs.py
[2022-09-24 16:50:21,476] {logging_mixin.py:104} INFO - [2022-09-24 16:50:21,476] {dag.py:1824} INFO - Sync 2 DAGs
[2022-09-24 16:50:21,489] {logging_mixin.py:104} INFO - [2022-09-24 16:50:21,489] {dag.py:2280} INFO - Setting next_dagrun for example_xcom_args to None
[2022-09-24 16:50:21,490] {logging_mixin.py:104} INFO - [2022-09-24 16:50:21,490] {dag.py:2280} INFO - Setting next_dagrun for example_xcom_args_with_operators to None
[2022-09-24 16:50:21,498] {scheduler_job.py:190} INFO - Processing /home/airflow/.local/lib/python3.6/site-packages/airflow/example_dags/example_xcomargs.py took 0.059 seconds
[2022-09-24 16:50:51,523] {scheduler_job.py:182} INFO - Started process (PID=1173) to work on /home/airflow/.local/lib/python3.6/site-packages/airflow/example_dags/example_xcomargs.py
[2022-09-24 16:50:51,524] {scheduler_job.py:629} INFO - Processing file /home/airflow/.local/lib/python3.6/site-packages/airflow/example_dags/example_xcomargs.py for tasks to queue
[2022-09-24 16:50:51,525] {logging_mixin.py:104} INFO - [2022-09-24 16:50:51,525] {dagbag.py:451} INFO - Filling up the DagBag from /home/airflow/.local/lib/python3.6/site-packages/airflow/example_dags/example_xcomargs.py
[2022-09-24 16:50:51,535] {scheduler_job.py:639} INFO - DAG(s) dict_keys(['example_xcom_args', 'example_xcom_args_with_operators']) retrieved from /home/airflow/.local/lib/python3.6/site-packages/airflow/example_dags/example_xcomargs.py
[2022-09-24 16:50:51,555] {logging_mixin.py:104} INFO - [2022-09-24 16:50:51,555] {dag.py:1824} INFO - Sync 2 DAGs
[2022-09-24 16:50:51,565] {logging_mixin.py:104} INFO - [2022-09-24 16:50:51,565] {dag.py:2280} INFO - Setting next_dagrun for example_xcom_args to None
[2022-09-24 16:50:51,566] {logging_mixin.py:104} INFO - [2022-09-24 16:50:51,566] {dag.py:2280} INFO - Setting next_dagrun for example_xcom_args_with_operators to None
[2022-09-24 16:50:51,574] {scheduler_job.py:190} INFO - Processing /home/airflow/.local/lib/python3.6/site-packages/airflow/example_dags/example_xcomargs.py took 0.053 seconds
[2022-09-24 16:51:21,682] {scheduler_job.py:182} INFO - Started process (PID=1198) to work on /home/airflow/.local/lib/python3.6/site-packages/airflow/example_dags/example_xcomargs.py
[2022-09-24 16:51:21,683] {scheduler_job.py:629} INFO - Processing file /home/airflow/.local/lib/python3.6/site-packages/airflow/example_dags/example_xcomargs.py for tasks to queue
[2022-09-24 16:51:21,683] {logging_mixin.py:104} INFO - [2022-09-24 16:51:21,683] {dagbag.py:451} INFO - Filling up the DagBag from /home/airflow/.local/lib/python3.6/site-packages/airflow/example_dags/example_xcomargs.py
[2022-09-24 16:51:21,692] {scheduler_job.py:639} INFO - DAG(s) dict_keys(['example_xcom_args', 'example_xcom_args_with_operators']) retrieved from /home/airflow/.local/lib/python3.6/site-packages/airflow/example_dags/example_xcomargs.py
[2022-09-24 16:51:21,709] {logging_mixin.py:104} INFO - [2022-09-24 16:51:21,709] {dag.py:1824} INFO - Sync 2 DAGs
[2022-09-24 16:51:21,718] {logging_mixin.py:104} INFO - [2022-09-24 16:51:21,717] {dag.py:2280} INFO - Setting next_dagrun for example_xcom_args to None
[2022-09-24 16:51:21,718] {logging_mixin.py:104} INFO - [2022-09-24 16:51:21,718] {dag.py:2280} INFO - Setting next_dagrun for example_xcom_args_with_operators to None
[2022-09-24 16:51:21,726] {scheduler_job.py:190} INFO - Processing /home/airflow/.local/lib/python3.6/site-packages/airflow/example_dags/example_xcomargs.py took 0.047 seconds
[2022-09-24 16:51:51,799] {scheduler_job.py:182} INFO - Started process (PID=1226) to work on /home/airflow/.local/lib/python3.6/site-packages/airflow/example_dags/example_xcomargs.py
[2022-09-24 16:51:51,800] {scheduler_job.py:629} INFO - Processing file /home/airflow/.local/lib/python3.6/site-packages/airflow/example_dags/example_xcomargs.py for tasks to queue
[2022-09-24 16:51:51,801] {logging_mixin.py:104} INFO - [2022-09-24 16:51:51,801] {dagbag.py:451} INFO - Filling up the DagBag from /home/airflow/.local/lib/python3.6/site-packages/airflow/example_dags/example_xcomargs.py
[2022-09-24 16:51:51,811] {scheduler_job.py:639} INFO - DAG(s) dict_keys(['example_xcom_args', 'example_xcom_args_with_operators']) retrieved from /home/airflow/.local/lib/python3.6/site-packages/airflow/example_dags/example_xcomargs.py
[2022-09-24 16:51:51,828] {logging_mixin.py:104} INFO - [2022-09-24 16:51:51,828] {dag.py:1824} INFO - Sync 2 DAGs
[2022-09-24 16:51:51,838] {logging_mixin.py:104} INFO - [2022-09-24 16:51:51,838] {dag.py:2280} INFO - Setting next_dagrun for example_xcom_args to None
[2022-09-24 16:51:51,839] {logging_mixin.py:104} INFO - [2022-09-24 16:51:51,839] {dag.py:2280} INFO - Setting next_dagrun for example_xcom_args_with_operators to None
[2022-09-24 16:51:51,848] {scheduler_job.py:190} INFO - Processing /home/airflow/.local/lib/python3.6/site-packages/airflow/example_dags/example_xcomargs.py took 0.051 seconds
[2022-09-24 16:52:21,879] {scheduler_job.py:182} INFO - Started process (PID=1253) to work on /home/airflow/.local/lib/python3.6/site-packages/airflow/example_dags/example_xcomargs.py
[2022-09-24 16:52:21,880] {scheduler_job.py:629} INFO - Processing file /home/airflow/.local/lib/python3.6/site-packages/airflow/example_dags/example_xcomargs.py for tasks to queue
[2022-09-24 16:52:21,881] {logging_mixin.py:104} INFO - [2022-09-24 16:52:21,880] {dagbag.py:451} INFO - Filling up the DagBag from /home/airflow/.local/lib/python3.6/site-packages/airflow/example_dags/example_xcomargs.py
[2022-09-24 16:52:21,890] {scheduler_job.py:639} INFO - DAG(s) dict_keys(['example_xcom_args', 'example_xcom_args_with_operators']) retrieved from /home/airflow/.local/lib/python3.6/site-packages/airflow/example_dags/example_xcomargs.py
[2022-09-24 16:52:21,907] {logging_mixin.py:104} INFO - [2022-09-24 16:52:21,907] {dag.py:1824} INFO - Sync 2 DAGs
[2022-09-24 16:52:21,916] {logging_mixin.py:104} INFO - [2022-09-24 16:52:21,916] {dag.py:2280} INFO - Setting next_dagrun for example_xcom_args to None
[2022-09-24 16:52:21,917] {logging_mixin.py:104} INFO - [2022-09-24 16:52:21,917] {dag.py:2280} INFO - Setting next_dagrun for example_xcom_args_with_operators to None
[2022-09-24 16:52:21,925] {scheduler_job.py:190} INFO - Processing /home/airflow/.local/lib/python3.6/site-packages/airflow/example_dags/example_xcomargs.py took 0.048 seconds
[2022-09-24 16:52:52,925] {scheduler_job.py:182} INFO - Started process (PID=1283) to work on /home/airflow/.local/lib/python3.6/site-packages/airflow/example_dags/example_xcomargs.py
[2022-09-24 16:52:52,926] {scheduler_job.py:629} INFO - Processing file /home/airflow/.local/lib/python3.6/site-packages/airflow/example_dags/example_xcomargs.py for tasks to queue
[2022-09-24 16:52:52,927] {logging_mixin.py:104} INFO - [2022-09-24 16:52:52,927] {dagbag.py:451} INFO - Filling up the DagBag from /home/airflow/.local/lib/python3.6/site-packages/airflow/example_dags/example_xcomargs.py
[2022-09-24 16:52:52,936] {scheduler_job.py:639} INFO - DAG(s) dict_keys(['example_xcom_args', 'example_xcom_args_with_operators']) retrieved from /home/airflow/.local/lib/python3.6/site-packages/airflow/example_dags/example_xcomargs.py
[2022-09-24 16:52:52,954] {logging_mixin.py:104} INFO - [2022-09-24 16:52:52,954] {dag.py:1824} INFO - Sync 2 DAGs
[2022-09-24 16:52:52,964] {logging_mixin.py:104} INFO - [2022-09-24 16:52:52,964] {dag.py:2280} INFO - Setting next_dagrun for example_xcom_args to None
[2022-09-24 16:52:52,964] {logging_mixin.py:104} INFO - [2022-09-24 16:52:52,964] {dag.py:2280} INFO - Setting next_dagrun for example_xcom_args_with_operators to None
[2022-09-24 16:52:52,973] {scheduler_job.py:190} INFO - Processing /home/airflow/.local/lib/python3.6/site-packages/airflow/example_dags/example_xcomargs.py took 0.050 seconds
[2022-09-24 16:53:24,006] {scheduler_job.py:182} INFO - Started process (PID=1310) to work on /home/airflow/.local/lib/python3.6/site-packages/airflow/example_dags/example_xcomargs.py
[2022-09-24 16:53:24,007] {scheduler_job.py:629} INFO - Processing file /home/airflow/.local/lib/python3.6/site-packages/airflow/example_dags/example_xcomargs.py for tasks to queue
[2022-09-24 16:53:24,008] {logging_mixin.py:104} INFO - [2022-09-24 16:53:24,008] {dagbag.py:451} INFO - Filling up the DagBag from /home/airflow/.local/lib/python3.6/site-packages/airflow/example_dags/example_xcomargs.py
[2022-09-24 16:53:24,017] {scheduler_job.py:639} INFO - DAG(s) dict_keys(['example_xcom_args', 'example_xcom_args_with_operators']) retrieved from /home/airflow/.local/lib/python3.6/site-packages/airflow/example_dags/example_xcomargs.py
[2022-09-24 16:53:24,034] {logging_mixin.py:104} INFO - [2022-09-24 16:53:24,034] {dag.py:1824} INFO - Sync 2 DAGs
[2022-09-24 16:53:24,044] {logging_mixin.py:104} INFO - [2022-09-24 16:53:24,044] {dag.py:2280} INFO - Setting next_dagrun for example_xcom_args to None
[2022-09-24 16:53:24,045] {logging_mixin.py:104} INFO - [2022-09-24 16:53:24,045] {dag.py:2280} INFO - Setting next_dagrun for example_xcom_args_with_operators to None
[2022-09-24 16:53:24,053] {scheduler_job.py:190} INFO - Processing /home/airflow/.local/lib/python3.6/site-packages/airflow/example_dags/example_xcomargs.py took 0.049 seconds
[2022-09-24 16:53:54,142] {scheduler_job.py:182} INFO - Started process (PID=1336) to work on /home/airflow/.local/lib/python3.6/site-packages/airflow/example_dags/example_xcomargs.py
[2022-09-24 16:53:54,143] {scheduler_job.py:629} INFO - Processing file /home/airflow/.local/lib/python3.6/site-packages/airflow/example_dags/example_xcomargs.py for tasks to queue
[2022-09-24 16:53:54,143] {logging_mixin.py:104} INFO - [2022-09-24 16:53:54,143] {dagbag.py:451} INFO - Filling up the DagBag from /home/airflow/.local/lib/python3.6/site-packages/airflow/example_dags/example_xcomargs.py
[2022-09-24 16:53:54,154] {scheduler_job.py:639} INFO - DAG(s) dict_keys(['example_xcom_args', 'example_xcom_args_with_operators']) retrieved from /home/airflow/.local/lib/python3.6/site-packages/airflow/example_dags/example_xcomargs.py
[2022-09-24 16:53:54,174] {logging_mixin.py:104} INFO - [2022-09-24 16:53:54,174] {dag.py:1824} INFO - Sync 2 DAGs
[2022-09-24 16:53:54,187] {logging_mixin.py:104} INFO - [2022-09-24 16:53:54,187] {dag.py:2280} INFO - Setting next_dagrun for example_xcom_args to None
[2022-09-24 16:53:54,188] {logging_mixin.py:104} INFO - [2022-09-24 16:53:54,188] {dag.py:2280} INFO - Setting next_dagrun for example_xcom_args_with_operators to None
[2022-09-24 16:53:54,198] {scheduler_job.py:190} INFO - Processing /home/airflow/.local/lib/python3.6/site-packages/airflow/example_dags/example_xcomargs.py took 0.059 seconds
[2022-09-24 16:54:24,272] {scheduler_job.py:182} INFO - Started process (PID=1364) to work on /home/airflow/.local/lib/python3.6/site-packages/airflow/example_dags/example_xcomargs.py
[2022-09-24 16:54:24,273] {scheduler_job.py:629} INFO - Processing file /home/airflow/.local/lib/python3.6/site-packages/airflow/example_dags/example_xcomargs.py for tasks to queue
[2022-09-24 16:54:24,274] {logging_mixin.py:104} INFO - [2022-09-24 16:54:24,274] {dagbag.py:451} INFO - Filling up the DagBag from /home/airflow/.local/lib/python3.6/site-packages/airflow/example_dags/example_xcomargs.py
[2022-09-24 16:54:24,285] {scheduler_job.py:639} INFO - DAG(s) dict_keys(['example_xcom_args', 'example_xcom_args_with_operators']) retrieved from /home/airflow/.local/lib/python3.6/site-packages/airflow/example_dags/example_xcomargs.py
[2022-09-24 16:54:24,305] {logging_mixin.py:104} INFO - [2022-09-24 16:54:24,305] {dag.py:1824} INFO - Sync 2 DAGs
[2022-09-24 16:54:24,317] {logging_mixin.py:104} INFO - [2022-09-24 16:54:24,317] {dag.py:2280} INFO - Setting next_dagrun for example_xcom_args to None
[2022-09-24 16:54:24,318] {logging_mixin.py:104} INFO - [2022-09-24 16:54:24,318] {dag.py:2280} INFO - Setting next_dagrun for example_xcom_args_with_operators to None
[2022-09-24 16:54:24,326] {scheduler_job.py:190} INFO - Processing /home/airflow/.local/lib/python3.6/site-packages/airflow/example_dags/example_xcomargs.py took 0.056 seconds
[2022-09-24 16:54:55,199] {scheduler_job.py:182} INFO - Started process (PID=1389) to work on /home/airflow/.local/lib/python3.6/site-packages/airflow/example_dags/example_xcomargs.py
[2022-09-24 16:54:55,200] {scheduler_job.py:629} INFO - Processing file /home/airflow/.local/lib/python3.6/site-packages/airflow/example_dags/example_xcomargs.py for tasks to queue
[2022-09-24 16:54:55,201] {logging_mixin.py:104} INFO - [2022-09-24 16:54:55,201] {dagbag.py:451} INFO - Filling up the DagBag from /home/airflow/.local/lib/python3.6/site-packages/airflow/example_dags/example_xcomargs.py
[2022-09-24 16:54:55,212] {scheduler_job.py:639} INFO - DAG(s) dict_keys(['example_xcom_args', 'example_xcom_args_with_operators']) retrieved from /home/airflow/.local/lib/python3.6/site-packages/airflow/example_dags/example_xcomargs.py
[2022-09-24 16:54:55,232] {logging_mixin.py:104} INFO - [2022-09-24 16:54:55,232] {dag.py:1824} INFO - Sync 2 DAGs
[2022-09-24 16:54:55,244] {logging_mixin.py:104} INFO - [2022-09-24 16:54:55,244] {dag.py:2280} INFO - Setting next_dagrun for example_xcom_args to None
[2022-09-24 16:54:55,245] {logging_mixin.py:104} INFO - [2022-09-24 16:54:55,245] {dag.py:2280} INFO - Setting next_dagrun for example_xcom_args_with_operators to None
[2022-09-24 16:54:55,255] {scheduler_job.py:190} INFO - Processing /home/airflow/.local/lib/python3.6/site-packages/airflow/example_dags/example_xcomargs.py took 0.058 seconds
[2022-09-24 16:55:25,309] {scheduler_job.py:182} INFO - Started process (PID=1416) to work on /home/airflow/.local/lib/python3.6/site-packages/airflow/example_dags/example_xcomargs.py
[2022-09-24 16:55:25,310] {scheduler_job.py:629} INFO - Processing file /home/airflow/.local/lib/python3.6/site-packages/airflow/example_dags/example_xcomargs.py for tasks to queue
[2022-09-24 16:55:25,311] {logging_mixin.py:104} INFO - [2022-09-24 16:55:25,311] {dagbag.py:451} INFO - Filling up the DagBag from /home/airflow/.local/lib/python3.6/site-packages/airflow/example_dags/example_xcomargs.py
[2022-09-24 16:55:25,322] {scheduler_job.py:639} INFO - DAG(s) dict_keys(['example_xcom_args', 'example_xcom_args_with_operators']) retrieved from /home/airflow/.local/lib/python3.6/site-packages/airflow/example_dags/example_xcomargs.py
[2022-09-24 16:55:25,344] {logging_mixin.py:104} INFO - [2022-09-24 16:55:25,344] {dag.py:1824} INFO - Sync 2 DAGs
[2022-09-24 16:55:25,356] {logging_mixin.py:104} INFO - [2022-09-24 16:55:25,356] {dag.py:2280} INFO - Setting next_dagrun for example_xcom_args to None
[2022-09-24 16:55:25,358] {logging_mixin.py:104} INFO - [2022-09-24 16:55:25,358] {dag.py:2280} INFO - Setting next_dagrun for example_xcom_args_with_operators to None
[2022-09-24 16:55:25,368] {scheduler_job.py:190} INFO - Processing /home/airflow/.local/lib/python3.6/site-packages/airflow/example_dags/example_xcomargs.py took 0.062 seconds
