[2022-09-24 16:29:35,881] {scheduler_job.py:182} INFO - Started process (PID=60) to work on /home/airflow/.local/lib/python3.6/site-packages/airflow/example_dags/example_xcom.py
[2022-09-24 16:29:35,882] {scheduler_job.py:629} INFO - Processing file /home/airflow/.local/lib/python3.6/site-packages/airflow/example_dags/example_xcom.py for tasks to queue
[2022-09-24 16:29:35,883] {logging_mixin.py:104} INFO - [2022-09-24 16:29:35,883] {dagbag.py:451} INFO - Filling up the DagBag from /home/airflow/.local/lib/python3.6/site-packages/airflow/example_dags/example_xcom.py
[2022-09-24 16:29:35,897] {scheduler_job.py:639} INFO - DAG(s) dict_keys(['example_xcom']) retrieved from /home/airflow/.local/lib/python3.6/site-packages/airflow/example_dags/example_xcom.py
[2022-09-24 16:29:35,921] {logging_mixin.py:104} INFO - [2022-09-24 16:29:35,921] {dag.py:1824} INFO - Sync 1 DAGs
[2022-09-24 16:29:35,936] {logging_mixin.py:104} INFO - [2022-09-24 16:29:35,936] {dag.py:1843} INFO - Creating ORM DAG for example_xcom
[2022-09-24 16:29:35,942] {logging_mixin.py:104} INFO - [2022-09-24 16:29:35,942] {dag.py:2280} INFO - Setting next_dagrun for example_xcom to 2022-09-22 00:00:00+00:00
[2022-09-24 16:29:35,958] {scheduler_job.py:190} INFO - Processing /home/airflow/.local/lib/python3.6/site-packages/airflow/example_dags/example_xcom.py took 0.081 seconds
[2022-09-24 16:30:06,071] {scheduler_job.py:182} INFO - Started process (PID=87) to work on /home/airflow/.local/lib/python3.6/site-packages/airflow/example_dags/example_xcom.py
[2022-09-24 16:30:06,072] {scheduler_job.py:629} INFO - Processing file /home/airflow/.local/lib/python3.6/site-packages/airflow/example_dags/example_xcom.py for tasks to queue
[2022-09-24 16:30:06,073] {logging_mixin.py:104} INFO - [2022-09-24 16:30:06,073] {dagbag.py:451} INFO - Filling up the DagBag from /home/airflow/.local/lib/python3.6/site-packages/airflow/example_dags/example_xcom.py
[2022-09-24 16:30:06,083] {scheduler_job.py:639} INFO - DAG(s) dict_keys(['example_xcom']) retrieved from /home/airflow/.local/lib/python3.6/site-packages/airflow/example_dags/example_xcom.py
[2022-09-24 16:30:06,098] {logging_mixin.py:104} INFO - [2022-09-24 16:30:06,098] {dag.py:1824} INFO - Sync 1 DAGs
[2022-09-24 16:30:06,111] {logging_mixin.py:104} INFO - [2022-09-24 16:30:06,111] {dag.py:2280} INFO - Setting next_dagrun for example_xcom to 2022-09-22 00:00:00+00:00
[2022-09-24 16:30:06,118] {scheduler_job.py:190} INFO - Processing /home/airflow/.local/lib/python3.6/site-packages/airflow/example_dags/example_xcom.py took 0.051 seconds
[2022-09-24 16:30:36,143] {scheduler_job.py:182} INFO - Started process (PID=113) to work on /home/airflow/.local/lib/python3.6/site-packages/airflow/example_dags/example_xcom.py
[2022-09-24 16:30:36,144] {scheduler_job.py:629} INFO - Processing file /home/airflow/.local/lib/python3.6/site-packages/airflow/example_dags/example_xcom.py for tasks to queue
[2022-09-24 16:30:36,145] {logging_mixin.py:104} INFO - [2022-09-24 16:30:36,145] {dagbag.py:451} INFO - Filling up the DagBag from /home/airflow/.local/lib/python3.6/site-packages/airflow/example_dags/example_xcom.py
[2022-09-24 16:30:36,154] {scheduler_job.py:639} INFO - DAG(s) dict_keys(['example_xcom']) retrieved from /home/airflow/.local/lib/python3.6/site-packages/airflow/example_dags/example_xcom.py
[2022-09-24 16:30:36,169] {logging_mixin.py:104} INFO - [2022-09-24 16:30:36,169] {dag.py:1824} INFO - Sync 1 DAGs
[2022-09-24 16:30:36,183] {logging_mixin.py:104} INFO - [2022-09-24 16:30:36,183] {dag.py:2280} INFO - Setting next_dagrun for example_xcom to 2022-09-22 00:00:00+00:00
[2022-09-24 16:30:36,191] {scheduler_job.py:190} INFO - Processing /home/airflow/.local/lib/python3.6/site-packages/airflow/example_dags/example_xcom.py took 0.050 seconds
[2022-09-24 16:31:07,042] {scheduler_job.py:182} INFO - Started process (PID=138) to work on /home/airflow/.local/lib/python3.6/site-packages/airflow/example_dags/example_xcom.py
[2022-09-24 16:31:07,043] {scheduler_job.py:629} INFO - Processing file /home/airflow/.local/lib/python3.6/site-packages/airflow/example_dags/example_xcom.py for tasks to queue
[2022-09-24 16:31:07,044] {logging_mixin.py:104} INFO - [2022-09-24 16:31:07,044] {dagbag.py:451} INFO - Filling up the DagBag from /home/airflow/.local/lib/python3.6/site-packages/airflow/example_dags/example_xcom.py
[2022-09-24 16:31:07,056] {scheduler_job.py:639} INFO - DAG(s) dict_keys(['example_xcom']) retrieved from /home/airflow/.local/lib/python3.6/site-packages/airflow/example_dags/example_xcom.py
[2022-09-24 16:31:07,078] {logging_mixin.py:104} INFO - [2022-09-24 16:31:07,078] {dag.py:1824} INFO - Sync 1 DAGs
[2022-09-24 16:31:07,095] {logging_mixin.py:104} INFO - [2022-09-24 16:31:07,095] {dag.py:2280} INFO - Setting next_dagrun for example_xcom to 2022-09-22 00:00:00+00:00
[2022-09-24 16:31:07,105] {scheduler_job.py:190} INFO - Processing /home/airflow/.local/lib/python3.6/site-packages/airflow/example_dags/example_xcom.py took 0.067 seconds
[2022-09-24 16:31:38,134] {scheduler_job.py:182} INFO - Started process (PID=164) to work on /home/airflow/.local/lib/python3.6/site-packages/airflow/example_dags/example_xcom.py
[2022-09-24 16:31:38,134] {scheduler_job.py:629} INFO - Processing file /home/airflow/.local/lib/python3.6/site-packages/airflow/example_dags/example_xcom.py for tasks to queue
[2022-09-24 16:31:38,135] {logging_mixin.py:104} INFO - [2022-09-24 16:31:38,135] {dagbag.py:451} INFO - Filling up the DagBag from /home/airflow/.local/lib/python3.6/site-packages/airflow/example_dags/example_xcom.py
[2022-09-24 16:31:38,143] {scheduler_job.py:639} INFO - DAG(s) dict_keys(['example_xcom']) retrieved from /home/airflow/.local/lib/python3.6/site-packages/airflow/example_dags/example_xcom.py
[2022-09-24 16:31:38,157] {logging_mixin.py:104} INFO - [2022-09-24 16:31:38,157] {dag.py:1824} INFO - Sync 1 DAGs
[2022-09-24 16:31:38,169] {logging_mixin.py:104} INFO - [2022-09-24 16:31:38,169] {dag.py:2280} INFO - Setting next_dagrun for example_xcom to 2022-09-22 00:00:00+00:00
[2022-09-24 16:31:38,176] {scheduler_job.py:190} INFO - Processing /home/airflow/.local/lib/python3.6/site-packages/airflow/example_dags/example_xcom.py took 0.045 seconds
[2022-09-24 16:32:09,330] {scheduler_job.py:182} INFO - Started process (PID=190) to work on /home/airflow/.local/lib/python3.6/site-packages/airflow/example_dags/example_xcom.py
[2022-09-24 16:32:09,332] {scheduler_job.py:629} INFO - Processing file /home/airflow/.local/lib/python3.6/site-packages/airflow/example_dags/example_xcom.py for tasks to queue
[2022-09-24 16:32:09,333] {logging_mixin.py:104} INFO - [2022-09-24 16:32:09,333] {dagbag.py:451} INFO - Filling up the DagBag from /home/airflow/.local/lib/python3.6/site-packages/airflow/example_dags/example_xcom.py
[2022-09-24 16:32:09,343] {scheduler_job.py:639} INFO - DAG(s) dict_keys(['example_xcom']) retrieved from /home/airflow/.local/lib/python3.6/site-packages/airflow/example_dags/example_xcom.py
[2022-09-24 16:32:09,366] {logging_mixin.py:104} INFO - [2022-09-24 16:32:09,366] {dag.py:1824} INFO - Sync 1 DAGs
[2022-09-24 16:32:09,380] {logging_mixin.py:104} INFO - [2022-09-24 16:32:09,380] {dag.py:2280} INFO - Setting next_dagrun for example_xcom to 2022-09-22 00:00:00+00:00
[2022-09-24 16:32:09,390] {scheduler_job.py:190} INFO - Processing /home/airflow/.local/lib/python3.6/site-packages/airflow/example_dags/example_xcom.py took 0.063 seconds
[2022-09-24 16:32:39,961] {scheduler_job.py:182} INFO - Started process (PID=214) to work on /home/airflow/.local/lib/python3.6/site-packages/airflow/example_dags/example_xcom.py
[2022-09-24 16:32:39,964] {scheduler_job.py:629} INFO - Processing file /home/airflow/.local/lib/python3.6/site-packages/airflow/example_dags/example_xcom.py for tasks to queue
[2022-09-24 16:32:39,967] {logging_mixin.py:104} INFO - [2022-09-24 16:32:39,966] {dagbag.py:451} INFO - Filling up the DagBag from /home/airflow/.local/lib/python3.6/site-packages/airflow/example_dags/example_xcom.py
[2022-09-24 16:32:39,989] {scheduler_job.py:639} INFO - DAG(s) dict_keys(['example_xcom']) retrieved from /home/airflow/.local/lib/python3.6/site-packages/airflow/example_dags/example_xcom.py
[2022-09-24 16:32:40,038] {logging_mixin.py:104} INFO - [2022-09-24 16:32:40,037] {dag.py:1824} INFO - Sync 1 DAGs
[2022-09-24 16:32:40,065] {logging_mixin.py:104} INFO - [2022-09-24 16:32:40,065] {dag.py:2280} INFO - Setting next_dagrun for example_xcom to 2022-09-22 00:00:00+00:00
[2022-09-24 16:32:40,087] {scheduler_job.py:190} INFO - Processing /home/airflow/.local/lib/python3.6/site-packages/airflow/example_dags/example_xcom.py took 0.132 seconds
[2022-09-24 16:33:10,683] {scheduler_job.py:182} INFO - Started process (PID=234) to work on /home/airflow/.local/lib/python3.6/site-packages/airflow/example_dags/example_xcom.py
[2022-09-24 16:33:10,685] {scheduler_job.py:629} INFO - Processing file /home/airflow/.local/lib/python3.6/site-packages/airflow/example_dags/example_xcom.py for tasks to queue
[2022-09-24 16:33:10,686] {logging_mixin.py:104} INFO - [2022-09-24 16:33:10,686] {dagbag.py:451} INFO - Filling up the DagBag from /home/airflow/.local/lib/python3.6/site-packages/airflow/example_dags/example_xcom.py
[2022-09-24 16:33:10,700] {scheduler_job.py:639} INFO - DAG(s) dict_keys(['example_xcom']) retrieved from /home/airflow/.local/lib/python3.6/site-packages/airflow/example_dags/example_xcom.py
[2022-09-24 16:33:10,742] {logging_mixin.py:104} INFO - [2022-09-24 16:33:10,741] {dag.py:1824} INFO - Sync 1 DAGs
[2022-09-24 16:33:10,774] {logging_mixin.py:104} INFO - [2022-09-24 16:33:10,773] {dag.py:2280} INFO - Setting next_dagrun for example_xcom to 2022-09-22 00:00:00+00:00
[2022-09-24 16:33:10,798] {scheduler_job.py:190} INFO - Processing /home/airflow/.local/lib/python3.6/site-packages/airflow/example_dags/example_xcom.py took 0.118 seconds
[2022-09-24 16:33:41,030] {scheduler_job.py:182} INFO - Started process (PID=261) to work on /home/airflow/.local/lib/python3.6/site-packages/airflow/example_dags/example_xcom.py
[2022-09-24 16:33:41,031] {scheduler_job.py:629} INFO - Processing file /home/airflow/.local/lib/python3.6/site-packages/airflow/example_dags/example_xcom.py for tasks to queue
[2022-09-24 16:33:41,032] {logging_mixin.py:104} INFO - [2022-09-24 16:33:41,032] {dagbag.py:451} INFO - Filling up the DagBag from /home/airflow/.local/lib/python3.6/site-packages/airflow/example_dags/example_xcom.py
[2022-09-24 16:33:41,045] {scheduler_job.py:639} INFO - DAG(s) dict_keys(['example_xcom']) retrieved from /home/airflow/.local/lib/python3.6/site-packages/airflow/example_dags/example_xcom.py
[2022-09-24 16:33:41,075] {logging_mixin.py:104} INFO - [2022-09-24 16:33:41,074] {dag.py:1824} INFO - Sync 1 DAGs
[2022-09-24 16:33:41,092] {logging_mixin.py:104} INFO - [2022-09-24 16:33:41,092] {dag.py:2280} INFO - Setting next_dagrun for example_xcom to 2022-09-22 00:00:00+00:00
[2022-09-24 16:33:41,109] {scheduler_job.py:190} INFO - Processing /home/airflow/.local/lib/python3.6/site-packages/airflow/example_dags/example_xcom.py took 0.083 seconds
[2022-09-24 16:34:11,448] {scheduler_job.py:182} INFO - Started process (PID=287) to work on /home/airflow/.local/lib/python3.6/site-packages/airflow/example_dags/example_xcom.py
[2022-09-24 16:34:11,450] {scheduler_job.py:629} INFO - Processing file /home/airflow/.local/lib/python3.6/site-packages/airflow/example_dags/example_xcom.py for tasks to queue
[2022-09-24 16:34:11,450] {logging_mixin.py:104} INFO - [2022-09-24 16:34:11,450] {dagbag.py:451} INFO - Filling up the DagBag from /home/airflow/.local/lib/python3.6/site-packages/airflow/example_dags/example_xcom.py
[2022-09-24 16:34:11,461] {scheduler_job.py:639} INFO - DAG(s) dict_keys(['example_xcom']) retrieved from /home/airflow/.local/lib/python3.6/site-packages/airflow/example_dags/example_xcom.py
[2022-09-24 16:34:11,480] {logging_mixin.py:104} INFO - [2022-09-24 16:34:11,480] {dag.py:1824} INFO - Sync 1 DAGs
[2022-09-24 16:34:11,491] {logging_mixin.py:104} INFO - [2022-09-24 16:34:11,490] {dag.py:2280} INFO - Setting next_dagrun for example_xcom to 2022-09-22 00:00:00+00:00
[2022-09-24 16:34:11,498] {scheduler_job.py:190} INFO - Processing /home/airflow/.local/lib/python3.6/site-packages/airflow/example_dags/example_xcom.py took 0.053 seconds
[2022-09-24 16:34:41,615] {scheduler_job.py:182} INFO - Started process (PID=314) to work on /home/airflow/.local/lib/python3.6/site-packages/airflow/example_dags/example_xcom.py
[2022-09-24 16:34:41,616] {scheduler_job.py:629} INFO - Processing file /home/airflow/.local/lib/python3.6/site-packages/airflow/example_dags/example_xcom.py for tasks to queue
[2022-09-24 16:34:41,616] {logging_mixin.py:104} INFO - [2022-09-24 16:34:41,616] {dagbag.py:451} INFO - Filling up the DagBag from /home/airflow/.local/lib/python3.6/site-packages/airflow/example_dags/example_xcom.py
[2022-09-24 16:34:41,629] {scheduler_job.py:639} INFO - DAG(s) dict_keys(['example_xcom']) retrieved from /home/airflow/.local/lib/python3.6/site-packages/airflow/example_dags/example_xcom.py
[2022-09-24 16:34:41,645] {logging_mixin.py:104} INFO - [2022-09-24 16:34:41,645] {dag.py:1824} INFO - Sync 1 DAGs
[2022-09-24 16:34:41,654] {logging_mixin.py:104} INFO - [2022-09-24 16:34:41,654] {dag.py:2280} INFO - Setting next_dagrun for example_xcom to 2022-09-22 00:00:00+00:00
[2022-09-24 16:34:41,662] {scheduler_job.py:190} INFO - Processing /home/airflow/.local/lib/python3.6/site-packages/airflow/example_dags/example_xcom.py took 0.050 seconds
[2022-09-24 16:35:11,922] {scheduler_job.py:182} INFO - Started process (PID=341) to work on /home/airflow/.local/lib/python3.6/site-packages/airflow/example_dags/example_xcom.py
[2022-09-24 16:35:11,923] {scheduler_job.py:629} INFO - Processing file /home/airflow/.local/lib/python3.6/site-packages/airflow/example_dags/example_xcom.py for tasks to queue
[2022-09-24 16:35:11,924] {logging_mixin.py:104} INFO - [2022-09-24 16:35:11,924] {dagbag.py:451} INFO - Filling up the DagBag from /home/airflow/.local/lib/python3.6/site-packages/airflow/example_dags/example_xcom.py
[2022-09-24 16:35:11,933] {scheduler_job.py:639} INFO - DAG(s) dict_keys(['example_xcom']) retrieved from /home/airflow/.local/lib/python3.6/site-packages/airflow/example_dags/example_xcom.py
[2022-09-24 16:35:11,949] {logging_mixin.py:104} INFO - [2022-09-24 16:35:11,949] {dag.py:1824} INFO - Sync 1 DAGs
[2022-09-24 16:35:11,959] {logging_mixin.py:104} INFO - [2022-09-24 16:35:11,959] {dag.py:2280} INFO - Setting next_dagrun for example_xcom to 2022-09-22 00:00:00+00:00
[2022-09-24 16:35:11,975] {scheduler_job.py:190} INFO - Processing /home/airflow/.local/lib/python3.6/site-packages/airflow/example_dags/example_xcom.py took 0.055 seconds
[2022-09-24 16:35:42,058] {scheduler_job.py:182} INFO - Started process (PID=368) to work on /home/airflow/.local/lib/python3.6/site-packages/airflow/example_dags/example_xcom.py
[2022-09-24 16:35:42,059] {scheduler_job.py:629} INFO - Processing file /home/airflow/.local/lib/python3.6/site-packages/airflow/example_dags/example_xcom.py for tasks to queue
[2022-09-24 16:35:42,060] {logging_mixin.py:104} INFO - [2022-09-24 16:35:42,060] {dagbag.py:451} INFO - Filling up the DagBag from /home/airflow/.local/lib/python3.6/site-packages/airflow/example_dags/example_xcom.py
[2022-09-24 16:35:42,073] {scheduler_job.py:639} INFO - DAG(s) dict_keys(['example_xcom']) retrieved from /home/airflow/.local/lib/python3.6/site-packages/airflow/example_dags/example_xcom.py
[2022-09-24 16:35:42,088] {logging_mixin.py:104} INFO - [2022-09-24 16:35:42,087] {dag.py:1824} INFO - Sync 1 DAGs
[2022-09-24 16:35:42,097] {logging_mixin.py:104} INFO - [2022-09-24 16:35:42,097] {dag.py:2280} INFO - Setting next_dagrun for example_xcom to 2022-09-22 00:00:00+00:00
[2022-09-24 16:35:42,110] {scheduler_job.py:190} INFO - Processing /home/airflow/.local/lib/python3.6/site-packages/airflow/example_dags/example_xcom.py took 0.055 seconds
[2022-09-24 16:36:12,297] {scheduler_job.py:182} INFO - Started process (PID=396) to work on /home/airflow/.local/lib/python3.6/site-packages/airflow/example_dags/example_xcom.py
[2022-09-24 16:36:12,298] {scheduler_job.py:629} INFO - Processing file /home/airflow/.local/lib/python3.6/site-packages/airflow/example_dags/example_xcom.py for tasks to queue
[2022-09-24 16:36:12,299] {logging_mixin.py:104} INFO - [2022-09-24 16:36:12,299] {dagbag.py:451} INFO - Filling up the DagBag from /home/airflow/.local/lib/python3.6/site-packages/airflow/example_dags/example_xcom.py
[2022-09-24 16:36:12,310] {scheduler_job.py:639} INFO - DAG(s) dict_keys(['example_xcom']) retrieved from /home/airflow/.local/lib/python3.6/site-packages/airflow/example_dags/example_xcom.py
[2022-09-24 16:36:12,326] {logging_mixin.py:104} INFO - [2022-09-24 16:36:12,326] {dag.py:1824} INFO - Sync 1 DAGs
[2022-09-24 16:36:12,336] {logging_mixin.py:104} INFO - [2022-09-24 16:36:12,336] {dag.py:2280} INFO - Setting next_dagrun for example_xcom to 2022-09-22 00:00:00+00:00
[2022-09-24 16:36:12,343] {scheduler_job.py:190} INFO - Processing /home/airflow/.local/lib/python3.6/site-packages/airflow/example_dags/example_xcom.py took 0.049 seconds
[2022-09-24 16:36:42,452] {scheduler_job.py:182} INFO - Started process (PID=424) to work on /home/airflow/.local/lib/python3.6/site-packages/airflow/example_dags/example_xcom.py
[2022-09-24 16:36:42,459] {scheduler_job.py:629} INFO - Processing file /home/airflow/.local/lib/python3.6/site-packages/airflow/example_dags/example_xcom.py for tasks to queue
[2022-09-24 16:36:42,460] {logging_mixin.py:104} INFO - [2022-09-24 16:36:42,460] {dagbag.py:451} INFO - Filling up the DagBag from /home/airflow/.local/lib/python3.6/site-packages/airflow/example_dags/example_xcom.py
[2022-09-24 16:36:42,473] {scheduler_job.py:639} INFO - DAG(s) dict_keys(['example_xcom']) retrieved from /home/airflow/.local/lib/python3.6/site-packages/airflow/example_dags/example_xcom.py
[2022-09-24 16:36:42,500] {logging_mixin.py:104} INFO - [2022-09-24 16:36:42,500] {dag.py:1824} INFO - Sync 1 DAGs
[2022-09-24 16:36:42,519] {logging_mixin.py:104} INFO - [2022-09-24 16:36:42,518] {dag.py:2280} INFO - Setting next_dagrun for example_xcom to 2022-09-22 00:00:00+00:00
[2022-09-24 16:36:42,531] {scheduler_job.py:190} INFO - Processing /home/airflow/.local/lib/python3.6/site-packages/airflow/example_dags/example_xcom.py took 0.084 seconds
[2022-09-24 16:37:12,593] {scheduler_job.py:182} INFO - Started process (PID=449) to work on /home/airflow/.local/lib/python3.6/site-packages/airflow/example_dags/example_xcom.py
[2022-09-24 16:37:12,594] {scheduler_job.py:629} INFO - Processing file /home/airflow/.local/lib/python3.6/site-packages/airflow/example_dags/example_xcom.py for tasks to queue
[2022-09-24 16:37:12,595] {logging_mixin.py:104} INFO - [2022-09-24 16:37:12,595] {dagbag.py:451} INFO - Filling up the DagBag from /home/airflow/.local/lib/python3.6/site-packages/airflow/example_dags/example_xcom.py
[2022-09-24 16:37:12,602] {scheduler_job.py:639} INFO - DAG(s) dict_keys(['example_xcom']) retrieved from /home/airflow/.local/lib/python3.6/site-packages/airflow/example_dags/example_xcom.py
[2022-09-24 16:37:12,618] {logging_mixin.py:104} INFO - [2022-09-24 16:37:12,618] {dag.py:1824} INFO - Sync 1 DAGs
[2022-09-24 16:37:12,628] {logging_mixin.py:104} INFO - [2022-09-24 16:37:12,628] {dag.py:2280} INFO - Setting next_dagrun for example_xcom to 2022-09-22 00:00:00+00:00
[2022-09-24 16:37:12,636] {scheduler_job.py:190} INFO - Processing /home/airflow/.local/lib/python3.6/site-packages/airflow/example_dags/example_xcom.py took 0.045 seconds
[2022-09-24 16:37:42,708] {scheduler_job.py:182} INFO - Started process (PID=476) to work on /home/airflow/.local/lib/python3.6/site-packages/airflow/example_dags/example_xcom.py
[2022-09-24 16:37:42,709] {scheduler_job.py:629} INFO - Processing file /home/airflow/.local/lib/python3.6/site-packages/airflow/example_dags/example_xcom.py for tasks to queue
[2022-09-24 16:37:42,710] {logging_mixin.py:104} INFO - [2022-09-24 16:37:42,709] {dagbag.py:451} INFO - Filling up the DagBag from /home/airflow/.local/lib/python3.6/site-packages/airflow/example_dags/example_xcom.py
[2022-09-24 16:37:42,718] {scheduler_job.py:639} INFO - DAG(s) dict_keys(['example_xcom']) retrieved from /home/airflow/.local/lib/python3.6/site-packages/airflow/example_dags/example_xcom.py
[2022-09-24 16:37:42,734] {logging_mixin.py:104} INFO - [2022-09-24 16:37:42,734] {dag.py:1824} INFO - Sync 1 DAGs
[2022-09-24 16:37:42,746] {logging_mixin.py:104} INFO - [2022-09-24 16:37:42,746] {dag.py:2280} INFO - Setting next_dagrun for example_xcom to 2022-09-22 00:00:00+00:00
[2022-09-24 16:37:42,754] {scheduler_job.py:190} INFO - Processing /home/airflow/.local/lib/python3.6/site-packages/airflow/example_dags/example_xcom.py took 0.049 seconds
[2022-09-24 16:38:12,910] {scheduler_job.py:182} INFO - Started process (PID=498) to work on /home/airflow/.local/lib/python3.6/site-packages/airflow/example_dags/example_xcom.py
[2022-09-24 16:38:12,911] {scheduler_job.py:629} INFO - Processing file /home/airflow/.local/lib/python3.6/site-packages/airflow/example_dags/example_xcom.py for tasks to queue
[2022-09-24 16:38:12,911] {logging_mixin.py:104} INFO - [2022-09-24 16:38:12,911] {dagbag.py:451} INFO - Filling up the DagBag from /home/airflow/.local/lib/python3.6/site-packages/airflow/example_dags/example_xcom.py
[2022-09-24 16:38:12,920] {scheduler_job.py:639} INFO - DAG(s) dict_keys(['example_xcom']) retrieved from /home/airflow/.local/lib/python3.6/site-packages/airflow/example_dags/example_xcom.py
[2022-09-24 16:38:12,934] {logging_mixin.py:104} INFO - [2022-09-24 16:38:12,934] {dag.py:1824} INFO - Sync 1 DAGs
[2022-09-24 16:38:12,946] {logging_mixin.py:104} INFO - [2022-09-24 16:38:12,946] {dag.py:2280} INFO - Setting next_dagrun for example_xcom to 2022-09-22 00:00:00+00:00
[2022-09-24 16:38:12,953] {scheduler_job.py:190} INFO - Processing /home/airflow/.local/lib/python3.6/site-packages/airflow/example_dags/example_xcom.py took 0.046 seconds
[2022-09-24 16:38:43,083] {scheduler_job.py:182} INFO - Started process (PID=527) to work on /home/airflow/.local/lib/python3.6/site-packages/airflow/example_dags/example_xcom.py
[2022-09-24 16:38:43,084] {scheduler_job.py:629} INFO - Processing file /home/airflow/.local/lib/python3.6/site-packages/airflow/example_dags/example_xcom.py for tasks to queue
[2022-09-24 16:38:43,085] {logging_mixin.py:104} INFO - [2022-09-24 16:38:43,085] {dagbag.py:451} INFO - Filling up the DagBag from /home/airflow/.local/lib/python3.6/site-packages/airflow/example_dags/example_xcom.py
[2022-09-24 16:38:43,094] {scheduler_job.py:639} INFO - DAG(s) dict_keys(['example_xcom']) retrieved from /home/airflow/.local/lib/python3.6/site-packages/airflow/example_dags/example_xcom.py
[2022-09-24 16:38:43,109] {logging_mixin.py:104} INFO - [2022-09-24 16:38:43,109] {dag.py:1824} INFO - Sync 1 DAGs
[2022-09-24 16:38:43,120] {logging_mixin.py:104} INFO - [2022-09-24 16:38:43,120] {dag.py:2280} INFO - Setting next_dagrun for example_xcom to 2022-09-22 00:00:00+00:00
[2022-09-24 16:38:43,128] {scheduler_job.py:190} INFO - Processing /home/airflow/.local/lib/python3.6/site-packages/airflow/example_dags/example_xcom.py took 0.048 seconds
[2022-09-24 16:39:13,195] {scheduler_job.py:182} INFO - Started process (PID=551) to work on /home/airflow/.local/lib/python3.6/site-packages/airflow/example_dags/example_xcom.py
[2022-09-24 16:39:13,195] {scheduler_job.py:629} INFO - Processing file /home/airflow/.local/lib/python3.6/site-packages/airflow/example_dags/example_xcom.py for tasks to queue
[2022-09-24 16:39:13,196] {logging_mixin.py:104} INFO - [2022-09-24 16:39:13,196] {dagbag.py:451} INFO - Filling up the DagBag from /home/airflow/.local/lib/python3.6/site-packages/airflow/example_dags/example_xcom.py
[2022-09-24 16:39:13,204] {scheduler_job.py:639} INFO - DAG(s) dict_keys(['example_xcom']) retrieved from /home/airflow/.local/lib/python3.6/site-packages/airflow/example_dags/example_xcom.py
[2022-09-24 16:39:13,219] {logging_mixin.py:104} INFO - [2022-09-24 16:39:13,219] {dag.py:1824} INFO - Sync 1 DAGs
[2022-09-24 16:39:13,229] {logging_mixin.py:104} INFO - [2022-09-24 16:39:13,229] {dag.py:2280} INFO - Setting next_dagrun for example_xcom to 2022-09-22 00:00:00+00:00
[2022-09-24 16:39:13,236] {scheduler_job.py:190} INFO - Processing /home/airflow/.local/lib/python3.6/site-packages/airflow/example_dags/example_xcom.py took 0.044 seconds
[2022-09-24 16:39:43,268] {scheduler_job.py:182} INFO - Started process (PID=578) to work on /home/airflow/.local/lib/python3.6/site-packages/airflow/example_dags/example_xcom.py
[2022-09-24 16:39:43,269] {scheduler_job.py:629} INFO - Processing file /home/airflow/.local/lib/python3.6/site-packages/airflow/example_dags/example_xcom.py for tasks to queue
[2022-09-24 16:39:43,270] {logging_mixin.py:104} INFO - [2022-09-24 16:39:43,269] {dagbag.py:451} INFO - Filling up the DagBag from /home/airflow/.local/lib/python3.6/site-packages/airflow/example_dags/example_xcom.py
[2022-09-24 16:39:43,278] {scheduler_job.py:639} INFO - DAG(s) dict_keys(['example_xcom']) retrieved from /home/airflow/.local/lib/python3.6/site-packages/airflow/example_dags/example_xcom.py
[2022-09-24 16:39:43,293] {logging_mixin.py:104} INFO - [2022-09-24 16:39:43,293] {dag.py:1824} INFO - Sync 1 DAGs
[2022-09-24 16:39:43,304] {logging_mixin.py:104} INFO - [2022-09-24 16:39:43,304] {dag.py:2280} INFO - Setting next_dagrun for example_xcom to 2022-09-22 00:00:00+00:00
[2022-09-24 16:39:43,311] {scheduler_job.py:190} INFO - Processing /home/airflow/.local/lib/python3.6/site-packages/airflow/example_dags/example_xcom.py took 0.046 seconds
[2022-09-24 16:40:13,501] {scheduler_job.py:182} INFO - Started process (PID=605) to work on /home/airflow/.local/lib/python3.6/site-packages/airflow/example_dags/example_xcom.py
[2022-09-24 16:40:13,502] {scheduler_job.py:629} INFO - Processing file /home/airflow/.local/lib/python3.6/site-packages/airflow/example_dags/example_xcom.py for tasks to queue
[2022-09-24 16:40:13,503] {logging_mixin.py:104} INFO - [2022-09-24 16:40:13,503] {dagbag.py:451} INFO - Filling up the DagBag from /home/airflow/.local/lib/python3.6/site-packages/airflow/example_dags/example_xcom.py
[2022-09-24 16:40:13,511] {scheduler_job.py:639} INFO - DAG(s) dict_keys(['example_xcom']) retrieved from /home/airflow/.local/lib/python3.6/site-packages/airflow/example_dags/example_xcom.py
[2022-09-24 16:40:13,526] {logging_mixin.py:104} INFO - [2022-09-24 16:40:13,526] {dag.py:1824} INFO - Sync 1 DAGs
[2022-09-24 16:40:13,536] {logging_mixin.py:104} INFO - [2022-09-24 16:40:13,535] {dag.py:2280} INFO - Setting next_dagrun for example_xcom to 2022-09-22 00:00:00+00:00
[2022-09-24 16:40:13,542] {scheduler_job.py:190} INFO - Processing /home/airflow/.local/lib/python3.6/site-packages/airflow/example_dags/example_xcom.py took 0.043 seconds
[2022-09-24 16:40:43,599] {scheduler_job.py:182} INFO - Started process (PID=632) to work on /home/airflow/.local/lib/python3.6/site-packages/airflow/example_dags/example_xcom.py
[2022-09-24 16:40:43,601] {scheduler_job.py:629} INFO - Processing file /home/airflow/.local/lib/python3.6/site-packages/airflow/example_dags/example_xcom.py for tasks to queue
[2022-09-24 16:40:43,601] {logging_mixin.py:104} INFO - [2022-09-24 16:40:43,601] {dagbag.py:451} INFO - Filling up the DagBag from /home/airflow/.local/lib/python3.6/site-packages/airflow/example_dags/example_xcom.py
[2022-09-24 16:40:43,609] {scheduler_job.py:639} INFO - DAG(s) dict_keys(['example_xcom']) retrieved from /home/airflow/.local/lib/python3.6/site-packages/airflow/example_dags/example_xcom.py
[2022-09-24 16:40:43,625] {logging_mixin.py:104} INFO - [2022-09-24 16:40:43,624] {dag.py:1824} INFO - Sync 1 DAGs
[2022-09-24 16:40:43,634] {logging_mixin.py:104} INFO - [2022-09-24 16:40:43,634] {dag.py:2280} INFO - Setting next_dagrun for example_xcom to 2022-09-22 00:00:00+00:00
[2022-09-24 16:40:43,643] {scheduler_job.py:190} INFO - Processing /home/airflow/.local/lib/python3.6/site-packages/airflow/example_dags/example_xcom.py took 0.046 seconds
[2022-09-24 16:41:13,791] {scheduler_job.py:182} INFO - Started process (PID=659) to work on /home/airflow/.local/lib/python3.6/site-packages/airflow/example_dags/example_xcom.py
[2022-09-24 16:41:13,793] {scheduler_job.py:629} INFO - Processing file /home/airflow/.local/lib/python3.6/site-packages/airflow/example_dags/example_xcom.py for tasks to queue
[2022-09-24 16:41:13,795] {logging_mixin.py:104} INFO - [2022-09-24 16:41:13,794] {dagbag.py:451} INFO - Filling up the DagBag from /home/airflow/.local/lib/python3.6/site-packages/airflow/example_dags/example_xcom.py
[2022-09-24 16:41:13,810] {scheduler_job.py:639} INFO - DAG(s) dict_keys(['example_xcom']) retrieved from /home/airflow/.local/lib/python3.6/site-packages/airflow/example_dags/example_xcom.py
[2022-09-24 16:41:13,834] {logging_mixin.py:104} INFO - [2022-09-24 16:41:13,834] {dag.py:1824} INFO - Sync 1 DAGs
[2022-09-24 16:41:13,855] {logging_mixin.py:104} INFO - [2022-09-24 16:41:13,855] {dag.py:2280} INFO - Setting next_dagrun for example_xcom to 2022-09-22 00:00:00+00:00
[2022-09-24 16:41:13,867] {scheduler_job.py:190} INFO - Processing /home/airflow/.local/lib/python3.6/site-packages/airflow/example_dags/example_xcom.py took 0.081 seconds
[2022-09-24 16:41:44,179] {scheduler_job.py:182} INFO - Started process (PID=683) to work on /home/airflow/.local/lib/python3.6/site-packages/airflow/example_dags/example_xcom.py
[2022-09-24 16:41:44,181] {scheduler_job.py:629} INFO - Processing file /home/airflow/.local/lib/python3.6/site-packages/airflow/example_dags/example_xcom.py for tasks to queue
[2022-09-24 16:41:44,182] {logging_mixin.py:104} INFO - [2022-09-24 16:41:44,181] {dagbag.py:451} INFO - Filling up the DagBag from /home/airflow/.local/lib/python3.6/site-packages/airflow/example_dags/example_xcom.py
[2022-09-24 16:41:44,193] {scheduler_job.py:639} INFO - DAG(s) dict_keys(['example_xcom']) retrieved from /home/airflow/.local/lib/python3.6/site-packages/airflow/example_dags/example_xcom.py
[2022-09-24 16:41:44,215] {logging_mixin.py:104} INFO - [2022-09-24 16:41:44,215] {dag.py:1824} INFO - Sync 1 DAGs
[2022-09-24 16:41:44,230] {logging_mixin.py:104} INFO - [2022-09-24 16:41:44,230] {dag.py:2280} INFO - Setting next_dagrun for example_xcom to 2022-09-22 00:00:00+00:00
[2022-09-24 16:41:44,240] {scheduler_job.py:190} INFO - Processing /home/airflow/.local/lib/python3.6/site-packages/airflow/example_dags/example_xcom.py took 0.064 seconds
[2022-09-24 16:42:14,307] {scheduler_job.py:182} INFO - Started process (PID=709) to work on /home/airflow/.local/lib/python3.6/site-packages/airflow/example_dags/example_xcom.py
[2022-09-24 16:42:14,308] {scheduler_job.py:629} INFO - Processing file /home/airflow/.local/lib/python3.6/site-packages/airflow/example_dags/example_xcom.py for tasks to queue
[2022-09-24 16:42:14,308] {logging_mixin.py:104} INFO - [2022-09-24 16:42:14,308] {dagbag.py:451} INFO - Filling up the DagBag from /home/airflow/.local/lib/python3.6/site-packages/airflow/example_dags/example_xcom.py
[2022-09-24 16:42:14,318] {scheduler_job.py:639} INFO - DAG(s) dict_keys(['example_xcom']) retrieved from /home/airflow/.local/lib/python3.6/site-packages/airflow/example_dags/example_xcom.py
[2022-09-24 16:42:14,339] {logging_mixin.py:104} INFO - [2022-09-24 16:42:14,339] {dag.py:1824} INFO - Sync 1 DAGs
[2022-09-24 16:42:14,349] {logging_mixin.py:104} INFO - [2022-09-24 16:42:14,349] {dag.py:2280} INFO - Setting next_dagrun for example_xcom to 2022-09-22 00:00:00+00:00
[2022-09-24 16:42:14,363] {scheduler_job.py:190} INFO - Processing /home/airflow/.local/lib/python3.6/site-packages/airflow/example_dags/example_xcom.py took 0.059 seconds
[2022-09-24 16:42:44,442] {scheduler_job.py:182} INFO - Started process (PID=736) to work on /home/airflow/.local/lib/python3.6/site-packages/airflow/example_dags/example_xcom.py
[2022-09-24 16:42:44,443] {scheduler_job.py:629} INFO - Processing file /home/airflow/.local/lib/python3.6/site-packages/airflow/example_dags/example_xcom.py for tasks to queue
[2022-09-24 16:42:44,444] {logging_mixin.py:104} INFO - [2022-09-24 16:42:44,444] {dagbag.py:451} INFO - Filling up the DagBag from /home/airflow/.local/lib/python3.6/site-packages/airflow/example_dags/example_xcom.py
[2022-09-24 16:42:44,453] {scheduler_job.py:639} INFO - DAG(s) dict_keys(['example_xcom']) retrieved from /home/airflow/.local/lib/python3.6/site-packages/airflow/example_dags/example_xcom.py
[2022-09-24 16:42:44,470] {logging_mixin.py:104} INFO - [2022-09-24 16:42:44,470] {dag.py:1824} INFO - Sync 1 DAGs
[2022-09-24 16:42:44,482] {logging_mixin.py:104} INFO - [2022-09-24 16:42:44,481] {dag.py:2280} INFO - Setting next_dagrun for example_xcom to 2022-09-22 00:00:00+00:00
[2022-09-24 16:42:44,490] {scheduler_job.py:190} INFO - Processing /home/airflow/.local/lib/python3.6/site-packages/airflow/example_dags/example_xcom.py took 0.051 seconds
[2022-09-24 16:43:14,520] {scheduler_job.py:182} INFO - Started process (PID=762) to work on /home/airflow/.local/lib/python3.6/site-packages/airflow/example_dags/example_xcom.py
[2022-09-24 16:43:14,522] {scheduler_job.py:629} INFO - Processing file /home/airflow/.local/lib/python3.6/site-packages/airflow/example_dags/example_xcom.py for tasks to queue
[2022-09-24 16:43:14,522] {logging_mixin.py:104} INFO - [2022-09-24 16:43:14,522] {dagbag.py:451} INFO - Filling up the DagBag from /home/airflow/.local/lib/python3.6/site-packages/airflow/example_dags/example_xcom.py
[2022-09-24 16:43:14,534] {scheduler_job.py:639} INFO - DAG(s) dict_keys(['example_xcom']) retrieved from /home/airflow/.local/lib/python3.6/site-packages/airflow/example_dags/example_xcom.py
[2022-09-24 16:43:14,551] {logging_mixin.py:104} INFO - [2022-09-24 16:43:14,551] {dag.py:1824} INFO - Sync 1 DAGs
[2022-09-24 16:43:14,562] {logging_mixin.py:104} INFO - [2022-09-24 16:43:14,562] {dag.py:2280} INFO - Setting next_dagrun for example_xcom to 2022-09-22 00:00:00+00:00
[2022-09-24 16:43:14,574] {scheduler_job.py:190} INFO - Processing /home/airflow/.local/lib/python3.6/site-packages/airflow/example_dags/example_xcom.py took 0.057 seconds
[2022-09-24 16:43:44,602] {scheduler_job.py:182} INFO - Started process (PID=789) to work on /home/airflow/.local/lib/python3.6/site-packages/airflow/example_dags/example_xcom.py
[2022-09-24 16:43:44,603] {scheduler_job.py:629} INFO - Processing file /home/airflow/.local/lib/python3.6/site-packages/airflow/example_dags/example_xcom.py for tasks to queue
[2022-09-24 16:43:44,604] {logging_mixin.py:104} INFO - [2022-09-24 16:43:44,604] {dagbag.py:451} INFO - Filling up the DagBag from /home/airflow/.local/lib/python3.6/site-packages/airflow/example_dags/example_xcom.py
[2022-09-24 16:43:44,613] {scheduler_job.py:639} INFO - DAG(s) dict_keys(['example_xcom']) retrieved from /home/airflow/.local/lib/python3.6/site-packages/airflow/example_dags/example_xcom.py
[2022-09-24 16:43:44,629] {logging_mixin.py:104} INFO - [2022-09-24 16:43:44,629] {dag.py:1824} INFO - Sync 1 DAGs
[2022-09-24 16:43:44,640] {logging_mixin.py:104} INFO - [2022-09-24 16:43:44,640] {dag.py:2280} INFO - Setting next_dagrun for example_xcom to 2022-09-22 00:00:00+00:00
[2022-09-24 16:43:44,649] {scheduler_job.py:190} INFO - Processing /home/airflow/.local/lib/python3.6/site-packages/airflow/example_dags/example_xcom.py took 0.049 seconds
[2022-09-24 16:44:14,679] {scheduler_job.py:182} INFO - Started process (PID=816) to work on /home/airflow/.local/lib/python3.6/site-packages/airflow/example_dags/example_xcom.py
[2022-09-24 16:44:14,681] {scheduler_job.py:629} INFO - Processing file /home/airflow/.local/lib/python3.6/site-packages/airflow/example_dags/example_xcom.py for tasks to queue
[2022-09-24 16:44:14,681] {logging_mixin.py:104} INFO - [2022-09-24 16:44:14,681] {dagbag.py:451} INFO - Filling up the DagBag from /home/airflow/.local/lib/python3.6/site-packages/airflow/example_dags/example_xcom.py
[2022-09-24 16:44:14,692] {scheduler_job.py:639} INFO - DAG(s) dict_keys(['example_xcom']) retrieved from /home/airflow/.local/lib/python3.6/site-packages/airflow/example_dags/example_xcom.py
[2022-09-24 16:44:14,719] {logging_mixin.py:104} INFO - [2022-09-24 16:44:14,719] {dag.py:1824} INFO - Sync 1 DAGs
[2022-09-24 16:44:14,739] {logging_mixin.py:104} INFO - [2022-09-24 16:44:14,739] {dag.py:2280} INFO - Setting next_dagrun for example_xcom to 2022-09-22 00:00:00+00:00
[2022-09-24 16:44:14,751] {scheduler_job.py:190} INFO - Processing /home/airflow/.local/lib/python3.6/site-packages/airflow/example_dags/example_xcom.py took 0.075 seconds
[2022-09-24 16:44:44,944] {scheduler_job.py:182} INFO - Started process (PID=843) to work on /home/airflow/.local/lib/python3.6/site-packages/airflow/example_dags/example_xcom.py
[2022-09-24 16:44:44,945] {scheduler_job.py:629} INFO - Processing file /home/airflow/.local/lib/python3.6/site-packages/airflow/example_dags/example_xcom.py for tasks to queue
[2022-09-24 16:44:44,946] {logging_mixin.py:104} INFO - [2022-09-24 16:44:44,946] {dagbag.py:451} INFO - Filling up the DagBag from /home/airflow/.local/lib/python3.6/site-packages/airflow/example_dags/example_xcom.py
[2022-09-24 16:44:44,954] {scheduler_job.py:639} INFO - DAG(s) dict_keys(['example_xcom']) retrieved from /home/airflow/.local/lib/python3.6/site-packages/airflow/example_dags/example_xcom.py
[2022-09-24 16:44:44,970] {logging_mixin.py:104} INFO - [2022-09-24 16:44:44,970] {dag.py:1824} INFO - Sync 1 DAGs
[2022-09-24 16:44:44,981] {logging_mixin.py:104} INFO - [2022-09-24 16:44:44,981] {dag.py:2280} INFO - Setting next_dagrun for example_xcom to 2022-09-22 00:00:00+00:00
[2022-09-24 16:44:44,989] {scheduler_job.py:190} INFO - Processing /home/airflow/.local/lib/python3.6/site-packages/airflow/example_dags/example_xcom.py took 0.048 seconds
[2022-09-24 16:45:16,066] {scheduler_job.py:182} INFO - Started process (PID=872) to work on /home/airflow/.local/lib/python3.6/site-packages/airflow/example_dags/example_xcom.py
[2022-09-24 16:45:16,067] {scheduler_job.py:629} INFO - Processing file /home/airflow/.local/lib/python3.6/site-packages/airflow/example_dags/example_xcom.py for tasks to queue
[2022-09-24 16:45:16,068] {logging_mixin.py:104} INFO - [2022-09-24 16:45:16,067] {dagbag.py:451} INFO - Filling up the DagBag from /home/airflow/.local/lib/python3.6/site-packages/airflow/example_dags/example_xcom.py
[2022-09-24 16:45:16,075] {scheduler_job.py:639} INFO - DAG(s) dict_keys(['example_xcom']) retrieved from /home/airflow/.local/lib/python3.6/site-packages/airflow/example_dags/example_xcom.py
[2022-09-24 16:45:16,089] {logging_mixin.py:104} INFO - [2022-09-24 16:45:16,089] {dag.py:1824} INFO - Sync 1 DAGs
[2022-09-24 16:45:16,099] {logging_mixin.py:104} INFO - [2022-09-24 16:45:16,099] {dag.py:2280} INFO - Setting next_dagrun for example_xcom to 2022-09-22 00:00:00+00:00
[2022-09-24 16:45:16,105] {scheduler_job.py:190} INFO - Processing /home/airflow/.local/lib/python3.6/site-packages/airflow/example_dags/example_xcom.py took 0.042 seconds
[2022-09-24 16:45:46,272] {scheduler_job.py:182} INFO - Started process (PID=901) to work on /home/airflow/.local/lib/python3.6/site-packages/airflow/example_dags/example_xcom.py
[2022-09-24 16:45:46,273] {scheduler_job.py:629} INFO - Processing file /home/airflow/.local/lib/python3.6/site-packages/airflow/example_dags/example_xcom.py for tasks to queue
[2022-09-24 16:45:46,274] {logging_mixin.py:104} INFO - [2022-09-24 16:45:46,274] {dagbag.py:451} INFO - Filling up the DagBag from /home/airflow/.local/lib/python3.6/site-packages/airflow/example_dags/example_xcom.py
[2022-09-24 16:45:46,283] {scheduler_job.py:639} INFO - DAG(s) dict_keys(['example_xcom']) retrieved from /home/airflow/.local/lib/python3.6/site-packages/airflow/example_dags/example_xcom.py
[2022-09-24 16:45:46,299] {logging_mixin.py:104} INFO - [2022-09-24 16:45:46,299] {dag.py:1824} INFO - Sync 1 DAGs
[2022-09-24 16:45:46,311] {logging_mixin.py:104} INFO - [2022-09-24 16:45:46,311] {dag.py:2280} INFO - Setting next_dagrun for example_xcom to 2022-09-22 00:00:00+00:00
[2022-09-24 16:45:46,319] {scheduler_job.py:190} INFO - Processing /home/airflow/.local/lib/python3.6/site-packages/airflow/example_dags/example_xcom.py took 0.049 seconds
[2022-09-24 16:46:17,166] {scheduler_job.py:182} INFO - Started process (PID=926) to work on /home/airflow/.local/lib/python3.6/site-packages/airflow/example_dags/example_xcom.py
[2022-09-24 16:46:17,167] {scheduler_job.py:629} INFO - Processing file /home/airflow/.local/lib/python3.6/site-packages/airflow/example_dags/example_xcom.py for tasks to queue
[2022-09-24 16:46:17,168] {logging_mixin.py:104} INFO - [2022-09-24 16:46:17,168] {dagbag.py:451} INFO - Filling up the DagBag from /home/airflow/.local/lib/python3.6/site-packages/airflow/example_dags/example_xcom.py
[2022-09-24 16:46:17,176] {scheduler_job.py:639} INFO - DAG(s) dict_keys(['example_xcom']) retrieved from /home/airflow/.local/lib/python3.6/site-packages/airflow/example_dags/example_xcom.py
[2022-09-24 16:46:17,190] {logging_mixin.py:104} INFO - [2022-09-24 16:46:17,190] {dag.py:1824} INFO - Sync 1 DAGs
[2022-09-24 16:46:17,200] {logging_mixin.py:104} INFO - [2022-09-24 16:46:17,200] {dag.py:2280} INFO - Setting next_dagrun for example_xcom to 2022-09-22 00:00:00+00:00
[2022-09-24 16:46:17,206] {scheduler_job.py:190} INFO - Processing /home/airflow/.local/lib/python3.6/site-packages/airflow/example_dags/example_xcom.py took 0.043 seconds
[2022-09-24 16:46:48,167] {scheduler_job.py:182} INFO - Started process (PID=953) to work on /home/airflow/.local/lib/python3.6/site-packages/airflow/example_dags/example_xcom.py
[2022-09-24 16:46:48,168] {scheduler_job.py:629} INFO - Processing file /home/airflow/.local/lib/python3.6/site-packages/airflow/example_dags/example_xcom.py for tasks to queue
[2022-09-24 16:46:48,169] {logging_mixin.py:104} INFO - [2022-09-24 16:46:48,169] {dagbag.py:451} INFO - Filling up the DagBag from /home/airflow/.local/lib/python3.6/site-packages/airflow/example_dags/example_xcom.py
[2022-09-24 16:46:48,176] {scheduler_job.py:639} INFO - DAG(s) dict_keys(['example_xcom']) retrieved from /home/airflow/.local/lib/python3.6/site-packages/airflow/example_dags/example_xcom.py
[2022-09-24 16:46:48,193] {logging_mixin.py:104} INFO - [2022-09-24 16:46:48,193] {dag.py:1824} INFO - Sync 1 DAGs
[2022-09-24 16:46:48,203] {logging_mixin.py:104} INFO - [2022-09-24 16:46:48,203] {dag.py:2280} INFO - Setting next_dagrun for example_xcom to 2022-09-22 00:00:00+00:00
[2022-09-24 16:46:48,211] {scheduler_job.py:190} INFO - Processing /home/airflow/.local/lib/python3.6/site-packages/airflow/example_dags/example_xcom.py took 0.047 seconds
[2022-09-24 16:47:19,170] {scheduler_job.py:182} INFO - Started process (PID=980) to work on /home/airflow/.local/lib/python3.6/site-packages/airflow/example_dags/example_xcom.py
[2022-09-24 16:47:19,171] {scheduler_job.py:629} INFO - Processing file /home/airflow/.local/lib/python3.6/site-packages/airflow/example_dags/example_xcom.py for tasks to queue
[2022-09-24 16:47:19,172] {logging_mixin.py:104} INFO - [2022-09-24 16:47:19,172] {dagbag.py:451} INFO - Filling up the DagBag from /home/airflow/.local/lib/python3.6/site-packages/airflow/example_dags/example_xcom.py
[2022-09-24 16:47:19,181] {scheduler_job.py:639} INFO - DAG(s) dict_keys(['example_xcom']) retrieved from /home/airflow/.local/lib/python3.6/site-packages/airflow/example_dags/example_xcom.py
[2022-09-24 16:47:19,200] {logging_mixin.py:104} INFO - [2022-09-24 16:47:19,200] {dag.py:1824} INFO - Sync 1 DAGs
[2022-09-24 16:47:19,214] {logging_mixin.py:104} INFO - [2022-09-24 16:47:19,214] {dag.py:2280} INFO - Setting next_dagrun for example_xcom to 2022-09-22 00:00:00+00:00
[2022-09-24 16:47:19,221] {scheduler_job.py:190} INFO - Processing /home/airflow/.local/lib/python3.6/site-packages/airflow/example_dags/example_xcom.py took 0.053 seconds
[2022-09-24 16:47:50,202] {scheduler_job.py:182} INFO - Started process (PID=1007) to work on /home/airflow/.local/lib/python3.6/site-packages/airflow/example_dags/example_xcom.py
[2022-09-24 16:47:50,203] {scheduler_job.py:629} INFO - Processing file /home/airflow/.local/lib/python3.6/site-packages/airflow/example_dags/example_xcom.py for tasks to queue
[2022-09-24 16:47:50,204] {logging_mixin.py:104} INFO - [2022-09-24 16:47:50,204] {dagbag.py:451} INFO - Filling up the DagBag from /home/airflow/.local/lib/python3.6/site-packages/airflow/example_dags/example_xcom.py
[2022-09-24 16:47:50,213] {scheduler_job.py:639} INFO - DAG(s) dict_keys(['example_xcom']) retrieved from /home/airflow/.local/lib/python3.6/site-packages/airflow/example_dags/example_xcom.py
[2022-09-24 16:47:50,231] {logging_mixin.py:104} INFO - [2022-09-24 16:47:50,231] {dag.py:1824} INFO - Sync 1 DAGs
[2022-09-24 16:47:50,244] {logging_mixin.py:104} INFO - [2022-09-24 16:47:50,244] {dag.py:2280} INFO - Setting next_dagrun for example_xcom to 2022-09-22 00:00:00+00:00
[2022-09-24 16:47:50,253] {scheduler_job.py:190} INFO - Processing /home/airflow/.local/lib/python3.6/site-packages/airflow/example_dags/example_xcom.py took 0.053 seconds
[2022-09-24 16:48:20,286] {scheduler_job.py:182} INFO - Started process (PID=1034) to work on /home/airflow/.local/lib/python3.6/site-packages/airflow/example_dags/example_xcom.py
[2022-09-24 16:48:20,287] {scheduler_job.py:629} INFO - Processing file /home/airflow/.local/lib/python3.6/site-packages/airflow/example_dags/example_xcom.py for tasks to queue
[2022-09-24 16:48:20,288] {logging_mixin.py:104} INFO - [2022-09-24 16:48:20,288] {dagbag.py:451} INFO - Filling up the DagBag from /home/airflow/.local/lib/python3.6/site-packages/airflow/example_dags/example_xcom.py
[2022-09-24 16:48:20,296] {scheduler_job.py:639} INFO - DAG(s) dict_keys(['example_xcom']) retrieved from /home/airflow/.local/lib/python3.6/site-packages/airflow/example_dags/example_xcom.py
[2022-09-24 16:48:20,314] {logging_mixin.py:104} INFO - [2022-09-24 16:48:20,314] {dag.py:1824} INFO - Sync 1 DAGs
[2022-09-24 16:48:20,327] {logging_mixin.py:104} INFO - [2022-09-24 16:48:20,327] {dag.py:2280} INFO - Setting next_dagrun for example_xcom to 2022-09-22 00:00:00+00:00
[2022-09-24 16:48:20,336] {scheduler_job.py:190} INFO - Processing /home/airflow/.local/lib/python3.6/site-packages/airflow/example_dags/example_xcom.py took 0.052 seconds
[2022-09-24 16:48:50,361] {scheduler_job.py:182} INFO - Started process (PID=1060) to work on /home/airflow/.local/lib/python3.6/site-packages/airflow/example_dags/example_xcom.py
[2022-09-24 16:48:50,363] {scheduler_job.py:629} INFO - Processing file /home/airflow/.local/lib/python3.6/site-packages/airflow/example_dags/example_xcom.py for tasks to queue
[2022-09-24 16:48:50,364] {logging_mixin.py:104} INFO - [2022-09-24 16:48:50,364] {dagbag.py:451} INFO - Filling up the DagBag from /home/airflow/.local/lib/python3.6/site-packages/airflow/example_dags/example_xcom.py
[2022-09-24 16:48:50,379] {scheduler_job.py:639} INFO - DAG(s) dict_keys(['example_xcom']) retrieved from /home/airflow/.local/lib/python3.6/site-packages/airflow/example_dags/example_xcom.py
[2022-09-24 16:48:50,400] {logging_mixin.py:104} INFO - [2022-09-24 16:48:50,400] {dag.py:1824} INFO - Sync 1 DAGs
[2022-09-24 16:48:50,420] {logging_mixin.py:104} INFO - [2022-09-24 16:48:50,420] {dag.py:2280} INFO - Setting next_dagrun for example_xcom to 2022-09-22 00:00:00+00:00
[2022-09-24 16:48:50,432] {scheduler_job.py:190} INFO - Processing /home/airflow/.local/lib/python3.6/site-packages/airflow/example_dags/example_xcom.py took 0.077 seconds
[2022-09-24 16:49:20,709] {scheduler_job.py:182} INFO - Started process (PID=1089) to work on /home/airflow/.local/lib/python3.6/site-packages/airflow/example_dags/example_xcom.py
[2022-09-24 16:49:20,710] {scheduler_job.py:629} INFO - Processing file /home/airflow/.local/lib/python3.6/site-packages/airflow/example_dags/example_xcom.py for tasks to queue
[2022-09-24 16:49:20,711] {logging_mixin.py:104} INFO - [2022-09-24 16:49:20,711] {dagbag.py:451} INFO - Filling up the DagBag from /home/airflow/.local/lib/python3.6/site-packages/airflow/example_dags/example_xcom.py
[2022-09-24 16:49:20,721] {scheduler_job.py:639} INFO - DAG(s) dict_keys(['example_xcom']) retrieved from /home/airflow/.local/lib/python3.6/site-packages/airflow/example_dags/example_xcom.py
[2022-09-24 16:49:20,739] {logging_mixin.py:104} INFO - [2022-09-24 16:49:20,739] {dag.py:1824} INFO - Sync 1 DAGs
[2022-09-24 16:49:20,752] {logging_mixin.py:104} INFO - [2022-09-24 16:49:20,751] {dag.py:2280} INFO - Setting next_dagrun for example_xcom to 2022-09-22 00:00:00+00:00
[2022-09-24 16:49:20,761] {scheduler_job.py:190} INFO - Processing /home/airflow/.local/lib/python3.6/site-packages/airflow/example_dags/example_xcom.py took 0.054 seconds
[2022-09-24 16:49:50,931] {scheduler_job.py:182} INFO - Started process (PID=1115) to work on /home/airflow/.local/lib/python3.6/site-packages/airflow/example_dags/example_xcom.py
[2022-09-24 16:49:50,932] {scheduler_job.py:629} INFO - Processing file /home/airflow/.local/lib/python3.6/site-packages/airflow/example_dags/example_xcom.py for tasks to queue
[2022-09-24 16:49:50,933] {logging_mixin.py:104} INFO - [2022-09-24 16:49:50,933] {dagbag.py:451} INFO - Filling up the DagBag from /home/airflow/.local/lib/python3.6/site-packages/airflow/example_dags/example_xcom.py
[2022-09-24 16:49:50,943] {scheduler_job.py:639} INFO - DAG(s) dict_keys(['example_xcom']) retrieved from /home/airflow/.local/lib/python3.6/site-packages/airflow/example_dags/example_xcom.py
[2022-09-24 16:49:50,959] {logging_mixin.py:104} INFO - [2022-09-24 16:49:50,959] {dag.py:1824} INFO - Sync 1 DAGs
[2022-09-24 16:49:50,969] {logging_mixin.py:104} INFO - [2022-09-24 16:49:50,969] {dag.py:2280} INFO - Setting next_dagrun for example_xcom to 2022-09-22 00:00:00+00:00
[2022-09-24 16:49:50,977] {scheduler_job.py:190} INFO - Processing /home/airflow/.local/lib/python3.6/site-packages/airflow/example_dags/example_xcom.py took 0.049 seconds
[2022-09-24 16:50:21,248] {scheduler_job.py:182} INFO - Started process (PID=1142) to work on /home/airflow/.local/lib/python3.6/site-packages/airflow/example_dags/example_xcom.py
[2022-09-24 16:50:21,249] {scheduler_job.py:629} INFO - Processing file /home/airflow/.local/lib/python3.6/site-packages/airflow/example_dags/example_xcom.py for tasks to queue
[2022-09-24 16:50:21,250] {logging_mixin.py:104} INFO - [2022-09-24 16:50:21,250] {dagbag.py:451} INFO - Filling up the DagBag from /home/airflow/.local/lib/python3.6/site-packages/airflow/example_dags/example_xcom.py
[2022-09-24 16:50:21,258] {scheduler_job.py:639} INFO - DAG(s) dict_keys(['example_xcom']) retrieved from /home/airflow/.local/lib/python3.6/site-packages/airflow/example_dags/example_xcom.py
[2022-09-24 16:50:21,273] {logging_mixin.py:104} INFO - [2022-09-24 16:50:21,273] {dag.py:1824} INFO - Sync 1 DAGs
[2022-09-24 16:50:21,283] {logging_mixin.py:104} INFO - [2022-09-24 16:50:21,283] {dag.py:2280} INFO - Setting next_dagrun for example_xcom to 2022-09-22 00:00:00+00:00
[2022-09-24 16:50:21,290] {scheduler_job.py:190} INFO - Processing /home/airflow/.local/lib/python3.6/site-packages/airflow/example_dags/example_xcom.py took 0.044 seconds
[2022-09-24 16:50:51,339] {scheduler_job.py:182} INFO - Started process (PID=1168) to work on /home/airflow/.local/lib/python3.6/site-packages/airflow/example_dags/example_xcom.py
[2022-09-24 16:50:51,340] {scheduler_job.py:629} INFO - Processing file /home/airflow/.local/lib/python3.6/site-packages/airflow/example_dags/example_xcom.py for tasks to queue
[2022-09-24 16:50:51,340] {logging_mixin.py:104} INFO - [2022-09-24 16:50:51,340] {dagbag.py:451} INFO - Filling up the DagBag from /home/airflow/.local/lib/python3.6/site-packages/airflow/example_dags/example_xcom.py
[2022-09-24 16:50:51,348] {scheduler_job.py:639} INFO - DAG(s) dict_keys(['example_xcom']) retrieved from /home/airflow/.local/lib/python3.6/site-packages/airflow/example_dags/example_xcom.py
[2022-09-24 16:50:51,364] {logging_mixin.py:104} INFO - [2022-09-24 16:50:51,364] {dag.py:1824} INFO - Sync 1 DAGs
[2022-09-24 16:50:51,374] {logging_mixin.py:104} INFO - [2022-09-24 16:50:51,374] {dag.py:2280} INFO - Setting next_dagrun for example_xcom to 2022-09-22 00:00:00+00:00
[2022-09-24 16:50:51,386] {scheduler_job.py:190} INFO - Processing /home/airflow/.local/lib/python3.6/site-packages/airflow/example_dags/example_xcom.py took 0.050 seconds
[2022-09-24 16:51:21,549] {scheduler_job.py:182} INFO - Started process (PID=1196) to work on /home/airflow/.local/lib/python3.6/site-packages/airflow/example_dags/example_xcom.py
[2022-09-24 16:51:21,550] {scheduler_job.py:629} INFO - Processing file /home/airflow/.local/lib/python3.6/site-packages/airflow/example_dags/example_xcom.py for tasks to queue
[2022-09-24 16:51:21,550] {logging_mixin.py:104} INFO - [2022-09-24 16:51:21,550] {dagbag.py:451} INFO - Filling up the DagBag from /home/airflow/.local/lib/python3.6/site-packages/airflow/example_dags/example_xcom.py
[2022-09-24 16:51:21,558] {scheduler_job.py:639} INFO - DAG(s) dict_keys(['example_xcom']) retrieved from /home/airflow/.local/lib/python3.6/site-packages/airflow/example_dags/example_xcom.py
[2022-09-24 16:51:21,572] {logging_mixin.py:104} INFO - [2022-09-24 16:51:21,572] {dag.py:1824} INFO - Sync 1 DAGs
[2022-09-24 16:51:21,581] {logging_mixin.py:104} INFO - [2022-09-24 16:51:21,581] {dag.py:2280} INFO - Setting next_dagrun for example_xcom to 2022-09-22 00:00:00+00:00
[2022-09-24 16:51:21,589] {scheduler_job.py:190} INFO - Processing /home/airflow/.local/lib/python3.6/site-packages/airflow/example_dags/example_xcom.py took 0.043 seconds
[2022-09-24 16:51:51,678] {scheduler_job.py:182} INFO - Started process (PID=1223) to work on /home/airflow/.local/lib/python3.6/site-packages/airflow/example_dags/example_xcom.py
[2022-09-24 16:51:51,679] {scheduler_job.py:629} INFO - Processing file /home/airflow/.local/lib/python3.6/site-packages/airflow/example_dags/example_xcom.py for tasks to queue
[2022-09-24 16:51:51,680] {logging_mixin.py:104} INFO - [2022-09-24 16:51:51,680] {dagbag.py:451} INFO - Filling up the DagBag from /home/airflow/.local/lib/python3.6/site-packages/airflow/example_dags/example_xcom.py
[2022-09-24 16:51:51,687] {scheduler_job.py:639} INFO - DAG(s) dict_keys(['example_xcom']) retrieved from /home/airflow/.local/lib/python3.6/site-packages/airflow/example_dags/example_xcom.py
[2022-09-24 16:51:51,702] {logging_mixin.py:104} INFO - [2022-09-24 16:51:51,702] {dag.py:1824} INFO - Sync 1 DAGs
[2022-09-24 16:51:51,712] {logging_mixin.py:104} INFO - [2022-09-24 16:51:51,712] {dag.py:2280} INFO - Setting next_dagrun for example_xcom to 2022-09-22 00:00:00+00:00
[2022-09-24 16:51:51,719] {scheduler_job.py:190} INFO - Processing /home/airflow/.local/lib/python3.6/site-packages/airflow/example_dags/example_xcom.py took 0.044 seconds
[2022-09-24 16:52:21,755] {scheduler_job.py:182} INFO - Started process (PID=1250) to work on /home/airflow/.local/lib/python3.6/site-packages/airflow/example_dags/example_xcom.py
[2022-09-24 16:52:21,756] {scheduler_job.py:629} INFO - Processing file /home/airflow/.local/lib/python3.6/site-packages/airflow/example_dags/example_xcom.py for tasks to queue
[2022-09-24 16:52:21,756] {logging_mixin.py:104} INFO - [2022-09-24 16:52:21,756] {dagbag.py:451} INFO - Filling up the DagBag from /home/airflow/.local/lib/python3.6/site-packages/airflow/example_dags/example_xcom.py
[2022-09-24 16:52:21,765] {scheduler_job.py:639} INFO - DAG(s) dict_keys(['example_xcom']) retrieved from /home/airflow/.local/lib/python3.6/site-packages/airflow/example_dags/example_xcom.py
[2022-09-24 16:52:21,784] {logging_mixin.py:104} INFO - [2022-09-24 16:52:21,784] {dag.py:1824} INFO - Sync 1 DAGs
[2022-09-24 16:52:21,794] {logging_mixin.py:104} INFO - [2022-09-24 16:52:21,793] {dag.py:2280} INFO - Setting next_dagrun for example_xcom to 2022-09-22 00:00:00+00:00
[2022-09-24 16:52:21,802] {scheduler_job.py:190} INFO - Processing /home/airflow/.local/lib/python3.6/site-packages/airflow/example_dags/example_xcom.py took 0.050 seconds
[2022-09-24 16:52:52,739] {scheduler_job.py:182} INFO - Started process (PID=1277) to work on /home/airflow/.local/lib/python3.6/site-packages/airflow/example_dags/example_xcom.py
[2022-09-24 16:52:52,740] {scheduler_job.py:629} INFO - Processing file /home/airflow/.local/lib/python3.6/site-packages/airflow/example_dags/example_xcom.py for tasks to queue
[2022-09-24 16:52:52,741] {logging_mixin.py:104} INFO - [2022-09-24 16:52:52,741] {dagbag.py:451} INFO - Filling up the DagBag from /home/airflow/.local/lib/python3.6/site-packages/airflow/example_dags/example_xcom.py
[2022-09-24 16:52:52,749] {scheduler_job.py:639} INFO - DAG(s) dict_keys(['example_xcom']) retrieved from /home/airflow/.local/lib/python3.6/site-packages/airflow/example_dags/example_xcom.py
[2022-09-24 16:52:52,764] {logging_mixin.py:104} INFO - [2022-09-24 16:52:52,764] {dag.py:1824} INFO - Sync 1 DAGs
[2022-09-24 16:52:52,774] {logging_mixin.py:104} INFO - [2022-09-24 16:52:52,774] {dag.py:2280} INFO - Setting next_dagrun for example_xcom to 2022-09-22 00:00:00+00:00
[2022-09-24 16:52:52,781] {scheduler_job.py:190} INFO - Processing /home/airflow/.local/lib/python3.6/site-packages/airflow/example_dags/example_xcom.py took 0.045 seconds
[2022-09-24 16:53:23,767] {scheduler_job.py:182} INFO - Started process (PID=1304) to work on /home/airflow/.local/lib/python3.6/site-packages/airflow/example_dags/example_xcom.py
[2022-09-24 16:53:23,768] {scheduler_job.py:629} INFO - Processing file /home/airflow/.local/lib/python3.6/site-packages/airflow/example_dags/example_xcom.py for tasks to queue
[2022-09-24 16:53:23,769] {logging_mixin.py:104} INFO - [2022-09-24 16:53:23,769] {dagbag.py:451} INFO - Filling up the DagBag from /home/airflow/.local/lib/python3.6/site-packages/airflow/example_dags/example_xcom.py
[2022-09-24 16:53:23,777] {scheduler_job.py:639} INFO - DAG(s) dict_keys(['example_xcom']) retrieved from /home/airflow/.local/lib/python3.6/site-packages/airflow/example_dags/example_xcom.py
[2022-09-24 16:53:23,793] {logging_mixin.py:104} INFO - [2022-09-24 16:53:23,793] {dag.py:1824} INFO - Sync 1 DAGs
[2022-09-24 16:53:23,803] {logging_mixin.py:104} INFO - [2022-09-24 16:53:23,803] {dag.py:2280} INFO - Setting next_dagrun for example_xcom to 2022-09-22 00:00:00+00:00
[2022-09-24 16:53:23,811] {scheduler_job.py:190} INFO - Processing /home/airflow/.local/lib/python3.6/site-packages/airflow/example_dags/example_xcom.py took 0.046 seconds
[2022-09-24 16:53:53,877] {scheduler_job.py:182} INFO - Started process (PID=1331) to work on /home/airflow/.local/lib/python3.6/site-packages/airflow/example_dags/example_xcom.py
[2022-09-24 16:53:53,878] {scheduler_job.py:629} INFO - Processing file /home/airflow/.local/lib/python3.6/site-packages/airflow/example_dags/example_xcom.py for tasks to queue
[2022-09-24 16:53:53,879] {logging_mixin.py:104} INFO - [2022-09-24 16:53:53,879] {dagbag.py:451} INFO - Filling up the DagBag from /home/airflow/.local/lib/python3.6/site-packages/airflow/example_dags/example_xcom.py
[2022-09-24 16:53:53,887] {scheduler_job.py:639} INFO - DAG(s) dict_keys(['example_xcom']) retrieved from /home/airflow/.local/lib/python3.6/site-packages/airflow/example_dags/example_xcom.py
[2022-09-24 16:53:53,901] {logging_mixin.py:104} INFO - [2022-09-24 16:53:53,901] {dag.py:1824} INFO - Sync 1 DAGs
[2022-09-24 16:53:53,911] {logging_mixin.py:104} INFO - [2022-09-24 16:53:53,910] {dag.py:2280} INFO - Setting next_dagrun for example_xcom to 2022-09-22 00:00:00+00:00
[2022-09-24 16:53:53,917] {scheduler_job.py:190} INFO - Processing /home/airflow/.local/lib/python3.6/site-packages/airflow/example_dags/example_xcom.py took 0.043 seconds
[2022-09-24 16:54:24,009] {scheduler_job.py:182} INFO - Started process (PID=1358) to work on /home/airflow/.local/lib/python3.6/site-packages/airflow/example_dags/example_xcom.py
[2022-09-24 16:54:24,009] {scheduler_job.py:629} INFO - Processing file /home/airflow/.local/lib/python3.6/site-packages/airflow/example_dags/example_xcom.py for tasks to queue
[2022-09-24 16:54:24,010] {logging_mixin.py:104} INFO - [2022-09-24 16:54:24,010] {dagbag.py:451} INFO - Filling up the DagBag from /home/airflow/.local/lib/python3.6/site-packages/airflow/example_dags/example_xcom.py
[2022-09-24 16:54:24,018] {scheduler_job.py:639} INFO - DAG(s) dict_keys(['example_xcom']) retrieved from /home/airflow/.local/lib/python3.6/site-packages/airflow/example_dags/example_xcom.py
[2022-09-24 16:54:24,032] {logging_mixin.py:104} INFO - [2022-09-24 16:54:24,032] {dag.py:1824} INFO - Sync 1 DAGs
[2022-09-24 16:54:24,042] {logging_mixin.py:104} INFO - [2022-09-24 16:54:24,042] {dag.py:2280} INFO - Setting next_dagrun for example_xcom to 2022-09-22 00:00:00+00:00
[2022-09-24 16:54:24,048] {scheduler_job.py:190} INFO - Processing /home/airflow/.local/lib/python3.6/site-packages/airflow/example_dags/example_xcom.py took 0.042 seconds
[2022-09-24 16:54:55,403] {scheduler_job.py:182} INFO - Started process (PID=1395) to work on /home/airflow/.local/lib/python3.6/site-packages/airflow/example_dags/example_xcom.py
[2022-09-24 16:54:55,404] {scheduler_job.py:629} INFO - Processing file /home/airflow/.local/lib/python3.6/site-packages/airflow/example_dags/example_xcom.py for tasks to queue
[2022-09-24 16:54:55,405] {logging_mixin.py:104} INFO - [2022-09-24 16:54:55,405] {dagbag.py:451} INFO - Filling up the DagBag from /home/airflow/.local/lib/python3.6/site-packages/airflow/example_dags/example_xcom.py
[2022-09-24 16:54:55,416] {scheduler_job.py:639} INFO - DAG(s) dict_keys(['example_xcom']) retrieved from /home/airflow/.local/lib/python3.6/site-packages/airflow/example_dags/example_xcom.py
[2022-09-24 16:54:55,433] {logging_mixin.py:104} INFO - [2022-09-24 16:54:55,433] {dag.py:1824} INFO - Sync 1 DAGs
[2022-09-24 16:54:55,446] {logging_mixin.py:104} INFO - [2022-09-24 16:54:55,446] {dag.py:2280} INFO - Setting next_dagrun for example_xcom to 2022-09-22 00:00:00+00:00
[2022-09-24 16:54:55,455] {scheduler_job.py:190} INFO - Processing /home/airflow/.local/lib/python3.6/site-packages/airflow/example_dags/example_xcom.py took 0.055 seconds
[2022-09-24 16:55:25,525] {scheduler_job.py:182} INFO - Started process (PID=1423) to work on /home/airflow/.local/lib/python3.6/site-packages/airflow/example_dags/example_xcom.py
[2022-09-24 16:55:25,527] {scheduler_job.py:629} INFO - Processing file /home/airflow/.local/lib/python3.6/site-packages/airflow/example_dags/example_xcom.py for tasks to queue
[2022-09-24 16:55:25,528] {logging_mixin.py:104} INFO - [2022-09-24 16:55:25,528] {dagbag.py:451} INFO - Filling up the DagBag from /home/airflow/.local/lib/python3.6/site-packages/airflow/example_dags/example_xcom.py
[2022-09-24 16:55:25,538] {scheduler_job.py:639} INFO - DAG(s) dict_keys(['example_xcom']) retrieved from /home/airflow/.local/lib/python3.6/site-packages/airflow/example_dags/example_xcom.py
[2022-09-24 16:55:25,556] {logging_mixin.py:104} INFO - [2022-09-24 16:55:25,556] {dag.py:1824} INFO - Sync 1 DAGs
[2022-09-24 16:55:25,569] {logging_mixin.py:104} INFO - [2022-09-24 16:55:25,569] {dag.py:2280} INFO - Setting next_dagrun for example_xcom to 2022-09-22 00:00:00+00:00
[2022-09-24 16:55:25,578] {scheduler_job.py:190} INFO - Processing /home/airflow/.local/lib/python3.6/site-packages/airflow/example_dags/example_xcom.py took 0.055 seconds
