[2022-09-24 16:29:35,065] {scheduler_job.py:182} INFO - Started process (PID=48) to work on /home/airflow/.local/lib/python3.6/site-packages/airflow/example_dags/example_branch_python_dop_operator_3.py
[2022-09-24 16:29:35,066] {scheduler_job.py:629} INFO - Processing file /home/airflow/.local/lib/python3.6/site-packages/airflow/example_dags/example_branch_python_dop_operator_3.py for tasks to queue
[2022-09-24 16:29:35,067] {logging_mixin.py:104} INFO - [2022-09-24 16:29:35,067] {dagbag.py:451} INFO - Filling up the DagBag from /home/airflow/.local/lib/python3.6/site-packages/airflow/example_dags/example_branch_python_dop_operator_3.py
[2022-09-24 16:29:35,082] {scheduler_job.py:639} INFO - DAG(s) dict_keys(['example_branch_dop_operator_v3']) retrieved from /home/airflow/.local/lib/python3.6/site-packages/airflow/example_dags/example_branch_python_dop_operator_3.py
[2022-09-24 16:29:35,109] {logging_mixin.py:104} INFO - [2022-09-24 16:29:35,109] {dag.py:1824} INFO - Sync 1 DAGs
[2022-09-24 16:29:35,124] {logging_mixin.py:104} INFO - [2022-09-24 16:29:35,124] {dag.py:1843} INFO - Creating ORM DAG for example_branch_dop_operator_v3
[2022-09-24 16:29:35,142] {logging_mixin.py:104} INFO - [2022-09-24 16:29:35,142] {dag.py:2280} INFO - Setting next_dagrun for example_branch_dop_operator_v3 to 2022-09-22 00:00:00+00:00
[2022-09-24 16:29:35,158] {scheduler_job.py:190} INFO - Processing /home/airflow/.local/lib/python3.6/site-packages/airflow/example_dags/example_branch_python_dop_operator_3.py took 0.097 seconds
[2022-09-24 16:30:05,595] {scheduler_job.py:182} INFO - Started process (PID=74) to work on /home/airflow/.local/lib/python3.6/site-packages/airflow/example_dags/example_branch_python_dop_operator_3.py
[2022-09-24 16:30:05,596] {scheduler_job.py:629} INFO - Processing file /home/airflow/.local/lib/python3.6/site-packages/airflow/example_dags/example_branch_python_dop_operator_3.py for tasks to queue
[2022-09-24 16:30:05,597] {logging_mixin.py:104} INFO - [2022-09-24 16:30:05,597] {dagbag.py:451} INFO - Filling up the DagBag from /home/airflow/.local/lib/python3.6/site-packages/airflow/example_dags/example_branch_python_dop_operator_3.py
[2022-09-24 16:30:05,609] {scheduler_job.py:639} INFO - DAG(s) dict_keys(['example_branch_dop_operator_v3']) retrieved from /home/airflow/.local/lib/python3.6/site-packages/airflow/example_dags/example_branch_python_dop_operator_3.py
[2022-09-24 16:30:05,625] {logging_mixin.py:104} INFO - [2022-09-24 16:30:05,625] {dag.py:1824} INFO - Sync 1 DAGs
[2022-09-24 16:30:05,645] {logging_mixin.py:104} INFO - [2022-09-24 16:30:05,644] {dag.py:2280} INFO - Setting next_dagrun for example_branch_dop_operator_v3 to 2022-09-22 00:00:00+00:00
[2022-09-24 16:30:05,652] {scheduler_job.py:190} INFO - Processing /home/airflow/.local/lib/python3.6/site-packages/airflow/example_dags/example_branch_python_dop_operator_3.py took 0.060 seconds
[2022-09-24 16:30:35,688] {scheduler_job.py:182} INFO - Started process (PID=100) to work on /home/airflow/.local/lib/python3.6/site-packages/airflow/example_dags/example_branch_python_dop_operator_3.py
[2022-09-24 16:30:35,689] {scheduler_job.py:629} INFO - Processing file /home/airflow/.local/lib/python3.6/site-packages/airflow/example_dags/example_branch_python_dop_operator_3.py for tasks to queue
[2022-09-24 16:30:35,689] {logging_mixin.py:104} INFO - [2022-09-24 16:30:35,689] {dagbag.py:451} INFO - Filling up the DagBag from /home/airflow/.local/lib/python3.6/site-packages/airflow/example_dags/example_branch_python_dop_operator_3.py
[2022-09-24 16:30:35,699] {scheduler_job.py:639} INFO - DAG(s) dict_keys(['example_branch_dop_operator_v3']) retrieved from /home/airflow/.local/lib/python3.6/site-packages/airflow/example_dags/example_branch_python_dop_operator_3.py
[2022-09-24 16:30:35,714] {logging_mixin.py:104} INFO - [2022-09-24 16:30:35,714] {dag.py:1824} INFO - Sync 1 DAGs
[2022-09-24 16:30:35,734] {logging_mixin.py:104} INFO - [2022-09-24 16:30:35,734] {dag.py:2280} INFO - Setting next_dagrun for example_branch_dop_operator_v3 to 2022-09-22 00:00:00+00:00
[2022-09-24 16:30:35,742] {scheduler_job.py:190} INFO - Processing /home/airflow/.local/lib/python3.6/site-packages/airflow/example_dags/example_branch_python_dop_operator_3.py took 0.057 seconds
[2022-09-24 16:31:06,655] {scheduler_job.py:182} INFO - Started process (PID=126) to work on /home/airflow/.local/lib/python3.6/site-packages/airflow/example_dags/example_branch_python_dop_operator_3.py
[2022-09-24 16:31:06,656] {scheduler_job.py:629} INFO - Processing file /home/airflow/.local/lib/python3.6/site-packages/airflow/example_dags/example_branch_python_dop_operator_3.py for tasks to queue
[2022-09-24 16:31:06,656] {logging_mixin.py:104} INFO - [2022-09-24 16:31:06,656] {dagbag.py:451} INFO - Filling up the DagBag from /home/airflow/.local/lib/python3.6/site-packages/airflow/example_dags/example_branch_python_dop_operator_3.py
[2022-09-24 16:31:06,666] {scheduler_job.py:639} INFO - DAG(s) dict_keys(['example_branch_dop_operator_v3']) retrieved from /home/airflow/.local/lib/python3.6/site-packages/airflow/example_dags/example_branch_python_dop_operator_3.py
[2022-09-24 16:31:06,680] {logging_mixin.py:104} INFO - [2022-09-24 16:31:06,680] {dag.py:1824} INFO - Sync 1 DAGs
[2022-09-24 16:31:06,700] {logging_mixin.py:104} INFO - [2022-09-24 16:31:06,700] {dag.py:2280} INFO - Setting next_dagrun for example_branch_dop_operator_v3 to 2022-09-22 00:00:00+00:00
[2022-09-24 16:31:06,706] {scheduler_job.py:190} INFO - Processing /home/airflow/.local/lib/python3.6/site-packages/airflow/example_dags/example_branch_python_dop_operator_3.py took 0.054 seconds
[2022-09-24 16:31:37,592] {scheduler_job.py:182} INFO - Started process (PID=152) to work on /home/airflow/.local/lib/python3.6/site-packages/airflow/example_dags/example_branch_python_dop_operator_3.py
[2022-09-24 16:31:37,593] {scheduler_job.py:629} INFO - Processing file /home/airflow/.local/lib/python3.6/site-packages/airflow/example_dags/example_branch_python_dop_operator_3.py for tasks to queue
[2022-09-24 16:31:37,593] {logging_mixin.py:104} INFO - [2022-09-24 16:31:37,593] {dagbag.py:451} INFO - Filling up the DagBag from /home/airflow/.local/lib/python3.6/site-packages/airflow/example_dags/example_branch_python_dop_operator_3.py
[2022-09-24 16:31:37,603] {scheduler_job.py:639} INFO - DAG(s) dict_keys(['example_branch_dop_operator_v3']) retrieved from /home/airflow/.local/lib/python3.6/site-packages/airflow/example_dags/example_branch_python_dop_operator_3.py
[2022-09-24 16:31:37,619] {logging_mixin.py:104} INFO - [2022-09-24 16:31:37,619] {dag.py:1824} INFO - Sync 1 DAGs
[2022-09-24 16:31:37,639] {logging_mixin.py:104} INFO - [2022-09-24 16:31:37,639] {dag.py:2280} INFO - Setting next_dagrun for example_branch_dop_operator_v3 to 2022-09-22 00:00:00+00:00
[2022-09-24 16:31:37,647] {scheduler_job.py:190} INFO - Processing /home/airflow/.local/lib/python3.6/site-packages/airflow/example_dags/example_branch_python_dop_operator_3.py took 0.057 seconds
[2022-09-24 16:32:08,745] {scheduler_job.py:182} INFO - Started process (PID=178) to work on /home/airflow/.local/lib/python3.6/site-packages/airflow/example_dags/example_branch_python_dop_operator_3.py
[2022-09-24 16:32:08,746] {scheduler_job.py:629} INFO - Processing file /home/airflow/.local/lib/python3.6/site-packages/airflow/example_dags/example_branch_python_dop_operator_3.py for tasks to queue
[2022-09-24 16:32:08,747] {logging_mixin.py:104} INFO - [2022-09-24 16:32:08,747] {dagbag.py:451} INFO - Filling up the DagBag from /home/airflow/.local/lib/python3.6/site-packages/airflow/example_dags/example_branch_python_dop_operator_3.py
[2022-09-24 16:32:08,756] {scheduler_job.py:639} INFO - DAG(s) dict_keys(['example_branch_dop_operator_v3']) retrieved from /home/airflow/.local/lib/python3.6/site-packages/airflow/example_dags/example_branch_python_dop_operator_3.py
[2022-09-24 16:32:08,775] {logging_mixin.py:104} INFO - [2022-09-24 16:32:08,775] {dag.py:1824} INFO - Sync 1 DAGs
[2022-09-24 16:32:08,793] {logging_mixin.py:104} INFO - [2022-09-24 16:32:08,793] {dag.py:2280} INFO - Setting next_dagrun for example_branch_dop_operator_v3 to 2022-09-22 00:00:00+00:00
[2022-09-24 16:32:08,803] {scheduler_job.py:190} INFO - Processing /home/airflow/.local/lib/python3.6/site-packages/airflow/example_dags/example_branch_python_dop_operator_3.py took 0.060 seconds
[2022-09-24 16:32:39,224] {scheduler_job.py:182} INFO - Started process (PID=204) to work on /home/airflow/.local/lib/python3.6/site-packages/airflow/example_dags/example_branch_python_dop_operator_3.py
[2022-09-24 16:32:39,226] {scheduler_job.py:629} INFO - Processing file /home/airflow/.local/lib/python3.6/site-packages/airflow/example_dags/example_branch_python_dop_operator_3.py for tasks to queue
[2022-09-24 16:32:39,228] {logging_mixin.py:104} INFO - [2022-09-24 16:32:39,228] {dagbag.py:451} INFO - Filling up the DagBag from /home/airflow/.local/lib/python3.6/site-packages/airflow/example_dags/example_branch_python_dop_operator_3.py
[2022-09-24 16:32:39,261] {scheduler_job.py:639} INFO - DAG(s) dict_keys(['example_branch_dop_operator_v3']) retrieved from /home/airflow/.local/lib/python3.6/site-packages/airflow/example_dags/example_branch_python_dop_operator_3.py
[2022-09-24 16:32:39,329] {logging_mixin.py:104} INFO - [2022-09-24 16:32:39,329] {dag.py:1824} INFO - Sync 1 DAGs
[2022-09-24 16:32:39,389] {logging_mixin.py:104} INFO - [2022-09-24 16:32:39,389] {dag.py:2280} INFO - Setting next_dagrun for example_branch_dop_operator_v3 to 2022-09-22 00:00:00+00:00
[2022-09-24 16:32:39,413] {scheduler_job.py:190} INFO - Processing /home/airflow/.local/lib/python3.6/site-packages/airflow/example_dags/example_branch_python_dop_operator_3.py took 0.194 seconds
[2022-09-24 16:33:09,487] {scheduler_job.py:182} INFO - Started process (PID=230) to work on /home/airflow/.local/lib/python3.6/site-packages/airflow/example_dags/example_branch_python_dop_operator_3.py
[2022-09-24 16:33:09,489] {scheduler_job.py:629} INFO - Processing file /home/airflow/.local/lib/python3.6/site-packages/airflow/example_dags/example_branch_python_dop_operator_3.py for tasks to queue
[2022-09-24 16:33:09,489] {logging_mixin.py:104} INFO - [2022-09-24 16:33:09,489] {dagbag.py:451} INFO - Filling up the DagBag from /home/airflow/.local/lib/python3.6/site-packages/airflow/example_dags/example_branch_python_dop_operator_3.py
[2022-09-24 16:33:09,502] {scheduler_job.py:639} INFO - DAG(s) dict_keys(['example_branch_dop_operator_v3']) retrieved from /home/airflow/.local/lib/python3.6/site-packages/airflow/example_dags/example_branch_python_dop_operator_3.py
[2022-09-24 16:33:09,524] {logging_mixin.py:104} INFO - [2022-09-24 16:33:09,524] {dag.py:1824} INFO - Sync 1 DAGs
[2022-09-24 16:33:09,549] {logging_mixin.py:104} INFO - [2022-09-24 16:33:09,548] {dag.py:2280} INFO - Setting next_dagrun for example_branch_dop_operator_v3 to 2022-09-22 00:00:00+00:00
[2022-09-24 16:33:09,560] {scheduler_job.py:190} INFO - Processing /home/airflow/.local/lib/python3.6/site-packages/airflow/example_dags/example_branch_python_dop_operator_3.py took 0.075 seconds
[2022-09-24 16:33:39,862] {scheduler_job.py:182} INFO - Started process (PID=256) to work on /home/airflow/.local/lib/python3.6/site-packages/airflow/example_dags/example_branch_python_dop_operator_3.py
[2022-09-24 16:33:39,864] {scheduler_job.py:629} INFO - Processing file /home/airflow/.local/lib/python3.6/site-packages/airflow/example_dags/example_branch_python_dop_operator_3.py for tasks to queue
[2022-09-24 16:33:39,864] {logging_mixin.py:104} INFO - [2022-09-24 16:33:39,864] {dagbag.py:451} INFO - Filling up the DagBag from /home/airflow/.local/lib/python3.6/site-packages/airflow/example_dags/example_branch_python_dop_operator_3.py
[2022-09-24 16:33:39,877] {scheduler_job.py:639} INFO - DAG(s) dict_keys(['example_branch_dop_operator_v3']) retrieved from /home/airflow/.local/lib/python3.6/site-packages/airflow/example_dags/example_branch_python_dop_operator_3.py
[2022-09-24 16:33:39,896] {logging_mixin.py:104} INFO - [2022-09-24 16:33:39,895] {dag.py:1824} INFO - Sync 1 DAGs
[2022-09-24 16:33:39,915] {logging_mixin.py:104} INFO - [2022-09-24 16:33:39,915] {dag.py:2280} INFO - Setting next_dagrun for example_branch_dop_operator_v3 to 2022-09-22 00:00:00+00:00
[2022-09-24 16:33:39,924] {scheduler_job.py:190} INFO - Processing /home/airflow/.local/lib/python3.6/site-packages/airflow/example_dags/example_branch_python_dop_operator_3.py took 0.064 seconds
[2022-09-24 16:34:10,249] {scheduler_job.py:182} INFO - Started process (PID=282) to work on /home/airflow/.local/lib/python3.6/site-packages/airflow/example_dags/example_branch_python_dop_operator_3.py
[2022-09-24 16:34:10,250] {scheduler_job.py:629} INFO - Processing file /home/airflow/.local/lib/python3.6/site-packages/airflow/example_dags/example_branch_python_dop_operator_3.py for tasks to queue
[2022-09-24 16:34:10,250] {logging_mixin.py:104} INFO - [2022-09-24 16:34:10,250] {dagbag.py:451} INFO - Filling up the DagBag from /home/airflow/.local/lib/python3.6/site-packages/airflow/example_dags/example_branch_python_dop_operator_3.py
[2022-09-24 16:34:10,267] {scheduler_job.py:639} INFO - DAG(s) dict_keys(['example_branch_dop_operator_v3']) retrieved from /home/airflow/.local/lib/python3.6/site-packages/airflow/example_dags/example_branch_python_dop_operator_3.py
[2022-09-24 16:34:10,289] {logging_mixin.py:104} INFO - [2022-09-24 16:34:10,289] {dag.py:1824} INFO - Sync 1 DAGs
[2022-09-24 16:34:10,319] {logging_mixin.py:104} INFO - [2022-09-24 16:34:10,319] {dag.py:2280} INFO - Setting next_dagrun for example_branch_dop_operator_v3 to 2022-09-22 00:00:00+00:00
[2022-09-24 16:34:10,331] {scheduler_job.py:190} INFO - Processing /home/airflow/.local/lib/python3.6/site-packages/airflow/example_dags/example_branch_python_dop_operator_3.py took 0.085 seconds
[2022-09-24 16:34:40,441] {scheduler_job.py:182} INFO - Started process (PID=309) to work on /home/airflow/.local/lib/python3.6/site-packages/airflow/example_dags/example_branch_python_dop_operator_3.py
[2022-09-24 16:34:40,442] {scheduler_job.py:629} INFO - Processing file /home/airflow/.local/lib/python3.6/site-packages/airflow/example_dags/example_branch_python_dop_operator_3.py for tasks to queue
[2022-09-24 16:34:40,443] {logging_mixin.py:104} INFO - [2022-09-24 16:34:40,443] {dagbag.py:451} INFO - Filling up the DagBag from /home/airflow/.local/lib/python3.6/site-packages/airflow/example_dags/example_branch_python_dop_operator_3.py
[2022-09-24 16:34:40,460] {scheduler_job.py:639} INFO - DAG(s) dict_keys(['example_branch_dop_operator_v3']) retrieved from /home/airflow/.local/lib/python3.6/site-packages/airflow/example_dags/example_branch_python_dop_operator_3.py
[2022-09-24 16:34:40,476] {logging_mixin.py:104} INFO - [2022-09-24 16:34:40,476] {dag.py:1824} INFO - Sync 1 DAGs
[2022-09-24 16:34:40,499] {logging_mixin.py:104} INFO - [2022-09-24 16:34:40,499] {dag.py:2280} INFO - Setting next_dagrun for example_branch_dop_operator_v3 to 2022-09-22 00:00:00+00:00
[2022-09-24 16:34:40,511] {scheduler_job.py:190} INFO - Processing /home/airflow/.local/lib/python3.6/site-packages/airflow/example_dags/example_branch_python_dop_operator_3.py took 0.074 seconds
[2022-09-24 16:35:10,827] {scheduler_job.py:182} INFO - Started process (PID=338) to work on /home/airflow/.local/lib/python3.6/site-packages/airflow/example_dags/example_branch_python_dop_operator_3.py
[2022-09-24 16:35:10,828] {scheduler_job.py:629} INFO - Processing file /home/airflow/.local/lib/python3.6/site-packages/airflow/example_dags/example_branch_python_dop_operator_3.py for tasks to queue
[2022-09-24 16:35:10,829] {logging_mixin.py:104} INFO - [2022-09-24 16:35:10,828] {dagbag.py:451} INFO - Filling up the DagBag from /home/airflow/.local/lib/python3.6/site-packages/airflow/example_dags/example_branch_python_dop_operator_3.py
[2022-09-24 16:35:10,844] {scheduler_job.py:639} INFO - DAG(s) dict_keys(['example_branch_dop_operator_v3']) retrieved from /home/airflow/.local/lib/python3.6/site-packages/airflow/example_dags/example_branch_python_dop_operator_3.py
[2022-09-24 16:35:10,861] {logging_mixin.py:104} INFO - [2022-09-24 16:35:10,861] {dag.py:1824} INFO - Sync 1 DAGs
[2022-09-24 16:35:10,886] {logging_mixin.py:104} INFO - [2022-09-24 16:35:10,886] {dag.py:2280} INFO - Setting next_dagrun for example_branch_dop_operator_v3 to 2022-09-22 00:00:00+00:00
[2022-09-24 16:35:10,897] {scheduler_job.py:190} INFO - Processing /home/airflow/.local/lib/python3.6/site-packages/airflow/example_dags/example_branch_python_dop_operator_3.py took 0.073 seconds
[2022-09-24 16:35:40,966] {scheduler_job.py:182} INFO - Started process (PID=365) to work on /home/airflow/.local/lib/python3.6/site-packages/airflow/example_dags/example_branch_python_dop_operator_3.py
[2022-09-24 16:35:40,967] {scheduler_job.py:629} INFO - Processing file /home/airflow/.local/lib/python3.6/site-packages/airflow/example_dags/example_branch_python_dop_operator_3.py for tasks to queue
[2022-09-24 16:35:40,968] {logging_mixin.py:104} INFO - [2022-09-24 16:35:40,968] {dagbag.py:451} INFO - Filling up the DagBag from /home/airflow/.local/lib/python3.6/site-packages/airflow/example_dags/example_branch_python_dop_operator_3.py
[2022-09-24 16:35:40,980] {scheduler_job.py:639} INFO - DAG(s) dict_keys(['example_branch_dop_operator_v3']) retrieved from /home/airflow/.local/lib/python3.6/site-packages/airflow/example_dags/example_branch_python_dop_operator_3.py
[2022-09-24 16:35:40,995] {logging_mixin.py:104} INFO - [2022-09-24 16:35:40,995] {dag.py:1824} INFO - Sync 1 DAGs
[2022-09-24 16:35:41,017] {logging_mixin.py:104} INFO - [2022-09-24 16:35:41,017] {dag.py:2280} INFO - Setting next_dagrun for example_branch_dop_operator_v3 to 2022-09-22 00:00:00+00:00
[2022-09-24 16:35:41,028] {scheduler_job.py:190} INFO - Processing /home/airflow/.local/lib/python3.6/site-packages/airflow/example_dags/example_branch_python_dop_operator_3.py took 0.065 seconds
[2022-09-24 16:36:11,146] {scheduler_job.py:182} INFO - Started process (PID=392) to work on /home/airflow/.local/lib/python3.6/site-packages/airflow/example_dags/example_branch_python_dop_operator_3.py
[2022-09-24 16:36:11,147] {scheduler_job.py:629} INFO - Processing file /home/airflow/.local/lib/python3.6/site-packages/airflow/example_dags/example_branch_python_dop_operator_3.py for tasks to queue
[2022-09-24 16:36:11,147] {logging_mixin.py:104} INFO - [2022-09-24 16:36:11,147] {dagbag.py:451} INFO - Filling up the DagBag from /home/airflow/.local/lib/python3.6/site-packages/airflow/example_dags/example_branch_python_dop_operator_3.py
[2022-09-24 16:36:11,160] {scheduler_job.py:639} INFO - DAG(s) dict_keys(['example_branch_dop_operator_v3']) retrieved from /home/airflow/.local/lib/python3.6/site-packages/airflow/example_dags/example_branch_python_dop_operator_3.py
[2022-09-24 16:36:11,175] {logging_mixin.py:104} INFO - [2022-09-24 16:36:11,174] {dag.py:1824} INFO - Sync 1 DAGs
[2022-09-24 16:36:11,191] {logging_mixin.py:104} INFO - [2022-09-24 16:36:11,191] {dag.py:2280} INFO - Setting next_dagrun for example_branch_dop_operator_v3 to 2022-09-22 00:00:00+00:00
[2022-09-24 16:36:11,199] {scheduler_job.py:190} INFO - Processing /home/airflow/.local/lib/python3.6/site-packages/airflow/example_dags/example_branch_python_dop_operator_3.py took 0.056 seconds
[2022-09-24 16:36:41,272] {scheduler_job.py:182} INFO - Started process (PID=419) to work on /home/airflow/.local/lib/python3.6/site-packages/airflow/example_dags/example_branch_python_dop_operator_3.py
[2022-09-24 16:36:41,276] {scheduler_job.py:629} INFO - Processing file /home/airflow/.local/lib/python3.6/site-packages/airflow/example_dags/example_branch_python_dop_operator_3.py for tasks to queue
[2022-09-24 16:36:41,277] {logging_mixin.py:104} INFO - [2022-09-24 16:36:41,277] {dagbag.py:451} INFO - Filling up the DagBag from /home/airflow/.local/lib/python3.6/site-packages/airflow/example_dags/example_branch_python_dop_operator_3.py
[2022-09-24 16:36:41,286] {scheduler_job.py:639} INFO - DAG(s) dict_keys(['example_branch_dop_operator_v3']) retrieved from /home/airflow/.local/lib/python3.6/site-packages/airflow/example_dags/example_branch_python_dop_operator_3.py
[2022-09-24 16:36:41,302] {logging_mixin.py:104} INFO - [2022-09-24 16:36:41,302] {dag.py:1824} INFO - Sync 1 DAGs
[2022-09-24 16:36:41,319] {logging_mixin.py:104} INFO - [2022-09-24 16:36:41,319] {dag.py:2280} INFO - Setting next_dagrun for example_branch_dop_operator_v3 to 2022-09-22 00:00:00+00:00
[2022-09-24 16:36:41,328] {scheduler_job.py:190} INFO - Processing /home/airflow/.local/lib/python3.6/site-packages/airflow/example_dags/example_branch_python_dop_operator_3.py took 0.058 seconds
[2022-09-24 16:37:11,516] {scheduler_job.py:182} INFO - Started process (PID=446) to work on /home/airflow/.local/lib/python3.6/site-packages/airflow/example_dags/example_branch_python_dop_operator_3.py
[2022-09-24 16:37:11,517] {scheduler_job.py:629} INFO - Processing file /home/airflow/.local/lib/python3.6/site-packages/airflow/example_dags/example_branch_python_dop_operator_3.py for tasks to queue
[2022-09-24 16:37:11,517] {logging_mixin.py:104} INFO - [2022-09-24 16:37:11,517] {dagbag.py:451} INFO - Filling up the DagBag from /home/airflow/.local/lib/python3.6/site-packages/airflow/example_dags/example_branch_python_dop_operator_3.py
[2022-09-24 16:37:11,528] {scheduler_job.py:639} INFO - DAG(s) dict_keys(['example_branch_dop_operator_v3']) retrieved from /home/airflow/.local/lib/python3.6/site-packages/airflow/example_dags/example_branch_python_dop_operator_3.py
[2022-09-24 16:37:11,545] {logging_mixin.py:104} INFO - [2022-09-24 16:37:11,544] {dag.py:1824} INFO - Sync 1 DAGs
[2022-09-24 16:37:11,564] {logging_mixin.py:104} INFO - [2022-09-24 16:37:11,564] {dag.py:2280} INFO - Setting next_dagrun for example_branch_dop_operator_v3 to 2022-09-22 00:00:00+00:00
[2022-09-24 16:37:11,571] {scheduler_job.py:190} INFO - Processing /home/airflow/.local/lib/python3.6/site-packages/airflow/example_dags/example_branch_python_dop_operator_3.py took 0.057 seconds
[2022-09-24 16:37:42,567] {scheduler_job.py:182} INFO - Started process (PID=471) to work on /home/airflow/.local/lib/python3.6/site-packages/airflow/example_dags/example_branch_python_dop_operator_3.py
[2022-09-24 16:37:42,568] {scheduler_job.py:629} INFO - Processing file /home/airflow/.local/lib/python3.6/site-packages/airflow/example_dags/example_branch_python_dop_operator_3.py for tasks to queue
[2022-09-24 16:37:42,569] {logging_mixin.py:104} INFO - [2022-09-24 16:37:42,569] {dagbag.py:451} INFO - Filling up the DagBag from /home/airflow/.local/lib/python3.6/site-packages/airflow/example_dags/example_branch_python_dop_operator_3.py
[2022-09-24 16:37:42,579] {scheduler_job.py:639} INFO - DAG(s) dict_keys(['example_branch_dop_operator_v3']) retrieved from /home/airflow/.local/lib/python3.6/site-packages/airflow/example_dags/example_branch_python_dop_operator_3.py
[2022-09-24 16:37:42,594] {logging_mixin.py:104} INFO - [2022-09-24 16:37:42,594] {dag.py:1824} INFO - Sync 1 DAGs
[2022-09-24 16:37:42,615] {logging_mixin.py:104} INFO - [2022-09-24 16:37:42,615] {dag.py:2280} INFO - Setting next_dagrun for example_branch_dop_operator_v3 to 2022-09-22 00:00:00+00:00
[2022-09-24 16:37:42,624] {scheduler_job.py:190} INFO - Processing /home/airflow/.local/lib/python3.6/site-packages/airflow/example_dags/example_branch_python_dop_operator_3.py took 0.059 seconds
[2022-09-24 16:38:13,004] {scheduler_job.py:182} INFO - Started process (PID=501) to work on /home/airflow/.local/lib/python3.6/site-packages/airflow/example_dags/example_branch_python_dop_operator_3.py
[2022-09-24 16:38:13,005] {scheduler_job.py:629} INFO - Processing file /home/airflow/.local/lib/python3.6/site-packages/airflow/example_dags/example_branch_python_dop_operator_3.py for tasks to queue
[2022-09-24 16:38:13,006] {logging_mixin.py:104} INFO - [2022-09-24 16:38:13,006] {dagbag.py:451} INFO - Filling up the DagBag from /home/airflow/.local/lib/python3.6/site-packages/airflow/example_dags/example_branch_python_dop_operator_3.py
[2022-09-24 16:38:13,016] {scheduler_job.py:639} INFO - DAG(s) dict_keys(['example_branch_dop_operator_v3']) retrieved from /home/airflow/.local/lib/python3.6/site-packages/airflow/example_dags/example_branch_python_dop_operator_3.py
[2022-09-24 16:38:13,031] {logging_mixin.py:104} INFO - [2022-09-24 16:38:13,031] {dag.py:1824} INFO - Sync 1 DAGs
[2022-09-24 16:38:13,050] {logging_mixin.py:104} INFO - [2022-09-24 16:38:13,050] {dag.py:2280} INFO - Setting next_dagrun for example_branch_dop_operator_v3 to 2022-09-22 00:00:00+00:00
[2022-09-24 16:38:13,057] {scheduler_job.py:190} INFO - Processing /home/airflow/.local/lib/python3.6/site-packages/airflow/example_dags/example_branch_python_dop_operator_3.py took 0.055 seconds
[2022-09-24 16:38:43,105] {scheduler_job.py:182} INFO - Started process (PID=528) to work on /home/airflow/.local/lib/python3.6/site-packages/airflow/example_dags/example_branch_python_dop_operator_3.py
[2022-09-24 16:38:43,106] {scheduler_job.py:629} INFO - Processing file /home/airflow/.local/lib/python3.6/site-packages/airflow/example_dags/example_branch_python_dop_operator_3.py for tasks to queue
[2022-09-24 16:38:43,107] {logging_mixin.py:104} INFO - [2022-09-24 16:38:43,107] {dagbag.py:451} INFO - Filling up the DagBag from /home/airflow/.local/lib/python3.6/site-packages/airflow/example_dags/example_branch_python_dop_operator_3.py
[2022-09-24 16:38:43,118] {scheduler_job.py:639} INFO - DAG(s) dict_keys(['example_branch_dop_operator_v3']) retrieved from /home/airflow/.local/lib/python3.6/site-packages/airflow/example_dags/example_branch_python_dop_operator_3.py
[2022-09-24 16:38:43,134] {logging_mixin.py:104} INFO - [2022-09-24 16:38:43,134] {dag.py:1824} INFO - Sync 1 DAGs
[2022-09-24 16:38:43,157] {logging_mixin.py:104} INFO - [2022-09-24 16:38:43,157] {dag.py:2280} INFO - Setting next_dagrun for example_branch_dop_operator_v3 to 2022-09-22 00:00:00+00:00
[2022-09-24 16:38:43,166] {scheduler_job.py:190} INFO - Processing /home/airflow/.local/lib/python3.6/site-packages/airflow/example_dags/example_branch_python_dop_operator_3.py took 0.063 seconds
[2022-09-24 16:39:13,417] {scheduler_job.py:182} INFO - Started process (PID=555) to work on /home/airflow/.local/lib/python3.6/site-packages/airflow/example_dags/example_branch_python_dop_operator_3.py
[2022-09-24 16:39:13,419] {scheduler_job.py:629} INFO - Processing file /home/airflow/.local/lib/python3.6/site-packages/airflow/example_dags/example_branch_python_dop_operator_3.py for tasks to queue
[2022-09-24 16:39:13,420] {logging_mixin.py:104} INFO - [2022-09-24 16:39:13,420] {dagbag.py:451} INFO - Filling up the DagBag from /home/airflow/.local/lib/python3.6/site-packages/airflow/example_dags/example_branch_python_dop_operator_3.py
[2022-09-24 16:39:13,436] {scheduler_job.py:639} INFO - DAG(s) dict_keys(['example_branch_dop_operator_v3']) retrieved from /home/airflow/.local/lib/python3.6/site-packages/airflow/example_dags/example_branch_python_dop_operator_3.py
[2022-09-24 16:39:13,459] {logging_mixin.py:104} INFO - [2022-09-24 16:39:13,458] {dag.py:1824} INFO - Sync 1 DAGs
[2022-09-24 16:39:13,486] {logging_mixin.py:104} INFO - [2022-09-24 16:39:13,486] {dag.py:2280} INFO - Setting next_dagrun for example_branch_dop_operator_v3 to 2022-09-22 00:00:00+00:00
[2022-09-24 16:39:13,498] {scheduler_job.py:190} INFO - Processing /home/airflow/.local/lib/python3.6/site-packages/airflow/example_dags/example_branch_python_dop_operator_3.py took 0.086 seconds
[2022-09-24 16:39:44,467] {scheduler_job.py:182} INFO - Started process (PID=584) to work on /home/airflow/.local/lib/python3.6/site-packages/airflow/example_dags/example_branch_python_dop_operator_3.py
[2022-09-24 16:39:44,469] {scheduler_job.py:629} INFO - Processing file /home/airflow/.local/lib/python3.6/site-packages/airflow/example_dags/example_branch_python_dop_operator_3.py for tasks to queue
[2022-09-24 16:39:44,469] {logging_mixin.py:104} INFO - [2022-09-24 16:39:44,469] {dagbag.py:451} INFO - Filling up the DagBag from /home/airflow/.local/lib/python3.6/site-packages/airflow/example_dags/example_branch_python_dop_operator_3.py
[2022-09-24 16:39:44,482] {scheduler_job.py:639} INFO - DAG(s) dict_keys(['example_branch_dop_operator_v3']) retrieved from /home/airflow/.local/lib/python3.6/site-packages/airflow/example_dags/example_branch_python_dop_operator_3.py
[2022-09-24 16:39:44,502] {logging_mixin.py:104} INFO - [2022-09-24 16:39:44,502] {dag.py:1824} INFO - Sync 1 DAGs
[2022-09-24 16:39:44,527] {logging_mixin.py:104} INFO - [2022-09-24 16:39:44,527] {dag.py:2280} INFO - Setting next_dagrun for example_branch_dop_operator_v3 to 2022-09-22 00:00:00+00:00
[2022-09-24 16:39:44,536] {scheduler_job.py:190} INFO - Processing /home/airflow/.local/lib/python3.6/site-packages/airflow/example_dags/example_branch_python_dop_operator_3.py took 0.072 seconds
[2022-09-24 16:40:14,705] {scheduler_job.py:182} INFO - Started process (PID=611) to work on /home/airflow/.local/lib/python3.6/site-packages/airflow/example_dags/example_branch_python_dop_operator_3.py
[2022-09-24 16:40:14,707] {scheduler_job.py:629} INFO - Processing file /home/airflow/.local/lib/python3.6/site-packages/airflow/example_dags/example_branch_python_dop_operator_3.py for tasks to queue
[2022-09-24 16:40:14,708] {logging_mixin.py:104} INFO - [2022-09-24 16:40:14,707] {dagbag.py:451} INFO - Filling up the DagBag from /home/airflow/.local/lib/python3.6/site-packages/airflow/example_dags/example_branch_python_dop_operator_3.py
[2022-09-24 16:40:14,722] {scheduler_job.py:639} INFO - DAG(s) dict_keys(['example_branch_dop_operator_v3']) retrieved from /home/airflow/.local/lib/python3.6/site-packages/airflow/example_dags/example_branch_python_dop_operator_3.py
[2022-09-24 16:40:14,744] {logging_mixin.py:104} INFO - [2022-09-24 16:40:14,744] {dag.py:1824} INFO - Sync 1 DAGs
[2022-09-24 16:40:14,775] {logging_mixin.py:104} INFO - [2022-09-24 16:40:14,774] {dag.py:2280} INFO - Setting next_dagrun for example_branch_dop_operator_v3 to 2022-09-22 00:00:00+00:00
[2022-09-24 16:40:14,785] {scheduler_job.py:190} INFO - Processing /home/airflow/.local/lib/python3.6/site-packages/airflow/example_dags/example_branch_python_dop_operator_3.py took 0.083 seconds
[2022-09-24 16:40:44,812] {scheduler_job.py:182} INFO - Started process (PID=638) to work on /home/airflow/.local/lib/python3.6/site-packages/airflow/example_dags/example_branch_python_dop_operator_3.py
[2022-09-24 16:40:44,813] {scheduler_job.py:629} INFO - Processing file /home/airflow/.local/lib/python3.6/site-packages/airflow/example_dags/example_branch_python_dop_operator_3.py for tasks to queue
[2022-09-24 16:40:44,814] {logging_mixin.py:104} INFO - [2022-09-24 16:40:44,814] {dagbag.py:451} INFO - Filling up the DagBag from /home/airflow/.local/lib/python3.6/site-packages/airflow/example_dags/example_branch_python_dop_operator_3.py
[2022-09-24 16:40:44,827] {scheduler_job.py:639} INFO - DAG(s) dict_keys(['example_branch_dop_operator_v3']) retrieved from /home/airflow/.local/lib/python3.6/site-packages/airflow/example_dags/example_branch_python_dop_operator_3.py
[2022-09-24 16:40:44,847] {logging_mixin.py:104} INFO - [2022-09-24 16:40:44,847] {dag.py:1824} INFO - Sync 1 DAGs
[2022-09-24 16:40:44,873] {logging_mixin.py:104} INFO - [2022-09-24 16:40:44,873] {dag.py:2280} INFO - Setting next_dagrun for example_branch_dop_operator_v3 to 2022-09-22 00:00:00+00:00
[2022-09-24 16:40:44,882] {scheduler_job.py:190} INFO - Processing /home/airflow/.local/lib/python3.6/site-packages/airflow/example_dags/example_branch_python_dop_operator_3.py took 0.073 seconds
[2022-09-24 16:41:15,295] {scheduler_job.py:182} INFO - Started process (PID=668) to work on /home/airflow/.local/lib/python3.6/site-packages/airflow/example_dags/example_branch_python_dop_operator_3.py
[2022-09-24 16:41:15,297] {scheduler_job.py:629} INFO - Processing file /home/airflow/.local/lib/python3.6/site-packages/airflow/example_dags/example_branch_python_dop_operator_3.py for tasks to queue
[2022-09-24 16:41:15,299] {logging_mixin.py:104} INFO - [2022-09-24 16:41:15,299] {dagbag.py:451} INFO - Filling up the DagBag from /home/airflow/.local/lib/python3.6/site-packages/airflow/example_dags/example_branch_python_dop_operator_3.py
[2022-09-24 16:41:15,324] {scheduler_job.py:639} INFO - DAG(s) dict_keys(['example_branch_dop_operator_v3']) retrieved from /home/airflow/.local/lib/python3.6/site-packages/airflow/example_dags/example_branch_python_dop_operator_3.py
[2022-09-24 16:41:15,365] {logging_mixin.py:104} INFO - [2022-09-24 16:41:15,365] {dag.py:1824} INFO - Sync 1 DAGs
[2022-09-24 16:41:15,415] {logging_mixin.py:104} INFO - [2022-09-24 16:41:15,414] {dag.py:2280} INFO - Setting next_dagrun for example_branch_dop_operator_v3 to 2022-09-22 00:00:00+00:00
[2022-09-24 16:41:15,435] {scheduler_job.py:190} INFO - Processing /home/airflow/.local/lib/python3.6/site-packages/airflow/example_dags/example_branch_python_dop_operator_3.py took 0.147 seconds
[2022-09-24 16:41:45,807] {scheduler_job.py:182} INFO - Started process (PID=697) to work on /home/airflow/.local/lib/python3.6/site-packages/airflow/example_dags/example_branch_python_dop_operator_3.py
[2022-09-24 16:41:45,810] {scheduler_job.py:629} INFO - Processing file /home/airflow/.local/lib/python3.6/site-packages/airflow/example_dags/example_branch_python_dop_operator_3.py for tasks to queue
[2022-09-24 16:41:45,811] {logging_mixin.py:104} INFO - [2022-09-24 16:41:45,811] {dagbag.py:451} INFO - Filling up the DagBag from /home/airflow/.local/lib/python3.6/site-packages/airflow/example_dags/example_branch_python_dop_operator_3.py
[2022-09-24 16:41:45,825] {scheduler_job.py:639} INFO - DAG(s) dict_keys(['example_branch_dop_operator_v3']) retrieved from /home/airflow/.local/lib/python3.6/site-packages/airflow/example_dags/example_branch_python_dop_operator_3.py
[2022-09-24 16:41:45,844] {logging_mixin.py:104} INFO - [2022-09-24 16:41:45,844] {dag.py:1824} INFO - Sync 1 DAGs
[2022-09-24 16:41:45,867] {logging_mixin.py:104} INFO - [2022-09-24 16:41:45,866] {dag.py:2280} INFO - Setting next_dagrun for example_branch_dop_operator_v3 to 2022-09-22 00:00:00+00:00
[2022-09-24 16:41:45,876] {scheduler_job.py:190} INFO - Processing /home/airflow/.local/lib/python3.6/site-packages/airflow/example_dags/example_branch_python_dop_operator_3.py took 0.073 seconds
[2022-09-24 16:42:15,993] {scheduler_job.py:182} INFO - Started process (PID=725) to work on /home/airflow/.local/lib/python3.6/site-packages/airflow/example_dags/example_branch_python_dop_operator_3.py
[2022-09-24 16:42:15,994] {scheduler_job.py:629} INFO - Processing file /home/airflow/.local/lib/python3.6/site-packages/airflow/example_dags/example_branch_python_dop_operator_3.py for tasks to queue
[2022-09-24 16:42:15,995] {logging_mixin.py:104} INFO - [2022-09-24 16:42:15,995] {dagbag.py:451} INFO - Filling up the DagBag from /home/airflow/.local/lib/python3.6/site-packages/airflow/example_dags/example_branch_python_dop_operator_3.py
[2022-09-24 16:42:16,004] {scheduler_job.py:639} INFO - DAG(s) dict_keys(['example_branch_dop_operator_v3']) retrieved from /home/airflow/.local/lib/python3.6/site-packages/airflow/example_dags/example_branch_python_dop_operator_3.py
[2022-09-24 16:42:16,021] {logging_mixin.py:104} INFO - [2022-09-24 16:42:16,020] {dag.py:1824} INFO - Sync 1 DAGs
[2022-09-24 16:42:16,042] {logging_mixin.py:104} INFO - [2022-09-24 16:42:16,042] {dag.py:2280} INFO - Setting next_dagrun for example_branch_dop_operator_v3 to 2022-09-22 00:00:00+00:00
[2022-09-24 16:42:16,052] {scheduler_job.py:190} INFO - Processing /home/airflow/.local/lib/python3.6/site-packages/airflow/example_dags/example_branch_python_dop_operator_3.py took 0.061 seconds
[2022-09-24 16:42:46,093] {scheduler_job.py:182} INFO - Started process (PID=752) to work on /home/airflow/.local/lib/python3.6/site-packages/airflow/example_dags/example_branch_python_dop_operator_3.py
[2022-09-24 16:42:46,094] {scheduler_job.py:629} INFO - Processing file /home/airflow/.local/lib/python3.6/site-packages/airflow/example_dags/example_branch_python_dop_operator_3.py for tasks to queue
[2022-09-24 16:42:46,095] {logging_mixin.py:104} INFO - [2022-09-24 16:42:46,094] {dagbag.py:451} INFO - Filling up the DagBag from /home/airflow/.local/lib/python3.6/site-packages/airflow/example_dags/example_branch_python_dop_operator_3.py
[2022-09-24 16:42:46,105] {scheduler_job.py:639} INFO - DAG(s) dict_keys(['example_branch_dop_operator_v3']) retrieved from /home/airflow/.local/lib/python3.6/site-packages/airflow/example_dags/example_branch_python_dop_operator_3.py
[2022-09-24 16:42:46,121] {logging_mixin.py:104} INFO - [2022-09-24 16:42:46,121] {dag.py:1824} INFO - Sync 1 DAGs
[2022-09-24 16:42:46,141] {logging_mixin.py:104} INFO - [2022-09-24 16:42:46,140] {dag.py:2280} INFO - Setting next_dagrun for example_branch_dop_operator_v3 to 2022-09-22 00:00:00+00:00
[2022-09-24 16:42:46,150] {scheduler_job.py:190} INFO - Processing /home/airflow/.local/lib/python3.6/site-packages/airflow/example_dags/example_branch_python_dop_operator_3.py took 0.059 seconds
[2022-09-24 16:43:16,181] {scheduler_job.py:182} INFO - Started process (PID=779) to work on /home/airflow/.local/lib/python3.6/site-packages/airflow/example_dags/example_branch_python_dop_operator_3.py
[2022-09-24 16:43:16,182] {scheduler_job.py:629} INFO - Processing file /home/airflow/.local/lib/python3.6/site-packages/airflow/example_dags/example_branch_python_dop_operator_3.py for tasks to queue
[2022-09-24 16:43:16,183] {logging_mixin.py:104} INFO - [2022-09-24 16:43:16,183] {dagbag.py:451} INFO - Filling up the DagBag from /home/airflow/.local/lib/python3.6/site-packages/airflow/example_dags/example_branch_python_dop_operator_3.py
[2022-09-24 16:43:16,193] {scheduler_job.py:639} INFO - DAG(s) dict_keys(['example_branch_dop_operator_v3']) retrieved from /home/airflow/.local/lib/python3.6/site-packages/airflow/example_dags/example_branch_python_dop_operator_3.py
[2022-09-24 16:43:16,207] {logging_mixin.py:104} INFO - [2022-09-24 16:43:16,207] {dag.py:1824} INFO - Sync 1 DAGs
[2022-09-24 16:43:16,225] {logging_mixin.py:104} INFO - [2022-09-24 16:43:16,225] {dag.py:2280} INFO - Setting next_dagrun for example_branch_dop_operator_v3 to 2022-09-22 00:00:00+00:00
[2022-09-24 16:43:16,233] {scheduler_job.py:190} INFO - Processing /home/airflow/.local/lib/python3.6/site-packages/airflow/example_dags/example_branch_python_dop_operator_3.py took 0.054 seconds
[2022-09-24 16:43:46,274] {scheduler_job.py:182} INFO - Started process (PID=806) to work on /home/airflow/.local/lib/python3.6/site-packages/airflow/example_dags/example_branch_python_dop_operator_3.py
[2022-09-24 16:43:46,275] {scheduler_job.py:629} INFO - Processing file /home/airflow/.local/lib/python3.6/site-packages/airflow/example_dags/example_branch_python_dop_operator_3.py for tasks to queue
[2022-09-24 16:43:46,275] {logging_mixin.py:104} INFO - [2022-09-24 16:43:46,275] {dagbag.py:451} INFO - Filling up the DagBag from /home/airflow/.local/lib/python3.6/site-packages/airflow/example_dags/example_branch_python_dop_operator_3.py
[2022-09-24 16:43:46,286] {scheduler_job.py:639} INFO - DAG(s) dict_keys(['example_branch_dop_operator_v3']) retrieved from /home/airflow/.local/lib/python3.6/site-packages/airflow/example_dags/example_branch_python_dop_operator_3.py
[2022-09-24 16:43:46,301] {logging_mixin.py:104} INFO - [2022-09-24 16:43:46,301] {dag.py:1824} INFO - Sync 1 DAGs
[2022-09-24 16:43:46,320] {logging_mixin.py:104} INFO - [2022-09-24 16:43:46,320] {dag.py:2280} INFO - Setting next_dagrun for example_branch_dop_operator_v3 to 2022-09-22 00:00:00+00:00
[2022-09-24 16:43:46,328] {scheduler_job.py:190} INFO - Processing /home/airflow/.local/lib/python3.6/site-packages/airflow/example_dags/example_branch_python_dop_operator_3.py took 0.057 seconds
[2022-09-24 16:44:16,496] {scheduler_job.py:182} INFO - Started process (PID=833) to work on /home/airflow/.local/lib/python3.6/site-packages/airflow/example_dags/example_branch_python_dop_operator_3.py
[2022-09-24 16:44:16,497] {scheduler_job.py:629} INFO - Processing file /home/airflow/.local/lib/python3.6/site-packages/airflow/example_dags/example_branch_python_dop_operator_3.py for tasks to queue
[2022-09-24 16:44:16,498] {logging_mixin.py:104} INFO - [2022-09-24 16:44:16,498] {dagbag.py:451} INFO - Filling up the DagBag from /home/airflow/.local/lib/python3.6/site-packages/airflow/example_dags/example_branch_python_dop_operator_3.py
[2022-09-24 16:44:16,508] {scheduler_job.py:639} INFO - DAG(s) dict_keys(['example_branch_dop_operator_v3']) retrieved from /home/airflow/.local/lib/python3.6/site-packages/airflow/example_dags/example_branch_python_dop_operator_3.py
[2022-09-24 16:44:16,525] {logging_mixin.py:104} INFO - [2022-09-24 16:44:16,525] {dag.py:1824} INFO - Sync 1 DAGs
[2022-09-24 16:44:16,544] {logging_mixin.py:104} INFO - [2022-09-24 16:44:16,544] {dag.py:2280} INFO - Setting next_dagrun for example_branch_dop_operator_v3 to 2022-09-22 00:00:00+00:00
[2022-09-24 16:44:16,555] {scheduler_job.py:190} INFO - Processing /home/airflow/.local/lib/python3.6/site-packages/airflow/example_dags/example_branch_python_dop_operator_3.py took 0.061 seconds
[2022-09-24 16:44:46,597] {scheduler_job.py:182} INFO - Started process (PID=860) to work on /home/airflow/.local/lib/python3.6/site-packages/airflow/example_dags/example_branch_python_dop_operator_3.py
[2022-09-24 16:44:46,598] {scheduler_job.py:629} INFO - Processing file /home/airflow/.local/lib/python3.6/site-packages/airflow/example_dags/example_branch_python_dop_operator_3.py for tasks to queue
[2022-09-24 16:44:46,599] {logging_mixin.py:104} INFO - [2022-09-24 16:44:46,599] {dagbag.py:451} INFO - Filling up the DagBag from /home/airflow/.local/lib/python3.6/site-packages/airflow/example_dags/example_branch_python_dop_operator_3.py
[2022-09-24 16:44:46,608] {scheduler_job.py:639} INFO - DAG(s) dict_keys(['example_branch_dop_operator_v3']) retrieved from /home/airflow/.local/lib/python3.6/site-packages/airflow/example_dags/example_branch_python_dop_operator_3.py
[2022-09-24 16:44:46,623] {logging_mixin.py:104} INFO - [2022-09-24 16:44:46,623] {dag.py:1824} INFO - Sync 1 DAGs
[2022-09-24 16:44:46,641] {logging_mixin.py:104} INFO - [2022-09-24 16:44:46,641] {dag.py:2280} INFO - Setting next_dagrun for example_branch_dop_operator_v3 to 2022-09-22 00:00:00+00:00
[2022-09-24 16:44:46,649] {scheduler_job.py:190} INFO - Processing /home/airflow/.local/lib/python3.6/site-packages/airflow/example_dags/example_branch_python_dop_operator_3.py took 0.054 seconds
[2022-09-24 16:45:17,379] {scheduler_job.py:182} INFO - Started process (PID=880) to work on /home/airflow/.local/lib/python3.6/site-packages/airflow/example_dags/example_branch_python_dop_operator_3.py
[2022-09-24 16:45:17,380] {scheduler_job.py:629} INFO - Processing file /home/airflow/.local/lib/python3.6/site-packages/airflow/example_dags/example_branch_python_dop_operator_3.py for tasks to queue
[2022-09-24 16:45:17,381] {logging_mixin.py:104} INFO - [2022-09-24 16:45:17,381] {dagbag.py:451} INFO - Filling up the DagBag from /home/airflow/.local/lib/python3.6/site-packages/airflow/example_dags/example_branch_python_dop_operator_3.py
[2022-09-24 16:45:17,390] {scheduler_job.py:639} INFO - DAG(s) dict_keys(['example_branch_dop_operator_v3']) retrieved from /home/airflow/.local/lib/python3.6/site-packages/airflow/example_dags/example_branch_python_dop_operator_3.py
[2022-09-24 16:45:17,405] {logging_mixin.py:104} INFO - [2022-09-24 16:45:17,405] {dag.py:1824} INFO - Sync 1 DAGs
[2022-09-24 16:45:17,423] {logging_mixin.py:104} INFO - [2022-09-24 16:45:17,423] {dag.py:2280} INFO - Setting next_dagrun for example_branch_dop_operator_v3 to 2022-09-22 00:00:00+00:00
[2022-09-24 16:45:17,431] {scheduler_job.py:190} INFO - Processing /home/airflow/.local/lib/python3.6/site-packages/airflow/example_dags/example_branch_python_dop_operator_3.py took 0.054 seconds
[2022-09-24 16:45:47,473] {scheduler_job.py:182} INFO - Started process (PID=907) to work on /home/airflow/.local/lib/python3.6/site-packages/airflow/example_dags/example_branch_python_dop_operator_3.py
[2022-09-24 16:45:47,474] {scheduler_job.py:629} INFO - Processing file /home/airflow/.local/lib/python3.6/site-packages/airflow/example_dags/example_branch_python_dop_operator_3.py for tasks to queue
[2022-09-24 16:45:47,474] {logging_mixin.py:104} INFO - [2022-09-24 16:45:47,474] {dagbag.py:451} INFO - Filling up the DagBag from /home/airflow/.local/lib/python3.6/site-packages/airflow/example_dags/example_branch_python_dop_operator_3.py
[2022-09-24 16:45:47,485] {scheduler_job.py:639} INFO - DAG(s) dict_keys(['example_branch_dop_operator_v3']) retrieved from /home/airflow/.local/lib/python3.6/site-packages/airflow/example_dags/example_branch_python_dop_operator_3.py
[2022-09-24 16:45:47,499] {logging_mixin.py:104} INFO - [2022-09-24 16:45:47,499] {dag.py:1824} INFO - Sync 1 DAGs
[2022-09-24 16:45:47,517] {logging_mixin.py:104} INFO - [2022-09-24 16:45:47,517] {dag.py:2280} INFO - Setting next_dagrun for example_branch_dop_operator_v3 to 2022-09-22 00:00:00+00:00
[2022-09-24 16:45:47,524] {scheduler_job.py:190} INFO - Processing /home/airflow/.local/lib/python3.6/site-packages/airflow/example_dags/example_branch_python_dop_operator_3.py took 0.054 seconds
[2022-09-24 16:46:18,477] {scheduler_job.py:182} INFO - Started process (PID=934) to work on /home/airflow/.local/lib/python3.6/site-packages/airflow/example_dags/example_branch_python_dop_operator_3.py
[2022-09-24 16:46:18,478] {scheduler_job.py:629} INFO - Processing file /home/airflow/.local/lib/python3.6/site-packages/airflow/example_dags/example_branch_python_dop_operator_3.py for tasks to queue
[2022-09-24 16:46:18,479] {logging_mixin.py:104} INFO - [2022-09-24 16:46:18,479] {dagbag.py:451} INFO - Filling up the DagBag from /home/airflow/.local/lib/python3.6/site-packages/airflow/example_dags/example_branch_python_dop_operator_3.py
[2022-09-24 16:46:18,489] {scheduler_job.py:639} INFO - DAG(s) dict_keys(['example_branch_dop_operator_v3']) retrieved from /home/airflow/.local/lib/python3.6/site-packages/airflow/example_dags/example_branch_python_dop_operator_3.py
[2022-09-24 16:46:18,504] {logging_mixin.py:104} INFO - [2022-09-24 16:46:18,504] {dag.py:1824} INFO - Sync 1 DAGs
[2022-09-24 16:46:18,524] {logging_mixin.py:104} INFO - [2022-09-24 16:46:18,524] {dag.py:2280} INFO - Setting next_dagrun for example_branch_dop_operator_v3 to 2022-09-22 00:00:00+00:00
[2022-09-24 16:46:18,533] {scheduler_job.py:190} INFO - Processing /home/airflow/.local/lib/python3.6/site-packages/airflow/example_dags/example_branch_python_dop_operator_3.py took 0.058 seconds
[2022-09-24 16:46:49,438] {scheduler_job.py:182} INFO - Started process (PID=961) to work on /home/airflow/.local/lib/python3.6/site-packages/airflow/example_dags/example_branch_python_dop_operator_3.py
[2022-09-24 16:46:49,439] {scheduler_job.py:629} INFO - Processing file /home/airflow/.local/lib/python3.6/site-packages/airflow/example_dags/example_branch_python_dop_operator_3.py for tasks to queue
[2022-09-24 16:46:49,440] {logging_mixin.py:104} INFO - [2022-09-24 16:46:49,440] {dagbag.py:451} INFO - Filling up the DagBag from /home/airflow/.local/lib/python3.6/site-packages/airflow/example_dags/example_branch_python_dop_operator_3.py
[2022-09-24 16:46:49,452] {scheduler_job.py:639} INFO - DAG(s) dict_keys(['example_branch_dop_operator_v3']) retrieved from /home/airflow/.local/lib/python3.6/site-packages/airflow/example_dags/example_branch_python_dop_operator_3.py
[2022-09-24 16:46:49,469] {logging_mixin.py:104} INFO - [2022-09-24 16:46:49,469] {dag.py:1824} INFO - Sync 1 DAGs
[2022-09-24 16:46:49,492] {logging_mixin.py:104} INFO - [2022-09-24 16:46:49,492] {dag.py:2280} INFO - Setting next_dagrun for example_branch_dop_operator_v3 to 2022-09-22 00:00:00+00:00
[2022-09-24 16:46:49,501] {scheduler_job.py:190} INFO - Processing /home/airflow/.local/lib/python3.6/site-packages/airflow/example_dags/example_branch_python_dop_operator_3.py took 0.065 seconds
[2022-09-24 16:47:20,455] {scheduler_job.py:182} INFO - Started process (PID=988) to work on /home/airflow/.local/lib/python3.6/site-packages/airflow/example_dags/example_branch_python_dop_operator_3.py
[2022-09-24 16:47:20,456] {scheduler_job.py:629} INFO - Processing file /home/airflow/.local/lib/python3.6/site-packages/airflow/example_dags/example_branch_python_dop_operator_3.py for tasks to queue
[2022-09-24 16:47:20,456] {logging_mixin.py:104} INFO - [2022-09-24 16:47:20,456] {dagbag.py:451} INFO - Filling up the DagBag from /home/airflow/.local/lib/python3.6/site-packages/airflow/example_dags/example_branch_python_dop_operator_3.py
[2022-09-24 16:47:20,467] {scheduler_job.py:639} INFO - DAG(s) dict_keys(['example_branch_dop_operator_v3']) retrieved from /home/airflow/.local/lib/python3.6/site-packages/airflow/example_dags/example_branch_python_dop_operator_3.py
[2022-09-24 16:47:20,490] {logging_mixin.py:104} INFO - [2022-09-24 16:47:20,490] {dag.py:1824} INFO - Sync 1 DAGs
[2022-09-24 16:47:20,510] {logging_mixin.py:104} INFO - [2022-09-24 16:47:20,510] {dag.py:2280} INFO - Setting next_dagrun for example_branch_dop_operator_v3 to 2022-09-22 00:00:00+00:00
[2022-09-24 16:47:20,518] {scheduler_job.py:190} INFO - Processing /home/airflow/.local/lib/python3.6/site-packages/airflow/example_dags/example_branch_python_dop_operator_3.py took 0.066 seconds
[2022-09-24 16:47:50,569] {scheduler_job.py:182} INFO - Started process (PID=1015) to work on /home/airflow/.local/lib/python3.6/site-packages/airflow/example_dags/example_branch_python_dop_operator_3.py
[2022-09-24 16:47:50,570] {scheduler_job.py:629} INFO - Processing file /home/airflow/.local/lib/python3.6/site-packages/airflow/example_dags/example_branch_python_dop_operator_3.py for tasks to queue
[2022-09-24 16:47:50,571] {logging_mixin.py:104} INFO - [2022-09-24 16:47:50,571] {dagbag.py:451} INFO - Filling up the DagBag from /home/airflow/.local/lib/python3.6/site-packages/airflow/example_dags/example_branch_python_dop_operator_3.py
[2022-09-24 16:47:50,582] {scheduler_job.py:639} INFO - DAG(s) dict_keys(['example_branch_dop_operator_v3']) retrieved from /home/airflow/.local/lib/python3.6/site-packages/airflow/example_dags/example_branch_python_dop_operator_3.py
[2022-09-24 16:47:50,598] {logging_mixin.py:104} INFO - [2022-09-24 16:47:50,598] {dag.py:1824} INFO - Sync 1 DAGs
[2022-09-24 16:47:50,619] {logging_mixin.py:104} INFO - [2022-09-24 16:47:50,619] {dag.py:2280} INFO - Setting next_dagrun for example_branch_dop_operator_v3 to 2022-09-22 00:00:00+00:00
[2022-09-24 16:47:50,627] {scheduler_job.py:190} INFO - Processing /home/airflow/.local/lib/python3.6/site-packages/airflow/example_dags/example_branch_python_dop_operator_3.py took 0.061 seconds
[2022-09-24 16:48:20,682] {scheduler_job.py:182} INFO - Started process (PID=1042) to work on /home/airflow/.local/lib/python3.6/site-packages/airflow/example_dags/example_branch_python_dop_operator_3.py
[2022-09-24 16:48:20,683] {scheduler_job.py:629} INFO - Processing file /home/airflow/.local/lib/python3.6/site-packages/airflow/example_dags/example_branch_python_dop_operator_3.py for tasks to queue
[2022-09-24 16:48:20,684] {logging_mixin.py:104} INFO - [2022-09-24 16:48:20,683] {dagbag.py:451} INFO - Filling up the DagBag from /home/airflow/.local/lib/python3.6/site-packages/airflow/example_dags/example_branch_python_dop_operator_3.py
[2022-09-24 16:48:20,697] {scheduler_job.py:639} INFO - DAG(s) dict_keys(['example_branch_dop_operator_v3']) retrieved from /home/airflow/.local/lib/python3.6/site-packages/airflow/example_dags/example_branch_python_dop_operator_3.py
[2022-09-24 16:48:20,718] {logging_mixin.py:104} INFO - [2022-09-24 16:48:20,718] {dag.py:1824} INFO - Sync 1 DAGs
[2022-09-24 16:48:20,741] {logging_mixin.py:104} INFO - [2022-09-24 16:48:20,741] {dag.py:2280} INFO - Setting next_dagrun for example_branch_dop_operator_v3 to 2022-09-22 00:00:00+00:00
[2022-09-24 16:48:20,751] {scheduler_job.py:190} INFO - Processing /home/airflow/.local/lib/python3.6/site-packages/airflow/example_dags/example_branch_python_dop_operator_3.py took 0.073 seconds
[2022-09-24 16:48:50,879] {scheduler_job.py:182} INFO - Started process (PID=1069) to work on /home/airflow/.local/lib/python3.6/site-packages/airflow/example_dags/example_branch_python_dop_operator_3.py
[2022-09-24 16:48:50,880] {scheduler_job.py:629} INFO - Processing file /home/airflow/.local/lib/python3.6/site-packages/airflow/example_dags/example_branch_python_dop_operator_3.py for tasks to queue
[2022-09-24 16:48:50,881] {logging_mixin.py:104} INFO - [2022-09-24 16:48:50,881] {dagbag.py:451} INFO - Filling up the DagBag from /home/airflow/.local/lib/python3.6/site-packages/airflow/example_dags/example_branch_python_dop_operator_3.py
[2022-09-24 16:48:50,891] {scheduler_job.py:639} INFO - DAG(s) dict_keys(['example_branch_dop_operator_v3']) retrieved from /home/airflow/.local/lib/python3.6/site-packages/airflow/example_dags/example_branch_python_dop_operator_3.py
[2022-09-24 16:48:50,906] {logging_mixin.py:104} INFO - [2022-09-24 16:48:50,906] {dag.py:1824} INFO - Sync 1 DAGs
[2022-09-24 16:48:50,925] {logging_mixin.py:104} INFO - [2022-09-24 16:48:50,925] {dag.py:2280} INFO - Setting next_dagrun for example_branch_dop_operator_v3 to 2022-09-22 00:00:00+00:00
[2022-09-24 16:48:50,932] {scheduler_job.py:190} INFO - Processing /home/airflow/.local/lib/python3.6/site-packages/airflow/example_dags/example_branch_python_dop_operator_3.py took 0.056 seconds
[2022-09-24 16:49:21,170] {scheduler_job.py:182} INFO - Started process (PID=1098) to work on /home/airflow/.local/lib/python3.6/site-packages/airflow/example_dags/example_branch_python_dop_operator_3.py
[2022-09-24 16:49:21,171] {scheduler_job.py:629} INFO - Processing file /home/airflow/.local/lib/python3.6/site-packages/airflow/example_dags/example_branch_python_dop_operator_3.py for tasks to queue
[2022-09-24 16:49:21,172] {logging_mixin.py:104} INFO - [2022-09-24 16:49:21,172] {dagbag.py:451} INFO - Filling up the DagBag from /home/airflow/.local/lib/python3.6/site-packages/airflow/example_dags/example_branch_python_dop_operator_3.py
[2022-09-24 16:49:21,183] {scheduler_job.py:639} INFO - DAG(s) dict_keys(['example_branch_dop_operator_v3']) retrieved from /home/airflow/.local/lib/python3.6/site-packages/airflow/example_dags/example_branch_python_dop_operator_3.py
[2022-09-24 16:49:21,200] {logging_mixin.py:104} INFO - [2022-09-24 16:49:21,200] {dag.py:1824} INFO - Sync 1 DAGs
[2022-09-24 16:49:21,228] {logging_mixin.py:104} INFO - [2022-09-24 16:49:21,228] {dag.py:2280} INFO - Setting next_dagrun for example_branch_dop_operator_v3 to 2022-09-22 00:00:00+00:00
[2022-09-24 16:49:21,241] {scheduler_job.py:190} INFO - Processing /home/airflow/.local/lib/python3.6/site-packages/airflow/example_dags/example_branch_python_dop_operator_3.py took 0.074 seconds
[2022-09-24 16:49:51,287] {scheduler_job.py:182} INFO - Started process (PID=1125) to work on /home/airflow/.local/lib/python3.6/site-packages/airflow/example_dags/example_branch_python_dop_operator_3.py
[2022-09-24 16:49:51,289] {scheduler_job.py:629} INFO - Processing file /home/airflow/.local/lib/python3.6/site-packages/airflow/example_dags/example_branch_python_dop_operator_3.py for tasks to queue
[2022-09-24 16:49:51,290] {logging_mixin.py:104} INFO - [2022-09-24 16:49:51,289] {dagbag.py:451} INFO - Filling up the DagBag from /home/airflow/.local/lib/python3.6/site-packages/airflow/example_dags/example_branch_python_dop_operator_3.py
[2022-09-24 16:49:51,303] {scheduler_job.py:639} INFO - DAG(s) dict_keys(['example_branch_dop_operator_v3']) retrieved from /home/airflow/.local/lib/python3.6/site-packages/airflow/example_dags/example_branch_python_dop_operator_3.py
[2022-09-24 16:49:51,383] {logging_mixin.py:104} INFO - [2022-09-24 16:49:51,383] {dag.py:1824} INFO - Sync 1 DAGs
[2022-09-24 16:49:51,419] {logging_mixin.py:104} INFO - [2022-09-24 16:49:51,419] {dag.py:2280} INFO - Setting next_dagrun for example_branch_dop_operator_v3 to 2022-09-22 00:00:00+00:00
[2022-09-24 16:49:51,433] {scheduler_job.py:190} INFO - Processing /home/airflow/.local/lib/python3.6/site-packages/airflow/example_dags/example_branch_python_dop_operator_3.py took 0.149 seconds
[2022-09-24 16:50:21,636] {scheduler_job.py:182} INFO - Started process (PID=1152) to work on /home/airflow/.local/lib/python3.6/site-packages/airflow/example_dags/example_branch_python_dop_operator_3.py
[2022-09-24 16:50:21,637] {scheduler_job.py:629} INFO - Processing file /home/airflow/.local/lib/python3.6/site-packages/airflow/example_dags/example_branch_python_dop_operator_3.py for tasks to queue
[2022-09-24 16:50:21,638] {logging_mixin.py:104} INFO - [2022-09-24 16:50:21,638] {dagbag.py:451} INFO - Filling up the DagBag from /home/airflow/.local/lib/python3.6/site-packages/airflow/example_dags/example_branch_python_dop_operator_3.py
[2022-09-24 16:50:21,647] {scheduler_job.py:639} INFO - DAG(s) dict_keys(['example_branch_dop_operator_v3']) retrieved from /home/airflow/.local/lib/python3.6/site-packages/airflow/example_dags/example_branch_python_dop_operator_3.py
[2022-09-24 16:50:21,663] {logging_mixin.py:104} INFO - [2022-09-24 16:50:21,663] {dag.py:1824} INFO - Sync 1 DAGs
[2022-09-24 16:50:21,680] {logging_mixin.py:104} INFO - [2022-09-24 16:50:21,680] {dag.py:2280} INFO - Setting next_dagrun for example_branch_dop_operator_v3 to 2022-09-22 00:00:00+00:00
[2022-09-24 16:50:21,689] {scheduler_job.py:190} INFO - Processing /home/airflow/.local/lib/python3.6/site-packages/airflow/example_dags/example_branch_python_dop_operator_3.py took 0.055 seconds
[2022-09-24 16:50:51,713] {scheduler_job.py:182} INFO - Started process (PID=1179) to work on /home/airflow/.local/lib/python3.6/site-packages/airflow/example_dags/example_branch_python_dop_operator_3.py
[2022-09-24 16:50:51,714] {scheduler_job.py:629} INFO - Processing file /home/airflow/.local/lib/python3.6/site-packages/airflow/example_dags/example_branch_python_dop_operator_3.py for tasks to queue
[2022-09-24 16:50:51,715] {logging_mixin.py:104} INFO - [2022-09-24 16:50:51,715] {dagbag.py:451} INFO - Filling up the DagBag from /home/airflow/.local/lib/python3.6/site-packages/airflow/example_dags/example_branch_python_dop_operator_3.py
[2022-09-24 16:50:51,725] {scheduler_job.py:639} INFO - DAG(s) dict_keys(['example_branch_dop_operator_v3']) retrieved from /home/airflow/.local/lib/python3.6/site-packages/airflow/example_dags/example_branch_python_dop_operator_3.py
[2022-09-24 16:50:51,740] {logging_mixin.py:104} INFO - [2022-09-24 16:50:51,740] {dag.py:1824} INFO - Sync 1 DAGs
[2022-09-24 16:50:51,757] {logging_mixin.py:104} INFO - [2022-09-24 16:50:51,757] {dag.py:2280} INFO - Setting next_dagrun for example_branch_dop_operator_v3 to 2022-09-22 00:00:00+00:00
[2022-09-24 16:50:51,766] {scheduler_job.py:190} INFO - Processing /home/airflow/.local/lib/python3.6/site-packages/airflow/example_dags/example_branch_python_dop_operator_3.py took 0.055 seconds
[2022-09-24 16:51:22,062] {scheduler_job.py:182} INFO - Started process (PID=1208) to work on /home/airflow/.local/lib/python3.6/site-packages/airflow/example_dags/example_branch_python_dop_operator_3.py
[2022-09-24 16:51:22,063] {scheduler_job.py:629} INFO - Processing file /home/airflow/.local/lib/python3.6/site-packages/airflow/example_dags/example_branch_python_dop_operator_3.py for tasks to queue
[2022-09-24 16:51:22,064] {logging_mixin.py:104} INFO - [2022-09-24 16:51:22,063] {dagbag.py:451} INFO - Filling up the DagBag from /home/airflow/.local/lib/python3.6/site-packages/airflow/example_dags/example_branch_python_dop_operator_3.py
[2022-09-24 16:51:22,074] {scheduler_job.py:639} INFO - DAG(s) dict_keys(['example_branch_dop_operator_v3']) retrieved from /home/airflow/.local/lib/python3.6/site-packages/airflow/example_dags/example_branch_python_dop_operator_3.py
[2022-09-24 16:51:22,089] {logging_mixin.py:104} INFO - [2022-09-24 16:51:22,088] {dag.py:1824} INFO - Sync 1 DAGs
[2022-09-24 16:51:22,106] {logging_mixin.py:104} INFO - [2022-09-24 16:51:22,105] {dag.py:2280} INFO - Setting next_dagrun for example_branch_dop_operator_v3 to 2022-09-22 00:00:00+00:00
[2022-09-24 16:51:22,115] {scheduler_job.py:190} INFO - Processing /home/airflow/.local/lib/python3.6/site-packages/airflow/example_dags/example_branch_python_dop_operator_3.py took 0.056 seconds
[2022-09-24 16:51:52,184] {scheduler_job.py:182} INFO - Started process (PID=1235) to work on /home/airflow/.local/lib/python3.6/site-packages/airflow/example_dags/example_branch_python_dop_operator_3.py
[2022-09-24 16:51:52,185] {scheduler_job.py:629} INFO - Processing file /home/airflow/.local/lib/python3.6/site-packages/airflow/example_dags/example_branch_python_dop_operator_3.py for tasks to queue
[2022-09-24 16:51:52,186] {logging_mixin.py:104} INFO - [2022-09-24 16:51:52,186] {dagbag.py:451} INFO - Filling up the DagBag from /home/airflow/.local/lib/python3.6/site-packages/airflow/example_dags/example_branch_python_dop_operator_3.py
[2022-09-24 16:51:52,195] {scheduler_job.py:639} INFO - DAG(s) dict_keys(['example_branch_dop_operator_v3']) retrieved from /home/airflow/.local/lib/python3.6/site-packages/airflow/example_dags/example_branch_python_dop_operator_3.py
[2022-09-24 16:51:52,211] {logging_mixin.py:104} INFO - [2022-09-24 16:51:52,210] {dag.py:1824} INFO - Sync 1 DAGs
[2022-09-24 16:51:52,228] {logging_mixin.py:104} INFO - [2022-09-24 16:51:52,228] {dag.py:2280} INFO - Setting next_dagrun for example_branch_dop_operator_v3 to 2022-09-22 00:00:00+00:00
[2022-09-24 16:51:52,235] {scheduler_job.py:190} INFO - Processing /home/airflow/.local/lib/python3.6/site-packages/airflow/example_dags/example_branch_python_dop_operator_3.py took 0.054 seconds
[2022-09-24 16:52:23,287] {scheduler_job.py:182} INFO - Started process (PID=1266) to work on /home/airflow/.local/lib/python3.6/site-packages/airflow/example_dags/example_branch_python_dop_operator_3.py
[2022-09-24 16:52:23,288] {scheduler_job.py:629} INFO - Processing file /home/airflow/.local/lib/python3.6/site-packages/airflow/example_dags/example_branch_python_dop_operator_3.py for tasks to queue
[2022-09-24 16:52:23,288] {logging_mixin.py:104} INFO - [2022-09-24 16:52:23,288] {dagbag.py:451} INFO - Filling up the DagBag from /home/airflow/.local/lib/python3.6/site-packages/airflow/example_dags/example_branch_python_dop_operator_3.py
[2022-09-24 16:52:23,298] {scheduler_job.py:639} INFO - DAG(s) dict_keys(['example_branch_dop_operator_v3']) retrieved from /home/airflow/.local/lib/python3.6/site-packages/airflow/example_dags/example_branch_python_dop_operator_3.py
[2022-09-24 16:52:23,311] {logging_mixin.py:104} INFO - [2022-09-24 16:52:23,311] {dag.py:1824} INFO - Sync 1 DAGs
[2022-09-24 16:52:23,328] {logging_mixin.py:104} INFO - [2022-09-24 16:52:23,328] {dag.py:2280} INFO - Setting next_dagrun for example_branch_dop_operator_v3 to 2022-09-22 00:00:00+00:00
[2022-09-24 16:52:23,336] {scheduler_job.py:190} INFO - Processing /home/airflow/.local/lib/python3.6/site-packages/airflow/example_dags/example_branch_python_dop_operator_3.py took 0.051 seconds
[2022-09-24 16:52:54,248] {scheduler_job.py:182} INFO - Started process (PID=1293) to work on /home/airflow/.local/lib/python3.6/site-packages/airflow/example_dags/example_branch_python_dop_operator_3.py
[2022-09-24 16:52:54,249] {scheduler_job.py:629} INFO - Processing file /home/airflow/.local/lib/python3.6/site-packages/airflow/example_dags/example_branch_python_dop_operator_3.py for tasks to queue
[2022-09-24 16:52:54,250] {logging_mixin.py:104} INFO - [2022-09-24 16:52:54,250] {dagbag.py:451} INFO - Filling up the DagBag from /home/airflow/.local/lib/python3.6/site-packages/airflow/example_dags/example_branch_python_dop_operator_3.py
[2022-09-24 16:52:54,261] {scheduler_job.py:639} INFO - DAG(s) dict_keys(['example_branch_dop_operator_v3']) retrieved from /home/airflow/.local/lib/python3.6/site-packages/airflow/example_dags/example_branch_python_dop_operator_3.py
[2022-09-24 16:52:54,278] {logging_mixin.py:104} INFO - [2022-09-24 16:52:54,278] {dag.py:1824} INFO - Sync 1 DAGs
[2022-09-24 16:52:54,297] {logging_mixin.py:104} INFO - [2022-09-24 16:52:54,297] {dag.py:2280} INFO - Setting next_dagrun for example_branch_dop_operator_v3 to 2022-09-22 00:00:00+00:00
[2022-09-24 16:52:54,306] {scheduler_job.py:190} INFO - Processing /home/airflow/.local/lib/python3.6/site-packages/airflow/example_dags/example_branch_python_dop_operator_3.py took 0.060 seconds
[2022-09-24 16:53:24,327] {scheduler_job.py:182} INFO - Started process (PID=1320) to work on /home/airflow/.local/lib/python3.6/site-packages/airflow/example_dags/example_branch_python_dop_operator_3.py
[2022-09-24 16:53:24,328] {scheduler_job.py:629} INFO - Processing file /home/airflow/.local/lib/python3.6/site-packages/airflow/example_dags/example_branch_python_dop_operator_3.py for tasks to queue
[2022-09-24 16:53:24,329] {logging_mixin.py:104} INFO - [2022-09-24 16:53:24,329] {dagbag.py:451} INFO - Filling up the DagBag from /home/airflow/.local/lib/python3.6/site-packages/airflow/example_dags/example_branch_python_dop_operator_3.py
[2022-09-24 16:53:24,339] {scheduler_job.py:639} INFO - DAG(s) dict_keys(['example_branch_dop_operator_v3']) retrieved from /home/airflow/.local/lib/python3.6/site-packages/airflow/example_dags/example_branch_python_dop_operator_3.py
[2022-09-24 16:53:24,355] {logging_mixin.py:104} INFO - [2022-09-24 16:53:24,355] {dag.py:1824} INFO - Sync 1 DAGs
[2022-09-24 16:53:24,383] {logging_mixin.py:104} INFO - [2022-09-24 16:53:24,383] {dag.py:2280} INFO - Setting next_dagrun for example_branch_dop_operator_v3 to 2022-09-22 00:00:00+00:00
[2022-09-24 16:53:24,393] {scheduler_job.py:190} INFO - Processing /home/airflow/.local/lib/python3.6/site-packages/airflow/example_dags/example_branch_python_dop_operator_3.py took 0.069 seconds
[2022-09-24 16:53:54,589] {scheduler_job.py:182} INFO - Started process (PID=1348) to work on /home/airflow/.local/lib/python3.6/site-packages/airflow/example_dags/example_branch_python_dop_operator_3.py
[2022-09-24 16:53:54,591] {scheduler_job.py:629} INFO - Processing file /home/airflow/.local/lib/python3.6/site-packages/airflow/example_dags/example_branch_python_dop_operator_3.py for tasks to queue
[2022-09-24 16:53:54,591] {logging_mixin.py:104} INFO - [2022-09-24 16:53:54,591] {dagbag.py:451} INFO - Filling up the DagBag from /home/airflow/.local/lib/python3.6/site-packages/airflow/example_dags/example_branch_python_dop_operator_3.py
[2022-09-24 16:53:54,605] {scheduler_job.py:639} INFO - DAG(s) dict_keys(['example_branch_dop_operator_v3']) retrieved from /home/airflow/.local/lib/python3.6/site-packages/airflow/example_dags/example_branch_python_dop_operator_3.py
[2022-09-24 16:53:54,623] {logging_mixin.py:104} INFO - [2022-09-24 16:53:54,623] {dag.py:1824} INFO - Sync 1 DAGs
[2022-09-24 16:53:54,645] {logging_mixin.py:104} INFO - [2022-09-24 16:53:54,645] {dag.py:2280} INFO - Setting next_dagrun for example_branch_dop_operator_v3 to 2022-09-22 00:00:00+00:00
[2022-09-24 16:53:54,656] {scheduler_job.py:190} INFO - Processing /home/airflow/.local/lib/python3.6/site-packages/airflow/example_dags/example_branch_python_dop_operator_3.py took 0.070 seconds
[2022-09-24 16:54:25,609] {scheduler_job.py:182} INFO - Started process (PID=1375) to work on /home/airflow/.local/lib/python3.6/site-packages/airflow/example_dags/example_branch_python_dop_operator_3.py
[2022-09-24 16:54:25,610] {scheduler_job.py:629} INFO - Processing file /home/airflow/.local/lib/python3.6/site-packages/airflow/example_dags/example_branch_python_dop_operator_3.py for tasks to queue
[2022-09-24 16:54:25,611] {logging_mixin.py:104} INFO - [2022-09-24 16:54:25,611] {dagbag.py:451} INFO - Filling up the DagBag from /home/airflow/.local/lib/python3.6/site-packages/airflow/example_dags/example_branch_python_dop_operator_3.py
[2022-09-24 16:54:25,623] {scheduler_job.py:639} INFO - DAG(s) dict_keys(['example_branch_dop_operator_v3']) retrieved from /home/airflow/.local/lib/python3.6/site-packages/airflow/example_dags/example_branch_python_dop_operator_3.py
[2022-09-24 16:54:25,639] {logging_mixin.py:104} INFO - [2022-09-24 16:54:25,639] {dag.py:1824} INFO - Sync 1 DAGs
[2022-09-24 16:54:25,657] {logging_mixin.py:104} INFO - [2022-09-24 16:54:25,657] {dag.py:2280} INFO - Setting next_dagrun for example_branch_dop_operator_v3 to 2022-09-22 00:00:00+00:00
[2022-09-24 16:54:25,664] {scheduler_job.py:190} INFO - Processing /home/airflow/.local/lib/python3.6/site-packages/airflow/example_dags/example_branch_python_dop_operator_3.py took 0.058 seconds
[2022-09-24 16:54:56,681] {scheduler_job.py:182} INFO - Started process (PID=1402) to work on /home/airflow/.local/lib/python3.6/site-packages/airflow/example_dags/example_branch_python_dop_operator_3.py
[2022-09-24 16:54:56,682] {scheduler_job.py:629} INFO - Processing file /home/airflow/.local/lib/python3.6/site-packages/airflow/example_dags/example_branch_python_dop_operator_3.py for tasks to queue
[2022-09-24 16:54:56,683] {logging_mixin.py:104} INFO - [2022-09-24 16:54:56,682] {dagbag.py:451} INFO - Filling up the DagBag from /home/airflow/.local/lib/python3.6/site-packages/airflow/example_dags/example_branch_python_dop_operator_3.py
[2022-09-24 16:54:56,697] {scheduler_job.py:639} INFO - DAG(s) dict_keys(['example_branch_dop_operator_v3']) retrieved from /home/airflow/.local/lib/python3.6/site-packages/airflow/example_dags/example_branch_python_dop_operator_3.py
[2022-09-24 16:54:56,714] {logging_mixin.py:104} INFO - [2022-09-24 16:54:56,713] {dag.py:1824} INFO - Sync 1 DAGs
[2022-09-24 16:54:56,732] {logging_mixin.py:104} INFO - [2022-09-24 16:54:56,732] {dag.py:2280} INFO - Setting next_dagrun for example_branch_dop_operator_v3 to 2022-09-22 00:00:00+00:00
[2022-09-24 16:54:56,739] {scheduler_job.py:190} INFO - Processing /home/airflow/.local/lib/python3.6/site-packages/airflow/example_dags/example_branch_python_dop_operator_3.py took 0.061 seconds
[2022-09-24 16:55:27,948] {scheduler_job.py:182} INFO - Started process (PID=1434) to work on /home/airflow/.local/lib/python3.6/site-packages/airflow/example_dags/example_branch_python_dop_operator_3.py
[2022-09-24 16:55:27,949] {scheduler_job.py:629} INFO - Processing file /home/airflow/.local/lib/python3.6/site-packages/airflow/example_dags/example_branch_python_dop_operator_3.py for tasks to queue
[2022-09-24 16:55:27,949] {logging_mixin.py:104} INFO - [2022-09-24 16:55:27,949] {dagbag.py:451} INFO - Filling up the DagBag from /home/airflow/.local/lib/python3.6/site-packages/airflow/example_dags/example_branch_python_dop_operator_3.py
[2022-09-24 16:55:27,959] {scheduler_job.py:639} INFO - DAG(s) dict_keys(['example_branch_dop_operator_v3']) retrieved from /home/airflow/.local/lib/python3.6/site-packages/airflow/example_dags/example_branch_python_dop_operator_3.py
[2022-09-24 16:55:27,974] {logging_mixin.py:104} INFO - [2022-09-24 16:55:27,974] {dag.py:1824} INFO - Sync 1 DAGs
[2022-09-24 16:55:27,993] {logging_mixin.py:104} INFO - [2022-09-24 16:55:27,993] {dag.py:2280} INFO - Setting next_dagrun for example_branch_dop_operator_v3 to 2022-09-22 00:00:00+00:00
[2022-09-24 16:55:28,001] {scheduler_job.py:190} INFO - Processing /home/airflow/.local/lib/python3.6/site-packages/airflow/example_dags/example_branch_python_dop_operator_3.py took 0.056 seconds
