[2022-09-24 16:29:36,116] {scheduler_job.py:182} INFO - Started process (PID=66) to work on /home/airflow/.local/lib/python3.6/site-packages/airflow/example_dags/tutorial_etl_dag.py
[2022-09-24 16:29:36,117] {scheduler_job.py:629} INFO - Processing file /home/airflow/.local/lib/python3.6/site-packages/airflow/example_dags/tutorial_etl_dag.py for tasks to queue
[2022-09-24 16:29:36,118] {logging_mixin.py:104} INFO - [2022-09-24 16:29:36,117] {dagbag.py:451} INFO - Filling up the DagBag from /home/airflow/.local/lib/python3.6/site-packages/airflow/example_dags/tutorial_etl_dag.py
[2022-09-24 16:29:36,132] {scheduler_job.py:639} INFO - DAG(s) dict_keys(['tutorial_etl_dag']) retrieved from /home/airflow/.local/lib/python3.6/site-packages/airflow/example_dags/tutorial_etl_dag.py
[2022-09-24 16:29:36,154] {logging_mixin.py:104} INFO - [2022-09-24 16:29:36,154] {dag.py:1824} INFO - Sync 1 DAGs
[2022-09-24 16:29:36,166] {logging_mixin.py:104} INFO - [2022-09-24 16:29:36,166] {dag.py:1843} INFO - Creating ORM DAG for tutorial_etl_dag
[2022-09-24 16:29:36,171] {logging_mixin.py:104} INFO - [2022-09-24 16:29:36,171] {dag.py:2280} INFO - Setting next_dagrun for tutorial_etl_dag to None
[2022-09-24 16:29:36,186] {scheduler_job.py:190} INFO - Processing /home/airflow/.local/lib/python3.6/site-packages/airflow/example_dags/tutorial_etl_dag.py took 0.073 seconds
[2022-09-24 16:30:07,192] {scheduler_job.py:182} INFO - Started process (PID=91) to work on /home/airflow/.local/lib/python3.6/site-packages/airflow/example_dags/tutorial_etl_dag.py
[2022-09-24 16:30:07,193] {scheduler_job.py:629} INFO - Processing file /home/airflow/.local/lib/python3.6/site-packages/airflow/example_dags/tutorial_etl_dag.py for tasks to queue
[2022-09-24 16:30:07,194] {logging_mixin.py:104} INFO - [2022-09-24 16:30:07,194] {dagbag.py:451} INFO - Filling up the DagBag from /home/airflow/.local/lib/python3.6/site-packages/airflow/example_dags/tutorial_etl_dag.py
[2022-09-24 16:30:07,202] {scheduler_job.py:639} INFO - DAG(s) dict_keys(['tutorial_etl_dag']) retrieved from /home/airflow/.local/lib/python3.6/site-packages/airflow/example_dags/tutorial_etl_dag.py
[2022-09-24 16:30:07,216] {logging_mixin.py:104} INFO - [2022-09-24 16:30:07,216] {dag.py:1824} INFO - Sync 1 DAGs
[2022-09-24 16:30:07,227] {logging_mixin.py:104} INFO - [2022-09-24 16:30:07,227] {dag.py:2280} INFO - Setting next_dagrun for tutorial_etl_dag to None
[2022-09-24 16:30:07,241] {scheduler_job.py:190} INFO - Processing /home/airflow/.local/lib/python3.6/site-packages/airflow/example_dags/tutorial_etl_dag.py took 0.051 seconds
[2022-09-24 16:30:37,265] {scheduler_job.py:182} INFO - Started process (PID=117) to work on /home/airflow/.local/lib/python3.6/site-packages/airflow/example_dags/tutorial_etl_dag.py
[2022-09-24 16:30:37,266] {scheduler_job.py:629} INFO - Processing file /home/airflow/.local/lib/python3.6/site-packages/airflow/example_dags/tutorial_etl_dag.py for tasks to queue
[2022-09-24 16:30:37,267] {logging_mixin.py:104} INFO - [2022-09-24 16:30:37,267] {dagbag.py:451} INFO - Filling up the DagBag from /home/airflow/.local/lib/python3.6/site-packages/airflow/example_dags/tutorial_etl_dag.py
[2022-09-24 16:30:37,275] {scheduler_job.py:639} INFO - DAG(s) dict_keys(['tutorial_etl_dag']) retrieved from /home/airflow/.local/lib/python3.6/site-packages/airflow/example_dags/tutorial_etl_dag.py
[2022-09-24 16:30:37,292] {logging_mixin.py:104} INFO - [2022-09-24 16:30:37,292] {dag.py:1824} INFO - Sync 1 DAGs
[2022-09-24 16:30:37,304] {logging_mixin.py:104} INFO - [2022-09-24 16:30:37,304] {dag.py:2280} INFO - Setting next_dagrun for tutorial_etl_dag to None
[2022-09-24 16:30:37,312] {scheduler_job.py:190} INFO - Processing /home/airflow/.local/lib/python3.6/site-packages/airflow/example_dags/tutorial_etl_dag.py took 0.050 seconds
[2022-09-24 16:31:08,233] {scheduler_job.py:182} INFO - Started process (PID=143) to work on /home/airflow/.local/lib/python3.6/site-packages/airflow/example_dags/tutorial_etl_dag.py
[2022-09-24 16:31:08,234] {scheduler_job.py:629} INFO - Processing file /home/airflow/.local/lib/python3.6/site-packages/airflow/example_dags/tutorial_etl_dag.py for tasks to queue
[2022-09-24 16:31:08,235] {logging_mixin.py:104} INFO - [2022-09-24 16:31:08,235] {dagbag.py:451} INFO - Filling up the DagBag from /home/airflow/.local/lib/python3.6/site-packages/airflow/example_dags/tutorial_etl_dag.py
[2022-09-24 16:31:08,246] {scheduler_job.py:639} INFO - DAG(s) dict_keys(['tutorial_etl_dag']) retrieved from /home/airflow/.local/lib/python3.6/site-packages/airflow/example_dags/tutorial_etl_dag.py
[2022-09-24 16:31:08,261] {logging_mixin.py:104} INFO - [2022-09-24 16:31:08,261] {dag.py:1824} INFO - Sync 1 DAGs
[2022-09-24 16:31:08,274] {logging_mixin.py:104} INFO - [2022-09-24 16:31:08,274] {dag.py:2280} INFO - Setting next_dagrun for tutorial_etl_dag to None
[2022-09-24 16:31:08,285] {scheduler_job.py:190} INFO - Processing /home/airflow/.local/lib/python3.6/site-packages/airflow/example_dags/tutorial_etl_dag.py took 0.055 seconds
[2022-09-24 16:31:38,319] {scheduler_job.py:182} INFO - Started process (PID=169) to work on /home/airflow/.local/lib/python3.6/site-packages/airflow/example_dags/tutorial_etl_dag.py
[2022-09-24 16:31:38,321] {scheduler_job.py:629} INFO - Processing file /home/airflow/.local/lib/python3.6/site-packages/airflow/example_dags/tutorial_etl_dag.py for tasks to queue
[2022-09-24 16:31:38,322] {logging_mixin.py:104} INFO - [2022-09-24 16:31:38,321] {dagbag.py:451} INFO - Filling up the DagBag from /home/airflow/.local/lib/python3.6/site-packages/airflow/example_dags/tutorial_etl_dag.py
[2022-09-24 16:31:38,330] {scheduler_job.py:639} INFO - DAG(s) dict_keys(['tutorial_etl_dag']) retrieved from /home/airflow/.local/lib/python3.6/site-packages/airflow/example_dags/tutorial_etl_dag.py
[2022-09-24 16:31:38,344] {logging_mixin.py:104} INFO - [2022-09-24 16:31:38,344] {dag.py:1824} INFO - Sync 1 DAGs
[2022-09-24 16:31:38,355] {logging_mixin.py:104} INFO - [2022-09-24 16:31:38,355] {dag.py:2280} INFO - Setting next_dagrun for tutorial_etl_dag to None
[2022-09-24 16:31:38,362] {scheduler_job.py:190} INFO - Processing /home/airflow/.local/lib/python3.6/site-packages/airflow/example_dags/tutorial_etl_dag.py took 0.045 seconds
[2022-09-24 16:32:09,606] {scheduler_job.py:182} INFO - Started process (PID=195) to work on /home/airflow/.local/lib/python3.6/site-packages/airflow/example_dags/tutorial_etl_dag.py
[2022-09-24 16:32:09,608] {scheduler_job.py:629} INFO - Processing file /home/airflow/.local/lib/python3.6/site-packages/airflow/example_dags/tutorial_etl_dag.py for tasks to queue
[2022-09-24 16:32:09,609] {logging_mixin.py:104} INFO - [2022-09-24 16:32:09,609] {dagbag.py:451} INFO - Filling up the DagBag from /home/airflow/.local/lib/python3.6/site-packages/airflow/example_dags/tutorial_etl_dag.py
[2022-09-24 16:32:09,620] {scheduler_job.py:639} INFO - DAG(s) dict_keys(['tutorial_etl_dag']) retrieved from /home/airflow/.local/lib/python3.6/site-packages/airflow/example_dags/tutorial_etl_dag.py
[2022-09-24 16:32:09,644] {logging_mixin.py:104} INFO - [2022-09-24 16:32:09,644] {dag.py:1824} INFO - Sync 1 DAGs
[2022-09-24 16:32:09,657] {logging_mixin.py:104} INFO - [2022-09-24 16:32:09,657] {dag.py:2280} INFO - Setting next_dagrun for tutorial_etl_dag to None
[2022-09-24 16:32:09,665] {scheduler_job.py:190} INFO - Processing /home/airflow/.local/lib/python3.6/site-packages/airflow/example_dags/tutorial_etl_dag.py took 0.061 seconds
[2022-09-24 16:32:40,618] {scheduler_job.py:182} INFO - Started process (PID=219) to work on /home/airflow/.local/lib/python3.6/site-packages/airflow/example_dags/tutorial_etl_dag.py
[2022-09-24 16:32:40,621] {scheduler_job.py:629} INFO - Processing file /home/airflow/.local/lib/python3.6/site-packages/airflow/example_dags/tutorial_etl_dag.py for tasks to queue
[2022-09-24 16:32:40,624] {logging_mixin.py:104} INFO - [2022-09-24 16:32:40,624] {dagbag.py:451} INFO - Filling up the DagBag from /home/airflow/.local/lib/python3.6/site-packages/airflow/example_dags/tutorial_etl_dag.py
[2022-09-24 16:32:40,652] {scheduler_job.py:639} INFO - DAG(s) dict_keys(['tutorial_etl_dag']) retrieved from /home/airflow/.local/lib/python3.6/site-packages/airflow/example_dags/tutorial_etl_dag.py
[2022-09-24 16:32:40,711] {logging_mixin.py:104} INFO - [2022-09-24 16:32:40,711] {dag.py:1824} INFO - Sync 1 DAGs
[2022-09-24 16:32:40,748] {logging_mixin.py:104} INFO - [2022-09-24 16:32:40,748] {dag.py:2280} INFO - Setting next_dagrun for tutorial_etl_dag to None
[2022-09-24 16:32:40,774] {scheduler_job.py:190} INFO - Processing /home/airflow/.local/lib/python3.6/site-packages/airflow/example_dags/tutorial_etl_dag.py took 0.163 seconds
[2022-09-24 16:33:11,321] {scheduler_job.py:182} INFO - Started process (PID=245) to work on /home/airflow/.local/lib/python3.6/site-packages/airflow/example_dags/tutorial_etl_dag.py
[2022-09-24 16:33:11,322] {scheduler_job.py:629} INFO - Processing file /home/airflow/.local/lib/python3.6/site-packages/airflow/example_dags/tutorial_etl_dag.py for tasks to queue
[2022-09-24 16:33:11,323] {logging_mixin.py:104} INFO - [2022-09-24 16:33:11,323] {dagbag.py:451} INFO - Filling up the DagBag from /home/airflow/.local/lib/python3.6/site-packages/airflow/example_dags/tutorial_etl_dag.py
[2022-09-24 16:33:11,334] {scheduler_job.py:639} INFO - DAG(s) dict_keys(['tutorial_etl_dag']) retrieved from /home/airflow/.local/lib/python3.6/site-packages/airflow/example_dags/tutorial_etl_dag.py
[2022-09-24 16:33:11,354] {logging_mixin.py:104} INFO - [2022-09-24 16:33:11,354] {dag.py:1824} INFO - Sync 1 DAGs
[2022-09-24 16:33:11,365] {logging_mixin.py:104} INFO - [2022-09-24 16:33:11,365] {dag.py:2280} INFO - Setting next_dagrun for tutorial_etl_dag to None
[2022-09-24 16:33:11,373] {scheduler_job.py:190} INFO - Processing /home/airflow/.local/lib/python3.6/site-packages/airflow/example_dags/tutorial_etl_dag.py took 0.056 seconds
[2022-09-24 16:33:41,711] {scheduler_job.py:182} INFO - Started process (PID=271) to work on /home/airflow/.local/lib/python3.6/site-packages/airflow/example_dags/tutorial_etl_dag.py
[2022-09-24 16:33:41,714] {scheduler_job.py:629} INFO - Processing file /home/airflow/.local/lib/python3.6/site-packages/airflow/example_dags/tutorial_etl_dag.py for tasks to queue
[2022-09-24 16:33:41,715] {logging_mixin.py:104} INFO - [2022-09-24 16:33:41,715] {dagbag.py:451} INFO - Filling up the DagBag from /home/airflow/.local/lib/python3.6/site-packages/airflow/example_dags/tutorial_etl_dag.py
[2022-09-24 16:33:41,738] {scheduler_job.py:639} INFO - DAG(s) dict_keys(['tutorial_etl_dag']) retrieved from /home/airflow/.local/lib/python3.6/site-packages/airflow/example_dags/tutorial_etl_dag.py
[2022-09-24 16:33:41,784] {logging_mixin.py:104} INFO - [2022-09-24 16:33:41,784] {dag.py:1824} INFO - Sync 1 DAGs
[2022-09-24 16:33:41,805] {logging_mixin.py:104} INFO - [2022-09-24 16:33:41,804] {dag.py:2280} INFO - Setting next_dagrun for tutorial_etl_dag to None
[2022-09-24 16:33:41,813] {scheduler_job.py:190} INFO - Processing /home/airflow/.local/lib/python3.6/site-packages/airflow/example_dags/tutorial_etl_dag.py took 0.109 seconds
[2022-09-24 16:34:11,866] {scheduler_job.py:182} INFO - Started process (PID=297) to work on /home/airflow/.local/lib/python3.6/site-packages/airflow/example_dags/tutorial_etl_dag.py
[2022-09-24 16:34:11,867] {scheduler_job.py:629} INFO - Processing file /home/airflow/.local/lib/python3.6/site-packages/airflow/example_dags/tutorial_etl_dag.py for tasks to queue
[2022-09-24 16:34:11,868] {logging_mixin.py:104} INFO - [2022-09-24 16:34:11,868] {dagbag.py:451} INFO - Filling up the DagBag from /home/airflow/.local/lib/python3.6/site-packages/airflow/example_dags/tutorial_etl_dag.py
[2022-09-24 16:34:11,881] {scheduler_job.py:639} INFO - DAG(s) dict_keys(['tutorial_etl_dag']) retrieved from /home/airflow/.local/lib/python3.6/site-packages/airflow/example_dags/tutorial_etl_dag.py
[2022-09-24 16:34:11,904] {logging_mixin.py:104} INFO - [2022-09-24 16:34:11,904] {dag.py:1824} INFO - Sync 1 DAGs
[2022-09-24 16:34:11,915] {logging_mixin.py:104} INFO - [2022-09-24 16:34:11,915] {dag.py:2280} INFO - Setting next_dagrun for tutorial_etl_dag to None
[2022-09-24 16:34:11,924] {scheduler_job.py:190} INFO - Processing /home/airflow/.local/lib/python3.6/site-packages/airflow/example_dags/tutorial_etl_dag.py took 0.061 seconds
[2022-09-24 16:34:42,145] {scheduler_job.py:182} INFO - Started process (PID=324) to work on /home/airflow/.local/lib/python3.6/site-packages/airflow/example_dags/tutorial_etl_dag.py
[2022-09-24 16:34:42,146] {scheduler_job.py:629} INFO - Processing file /home/airflow/.local/lib/python3.6/site-packages/airflow/example_dags/tutorial_etl_dag.py for tasks to queue
[2022-09-24 16:34:42,147] {logging_mixin.py:104} INFO - [2022-09-24 16:34:42,147] {dagbag.py:451} INFO - Filling up the DagBag from /home/airflow/.local/lib/python3.6/site-packages/airflow/example_dags/tutorial_etl_dag.py
[2022-09-24 16:34:42,158] {scheduler_job.py:639} INFO - DAG(s) dict_keys(['tutorial_etl_dag']) retrieved from /home/airflow/.local/lib/python3.6/site-packages/airflow/example_dags/tutorial_etl_dag.py
[2022-09-24 16:34:42,182] {logging_mixin.py:104} INFO - [2022-09-24 16:34:42,182] {dag.py:1824} INFO - Sync 1 DAGs
[2022-09-24 16:34:42,196] {logging_mixin.py:104} INFO - [2022-09-24 16:34:42,196] {dag.py:2280} INFO - Setting next_dagrun for tutorial_etl_dag to None
[2022-09-24 16:34:42,206] {scheduler_job.py:190} INFO - Processing /home/airflow/.local/lib/python3.6/site-packages/airflow/example_dags/tutorial_etl_dag.py took 0.064 seconds
[2022-09-24 16:35:12,241] {scheduler_job.py:182} INFO - Started process (PID=347) to work on /home/airflow/.local/lib/python3.6/site-packages/airflow/example_dags/tutorial_etl_dag.py
[2022-09-24 16:35:12,242] {scheduler_job.py:629} INFO - Processing file /home/airflow/.local/lib/python3.6/site-packages/airflow/example_dags/tutorial_etl_dag.py for tasks to queue
[2022-09-24 16:35:12,242] {logging_mixin.py:104} INFO - [2022-09-24 16:35:12,242] {dagbag.py:451} INFO - Filling up the DagBag from /home/airflow/.local/lib/python3.6/site-packages/airflow/example_dags/tutorial_etl_dag.py
[2022-09-24 16:35:12,253] {scheduler_job.py:639} INFO - DAG(s) dict_keys(['tutorial_etl_dag']) retrieved from /home/airflow/.local/lib/python3.6/site-packages/airflow/example_dags/tutorial_etl_dag.py
[2022-09-24 16:35:12,270] {logging_mixin.py:104} INFO - [2022-09-24 16:35:12,270] {dag.py:1824} INFO - Sync 1 DAGs
[2022-09-24 16:35:12,281] {logging_mixin.py:104} INFO - [2022-09-24 16:35:12,281] {dag.py:2280} INFO - Setting next_dagrun for tutorial_etl_dag to None
[2022-09-24 16:35:12,289] {scheduler_job.py:190} INFO - Processing /home/airflow/.local/lib/python3.6/site-packages/airflow/example_dags/tutorial_etl_dag.py took 0.051 seconds
[2022-09-24 16:35:42,314] {scheduler_job.py:182} INFO - Started process (PID=374) to work on /home/airflow/.local/lib/python3.6/site-packages/airflow/example_dags/tutorial_etl_dag.py
[2022-09-24 16:35:42,315] {scheduler_job.py:629} INFO - Processing file /home/airflow/.local/lib/python3.6/site-packages/airflow/example_dags/tutorial_etl_dag.py for tasks to queue
[2022-09-24 16:35:42,315] {logging_mixin.py:104} INFO - [2022-09-24 16:35:42,315] {dagbag.py:451} INFO - Filling up the DagBag from /home/airflow/.local/lib/python3.6/site-packages/airflow/example_dags/tutorial_etl_dag.py
[2022-09-24 16:35:42,328] {scheduler_job.py:639} INFO - DAG(s) dict_keys(['tutorial_etl_dag']) retrieved from /home/airflow/.local/lib/python3.6/site-packages/airflow/example_dags/tutorial_etl_dag.py
[2022-09-24 16:35:42,343] {logging_mixin.py:104} INFO - [2022-09-24 16:35:42,343] {dag.py:1824} INFO - Sync 1 DAGs
[2022-09-24 16:35:42,354] {logging_mixin.py:104} INFO - [2022-09-24 16:35:42,354] {dag.py:2280} INFO - Setting next_dagrun for tutorial_etl_dag to None
[2022-09-24 16:35:42,361] {scheduler_job.py:190} INFO - Processing /home/airflow/.local/lib/python3.6/site-packages/airflow/example_dags/tutorial_etl_dag.py took 0.049 seconds
[2022-09-24 16:36:12,494] {scheduler_job.py:182} INFO - Started process (PID=401) to work on /home/airflow/.local/lib/python3.6/site-packages/airflow/example_dags/tutorial_etl_dag.py
[2022-09-24 16:36:12,496] {scheduler_job.py:629} INFO - Processing file /home/airflow/.local/lib/python3.6/site-packages/airflow/example_dags/tutorial_etl_dag.py for tasks to queue
[2022-09-24 16:36:12,497] {logging_mixin.py:104} INFO - [2022-09-24 16:36:12,496] {dagbag.py:451} INFO - Filling up the DagBag from /home/airflow/.local/lib/python3.6/site-packages/airflow/example_dags/tutorial_etl_dag.py
[2022-09-24 16:36:12,511] {scheduler_job.py:639} INFO - DAG(s) dict_keys(['tutorial_etl_dag']) retrieved from /home/airflow/.local/lib/python3.6/site-packages/airflow/example_dags/tutorial_etl_dag.py
[2022-09-24 16:36:12,530] {logging_mixin.py:104} INFO - [2022-09-24 16:36:12,530] {dag.py:1824} INFO - Sync 1 DAGs
[2022-09-24 16:36:12,543] {logging_mixin.py:104} INFO - [2022-09-24 16:36:12,543] {dag.py:2280} INFO - Setting next_dagrun for tutorial_etl_dag to None
[2022-09-24 16:36:12,553] {scheduler_job.py:190} INFO - Processing /home/airflow/.local/lib/python3.6/site-packages/airflow/example_dags/tutorial_etl_dag.py took 0.062 seconds
[2022-09-24 16:36:42,592] {scheduler_job.py:182} INFO - Started process (PID=427) to work on /home/airflow/.local/lib/python3.6/site-packages/airflow/example_dags/tutorial_etl_dag.py
[2022-09-24 16:36:42,598] {scheduler_job.py:629} INFO - Processing file /home/airflow/.local/lib/python3.6/site-packages/airflow/example_dags/tutorial_etl_dag.py for tasks to queue
[2022-09-24 16:36:42,599] {logging_mixin.py:104} INFO - [2022-09-24 16:36:42,599] {dagbag.py:451} INFO - Filling up the DagBag from /home/airflow/.local/lib/python3.6/site-packages/airflow/example_dags/tutorial_etl_dag.py
[2022-09-24 16:36:42,611] {scheduler_job.py:639} INFO - DAG(s) dict_keys(['tutorial_etl_dag']) retrieved from /home/airflow/.local/lib/python3.6/site-packages/airflow/example_dags/tutorial_etl_dag.py
[2022-09-24 16:36:42,633] {logging_mixin.py:104} INFO - [2022-09-24 16:36:42,633] {dag.py:1824} INFO - Sync 1 DAGs
[2022-09-24 16:36:42,650] {logging_mixin.py:104} INFO - [2022-09-24 16:36:42,650] {dag.py:2280} INFO - Setting next_dagrun for tutorial_etl_dag to None
[2022-09-24 16:36:42,661] {scheduler_job.py:190} INFO - Processing /home/airflow/.local/lib/python3.6/site-packages/airflow/example_dags/tutorial_etl_dag.py took 0.073 seconds
[2022-09-24 16:37:12,742] {scheduler_job.py:182} INFO - Started process (PID=453) to work on /home/airflow/.local/lib/python3.6/site-packages/airflow/example_dags/tutorial_etl_dag.py
[2022-09-24 16:37:12,743] {scheduler_job.py:629} INFO - Processing file /home/airflow/.local/lib/python3.6/site-packages/airflow/example_dags/tutorial_etl_dag.py for tasks to queue
[2022-09-24 16:37:12,744] {logging_mixin.py:104} INFO - [2022-09-24 16:37:12,744] {dagbag.py:451} INFO - Filling up the DagBag from /home/airflow/.local/lib/python3.6/site-packages/airflow/example_dags/tutorial_etl_dag.py
[2022-09-24 16:37:12,753] {scheduler_job.py:639} INFO - DAG(s) dict_keys(['tutorial_etl_dag']) retrieved from /home/airflow/.local/lib/python3.6/site-packages/airflow/example_dags/tutorial_etl_dag.py
[2022-09-24 16:37:12,768] {logging_mixin.py:104} INFO - [2022-09-24 16:37:12,767] {dag.py:1824} INFO - Sync 1 DAGs
[2022-09-24 16:37:12,778] {logging_mixin.py:104} INFO - [2022-09-24 16:37:12,778] {dag.py:2280} INFO - Setting next_dagrun for tutorial_etl_dag to None
[2022-09-24 16:37:12,785] {scheduler_job.py:190} INFO - Processing /home/airflow/.local/lib/python3.6/site-packages/airflow/example_dags/tutorial_etl_dag.py took 0.045 seconds
[2022-09-24 16:37:42,868] {scheduler_job.py:182} INFO - Started process (PID=480) to work on /home/airflow/.local/lib/python3.6/site-packages/airflow/example_dags/tutorial_etl_dag.py
[2022-09-24 16:37:42,869] {scheduler_job.py:629} INFO - Processing file /home/airflow/.local/lib/python3.6/site-packages/airflow/example_dags/tutorial_etl_dag.py for tasks to queue
[2022-09-24 16:37:42,869] {logging_mixin.py:104} INFO - [2022-09-24 16:37:42,869] {dagbag.py:451} INFO - Filling up the DagBag from /home/airflow/.local/lib/python3.6/site-packages/airflow/example_dags/tutorial_etl_dag.py
[2022-09-24 16:37:42,877] {scheduler_job.py:639} INFO - DAG(s) dict_keys(['tutorial_etl_dag']) retrieved from /home/airflow/.local/lib/python3.6/site-packages/airflow/example_dags/tutorial_etl_dag.py
[2022-09-24 16:37:42,893] {logging_mixin.py:104} INFO - [2022-09-24 16:37:42,893] {dag.py:1824} INFO - Sync 1 DAGs
[2022-09-24 16:37:42,906] {logging_mixin.py:104} INFO - [2022-09-24 16:37:42,906] {dag.py:2280} INFO - Setting next_dagrun for tutorial_etl_dag to None
[2022-09-24 16:37:42,917] {scheduler_job.py:190} INFO - Processing /home/airflow/.local/lib/python3.6/site-packages/airflow/example_dags/tutorial_etl_dag.py took 0.051 seconds
[2022-09-24 16:38:13,145] {scheduler_job.py:182} INFO - Started process (PID=506) to work on /home/airflow/.local/lib/python3.6/site-packages/airflow/example_dags/tutorial_etl_dag.py
[2022-09-24 16:38:13,146] {scheduler_job.py:629} INFO - Processing file /home/airflow/.local/lib/python3.6/site-packages/airflow/example_dags/tutorial_etl_dag.py for tasks to queue
[2022-09-24 16:38:13,147] {logging_mixin.py:104} INFO - [2022-09-24 16:38:13,147] {dagbag.py:451} INFO - Filling up the DagBag from /home/airflow/.local/lib/python3.6/site-packages/airflow/example_dags/tutorial_etl_dag.py
[2022-09-24 16:38:13,156] {scheduler_job.py:639} INFO - DAG(s) dict_keys(['tutorial_etl_dag']) retrieved from /home/airflow/.local/lib/python3.6/site-packages/airflow/example_dags/tutorial_etl_dag.py
[2022-09-24 16:38:13,170] {logging_mixin.py:104} INFO - [2022-09-24 16:38:13,170] {dag.py:1824} INFO - Sync 1 DAGs
[2022-09-24 16:38:13,181] {logging_mixin.py:104} INFO - [2022-09-24 16:38:13,181] {dag.py:2280} INFO - Setting next_dagrun for tutorial_etl_dag to None
[2022-09-24 16:38:13,188] {scheduler_job.py:190} INFO - Processing /home/airflow/.local/lib/python3.6/site-packages/airflow/example_dags/tutorial_etl_dag.py took 0.046 seconds
[2022-09-24 16:38:43,263] {scheduler_job.py:182} INFO - Started process (PID=532) to work on /home/airflow/.local/lib/python3.6/site-packages/airflow/example_dags/tutorial_etl_dag.py
[2022-09-24 16:38:43,264] {scheduler_job.py:629} INFO - Processing file /home/airflow/.local/lib/python3.6/site-packages/airflow/example_dags/tutorial_etl_dag.py for tasks to queue
[2022-09-24 16:38:43,265] {logging_mixin.py:104} INFO - [2022-09-24 16:38:43,265] {dagbag.py:451} INFO - Filling up the DagBag from /home/airflow/.local/lib/python3.6/site-packages/airflow/example_dags/tutorial_etl_dag.py
[2022-09-24 16:38:43,276] {scheduler_job.py:639} INFO - DAG(s) dict_keys(['tutorial_etl_dag']) retrieved from /home/airflow/.local/lib/python3.6/site-packages/airflow/example_dags/tutorial_etl_dag.py
[2022-09-24 16:38:43,296] {logging_mixin.py:104} INFO - [2022-09-24 16:38:43,296] {dag.py:1824} INFO - Sync 1 DAGs
[2022-09-24 16:38:43,312] {logging_mixin.py:104} INFO - [2022-09-24 16:38:43,311] {dag.py:2280} INFO - Setting next_dagrun for tutorial_etl_dag to None
[2022-09-24 16:38:43,321] {scheduler_job.py:190} INFO - Processing /home/airflow/.local/lib/python3.6/site-packages/airflow/example_dags/tutorial_etl_dag.py took 0.061 seconds
[2022-09-24 16:39:13,561] {scheduler_job.py:182} INFO - Started process (PID=558) to work on /home/airflow/.local/lib/python3.6/site-packages/airflow/example_dags/tutorial_etl_dag.py
[2022-09-24 16:39:13,562] {scheduler_job.py:629} INFO - Processing file /home/airflow/.local/lib/python3.6/site-packages/airflow/example_dags/tutorial_etl_dag.py for tasks to queue
[2022-09-24 16:39:13,563] {logging_mixin.py:104} INFO - [2022-09-24 16:39:13,563] {dagbag.py:451} INFO - Filling up the DagBag from /home/airflow/.local/lib/python3.6/site-packages/airflow/example_dags/tutorial_etl_dag.py
[2022-09-24 16:39:13,574] {scheduler_job.py:639} INFO - DAG(s) dict_keys(['tutorial_etl_dag']) retrieved from /home/airflow/.local/lib/python3.6/site-packages/airflow/example_dags/tutorial_etl_dag.py
[2022-09-24 16:39:13,593] {logging_mixin.py:104} INFO - [2022-09-24 16:39:13,593] {dag.py:1824} INFO - Sync 1 DAGs
[2022-09-24 16:39:13,606] {logging_mixin.py:104} INFO - [2022-09-24 16:39:13,606] {dag.py:2280} INFO - Setting next_dagrun for tutorial_etl_dag to None
[2022-09-24 16:39:13,615] {scheduler_job.py:190} INFO - Processing /home/airflow/.local/lib/python3.6/site-packages/airflow/example_dags/tutorial_etl_dag.py took 0.058 seconds
[2022-09-24 16:39:44,683] {scheduler_job.py:182} INFO - Started process (PID=589) to work on /home/airflow/.local/lib/python3.6/site-packages/airflow/example_dags/tutorial_etl_dag.py
[2022-09-24 16:39:44,684] {scheduler_job.py:629} INFO - Processing file /home/airflow/.local/lib/python3.6/site-packages/airflow/example_dags/tutorial_etl_dag.py for tasks to queue
[2022-09-24 16:39:44,685] {logging_mixin.py:104} INFO - [2022-09-24 16:39:44,685] {dagbag.py:451} INFO - Filling up the DagBag from /home/airflow/.local/lib/python3.6/site-packages/airflow/example_dags/tutorial_etl_dag.py
[2022-09-24 16:39:44,698] {scheduler_job.py:639} INFO - DAG(s) dict_keys(['tutorial_etl_dag']) retrieved from /home/airflow/.local/lib/python3.6/site-packages/airflow/example_dags/tutorial_etl_dag.py
[2022-09-24 16:39:44,717] {logging_mixin.py:104} INFO - [2022-09-24 16:39:44,717] {dag.py:1824} INFO - Sync 1 DAGs
[2022-09-24 16:39:44,731] {logging_mixin.py:104} INFO - [2022-09-24 16:39:44,731] {dag.py:2280} INFO - Setting next_dagrun for tutorial_etl_dag to None
[2022-09-24 16:39:44,744] {scheduler_job.py:190} INFO - Processing /home/airflow/.local/lib/python3.6/site-packages/airflow/example_dags/tutorial_etl_dag.py took 0.063 seconds
[2022-09-24 16:40:14,883] {scheduler_job.py:182} INFO - Started process (PID=615) to work on /home/airflow/.local/lib/python3.6/site-packages/airflow/example_dags/tutorial_etl_dag.py
[2022-09-24 16:40:14,884] {scheduler_job.py:629} INFO - Processing file /home/airflow/.local/lib/python3.6/site-packages/airflow/example_dags/tutorial_etl_dag.py for tasks to queue
[2022-09-24 16:40:14,885] {logging_mixin.py:104} INFO - [2022-09-24 16:40:14,885] {dagbag.py:451} INFO - Filling up the DagBag from /home/airflow/.local/lib/python3.6/site-packages/airflow/example_dags/tutorial_etl_dag.py
[2022-09-24 16:40:14,895] {scheduler_job.py:639} INFO - DAG(s) dict_keys(['tutorial_etl_dag']) retrieved from /home/airflow/.local/lib/python3.6/site-packages/airflow/example_dags/tutorial_etl_dag.py
[2022-09-24 16:40:14,914] {logging_mixin.py:104} INFO - [2022-09-24 16:40:14,913] {dag.py:1824} INFO - Sync 1 DAGs
[2022-09-24 16:40:14,927] {logging_mixin.py:104} INFO - [2022-09-24 16:40:14,927] {dag.py:2280} INFO - Setting next_dagrun for tutorial_etl_dag to None
[2022-09-24 16:40:14,936] {scheduler_job.py:190} INFO - Processing /home/airflow/.local/lib/python3.6/site-packages/airflow/example_dags/tutorial_etl_dag.py took 0.056 seconds
[2022-09-24 16:40:44,979] {scheduler_job.py:182} INFO - Started process (PID=642) to work on /home/airflow/.local/lib/python3.6/site-packages/airflow/example_dags/tutorial_etl_dag.py
[2022-09-24 16:40:44,980] {scheduler_job.py:629} INFO - Processing file /home/airflow/.local/lib/python3.6/site-packages/airflow/example_dags/tutorial_etl_dag.py for tasks to queue
[2022-09-24 16:40:44,981] {logging_mixin.py:104} INFO - [2022-09-24 16:40:44,981] {dagbag.py:451} INFO - Filling up the DagBag from /home/airflow/.local/lib/python3.6/site-packages/airflow/example_dags/tutorial_etl_dag.py
[2022-09-24 16:40:44,992] {scheduler_job.py:639} INFO - DAG(s) dict_keys(['tutorial_etl_dag']) retrieved from /home/airflow/.local/lib/python3.6/site-packages/airflow/example_dags/tutorial_etl_dag.py
[2022-09-24 16:40:45,015] {logging_mixin.py:104} INFO - [2022-09-24 16:40:45,015] {dag.py:1824} INFO - Sync 1 DAGs
[2022-09-24 16:40:45,032] {logging_mixin.py:104} INFO - [2022-09-24 16:40:45,032] {dag.py:2280} INFO - Setting next_dagrun for tutorial_etl_dag to None
[2022-09-24 16:40:45,043] {scheduler_job.py:190} INFO - Processing /home/airflow/.local/lib/python3.6/site-packages/airflow/example_dags/tutorial_etl_dag.py took 0.067 seconds
[2022-09-24 16:41:15,240] {scheduler_job.py:182} INFO - Started process (PID=667) to work on /home/airflow/.local/lib/python3.6/site-packages/airflow/example_dags/tutorial_etl_dag.py
[2022-09-24 16:41:15,242] {scheduler_job.py:629} INFO - Processing file /home/airflow/.local/lib/python3.6/site-packages/airflow/example_dags/tutorial_etl_dag.py for tasks to queue
[2022-09-24 16:41:15,244] {logging_mixin.py:104} INFO - [2022-09-24 16:41:15,244] {dagbag.py:451} INFO - Filling up the DagBag from /home/airflow/.local/lib/python3.6/site-packages/airflow/example_dags/tutorial_etl_dag.py
[2022-09-24 16:41:15,263] {scheduler_job.py:639} INFO - DAG(s) dict_keys(['tutorial_etl_dag']) retrieved from /home/airflow/.local/lib/python3.6/site-packages/airflow/example_dags/tutorial_etl_dag.py
[2022-09-24 16:41:15,303] {logging_mixin.py:104} INFO - [2022-09-24 16:41:15,303] {dag.py:1824} INFO - Sync 1 DAGs
[2022-09-24 16:41:15,331] {logging_mixin.py:104} INFO - [2022-09-24 16:41:15,330] {dag.py:2280} INFO - Setting next_dagrun for tutorial_etl_dag to None
[2022-09-24 16:41:15,349] {scheduler_job.py:190} INFO - Processing /home/airflow/.local/lib/python3.6/site-packages/airflow/example_dags/tutorial_etl_dag.py took 0.113 seconds
[2022-09-24 16:41:45,681] {scheduler_job.py:182} INFO - Started process (PID=694) to work on /home/airflow/.local/lib/python3.6/site-packages/airflow/example_dags/tutorial_etl_dag.py
[2022-09-24 16:41:45,683] {scheduler_job.py:629} INFO - Processing file /home/airflow/.local/lib/python3.6/site-packages/airflow/example_dags/tutorial_etl_dag.py for tasks to queue
[2022-09-24 16:41:45,684] {logging_mixin.py:104} INFO - [2022-09-24 16:41:45,684] {dagbag.py:451} INFO - Filling up the DagBag from /home/airflow/.local/lib/python3.6/site-packages/airflow/example_dags/tutorial_etl_dag.py
[2022-09-24 16:41:45,694] {scheduler_job.py:639} INFO - DAG(s) dict_keys(['tutorial_etl_dag']) retrieved from /home/airflow/.local/lib/python3.6/site-packages/airflow/example_dags/tutorial_etl_dag.py
[2022-09-24 16:41:45,716] {logging_mixin.py:104} INFO - [2022-09-24 16:41:45,716] {dag.py:1824} INFO - Sync 1 DAGs
[2022-09-24 16:41:45,733] {logging_mixin.py:104} INFO - [2022-09-24 16:41:45,733] {dag.py:2280} INFO - Setting next_dagrun for tutorial_etl_dag to None
[2022-09-24 16:41:45,743] {scheduler_job.py:190} INFO - Processing /home/airflow/.local/lib/python3.6/site-packages/airflow/example_dags/tutorial_etl_dag.py took 0.065 seconds
[2022-09-24 16:42:15,792] {scheduler_job.py:182} INFO - Started process (PID=720) to work on /home/airflow/.local/lib/python3.6/site-packages/airflow/example_dags/tutorial_etl_dag.py
[2022-09-24 16:42:15,793] {scheduler_job.py:629} INFO - Processing file /home/airflow/.local/lib/python3.6/site-packages/airflow/example_dags/tutorial_etl_dag.py for tasks to queue
[2022-09-24 16:42:15,794] {logging_mixin.py:104} INFO - [2022-09-24 16:42:15,794] {dagbag.py:451} INFO - Filling up the DagBag from /home/airflow/.local/lib/python3.6/site-packages/airflow/example_dags/tutorial_etl_dag.py
[2022-09-24 16:42:15,803] {scheduler_job.py:639} INFO - DAG(s) dict_keys(['tutorial_etl_dag']) retrieved from /home/airflow/.local/lib/python3.6/site-packages/airflow/example_dags/tutorial_etl_dag.py
[2022-09-24 16:42:15,818] {logging_mixin.py:104} INFO - [2022-09-24 16:42:15,818] {dag.py:1824} INFO - Sync 1 DAGs
[2022-09-24 16:42:15,830] {logging_mixin.py:104} INFO - [2022-09-24 16:42:15,830] {dag.py:2280} INFO - Setting next_dagrun for tutorial_etl_dag to None
[2022-09-24 16:42:15,837] {scheduler_job.py:190} INFO - Processing /home/airflow/.local/lib/python3.6/site-packages/airflow/example_dags/tutorial_etl_dag.py took 0.047 seconds
[2022-09-24 16:42:45,876] {scheduler_job.py:182} INFO - Started process (PID=746) to work on /home/airflow/.local/lib/python3.6/site-packages/airflow/example_dags/tutorial_etl_dag.py
[2022-09-24 16:42:45,877] {scheduler_job.py:629} INFO - Processing file /home/airflow/.local/lib/python3.6/site-packages/airflow/example_dags/tutorial_etl_dag.py for tasks to queue
[2022-09-24 16:42:45,877] {logging_mixin.py:104} INFO - [2022-09-24 16:42:45,877] {dagbag.py:451} INFO - Filling up the DagBag from /home/airflow/.local/lib/python3.6/site-packages/airflow/example_dags/tutorial_etl_dag.py
[2022-09-24 16:42:45,885] {scheduler_job.py:639} INFO - DAG(s) dict_keys(['tutorial_etl_dag']) retrieved from /home/airflow/.local/lib/python3.6/site-packages/airflow/example_dags/tutorial_etl_dag.py
[2022-09-24 16:42:45,901] {logging_mixin.py:104} INFO - [2022-09-24 16:42:45,901] {dag.py:1824} INFO - Sync 1 DAGs
[2022-09-24 16:42:45,912] {logging_mixin.py:104} INFO - [2022-09-24 16:42:45,912] {dag.py:2280} INFO - Setting next_dagrun for tutorial_etl_dag to None
[2022-09-24 16:42:45,920] {scheduler_job.py:190} INFO - Processing /home/airflow/.local/lib/python3.6/site-packages/airflow/example_dags/tutorial_etl_dag.py took 0.046 seconds
[2022-09-24 16:43:15,957] {scheduler_job.py:182} INFO - Started process (PID=773) to work on /home/airflow/.local/lib/python3.6/site-packages/airflow/example_dags/tutorial_etl_dag.py
[2022-09-24 16:43:15,958] {scheduler_job.py:629} INFO - Processing file /home/airflow/.local/lib/python3.6/site-packages/airflow/example_dags/tutorial_etl_dag.py for tasks to queue
[2022-09-24 16:43:15,959] {logging_mixin.py:104} INFO - [2022-09-24 16:43:15,958] {dagbag.py:451} INFO - Filling up the DagBag from /home/airflow/.local/lib/python3.6/site-packages/airflow/example_dags/tutorial_etl_dag.py
[2022-09-24 16:43:15,967] {scheduler_job.py:639} INFO - DAG(s) dict_keys(['tutorial_etl_dag']) retrieved from /home/airflow/.local/lib/python3.6/site-packages/airflow/example_dags/tutorial_etl_dag.py
[2022-09-24 16:43:15,981] {logging_mixin.py:104} INFO - [2022-09-24 16:43:15,981] {dag.py:1824} INFO - Sync 1 DAGs
[2022-09-24 16:43:15,991] {logging_mixin.py:104} INFO - [2022-09-24 16:43:15,991] {dag.py:2280} INFO - Setting next_dagrun for tutorial_etl_dag to None
[2022-09-24 16:43:15,998] {scheduler_job.py:190} INFO - Processing /home/airflow/.local/lib/python3.6/site-packages/airflow/example_dags/tutorial_etl_dag.py took 0.044 seconds
[2022-09-24 16:43:46,028] {scheduler_job.py:182} INFO - Started process (PID=799) to work on /home/airflow/.local/lib/python3.6/site-packages/airflow/example_dags/tutorial_etl_dag.py
[2022-09-24 16:43:46,029] {scheduler_job.py:629} INFO - Processing file /home/airflow/.local/lib/python3.6/site-packages/airflow/example_dags/tutorial_etl_dag.py for tasks to queue
[2022-09-24 16:43:46,030] {logging_mixin.py:104} INFO - [2022-09-24 16:43:46,030] {dagbag.py:451} INFO - Filling up the DagBag from /home/airflow/.local/lib/python3.6/site-packages/airflow/example_dags/tutorial_etl_dag.py
[2022-09-24 16:43:46,038] {scheduler_job.py:639} INFO - DAG(s) dict_keys(['tutorial_etl_dag']) retrieved from /home/airflow/.local/lib/python3.6/site-packages/airflow/example_dags/tutorial_etl_dag.py
[2022-09-24 16:43:46,058] {logging_mixin.py:104} INFO - [2022-09-24 16:43:46,058] {dag.py:1824} INFO - Sync 1 DAGs
[2022-09-24 16:43:46,068] {logging_mixin.py:104} INFO - [2022-09-24 16:43:46,068] {dag.py:2280} INFO - Setting next_dagrun for tutorial_etl_dag to None
[2022-09-24 16:43:46,075] {scheduler_job.py:190} INFO - Processing /home/airflow/.local/lib/python3.6/site-packages/airflow/example_dags/tutorial_etl_dag.py took 0.050 seconds
[2022-09-24 16:44:16,193] {scheduler_job.py:182} INFO - Started process (PID=826) to work on /home/airflow/.local/lib/python3.6/site-packages/airflow/example_dags/tutorial_etl_dag.py
[2022-09-24 16:44:16,194] {scheduler_job.py:629} INFO - Processing file /home/airflow/.local/lib/python3.6/site-packages/airflow/example_dags/tutorial_etl_dag.py for tasks to queue
[2022-09-24 16:44:16,195] {logging_mixin.py:104} INFO - [2022-09-24 16:44:16,195] {dagbag.py:451} INFO - Filling up the DagBag from /home/airflow/.local/lib/python3.6/site-packages/airflow/example_dags/tutorial_etl_dag.py
[2022-09-24 16:44:16,204] {scheduler_job.py:639} INFO - DAG(s) dict_keys(['tutorial_etl_dag']) retrieved from /home/airflow/.local/lib/python3.6/site-packages/airflow/example_dags/tutorial_etl_dag.py
[2022-09-24 16:44:16,218] {logging_mixin.py:104} INFO - [2022-09-24 16:44:16,218] {dag.py:1824} INFO - Sync 1 DAGs
[2022-09-24 16:44:16,230] {logging_mixin.py:104} INFO - [2022-09-24 16:44:16,230] {dag.py:2280} INFO - Setting next_dagrun for tutorial_etl_dag to None
[2022-09-24 16:44:16,237] {scheduler_job.py:190} INFO - Processing /home/airflow/.local/lib/python3.6/site-packages/airflow/example_dags/tutorial_etl_dag.py took 0.046 seconds
[2022-09-24 16:44:46,316] {scheduler_job.py:182} INFO - Started process (PID=853) to work on /home/airflow/.local/lib/python3.6/site-packages/airflow/example_dags/tutorial_etl_dag.py
[2022-09-24 16:44:46,317] {scheduler_job.py:629} INFO - Processing file /home/airflow/.local/lib/python3.6/site-packages/airflow/example_dags/tutorial_etl_dag.py for tasks to queue
[2022-09-24 16:44:46,317] {logging_mixin.py:104} INFO - [2022-09-24 16:44:46,317] {dagbag.py:451} INFO - Filling up the DagBag from /home/airflow/.local/lib/python3.6/site-packages/airflow/example_dags/tutorial_etl_dag.py
[2022-09-24 16:44:46,325] {scheduler_job.py:639} INFO - DAG(s) dict_keys(['tutorial_etl_dag']) retrieved from /home/airflow/.local/lib/python3.6/site-packages/airflow/example_dags/tutorial_etl_dag.py
[2022-09-24 16:44:46,341] {logging_mixin.py:104} INFO - [2022-09-24 16:44:46,341] {dag.py:1824} INFO - Sync 1 DAGs
[2022-09-24 16:44:46,350] {logging_mixin.py:104} INFO - [2022-09-24 16:44:46,350] {dag.py:2280} INFO - Setting next_dagrun for tutorial_etl_dag to None
[2022-09-24 16:44:46,358] {scheduler_job.py:190} INFO - Processing /home/airflow/.local/lib/python3.6/site-packages/airflow/example_dags/tutorial_etl_dag.py took 0.044 seconds
[2022-09-24 16:45:17,851] {scheduler_job.py:182} INFO - Started process (PID=894) to work on /home/airflow/.local/lib/python3.6/site-packages/airflow/example_dags/tutorial_etl_dag.py
[2022-09-24 16:45:17,852] {scheduler_job.py:629} INFO - Processing file /home/airflow/.local/lib/python3.6/site-packages/airflow/example_dags/tutorial_etl_dag.py for tasks to queue
[2022-09-24 16:45:17,853] {logging_mixin.py:104} INFO - [2022-09-24 16:45:17,853] {dagbag.py:451} INFO - Filling up the DagBag from /home/airflow/.local/lib/python3.6/site-packages/airflow/example_dags/tutorial_etl_dag.py
[2022-09-24 16:45:17,862] {scheduler_job.py:639} INFO - DAG(s) dict_keys(['tutorial_etl_dag']) retrieved from /home/airflow/.local/lib/python3.6/site-packages/airflow/example_dags/tutorial_etl_dag.py
[2022-09-24 16:45:17,877] {logging_mixin.py:104} INFO - [2022-09-24 16:45:17,877] {dag.py:1824} INFO - Sync 1 DAGs
[2022-09-24 16:45:17,887] {logging_mixin.py:104} INFO - [2022-09-24 16:45:17,887] {dag.py:2280} INFO - Setting next_dagrun for tutorial_etl_dag to None
[2022-09-24 16:45:17,895] {scheduler_job.py:190} INFO - Processing /home/airflow/.local/lib/python3.6/site-packages/airflow/example_dags/tutorial_etl_dag.py took 0.047 seconds
[2022-09-24 16:45:47,949] {scheduler_job.py:182} INFO - Started process (PID=921) to work on /home/airflow/.local/lib/python3.6/site-packages/airflow/example_dags/tutorial_etl_dag.py
[2022-09-24 16:45:47,950] {scheduler_job.py:629} INFO - Processing file /home/airflow/.local/lib/python3.6/site-packages/airflow/example_dags/tutorial_etl_dag.py for tasks to queue
[2022-09-24 16:45:47,951] {logging_mixin.py:104} INFO - [2022-09-24 16:45:47,951] {dagbag.py:451} INFO - Filling up the DagBag from /home/airflow/.local/lib/python3.6/site-packages/airflow/example_dags/tutorial_etl_dag.py
[2022-09-24 16:45:47,959] {scheduler_job.py:639} INFO - DAG(s) dict_keys(['tutorial_etl_dag']) retrieved from /home/airflow/.local/lib/python3.6/site-packages/airflow/example_dags/tutorial_etl_dag.py
[2022-09-24 16:45:47,975] {logging_mixin.py:104} INFO - [2022-09-24 16:45:47,975] {dag.py:1824} INFO - Sync 1 DAGs
[2022-09-24 16:45:47,987] {logging_mixin.py:104} INFO - [2022-09-24 16:45:47,987] {dag.py:2280} INFO - Setting next_dagrun for tutorial_etl_dag to None
[2022-09-24 16:45:47,995] {scheduler_job.py:190} INFO - Processing /home/airflow/.local/lib/python3.6/site-packages/airflow/example_dags/tutorial_etl_dag.py took 0.048 seconds
[2022-09-24 16:46:18,920] {scheduler_job.py:182} INFO - Started process (PID=948) to work on /home/airflow/.local/lib/python3.6/site-packages/airflow/example_dags/tutorial_etl_dag.py
[2022-09-24 16:46:18,921] {scheduler_job.py:629} INFO - Processing file /home/airflow/.local/lib/python3.6/site-packages/airflow/example_dags/tutorial_etl_dag.py for tasks to queue
[2022-09-24 16:46:18,922] {logging_mixin.py:104} INFO - [2022-09-24 16:46:18,922] {dagbag.py:451} INFO - Filling up the DagBag from /home/airflow/.local/lib/python3.6/site-packages/airflow/example_dags/tutorial_etl_dag.py
[2022-09-24 16:46:18,930] {scheduler_job.py:639} INFO - DAG(s) dict_keys(['tutorial_etl_dag']) retrieved from /home/airflow/.local/lib/python3.6/site-packages/airflow/example_dags/tutorial_etl_dag.py
[2022-09-24 16:46:18,945] {logging_mixin.py:104} INFO - [2022-09-24 16:46:18,945] {dag.py:1824} INFO - Sync 1 DAGs
[2022-09-24 16:46:18,956] {logging_mixin.py:104} INFO - [2022-09-24 16:46:18,956] {dag.py:2280} INFO - Setting next_dagrun for tutorial_etl_dag to None
[2022-09-24 16:46:18,965] {scheduler_job.py:190} INFO - Processing /home/airflow/.local/lib/python3.6/site-packages/airflow/example_dags/tutorial_etl_dag.py took 0.047 seconds
[2022-09-24 16:46:49,916] {scheduler_job.py:182} INFO - Started process (PID=975) to work on /home/airflow/.local/lib/python3.6/site-packages/airflow/example_dags/tutorial_etl_dag.py
[2022-09-24 16:46:49,918] {scheduler_job.py:629} INFO - Processing file /home/airflow/.local/lib/python3.6/site-packages/airflow/example_dags/tutorial_etl_dag.py for tasks to queue
[2022-09-24 16:46:49,919] {logging_mixin.py:104} INFO - [2022-09-24 16:46:49,919] {dagbag.py:451} INFO - Filling up the DagBag from /home/airflow/.local/lib/python3.6/site-packages/airflow/example_dags/tutorial_etl_dag.py
[2022-09-24 16:46:49,929] {scheduler_job.py:639} INFO - DAG(s) dict_keys(['tutorial_etl_dag']) retrieved from /home/airflow/.local/lib/python3.6/site-packages/airflow/example_dags/tutorial_etl_dag.py
[2022-09-24 16:46:49,951] {logging_mixin.py:104} INFO - [2022-09-24 16:46:49,951] {dag.py:1824} INFO - Sync 1 DAGs
[2022-09-24 16:46:49,972] {logging_mixin.py:104} INFO - [2022-09-24 16:46:49,971] {dag.py:2280} INFO - Setting next_dagrun for tutorial_etl_dag to None
[2022-09-24 16:46:49,980] {scheduler_job.py:190} INFO - Processing /home/airflow/.local/lib/python3.6/site-packages/airflow/example_dags/tutorial_etl_dag.py took 0.066 seconds
[2022-09-24 16:47:20,972] {scheduler_job.py:182} INFO - Started process (PID=1002) to work on /home/airflow/.local/lib/python3.6/site-packages/airflow/example_dags/tutorial_etl_dag.py
[2022-09-24 16:47:20,973] {scheduler_job.py:629} INFO - Processing file /home/airflow/.local/lib/python3.6/site-packages/airflow/example_dags/tutorial_etl_dag.py for tasks to queue
[2022-09-24 16:47:20,973] {logging_mixin.py:104} INFO - [2022-09-24 16:47:20,973] {dagbag.py:451} INFO - Filling up the DagBag from /home/airflow/.local/lib/python3.6/site-packages/airflow/example_dags/tutorial_etl_dag.py
[2022-09-24 16:47:20,981] {scheduler_job.py:639} INFO - DAG(s) dict_keys(['tutorial_etl_dag']) retrieved from /home/airflow/.local/lib/python3.6/site-packages/airflow/example_dags/tutorial_etl_dag.py
[2022-09-24 16:47:20,996] {logging_mixin.py:104} INFO - [2022-09-24 16:47:20,996] {dag.py:1824} INFO - Sync 1 DAGs
[2022-09-24 16:47:21,005] {logging_mixin.py:104} INFO - [2022-09-24 16:47:21,005] {dag.py:2280} INFO - Setting next_dagrun for tutorial_etl_dag to None
[2022-09-24 16:47:21,014] {scheduler_job.py:190} INFO - Processing /home/airflow/.local/lib/python3.6/site-packages/airflow/example_dags/tutorial_etl_dag.py took 0.045 seconds
[2022-09-24 16:47:51,078] {scheduler_job.py:182} INFO - Started process (PID=1029) to work on /home/airflow/.local/lib/python3.6/site-packages/airflow/example_dags/tutorial_etl_dag.py
[2022-09-24 16:47:51,079] {scheduler_job.py:629} INFO - Processing file /home/airflow/.local/lib/python3.6/site-packages/airflow/example_dags/tutorial_etl_dag.py for tasks to queue
[2022-09-24 16:47:51,080] {logging_mixin.py:104} INFO - [2022-09-24 16:47:51,080] {dagbag.py:451} INFO - Filling up the DagBag from /home/airflow/.local/lib/python3.6/site-packages/airflow/example_dags/tutorial_etl_dag.py
[2022-09-24 16:47:51,089] {scheduler_job.py:639} INFO - DAG(s) dict_keys(['tutorial_etl_dag']) retrieved from /home/airflow/.local/lib/python3.6/site-packages/airflow/example_dags/tutorial_etl_dag.py
[2022-09-24 16:47:51,104] {logging_mixin.py:104} INFO - [2022-09-24 16:47:51,104] {dag.py:1824} INFO - Sync 1 DAGs
[2022-09-24 16:47:51,115] {logging_mixin.py:104} INFO - [2022-09-24 16:47:51,115] {dag.py:2280} INFO - Setting next_dagrun for tutorial_etl_dag to None
[2022-09-24 16:47:51,123] {scheduler_job.py:190} INFO - Processing /home/airflow/.local/lib/python3.6/site-packages/airflow/example_dags/tutorial_etl_dag.py took 0.047 seconds
[2022-09-24 16:48:21,206] {scheduler_job.py:182} INFO - Started process (PID=1056) to work on /home/airflow/.local/lib/python3.6/site-packages/airflow/example_dags/tutorial_etl_dag.py
[2022-09-24 16:48:21,207] {scheduler_job.py:629} INFO - Processing file /home/airflow/.local/lib/python3.6/site-packages/airflow/example_dags/tutorial_etl_dag.py for tasks to queue
[2022-09-24 16:48:21,208] {logging_mixin.py:104} INFO - [2022-09-24 16:48:21,208] {dagbag.py:451} INFO - Filling up the DagBag from /home/airflow/.local/lib/python3.6/site-packages/airflow/example_dags/tutorial_etl_dag.py
[2022-09-24 16:48:21,217] {scheduler_job.py:639} INFO - DAG(s) dict_keys(['tutorial_etl_dag']) retrieved from /home/airflow/.local/lib/python3.6/site-packages/airflow/example_dags/tutorial_etl_dag.py
[2022-09-24 16:48:21,232] {logging_mixin.py:104} INFO - [2022-09-24 16:48:21,232] {dag.py:1824} INFO - Sync 1 DAGs
[2022-09-24 16:48:21,242] {logging_mixin.py:104} INFO - [2022-09-24 16:48:21,242] {dag.py:2280} INFO - Setting next_dagrun for tutorial_etl_dag to None
[2022-09-24 16:48:21,250] {scheduler_job.py:190} INFO - Processing /home/airflow/.local/lib/python3.6/site-packages/airflow/example_dags/tutorial_etl_dag.py took 0.046 seconds
[2022-09-24 16:48:51,456] {scheduler_job.py:182} INFO - Started process (PID=1083) to work on /home/airflow/.local/lib/python3.6/site-packages/airflow/example_dags/tutorial_etl_dag.py
[2022-09-24 16:48:51,457] {scheduler_job.py:629} INFO - Processing file /home/airflow/.local/lib/python3.6/site-packages/airflow/example_dags/tutorial_etl_dag.py for tasks to queue
[2022-09-24 16:48:51,458] {logging_mixin.py:104} INFO - [2022-09-24 16:48:51,458] {dagbag.py:451} INFO - Filling up the DagBag from /home/airflow/.local/lib/python3.6/site-packages/airflow/example_dags/tutorial_etl_dag.py
[2022-09-24 16:48:51,469] {scheduler_job.py:639} INFO - DAG(s) dict_keys(['tutorial_etl_dag']) retrieved from /home/airflow/.local/lib/python3.6/site-packages/airflow/example_dags/tutorial_etl_dag.py
[2022-09-24 16:48:51,484] {logging_mixin.py:104} INFO - [2022-09-24 16:48:51,484] {dag.py:1824} INFO - Sync 1 DAGs
[2022-09-24 16:48:51,495] {logging_mixin.py:104} INFO - [2022-09-24 16:48:51,494] {dag.py:2280} INFO - Setting next_dagrun for tutorial_etl_dag to None
[2022-09-24 16:48:51,502] {scheduler_job.py:190} INFO - Processing /home/airflow/.local/lib/python3.6/site-packages/airflow/example_dags/tutorial_etl_dag.py took 0.049 seconds
[2022-09-24 16:49:21,592] {scheduler_job.py:182} INFO - Started process (PID=1108) to work on /home/airflow/.local/lib/python3.6/site-packages/airflow/example_dags/tutorial_etl_dag.py
[2022-09-24 16:49:21,594] {scheduler_job.py:629} INFO - Processing file /home/airflow/.local/lib/python3.6/site-packages/airflow/example_dags/tutorial_etl_dag.py for tasks to queue
[2022-09-24 16:49:21,595] {logging_mixin.py:104} INFO - [2022-09-24 16:49:21,594] {dagbag.py:451} INFO - Filling up the DagBag from /home/airflow/.local/lib/python3.6/site-packages/airflow/example_dags/tutorial_etl_dag.py
[2022-09-24 16:49:21,609] {scheduler_job.py:639} INFO - DAG(s) dict_keys(['tutorial_etl_dag']) retrieved from /home/airflow/.local/lib/python3.6/site-packages/airflow/example_dags/tutorial_etl_dag.py
[2022-09-24 16:49:21,631] {logging_mixin.py:104} INFO - [2022-09-24 16:49:21,631] {dag.py:1824} INFO - Sync 1 DAGs
[2022-09-24 16:49:21,645] {logging_mixin.py:104} INFO - [2022-09-24 16:49:21,645] {dag.py:2280} INFO - Setting next_dagrun for tutorial_etl_dag to None
[2022-09-24 16:49:21,654] {scheduler_job.py:190} INFO - Processing /home/airflow/.local/lib/python3.6/site-packages/airflow/example_dags/tutorial_etl_dag.py took 0.064 seconds
[2022-09-24 16:49:51,684] {scheduler_job.py:182} INFO - Started process (PID=1130) to work on /home/airflow/.local/lib/python3.6/site-packages/airflow/example_dags/tutorial_etl_dag.py
[2022-09-24 16:49:51,685] {scheduler_job.py:629} INFO - Processing file /home/airflow/.local/lib/python3.6/site-packages/airflow/example_dags/tutorial_etl_dag.py for tasks to queue
[2022-09-24 16:49:51,686] {logging_mixin.py:104} INFO - [2022-09-24 16:49:51,686] {dagbag.py:451} INFO - Filling up the DagBag from /home/airflow/.local/lib/python3.6/site-packages/airflow/example_dags/tutorial_etl_dag.py
[2022-09-24 16:49:51,695] {scheduler_job.py:639} INFO - DAG(s) dict_keys(['tutorial_etl_dag']) retrieved from /home/airflow/.local/lib/python3.6/site-packages/airflow/example_dags/tutorial_etl_dag.py
[2022-09-24 16:49:51,710] {logging_mixin.py:104} INFO - [2022-09-24 16:49:51,710] {dag.py:1824} INFO - Sync 1 DAGs
[2022-09-24 16:49:51,721] {logging_mixin.py:104} INFO - [2022-09-24 16:49:51,721] {dag.py:2280} INFO - Setting next_dagrun for tutorial_etl_dag to None
[2022-09-24 16:49:51,730] {scheduler_job.py:190} INFO - Processing /home/airflow/.local/lib/python3.6/site-packages/airflow/example_dags/tutorial_etl_dag.py took 0.048 seconds
[2022-09-24 16:50:21,904] {scheduler_job.py:182} INFO - Started process (PID=1157) to work on /home/airflow/.local/lib/python3.6/site-packages/airflow/example_dags/tutorial_etl_dag.py
[2022-09-24 16:50:21,906] {scheduler_job.py:629} INFO - Processing file /home/airflow/.local/lib/python3.6/site-packages/airflow/example_dags/tutorial_etl_dag.py for tasks to queue
[2022-09-24 16:50:21,908] {logging_mixin.py:104} INFO - [2022-09-24 16:50:21,908] {dagbag.py:451} INFO - Filling up the DagBag from /home/airflow/.local/lib/python3.6/site-packages/airflow/example_dags/tutorial_etl_dag.py
[2022-09-24 16:50:21,917] {scheduler_job.py:639} INFO - DAG(s) dict_keys(['tutorial_etl_dag']) retrieved from /home/airflow/.local/lib/python3.6/site-packages/airflow/example_dags/tutorial_etl_dag.py
[2022-09-24 16:50:21,931] {logging_mixin.py:104} INFO - [2022-09-24 16:50:21,931] {dag.py:1824} INFO - Sync 1 DAGs
[2022-09-24 16:50:21,946] {logging_mixin.py:104} INFO - [2022-09-24 16:50:21,946] {dag.py:2280} INFO - Setting next_dagrun for tutorial_etl_dag to None
[2022-09-24 16:50:21,953] {scheduler_job.py:190} INFO - Processing /home/airflow/.local/lib/python3.6/site-packages/airflow/example_dags/tutorial_etl_dag.py took 0.052 seconds
[2022-09-24 16:50:51,986] {scheduler_job.py:182} INFO - Started process (PID=1184) to work on /home/airflow/.local/lib/python3.6/site-packages/airflow/example_dags/tutorial_etl_dag.py
[2022-09-24 16:50:51,987] {scheduler_job.py:629} INFO - Processing file /home/airflow/.local/lib/python3.6/site-packages/airflow/example_dags/tutorial_etl_dag.py for tasks to queue
[2022-09-24 16:50:51,987] {logging_mixin.py:104} INFO - [2022-09-24 16:50:51,987] {dagbag.py:451} INFO - Filling up the DagBag from /home/airflow/.local/lib/python3.6/site-packages/airflow/example_dags/tutorial_etl_dag.py
[2022-09-24 16:50:51,996] {scheduler_job.py:639} INFO - DAG(s) dict_keys(['tutorial_etl_dag']) retrieved from /home/airflow/.local/lib/python3.6/site-packages/airflow/example_dags/tutorial_etl_dag.py
[2022-09-24 16:50:52,011] {logging_mixin.py:104} INFO - [2022-09-24 16:50:52,011] {dag.py:1824} INFO - Sync 1 DAGs
[2022-09-24 16:50:52,021] {logging_mixin.py:104} INFO - [2022-09-24 16:50:52,021] {dag.py:2280} INFO - Setting next_dagrun for tutorial_etl_dag to None
[2022-09-24 16:50:52,028] {scheduler_job.py:190} INFO - Processing /home/airflow/.local/lib/python3.6/site-packages/airflow/example_dags/tutorial_etl_dag.py took 0.044 seconds
[2022-09-24 16:51:22,133] {scheduler_job.py:182} INFO - Started process (PID=1209) to work on /home/airflow/.local/lib/python3.6/site-packages/airflow/example_dags/tutorial_etl_dag.py
[2022-09-24 16:51:22,134] {scheduler_job.py:629} INFO - Processing file /home/airflow/.local/lib/python3.6/site-packages/airflow/example_dags/tutorial_etl_dag.py for tasks to queue
[2022-09-24 16:51:22,135] {logging_mixin.py:104} INFO - [2022-09-24 16:51:22,135] {dagbag.py:451} INFO - Filling up the DagBag from /home/airflow/.local/lib/python3.6/site-packages/airflow/example_dags/tutorial_etl_dag.py
[2022-09-24 16:51:22,143] {scheduler_job.py:639} INFO - DAG(s) dict_keys(['tutorial_etl_dag']) retrieved from /home/airflow/.local/lib/python3.6/site-packages/airflow/example_dags/tutorial_etl_dag.py
[2022-09-24 16:51:22,157] {logging_mixin.py:104} INFO - [2022-09-24 16:51:22,156] {dag.py:1824} INFO - Sync 1 DAGs
[2022-09-24 16:51:22,166] {logging_mixin.py:104} INFO - [2022-09-24 16:51:22,166] {dag.py:2280} INFO - Setting next_dagrun for tutorial_etl_dag to None
[2022-09-24 16:51:22,174] {scheduler_job.py:190} INFO - Processing /home/airflow/.local/lib/python3.6/site-packages/airflow/example_dags/tutorial_etl_dag.py took 0.043 seconds
[2022-09-24 16:51:52,256] {scheduler_job.py:182} INFO - Started process (PID=1236) to work on /home/airflow/.local/lib/python3.6/site-packages/airflow/example_dags/tutorial_etl_dag.py
[2022-09-24 16:51:52,257] {scheduler_job.py:629} INFO - Processing file /home/airflow/.local/lib/python3.6/site-packages/airflow/example_dags/tutorial_etl_dag.py for tasks to queue
[2022-09-24 16:51:52,258] {logging_mixin.py:104} INFO - [2022-09-24 16:51:52,258] {dagbag.py:451} INFO - Filling up the DagBag from /home/airflow/.local/lib/python3.6/site-packages/airflow/example_dags/tutorial_etl_dag.py
[2022-09-24 16:51:52,266] {scheduler_job.py:639} INFO - DAG(s) dict_keys(['tutorial_etl_dag']) retrieved from /home/airflow/.local/lib/python3.6/site-packages/airflow/example_dags/tutorial_etl_dag.py
[2022-09-24 16:51:52,279] {logging_mixin.py:104} INFO - [2022-09-24 16:51:52,279] {dag.py:1824} INFO - Sync 1 DAGs
[2022-09-24 16:51:52,289] {logging_mixin.py:104} INFO - [2022-09-24 16:51:52,289] {dag.py:2280} INFO - Setting next_dagrun for tutorial_etl_dag to None
[2022-09-24 16:51:52,296] {scheduler_job.py:190} INFO - Processing /home/airflow/.local/lib/python3.6/site-packages/airflow/example_dags/tutorial_etl_dag.py took 0.042 seconds
[2022-09-24 16:52:23,350] {scheduler_job.py:182} INFO - Started process (PID=1268) to work on /home/airflow/.local/lib/python3.6/site-packages/airflow/example_dags/tutorial_etl_dag.py
[2022-09-24 16:52:23,351] {scheduler_job.py:629} INFO - Processing file /home/airflow/.local/lib/python3.6/site-packages/airflow/example_dags/tutorial_etl_dag.py for tasks to queue
[2022-09-24 16:52:23,352] {logging_mixin.py:104} INFO - [2022-09-24 16:52:23,352] {dagbag.py:451} INFO - Filling up the DagBag from /home/airflow/.local/lib/python3.6/site-packages/airflow/example_dags/tutorial_etl_dag.py
[2022-09-24 16:52:23,360] {scheduler_job.py:639} INFO - DAG(s) dict_keys(['tutorial_etl_dag']) retrieved from /home/airflow/.local/lib/python3.6/site-packages/airflow/example_dags/tutorial_etl_dag.py
[2022-09-24 16:52:23,375] {logging_mixin.py:104} INFO - [2022-09-24 16:52:23,374] {dag.py:1824} INFO - Sync 1 DAGs
[2022-09-24 16:52:23,384] {logging_mixin.py:104} INFO - [2022-09-24 16:52:23,384] {dag.py:2280} INFO - Setting next_dagrun for tutorial_etl_dag to None
[2022-09-24 16:52:23,390] {scheduler_job.py:190} INFO - Processing /home/airflow/.local/lib/python3.6/site-packages/airflow/example_dags/tutorial_etl_dag.py took 0.042 seconds
[2022-09-24 16:52:54,322] {scheduler_job.py:182} INFO - Started process (PID=1295) to work on /home/airflow/.local/lib/python3.6/site-packages/airflow/example_dags/tutorial_etl_dag.py
[2022-09-24 16:52:54,323] {scheduler_job.py:629} INFO - Processing file /home/airflow/.local/lib/python3.6/site-packages/airflow/example_dags/tutorial_etl_dag.py for tasks to queue
[2022-09-24 16:52:54,324] {logging_mixin.py:104} INFO - [2022-09-24 16:52:54,324] {dagbag.py:451} INFO - Filling up the DagBag from /home/airflow/.local/lib/python3.6/site-packages/airflow/example_dags/tutorial_etl_dag.py
[2022-09-24 16:52:54,334] {scheduler_job.py:639} INFO - DAG(s) dict_keys(['tutorial_etl_dag']) retrieved from /home/airflow/.local/lib/python3.6/site-packages/airflow/example_dags/tutorial_etl_dag.py
[2022-09-24 16:52:54,350] {logging_mixin.py:104} INFO - [2022-09-24 16:52:54,350] {dag.py:1824} INFO - Sync 1 DAGs
[2022-09-24 16:52:54,361] {logging_mixin.py:104} INFO - [2022-09-24 16:52:54,361] {dag.py:2280} INFO - Setting next_dagrun for tutorial_etl_dag to None
[2022-09-24 16:52:54,368] {scheduler_job.py:190} INFO - Processing /home/airflow/.local/lib/python3.6/site-packages/airflow/example_dags/tutorial_etl_dag.py took 0.049 seconds
[2022-09-24 16:53:24,398] {scheduler_job.py:182} INFO - Started process (PID=1321) to work on /home/airflow/.local/lib/python3.6/site-packages/airflow/example_dags/tutorial_etl_dag.py
[2022-09-24 16:53:24,399] {scheduler_job.py:629} INFO - Processing file /home/airflow/.local/lib/python3.6/site-packages/airflow/example_dags/tutorial_etl_dag.py for tasks to queue
[2022-09-24 16:53:24,400] {logging_mixin.py:104} INFO - [2022-09-24 16:53:24,399] {dagbag.py:451} INFO - Filling up the DagBag from /home/airflow/.local/lib/python3.6/site-packages/airflow/example_dags/tutorial_etl_dag.py
[2022-09-24 16:53:24,410] {scheduler_job.py:639} INFO - DAG(s) dict_keys(['tutorial_etl_dag']) retrieved from /home/airflow/.local/lib/python3.6/site-packages/airflow/example_dags/tutorial_etl_dag.py
[2022-09-24 16:53:24,425] {logging_mixin.py:104} INFO - [2022-09-24 16:53:24,425] {dag.py:1824} INFO - Sync 1 DAGs
[2022-09-24 16:53:24,437] {logging_mixin.py:104} INFO - [2022-09-24 16:53:24,437] {dag.py:2280} INFO - Setting next_dagrun for tutorial_etl_dag to None
[2022-09-24 16:53:24,444] {scheduler_job.py:190} INFO - Processing /home/airflow/.local/lib/python3.6/site-packages/airflow/example_dags/tutorial_etl_dag.py took 0.049 seconds
[2022-09-24 16:53:54,520] {scheduler_job.py:182} INFO - Started process (PID=1346) to work on /home/airflow/.local/lib/python3.6/site-packages/airflow/example_dags/tutorial_etl_dag.py
[2022-09-24 16:53:54,521] {scheduler_job.py:629} INFO - Processing file /home/airflow/.local/lib/python3.6/site-packages/airflow/example_dags/tutorial_etl_dag.py for tasks to queue
[2022-09-24 16:53:54,522] {logging_mixin.py:104} INFO - [2022-09-24 16:53:54,522] {dagbag.py:451} INFO - Filling up the DagBag from /home/airflow/.local/lib/python3.6/site-packages/airflow/example_dags/tutorial_etl_dag.py
[2022-09-24 16:53:54,531] {scheduler_job.py:639} INFO - DAG(s) dict_keys(['tutorial_etl_dag']) retrieved from /home/airflow/.local/lib/python3.6/site-packages/airflow/example_dags/tutorial_etl_dag.py
[2022-09-24 16:53:54,548] {logging_mixin.py:104} INFO - [2022-09-24 16:53:54,548] {dag.py:1824} INFO - Sync 1 DAGs
[2022-09-24 16:53:54,560] {logging_mixin.py:104} INFO - [2022-09-24 16:53:54,560] {dag.py:2280} INFO - Setting next_dagrun for tutorial_etl_dag to None
[2022-09-24 16:53:54,569] {scheduler_job.py:190} INFO - Processing /home/airflow/.local/lib/python3.6/site-packages/airflow/example_dags/tutorial_etl_dag.py took 0.051 seconds
[2022-09-24 16:54:24,601] {scheduler_job.py:182} INFO - Started process (PID=1373) to work on /home/airflow/.local/lib/python3.6/site-packages/airflow/example_dags/tutorial_etl_dag.py
[2022-09-24 16:54:24,602] {scheduler_job.py:629} INFO - Processing file /home/airflow/.local/lib/python3.6/site-packages/airflow/example_dags/tutorial_etl_dag.py for tasks to queue
[2022-09-24 16:54:24,603] {logging_mixin.py:104} INFO - [2022-09-24 16:54:24,602] {dagbag.py:451} INFO - Filling up the DagBag from /home/airflow/.local/lib/python3.6/site-packages/airflow/example_dags/tutorial_etl_dag.py
[2022-09-24 16:54:24,611] {scheduler_job.py:639} INFO - DAG(s) dict_keys(['tutorial_etl_dag']) retrieved from /home/airflow/.local/lib/python3.6/site-packages/airflow/example_dags/tutorial_etl_dag.py
[2022-09-24 16:54:24,626] {logging_mixin.py:104} INFO - [2022-09-24 16:54:24,625] {dag.py:1824} INFO - Sync 1 DAGs
[2022-09-24 16:54:24,636] {logging_mixin.py:104} INFO - [2022-09-24 16:54:24,636] {dag.py:2280} INFO - Setting next_dagrun for tutorial_etl_dag to None
[2022-09-24 16:54:24,644] {scheduler_job.py:190} INFO - Processing /home/airflow/.local/lib/python3.6/site-packages/airflow/example_dags/tutorial_etl_dag.py took 0.046 seconds
[2022-09-24 16:54:55,564] {scheduler_job.py:182} INFO - Started process (PID=1401) to work on /home/airflow/.local/lib/python3.6/site-packages/airflow/example_dags/tutorial_etl_dag.py
[2022-09-24 16:54:55,565] {scheduler_job.py:629} INFO - Processing file /home/airflow/.local/lib/python3.6/site-packages/airflow/example_dags/tutorial_etl_dag.py for tasks to queue
[2022-09-24 16:54:55,566] {logging_mixin.py:104} INFO - [2022-09-24 16:54:55,566] {dagbag.py:451} INFO - Filling up the DagBag from /home/airflow/.local/lib/python3.6/site-packages/airflow/example_dags/tutorial_etl_dag.py
[2022-09-24 16:54:55,577] {scheduler_job.py:639} INFO - DAG(s) dict_keys(['tutorial_etl_dag']) retrieved from /home/airflow/.local/lib/python3.6/site-packages/airflow/example_dags/tutorial_etl_dag.py
[2022-09-24 16:54:55,595] {logging_mixin.py:104} INFO - [2022-09-24 16:54:55,595] {dag.py:1824} INFO - Sync 1 DAGs
[2022-09-24 16:54:55,609] {logging_mixin.py:104} INFO - [2022-09-24 16:54:55,608] {dag.py:2280} INFO - Setting next_dagrun for tutorial_etl_dag to None
[2022-09-24 16:54:55,616] {scheduler_job.py:190} INFO - Processing /home/airflow/.local/lib/python3.6/site-packages/airflow/example_dags/tutorial_etl_dag.py took 0.054 seconds
[2022-09-24 16:55:25,640] {scheduler_job.py:182} INFO - Started process (PID=1427) to work on /home/airflow/.local/lib/python3.6/site-packages/airflow/example_dags/tutorial_etl_dag.py
[2022-09-24 16:55:25,641] {scheduler_job.py:629} INFO - Processing file /home/airflow/.local/lib/python3.6/site-packages/airflow/example_dags/tutorial_etl_dag.py for tasks to queue
[2022-09-24 16:55:25,642] {logging_mixin.py:104} INFO - [2022-09-24 16:55:25,642] {dagbag.py:451} INFO - Filling up the DagBag from /home/airflow/.local/lib/python3.6/site-packages/airflow/example_dags/tutorial_etl_dag.py
[2022-09-24 16:55:25,653] {scheduler_job.py:639} INFO - DAG(s) dict_keys(['tutorial_etl_dag']) retrieved from /home/airflow/.local/lib/python3.6/site-packages/airflow/example_dags/tutorial_etl_dag.py
[2022-09-24 16:55:25,670] {logging_mixin.py:104} INFO - [2022-09-24 16:55:25,670] {dag.py:1824} INFO - Sync 1 DAGs
[2022-09-24 16:55:25,681] {logging_mixin.py:104} INFO - [2022-09-24 16:55:25,681] {dag.py:2280} INFO - Setting next_dagrun for tutorial_etl_dag to None
[2022-09-24 16:55:25,688] {scheduler_job.py:190} INFO - Processing /home/airflow/.local/lib/python3.6/site-packages/airflow/example_dags/tutorial_etl_dag.py took 0.051 seconds
