[2022-09-24 16:29:35,834] {scheduler_job.py:182} INFO - Started process (PID=59) to work on /home/airflow/.local/lib/python3.6/site-packages/airflow/example_dags/tutorial.py
[2022-09-24 16:29:35,836] {scheduler_job.py:629} INFO - Processing file /home/airflow/.local/lib/python3.6/site-packages/airflow/example_dags/tutorial.py for tasks to queue
[2022-09-24 16:29:35,837] {logging_mixin.py:104} INFO - [2022-09-24 16:29:35,837] {dagbag.py:451} INFO - Filling up the DagBag from /home/airflow/.local/lib/python3.6/site-packages/airflow/example_dags/tutorial.py
[2022-09-24 16:29:35,847] {scheduler_job.py:639} INFO - DAG(s) dict_keys(['tutorial']) retrieved from /home/airflow/.local/lib/python3.6/site-packages/airflow/example_dags/tutorial.py
[2022-09-24 16:29:35,871] {logging_mixin.py:104} INFO - [2022-09-24 16:29:35,871] {dag.py:1824} INFO - Sync 1 DAGs
[2022-09-24 16:29:35,885] {logging_mixin.py:104} INFO - [2022-09-24 16:29:35,884] {dag.py:1843} INFO - Creating ORM DAG for tutorial
[2022-09-24 16:29:35,891] {logging_mixin.py:104} INFO - [2022-09-24 16:29:35,891] {dag.py:2280} INFO - Setting next_dagrun for tutorial to 2022-09-22 00:00:00+00:00
[2022-09-24 16:29:35,908] {scheduler_job.py:190} INFO - Processing /home/airflow/.local/lib/python3.6/site-packages/airflow/example_dags/tutorial.py took 0.078 seconds
[2022-09-24 16:30:05,968] {scheduler_job.py:182} INFO - Started process (PID=85) to work on /home/airflow/.local/lib/python3.6/site-packages/airflow/example_dags/tutorial.py
[2022-09-24 16:30:05,969] {scheduler_job.py:629} INFO - Processing file /home/airflow/.local/lib/python3.6/site-packages/airflow/example_dags/tutorial.py for tasks to queue
[2022-09-24 16:30:05,970] {logging_mixin.py:104} INFO - [2022-09-24 16:30:05,970] {dagbag.py:451} INFO - Filling up the DagBag from /home/airflow/.local/lib/python3.6/site-packages/airflow/example_dags/tutorial.py
[2022-09-24 16:30:05,977] {scheduler_job.py:639} INFO - DAG(s) dict_keys(['tutorial']) retrieved from /home/airflow/.local/lib/python3.6/site-packages/airflow/example_dags/tutorial.py
[2022-09-24 16:30:06,033] {logging_mixin.py:104} INFO - [2022-09-24 16:30:06,033] {dag.py:1824} INFO - Sync 1 DAGs
[2022-09-24 16:30:06,048] {logging_mixin.py:104} INFO - [2022-09-24 16:30:06,048] {dag.py:2280} INFO - Setting next_dagrun for tutorial to 2022-09-22 00:00:00+00:00
[2022-09-24 16:30:06,056] {scheduler_job.py:190} INFO - Processing /home/airflow/.local/lib/python3.6/site-packages/airflow/example_dags/tutorial.py took 0.090 seconds
[2022-09-24 16:30:36,084] {scheduler_job.py:182} INFO - Started process (PID=111) to work on /home/airflow/.local/lib/python3.6/site-packages/airflow/example_dags/tutorial.py
[2022-09-24 16:30:36,085] {scheduler_job.py:629} INFO - Processing file /home/airflow/.local/lib/python3.6/site-packages/airflow/example_dags/tutorial.py for tasks to queue
[2022-09-24 16:30:36,086] {logging_mixin.py:104} INFO - [2022-09-24 16:30:36,086] {dagbag.py:451} INFO - Filling up the DagBag from /home/airflow/.local/lib/python3.6/site-packages/airflow/example_dags/tutorial.py
[2022-09-24 16:30:36,093] {scheduler_job.py:639} INFO - DAG(s) dict_keys(['tutorial']) retrieved from /home/airflow/.local/lib/python3.6/site-packages/airflow/example_dags/tutorial.py
[2022-09-24 16:30:36,109] {logging_mixin.py:104} INFO - [2022-09-24 16:30:36,109] {dag.py:1824} INFO - Sync 1 DAGs
[2022-09-24 16:30:36,122] {logging_mixin.py:104} INFO - [2022-09-24 16:30:36,122] {dag.py:2280} INFO - Setting next_dagrun for tutorial to 2022-09-22 00:00:00+00:00
[2022-09-24 16:30:36,129] {scheduler_job.py:190} INFO - Processing /home/airflow/.local/lib/python3.6/site-packages/airflow/example_dags/tutorial.py took 0.047 seconds
[2022-09-24 16:31:06,977] {scheduler_job.py:182} INFO - Started process (PID=137) to work on /home/airflow/.local/lib/python3.6/site-packages/airflow/example_dags/tutorial.py
[2022-09-24 16:31:06,979] {scheduler_job.py:629} INFO - Processing file /home/airflow/.local/lib/python3.6/site-packages/airflow/example_dags/tutorial.py for tasks to queue
[2022-09-24 16:31:06,979] {logging_mixin.py:104} INFO - [2022-09-24 16:31:06,979] {dagbag.py:451} INFO - Filling up the DagBag from /home/airflow/.local/lib/python3.6/site-packages/airflow/example_dags/tutorial.py
[2022-09-24 16:31:06,988] {scheduler_job.py:639} INFO - DAG(s) dict_keys(['tutorial']) retrieved from /home/airflow/.local/lib/python3.6/site-packages/airflow/example_dags/tutorial.py
[2022-09-24 16:31:07,008] {logging_mixin.py:104} INFO - [2022-09-24 16:31:07,007] {dag.py:1824} INFO - Sync 1 DAGs
[2022-09-24 16:31:07,027] {logging_mixin.py:104} INFO - [2022-09-24 16:31:07,027] {dag.py:2280} INFO - Setting next_dagrun for tutorial to 2022-09-22 00:00:00+00:00
[2022-09-24 16:31:07,039] {scheduler_job.py:190} INFO - Processing /home/airflow/.local/lib/python3.6/site-packages/airflow/example_dags/tutorial.py took 0.064 seconds
[2022-09-24 16:31:38,072] {scheduler_job.py:182} INFO - Started process (PID=163) to work on /home/airflow/.local/lib/python3.6/site-packages/airflow/example_dags/tutorial.py
[2022-09-24 16:31:38,073] {scheduler_job.py:629} INFO - Processing file /home/airflow/.local/lib/python3.6/site-packages/airflow/example_dags/tutorial.py for tasks to queue
[2022-09-24 16:31:38,074] {logging_mixin.py:104} INFO - [2022-09-24 16:31:38,074] {dagbag.py:451} INFO - Filling up the DagBag from /home/airflow/.local/lib/python3.6/site-packages/airflow/example_dags/tutorial.py
[2022-09-24 16:31:38,081] {scheduler_job.py:639} INFO - DAG(s) dict_keys(['tutorial']) retrieved from /home/airflow/.local/lib/python3.6/site-packages/airflow/example_dags/tutorial.py
[2022-09-24 16:31:38,097] {logging_mixin.py:104} INFO - [2022-09-24 16:31:38,097] {dag.py:1824} INFO - Sync 1 DAGs
[2022-09-24 16:31:38,108] {logging_mixin.py:104} INFO - [2022-09-24 16:31:38,108] {dag.py:2280} INFO - Setting next_dagrun for tutorial to 2022-09-22 00:00:00+00:00
[2022-09-24 16:31:38,116] {scheduler_job.py:190} INFO - Processing /home/airflow/.local/lib/python3.6/site-packages/airflow/example_dags/tutorial.py took 0.046 seconds
[2022-09-24 16:32:09,245] {scheduler_job.py:182} INFO - Started process (PID=189) to work on /home/airflow/.local/lib/python3.6/site-packages/airflow/example_dags/tutorial.py
[2022-09-24 16:32:09,247] {scheduler_job.py:629} INFO - Processing file /home/airflow/.local/lib/python3.6/site-packages/airflow/example_dags/tutorial.py for tasks to queue
[2022-09-24 16:32:09,248] {logging_mixin.py:104} INFO - [2022-09-24 16:32:09,248] {dagbag.py:451} INFO - Filling up the DagBag from /home/airflow/.local/lib/python3.6/site-packages/airflow/example_dags/tutorial.py
[2022-09-24 16:32:09,257] {scheduler_job.py:639} INFO - DAG(s) dict_keys(['tutorial']) retrieved from /home/airflow/.local/lib/python3.6/site-packages/airflow/example_dags/tutorial.py
[2022-09-24 16:32:09,279] {logging_mixin.py:104} INFO - [2022-09-24 16:32:09,279] {dag.py:1824} INFO - Sync 1 DAGs
[2022-09-24 16:32:09,296] {logging_mixin.py:104} INFO - [2022-09-24 16:32:09,296] {dag.py:2280} INFO - Setting next_dagrun for tutorial to 2022-09-22 00:00:00+00:00
[2022-09-24 16:32:09,306] {scheduler_job.py:190} INFO - Processing /home/airflow/.local/lib/python3.6/site-packages/airflow/example_dags/tutorial.py took 0.065 seconds
[2022-09-24 16:32:41,024] {scheduler_job.py:182} INFO - Started process (PID=223) to work on /home/airflow/.local/lib/python3.6/site-packages/airflow/example_dags/tutorial.py
[2022-09-24 16:32:41,026] {scheduler_job.py:629} INFO - Processing file /home/airflow/.local/lib/python3.6/site-packages/airflow/example_dags/tutorial.py for tasks to queue
[2022-09-24 16:32:41,028] {logging_mixin.py:104} INFO - [2022-09-24 16:32:41,028] {dagbag.py:451} INFO - Filling up the DagBag from /home/airflow/.local/lib/python3.6/site-packages/airflow/example_dags/tutorial.py
[2022-09-24 16:32:41,044] {scheduler_job.py:639} INFO - DAG(s) dict_keys(['tutorial']) retrieved from /home/airflow/.local/lib/python3.6/site-packages/airflow/example_dags/tutorial.py
[2022-09-24 16:32:41,093] {logging_mixin.py:104} INFO - [2022-09-24 16:32:41,092] {dag.py:1824} INFO - Sync 1 DAGs
[2022-09-24 16:32:41,122] {logging_mixin.py:104} INFO - [2022-09-24 16:32:41,121] {dag.py:2280} INFO - Setting next_dagrun for tutorial to 2022-09-22 00:00:00+00:00
[2022-09-24 16:32:41,143] {scheduler_job.py:190} INFO - Processing /home/airflow/.local/lib/python3.6/site-packages/airflow/example_dags/tutorial.py took 0.124 seconds
[2022-09-24 16:33:11,460] {scheduler_job.py:182} INFO - Started process (PID=249) to work on /home/airflow/.local/lib/python3.6/site-packages/airflow/example_dags/tutorial.py
[2022-09-24 16:33:11,462] {scheduler_job.py:629} INFO - Processing file /home/airflow/.local/lib/python3.6/site-packages/airflow/example_dags/tutorial.py for tasks to queue
[2022-09-24 16:33:11,462] {logging_mixin.py:104} INFO - [2022-09-24 16:33:11,462] {dagbag.py:451} INFO - Filling up the DagBag from /home/airflow/.local/lib/python3.6/site-packages/airflow/example_dags/tutorial.py
[2022-09-24 16:33:11,471] {scheduler_job.py:639} INFO - DAG(s) dict_keys(['tutorial']) retrieved from /home/airflow/.local/lib/python3.6/site-packages/airflow/example_dags/tutorial.py
[2022-09-24 16:33:11,490] {logging_mixin.py:104} INFO - [2022-09-24 16:33:11,490] {dag.py:1824} INFO - Sync 1 DAGs
[2022-09-24 16:33:11,501] {logging_mixin.py:104} INFO - [2022-09-24 16:33:11,501] {dag.py:2280} INFO - Setting next_dagrun for tutorial to 2022-09-22 00:00:00+00:00
[2022-09-24 16:33:11,508] {scheduler_job.py:190} INFO - Processing /home/airflow/.local/lib/python3.6/site-packages/airflow/example_dags/tutorial.py took 0.051 seconds
[2022-09-24 16:33:41,896] {scheduler_job.py:182} INFO - Started process (PID=275) to work on /home/airflow/.local/lib/python3.6/site-packages/airflow/example_dags/tutorial.py
[2022-09-24 16:33:41,898] {scheduler_job.py:629} INFO - Processing file /home/airflow/.local/lib/python3.6/site-packages/airflow/example_dags/tutorial.py for tasks to queue
[2022-09-24 16:33:41,898] {logging_mixin.py:104} INFO - [2022-09-24 16:33:41,898] {dagbag.py:451} INFO - Filling up the DagBag from /home/airflow/.local/lib/python3.6/site-packages/airflow/example_dags/tutorial.py
[2022-09-24 16:33:41,907] {scheduler_job.py:639} INFO - DAG(s) dict_keys(['tutorial']) retrieved from /home/airflow/.local/lib/python3.6/site-packages/airflow/example_dags/tutorial.py
[2022-09-24 16:33:41,926] {logging_mixin.py:104} INFO - [2022-09-24 16:33:41,926] {dag.py:1824} INFO - Sync 1 DAGs
[2022-09-24 16:33:41,936] {logging_mixin.py:104} INFO - [2022-09-24 16:33:41,936] {dag.py:2280} INFO - Setting next_dagrun for tutorial to 2022-09-22 00:00:00+00:00
[2022-09-24 16:33:41,943] {scheduler_job.py:190} INFO - Processing /home/airflow/.local/lib/python3.6/site-packages/airflow/example_dags/tutorial.py took 0.050 seconds
[2022-09-24 16:34:12,031] {scheduler_job.py:182} INFO - Started process (PID=301) to work on /home/airflow/.local/lib/python3.6/site-packages/airflow/example_dags/tutorial.py
[2022-09-24 16:34:12,032] {scheduler_job.py:629} INFO - Processing file /home/airflow/.local/lib/python3.6/site-packages/airflow/example_dags/tutorial.py for tasks to queue
[2022-09-24 16:34:12,033] {logging_mixin.py:104} INFO - [2022-09-24 16:34:12,033] {dagbag.py:451} INFO - Filling up the DagBag from /home/airflow/.local/lib/python3.6/site-packages/airflow/example_dags/tutorial.py
[2022-09-24 16:34:12,042] {scheduler_job.py:639} INFO - DAG(s) dict_keys(['tutorial']) retrieved from /home/airflow/.local/lib/python3.6/site-packages/airflow/example_dags/tutorial.py
[2022-09-24 16:34:12,067] {logging_mixin.py:104} INFO - [2022-09-24 16:34:12,067] {dag.py:1824} INFO - Sync 1 DAGs
[2022-09-24 16:34:12,079] {logging_mixin.py:104} INFO - [2022-09-24 16:34:12,079] {dag.py:2280} INFO - Setting next_dagrun for tutorial to 2022-09-22 00:00:00+00:00
[2022-09-24 16:34:12,088] {scheduler_job.py:190} INFO - Processing /home/airflow/.local/lib/python3.6/site-packages/airflow/example_dags/tutorial.py took 0.060 seconds
[2022-09-24 16:34:42,303] {scheduler_job.py:182} INFO - Started process (PID=328) to work on /home/airflow/.local/lib/python3.6/site-packages/airflow/example_dags/tutorial.py
[2022-09-24 16:34:42,304] {scheduler_job.py:629} INFO - Processing file /home/airflow/.local/lib/python3.6/site-packages/airflow/example_dags/tutorial.py for tasks to queue
[2022-09-24 16:34:42,305] {logging_mixin.py:104} INFO - [2022-09-24 16:34:42,305] {dagbag.py:451} INFO - Filling up the DagBag from /home/airflow/.local/lib/python3.6/site-packages/airflow/example_dags/tutorial.py
[2022-09-24 16:34:42,316] {scheduler_job.py:639} INFO - DAG(s) dict_keys(['tutorial']) retrieved from /home/airflow/.local/lib/python3.6/site-packages/airflow/example_dags/tutorial.py
[2022-09-24 16:34:42,336] {logging_mixin.py:104} INFO - [2022-09-24 16:34:42,336] {dag.py:1824} INFO - Sync 1 DAGs
[2022-09-24 16:34:42,350] {logging_mixin.py:104} INFO - [2022-09-24 16:34:42,350] {dag.py:2280} INFO - Setting next_dagrun for tutorial to 2022-09-22 00:00:00+00:00
[2022-09-24 16:34:42,360] {scheduler_job.py:190} INFO - Processing /home/airflow/.local/lib/python3.6/site-packages/airflow/example_dags/tutorial.py took 0.059 seconds
[2022-09-24 16:35:12,535] {scheduler_job.py:182} INFO - Started process (PID=354) to work on /home/airflow/.local/lib/python3.6/site-packages/airflow/example_dags/tutorial.py
[2022-09-24 16:35:12,536] {scheduler_job.py:629} INFO - Processing file /home/airflow/.local/lib/python3.6/site-packages/airflow/example_dags/tutorial.py for tasks to queue
[2022-09-24 16:35:12,537] {logging_mixin.py:104} INFO - [2022-09-24 16:35:12,537] {dagbag.py:451} INFO - Filling up the DagBag from /home/airflow/.local/lib/python3.6/site-packages/airflow/example_dags/tutorial.py
[2022-09-24 16:35:12,547] {scheduler_job.py:639} INFO - DAG(s) dict_keys(['tutorial']) retrieved from /home/airflow/.local/lib/python3.6/site-packages/airflow/example_dags/tutorial.py
[2022-09-24 16:35:12,564] {logging_mixin.py:104} INFO - [2022-09-24 16:35:12,564] {dag.py:1824} INFO - Sync 1 DAGs
[2022-09-24 16:35:12,574] {logging_mixin.py:104} INFO - [2022-09-24 16:35:12,574] {dag.py:2280} INFO - Setting next_dagrun for tutorial to 2022-09-22 00:00:00+00:00
[2022-09-24 16:35:12,581] {scheduler_job.py:190} INFO - Processing /home/airflow/.local/lib/python3.6/site-packages/airflow/example_dags/tutorial.py took 0.048 seconds
[2022-09-24 16:35:42,598] {scheduler_job.py:182} INFO - Started process (PID=380) to work on /home/airflow/.local/lib/python3.6/site-packages/airflow/example_dags/tutorial.py
[2022-09-24 16:35:42,599] {scheduler_job.py:629} INFO - Processing file /home/airflow/.local/lib/python3.6/site-packages/airflow/example_dags/tutorial.py for tasks to queue
[2022-09-24 16:35:42,599] {logging_mixin.py:104} INFO - [2022-09-24 16:35:42,599] {dagbag.py:451} INFO - Filling up the DagBag from /home/airflow/.local/lib/python3.6/site-packages/airflow/example_dags/tutorial.py
[2022-09-24 16:35:42,608] {scheduler_job.py:639} INFO - DAG(s) dict_keys(['tutorial']) retrieved from /home/airflow/.local/lib/python3.6/site-packages/airflow/example_dags/tutorial.py
[2022-09-24 16:35:42,625] {logging_mixin.py:104} INFO - [2022-09-24 16:35:42,625] {dag.py:1824} INFO - Sync 1 DAGs
[2022-09-24 16:35:42,636] {logging_mixin.py:104} INFO - [2022-09-24 16:35:42,636] {dag.py:2280} INFO - Setting next_dagrun for tutorial to 2022-09-22 00:00:00+00:00
[2022-09-24 16:35:42,644] {scheduler_job.py:190} INFO - Processing /home/airflow/.local/lib/python3.6/site-packages/airflow/example_dags/tutorial.py took 0.048 seconds
[2022-09-24 16:36:12,731] {scheduler_job.py:182} INFO - Started process (PID=407) to work on /home/airflow/.local/lib/python3.6/site-packages/airflow/example_dags/tutorial.py
[2022-09-24 16:36:12,733] {scheduler_job.py:629} INFO - Processing file /home/airflow/.local/lib/python3.6/site-packages/airflow/example_dags/tutorial.py for tasks to queue
[2022-09-24 16:36:12,733] {logging_mixin.py:104} INFO - [2022-09-24 16:36:12,733] {dagbag.py:451} INFO - Filling up the DagBag from /home/airflow/.local/lib/python3.6/site-packages/airflow/example_dags/tutorial.py
[2022-09-24 16:36:12,746] {scheduler_job.py:639} INFO - DAG(s) dict_keys(['tutorial']) retrieved from /home/airflow/.local/lib/python3.6/site-packages/airflow/example_dags/tutorial.py
[2022-09-24 16:36:12,766] {logging_mixin.py:104} INFO - [2022-09-24 16:36:12,766] {dag.py:1824} INFO - Sync 1 DAGs
[2022-09-24 16:36:12,779] {logging_mixin.py:104} INFO - [2022-09-24 16:36:12,779] {dag.py:2280} INFO - Setting next_dagrun for tutorial to 2022-09-22 00:00:00+00:00
[2022-09-24 16:36:12,787] {scheduler_job.py:190} INFO - Processing /home/airflow/.local/lib/python3.6/site-packages/airflow/example_dags/tutorial.py took 0.058 seconds
[2022-09-24 16:36:42,971] {scheduler_job.py:182} INFO - Started process (PID=434) to work on /home/airflow/.local/lib/python3.6/site-packages/airflow/example_dags/tutorial.py
[2022-09-24 16:36:42,978] {scheduler_job.py:629} INFO - Processing file /home/airflow/.local/lib/python3.6/site-packages/airflow/example_dags/tutorial.py for tasks to queue
[2022-09-24 16:36:42,979] {logging_mixin.py:104} INFO - [2022-09-24 16:36:42,979] {dagbag.py:451} INFO - Filling up the DagBag from /home/airflow/.local/lib/python3.6/site-packages/airflow/example_dags/tutorial.py
[2022-09-24 16:36:42,989] {scheduler_job.py:639} INFO - DAG(s) dict_keys(['tutorial']) retrieved from /home/airflow/.local/lib/python3.6/site-packages/airflow/example_dags/tutorial.py
[2022-09-24 16:36:43,019] {logging_mixin.py:104} INFO - [2022-09-24 16:36:43,019] {dag.py:1824} INFO - Sync 1 DAGs
[2022-09-24 16:36:43,043] {logging_mixin.py:104} INFO - [2022-09-24 16:36:43,043] {dag.py:2280} INFO - Setting next_dagrun for tutorial to 2022-09-22 00:00:00+00:00
[2022-09-24 16:36:43,060] {scheduler_job.py:190} INFO - Processing /home/airflow/.local/lib/python3.6/site-packages/airflow/example_dags/tutorial.py took 0.093 seconds
[2022-09-24 16:37:14,129] {scheduler_job.py:182} INFO - Started process (PID=463) to work on /home/airflow/.local/lib/python3.6/site-packages/airflow/example_dags/tutorial.py
[2022-09-24 16:37:14,130] {scheduler_job.py:629} INFO - Processing file /home/airflow/.local/lib/python3.6/site-packages/airflow/example_dags/tutorial.py for tasks to queue
[2022-09-24 16:37:14,132] {logging_mixin.py:104} INFO - [2022-09-24 16:37:14,132] {dagbag.py:451} INFO - Filling up the DagBag from /home/airflow/.local/lib/python3.6/site-packages/airflow/example_dags/tutorial.py
[2022-09-24 16:37:14,144] {scheduler_job.py:639} INFO - DAG(s) dict_keys(['tutorial']) retrieved from /home/airflow/.local/lib/python3.6/site-packages/airflow/example_dags/tutorial.py
[2022-09-24 16:37:14,171] {logging_mixin.py:104} INFO - [2022-09-24 16:37:14,170] {dag.py:1824} INFO - Sync 1 DAGs
[2022-09-24 16:37:14,195] {logging_mixin.py:104} INFO - [2022-09-24 16:37:14,194] {dag.py:2280} INFO - Setting next_dagrun for tutorial to 2022-09-22 00:00:00+00:00
[2022-09-24 16:37:14,210] {scheduler_job.py:190} INFO - Processing /home/airflow/.local/lib/python3.6/site-packages/airflow/example_dags/tutorial.py took 0.085 seconds
[2022-09-24 16:37:44,529] {scheduler_job.py:182} INFO - Started process (PID=490) to work on /home/airflow/.local/lib/python3.6/site-packages/airflow/example_dags/tutorial.py
[2022-09-24 16:37:44,530] {scheduler_job.py:629} INFO - Processing file /home/airflow/.local/lib/python3.6/site-packages/airflow/example_dags/tutorial.py for tasks to queue
[2022-09-24 16:37:44,531] {logging_mixin.py:104} INFO - [2022-09-24 16:37:44,531] {dagbag.py:451} INFO - Filling up the DagBag from /home/airflow/.local/lib/python3.6/site-packages/airflow/example_dags/tutorial.py
[2022-09-24 16:37:44,542] {scheduler_job.py:639} INFO - DAG(s) dict_keys(['tutorial']) retrieved from /home/airflow/.local/lib/python3.6/site-packages/airflow/example_dags/tutorial.py
[2022-09-24 16:37:44,567] {logging_mixin.py:104} INFO - [2022-09-24 16:37:44,567] {dag.py:1824} INFO - Sync 1 DAGs
[2022-09-24 16:37:44,586] {logging_mixin.py:104} INFO - [2022-09-24 16:37:44,586] {dag.py:2280} INFO - Setting next_dagrun for tutorial to 2022-09-22 00:00:00+00:00
[2022-09-24 16:37:44,599] {scheduler_job.py:190} INFO - Processing /home/airflow/.local/lib/python3.6/site-packages/airflow/example_dags/tutorial.py took 0.074 seconds
[2022-09-24 16:38:14,651] {scheduler_job.py:182} INFO - Started process (PID=517) to work on /home/airflow/.local/lib/python3.6/site-packages/airflow/example_dags/tutorial.py
[2022-09-24 16:38:14,652] {scheduler_job.py:629} INFO - Processing file /home/airflow/.local/lib/python3.6/site-packages/airflow/example_dags/tutorial.py for tasks to queue
[2022-09-24 16:38:14,653] {logging_mixin.py:104} INFO - [2022-09-24 16:38:14,653] {dagbag.py:451} INFO - Filling up the DagBag from /home/airflow/.local/lib/python3.6/site-packages/airflow/example_dags/tutorial.py
[2022-09-24 16:38:14,664] {scheduler_job.py:639} INFO - DAG(s) dict_keys(['tutorial']) retrieved from /home/airflow/.local/lib/python3.6/site-packages/airflow/example_dags/tutorial.py
[2022-09-24 16:38:14,685] {logging_mixin.py:104} INFO - [2022-09-24 16:38:14,684] {dag.py:1824} INFO - Sync 1 DAGs
[2022-09-24 16:38:14,696] {logging_mixin.py:104} INFO - [2022-09-24 16:38:14,696] {dag.py:2280} INFO - Setting next_dagrun for tutorial to 2022-09-22 00:00:00+00:00
[2022-09-24 16:38:14,708] {scheduler_job.py:190} INFO - Processing /home/airflow/.local/lib/python3.6/site-packages/airflow/example_dags/tutorial.py took 0.062 seconds
[2022-09-24 16:38:44,906] {scheduler_job.py:182} INFO - Started process (PID=544) to work on /home/airflow/.local/lib/python3.6/site-packages/airflow/example_dags/tutorial.py
[2022-09-24 16:38:44,908] {scheduler_job.py:629} INFO - Processing file /home/airflow/.local/lib/python3.6/site-packages/airflow/example_dags/tutorial.py for tasks to queue
[2022-09-24 16:38:44,909] {logging_mixin.py:104} INFO - [2022-09-24 16:38:44,909] {dagbag.py:451} INFO - Filling up the DagBag from /home/airflow/.local/lib/python3.6/site-packages/airflow/example_dags/tutorial.py
[2022-09-24 16:38:44,920] {scheduler_job.py:639} INFO - DAG(s) dict_keys(['tutorial']) retrieved from /home/airflow/.local/lib/python3.6/site-packages/airflow/example_dags/tutorial.py
[2022-09-24 16:38:44,945] {logging_mixin.py:104} INFO - [2022-09-24 16:38:44,945] {dag.py:1824} INFO - Sync 1 DAGs
[2022-09-24 16:38:44,959] {logging_mixin.py:104} INFO - [2022-09-24 16:38:44,959] {dag.py:2280} INFO - Setting next_dagrun for tutorial to 2022-09-22 00:00:00+00:00
[2022-09-24 16:38:44,967] {scheduler_job.py:190} INFO - Processing /home/airflow/.local/lib/python3.6/site-packages/airflow/example_dags/tutorial.py took 0.064 seconds
[2022-09-24 16:39:15,037] {scheduler_job.py:182} INFO - Started process (PID=570) to work on /home/airflow/.local/lib/python3.6/site-packages/airflow/example_dags/tutorial.py
[2022-09-24 16:39:15,039] {scheduler_job.py:629} INFO - Processing file /home/airflow/.local/lib/python3.6/site-packages/airflow/example_dags/tutorial.py for tasks to queue
[2022-09-24 16:39:15,039] {logging_mixin.py:104} INFO - [2022-09-24 16:39:15,039] {dagbag.py:451} INFO - Filling up the DagBag from /home/airflow/.local/lib/python3.6/site-packages/airflow/example_dags/tutorial.py
[2022-09-24 16:39:15,047] {scheduler_job.py:639} INFO - DAG(s) dict_keys(['tutorial']) retrieved from /home/airflow/.local/lib/python3.6/site-packages/airflow/example_dags/tutorial.py
[2022-09-24 16:39:15,065] {logging_mixin.py:104} INFO - [2022-09-24 16:39:15,065] {dag.py:1824} INFO - Sync 1 DAGs
[2022-09-24 16:39:15,077] {logging_mixin.py:104} INFO - [2022-09-24 16:39:15,077] {dag.py:2280} INFO - Setting next_dagrun for tutorial to 2022-09-22 00:00:00+00:00
[2022-09-24 16:39:15,087] {scheduler_job.py:190} INFO - Processing /home/airflow/.local/lib/python3.6/site-packages/airflow/example_dags/tutorial.py took 0.052 seconds
[2022-09-24 16:39:45,157] {scheduler_job.py:182} INFO - Started process (PID=597) to work on /home/airflow/.local/lib/python3.6/site-packages/airflow/example_dags/tutorial.py
[2022-09-24 16:39:45,157] {scheduler_job.py:629} INFO - Processing file /home/airflow/.local/lib/python3.6/site-packages/airflow/example_dags/tutorial.py for tasks to queue
[2022-09-24 16:39:45,158] {logging_mixin.py:104} INFO - [2022-09-24 16:39:45,158] {dagbag.py:451} INFO - Filling up the DagBag from /home/airflow/.local/lib/python3.6/site-packages/airflow/example_dags/tutorial.py
[2022-09-24 16:39:45,165] {scheduler_job.py:639} INFO - DAG(s) dict_keys(['tutorial']) retrieved from /home/airflow/.local/lib/python3.6/site-packages/airflow/example_dags/tutorial.py
[2022-09-24 16:39:45,183] {logging_mixin.py:104} INFO - [2022-09-24 16:39:45,183] {dag.py:1824} INFO - Sync 1 DAGs
[2022-09-24 16:39:45,195] {logging_mixin.py:104} INFO - [2022-09-24 16:39:45,194] {dag.py:2280} INFO - Setting next_dagrun for tutorial to 2022-09-22 00:00:00+00:00
[2022-09-24 16:39:45,201] {scheduler_job.py:190} INFO - Processing /home/airflow/.local/lib/python3.6/site-packages/airflow/example_dags/tutorial.py took 0.048 seconds
[2022-09-24 16:40:15,224] {scheduler_job.py:182} INFO - Started process (PID=624) to work on /home/airflow/.local/lib/python3.6/site-packages/airflow/example_dags/tutorial.py
[2022-09-24 16:40:15,225] {scheduler_job.py:629} INFO - Processing file /home/airflow/.local/lib/python3.6/site-packages/airflow/example_dags/tutorial.py for tasks to queue
[2022-09-24 16:40:15,226] {logging_mixin.py:104} INFO - [2022-09-24 16:40:15,226] {dagbag.py:451} INFO - Filling up the DagBag from /home/airflow/.local/lib/python3.6/site-packages/airflow/example_dags/tutorial.py
[2022-09-24 16:40:15,234] {scheduler_job.py:639} INFO - DAG(s) dict_keys(['tutorial']) retrieved from /home/airflow/.local/lib/python3.6/site-packages/airflow/example_dags/tutorial.py
[2022-09-24 16:40:15,253] {logging_mixin.py:104} INFO - [2022-09-24 16:40:15,253] {dag.py:1824} INFO - Sync 1 DAGs
[2022-09-24 16:40:15,270] {logging_mixin.py:104} INFO - [2022-09-24 16:40:15,270] {dag.py:2280} INFO - Setting next_dagrun for tutorial to 2022-09-22 00:00:00+00:00
[2022-09-24 16:40:15,281] {scheduler_job.py:190} INFO - Processing /home/airflow/.local/lib/python3.6/site-packages/airflow/example_dags/tutorial.py took 0.059 seconds
[2022-09-24 16:40:45,358] {scheduler_job.py:182} INFO - Started process (PID=651) to work on /home/airflow/.local/lib/python3.6/site-packages/airflow/example_dags/tutorial.py
[2022-09-24 16:40:45,360] {scheduler_job.py:629} INFO - Processing file /home/airflow/.local/lib/python3.6/site-packages/airflow/example_dags/tutorial.py for tasks to queue
[2022-09-24 16:40:45,361] {logging_mixin.py:104} INFO - [2022-09-24 16:40:45,361] {dagbag.py:451} INFO - Filling up the DagBag from /home/airflow/.local/lib/python3.6/site-packages/airflow/example_dags/tutorial.py
[2022-09-24 16:40:45,373] {scheduler_job.py:639} INFO - DAG(s) dict_keys(['tutorial']) retrieved from /home/airflow/.local/lib/python3.6/site-packages/airflow/example_dags/tutorial.py
[2022-09-24 16:40:45,401] {logging_mixin.py:104} INFO - [2022-09-24 16:40:45,401] {dag.py:1824} INFO - Sync 1 DAGs
[2022-09-24 16:40:45,424] {logging_mixin.py:104} INFO - [2022-09-24 16:40:45,423] {dag.py:2280} INFO - Setting next_dagrun for tutorial to 2022-09-22 00:00:00+00:00
[2022-09-24 16:40:45,436] {scheduler_job.py:190} INFO - Processing /home/airflow/.local/lib/python3.6/site-packages/airflow/example_dags/tutorial.py took 0.082 seconds
[2022-09-24 16:41:15,924] {scheduler_job.py:182} INFO - Started process (PID=678) to work on /home/airflow/.local/lib/python3.6/site-packages/airflow/example_dags/tutorial.py
[2022-09-24 16:41:15,925] {scheduler_job.py:629} INFO - Processing file /home/airflow/.local/lib/python3.6/site-packages/airflow/example_dags/tutorial.py for tasks to queue
[2022-09-24 16:41:15,926] {logging_mixin.py:104} INFO - [2022-09-24 16:41:15,926] {dagbag.py:451} INFO - Filling up the DagBag from /home/airflow/.local/lib/python3.6/site-packages/airflow/example_dags/tutorial.py
[2022-09-24 16:41:15,937] {scheduler_job.py:639} INFO - DAG(s) dict_keys(['tutorial']) retrieved from /home/airflow/.local/lib/python3.6/site-packages/airflow/example_dags/tutorial.py
[2022-09-24 16:41:15,961] {logging_mixin.py:104} INFO - [2022-09-24 16:41:15,961] {dag.py:1824} INFO - Sync 1 DAGs
[2022-09-24 16:41:15,978] {logging_mixin.py:104} INFO - [2022-09-24 16:41:15,978] {dag.py:2280} INFO - Setting next_dagrun for tutorial to 2022-09-22 00:00:00+00:00
[2022-09-24 16:41:15,989] {scheduler_job.py:190} INFO - Processing /home/airflow/.local/lib/python3.6/site-packages/airflow/example_dags/tutorial.py took 0.069 seconds
[2022-09-24 16:41:46,062] {scheduler_job.py:182} INFO - Started process (PID=704) to work on /home/airflow/.local/lib/python3.6/site-packages/airflow/example_dags/tutorial.py
[2022-09-24 16:41:46,064] {scheduler_job.py:629} INFO - Processing file /home/airflow/.local/lib/python3.6/site-packages/airflow/example_dags/tutorial.py for tasks to queue
[2022-09-24 16:41:46,065] {logging_mixin.py:104} INFO - [2022-09-24 16:41:46,064] {dagbag.py:451} INFO - Filling up the DagBag from /home/airflow/.local/lib/python3.6/site-packages/airflow/example_dags/tutorial.py
[2022-09-24 16:41:46,071] {scheduler_job.py:639} INFO - DAG(s) dict_keys(['tutorial']) retrieved from /home/airflow/.local/lib/python3.6/site-packages/airflow/example_dags/tutorial.py
[2022-09-24 16:41:46,086] {logging_mixin.py:104} INFO - [2022-09-24 16:41:46,086] {dag.py:1824} INFO - Sync 1 DAGs
[2022-09-24 16:41:46,099] {logging_mixin.py:104} INFO - [2022-09-24 16:41:46,098] {dag.py:2280} INFO - Setting next_dagrun for tutorial to 2022-09-22 00:00:00+00:00
[2022-09-24 16:41:46,107] {scheduler_job.py:190} INFO - Processing /home/airflow/.local/lib/python3.6/site-packages/airflow/example_dags/tutorial.py took 0.048 seconds
[2022-09-24 16:42:16,260] {scheduler_job.py:182} INFO - Started process (PID=731) to work on /home/airflow/.local/lib/python3.6/site-packages/airflow/example_dags/tutorial.py
[2022-09-24 16:42:16,261] {scheduler_job.py:629} INFO - Processing file /home/airflow/.local/lib/python3.6/site-packages/airflow/example_dags/tutorial.py for tasks to queue
[2022-09-24 16:42:16,262] {logging_mixin.py:104} INFO - [2022-09-24 16:42:16,262] {dagbag.py:451} INFO - Filling up the DagBag from /home/airflow/.local/lib/python3.6/site-packages/airflow/example_dags/tutorial.py
[2022-09-24 16:42:16,269] {scheduler_job.py:639} INFO - DAG(s) dict_keys(['tutorial']) retrieved from /home/airflow/.local/lib/python3.6/site-packages/airflow/example_dags/tutorial.py
[2022-09-24 16:42:16,285] {logging_mixin.py:104} INFO - [2022-09-24 16:42:16,285] {dag.py:1824} INFO - Sync 1 DAGs
[2022-09-24 16:42:16,297] {logging_mixin.py:104} INFO - [2022-09-24 16:42:16,297] {dag.py:2280} INFO - Setting next_dagrun for tutorial to 2022-09-22 00:00:00+00:00
[2022-09-24 16:42:16,305] {scheduler_job.py:190} INFO - Processing /home/airflow/.local/lib/python3.6/site-packages/airflow/example_dags/tutorial.py took 0.047 seconds
[2022-09-24 16:42:46,341] {scheduler_job.py:182} INFO - Started process (PID=759) to work on /home/airflow/.local/lib/python3.6/site-packages/airflow/example_dags/tutorial.py
[2022-09-24 16:42:46,343] {scheduler_job.py:629} INFO - Processing file /home/airflow/.local/lib/python3.6/site-packages/airflow/example_dags/tutorial.py for tasks to queue
[2022-09-24 16:42:46,343] {logging_mixin.py:104} INFO - [2022-09-24 16:42:46,343] {dagbag.py:451} INFO - Filling up the DagBag from /home/airflow/.local/lib/python3.6/site-packages/airflow/example_dags/tutorial.py
[2022-09-24 16:42:46,350] {scheduler_job.py:639} INFO - DAG(s) dict_keys(['tutorial']) retrieved from /home/airflow/.local/lib/python3.6/site-packages/airflow/example_dags/tutorial.py
[2022-09-24 16:42:46,366] {logging_mixin.py:104} INFO - [2022-09-24 16:42:46,366] {dag.py:1824} INFO - Sync 1 DAGs
[2022-09-24 16:42:46,376] {logging_mixin.py:104} INFO - [2022-09-24 16:42:46,376] {dag.py:2280} INFO - Setting next_dagrun for tutorial to 2022-09-22 00:00:00+00:00
[2022-09-24 16:42:46,385] {scheduler_job.py:190} INFO - Processing /home/airflow/.local/lib/python3.6/site-packages/airflow/example_dags/tutorial.py took 0.046 seconds
[2022-09-24 16:43:16,427] {scheduler_job.py:182} INFO - Started process (PID=786) to work on /home/airflow/.local/lib/python3.6/site-packages/airflow/example_dags/tutorial.py
[2022-09-24 16:43:16,428] {scheduler_job.py:629} INFO - Processing file /home/airflow/.local/lib/python3.6/site-packages/airflow/example_dags/tutorial.py for tasks to queue
[2022-09-24 16:43:16,429] {logging_mixin.py:104} INFO - [2022-09-24 16:43:16,429] {dagbag.py:451} INFO - Filling up the DagBag from /home/airflow/.local/lib/python3.6/site-packages/airflow/example_dags/tutorial.py
[2022-09-24 16:43:16,436] {scheduler_job.py:639} INFO - DAG(s) dict_keys(['tutorial']) retrieved from /home/airflow/.local/lib/python3.6/site-packages/airflow/example_dags/tutorial.py
[2022-09-24 16:43:16,452] {logging_mixin.py:104} INFO - [2022-09-24 16:43:16,452] {dag.py:1824} INFO - Sync 1 DAGs
[2022-09-24 16:43:16,462] {logging_mixin.py:104} INFO - [2022-09-24 16:43:16,462] {dag.py:2280} INFO - Setting next_dagrun for tutorial to 2022-09-22 00:00:00+00:00
[2022-09-24 16:43:16,469] {scheduler_job.py:190} INFO - Processing /home/airflow/.local/lib/python3.6/site-packages/airflow/example_dags/tutorial.py took 0.045 seconds
[2022-09-24 16:43:46,496] {scheduler_job.py:182} INFO - Started process (PID=813) to work on /home/airflow/.local/lib/python3.6/site-packages/airflow/example_dags/tutorial.py
[2022-09-24 16:43:46,497] {scheduler_job.py:629} INFO - Processing file /home/airflow/.local/lib/python3.6/site-packages/airflow/example_dags/tutorial.py for tasks to queue
[2022-09-24 16:43:46,497] {logging_mixin.py:104} INFO - [2022-09-24 16:43:46,497] {dagbag.py:451} INFO - Filling up the DagBag from /home/airflow/.local/lib/python3.6/site-packages/airflow/example_dags/tutorial.py
[2022-09-24 16:43:46,504] {scheduler_job.py:639} INFO - DAG(s) dict_keys(['tutorial']) retrieved from /home/airflow/.local/lib/python3.6/site-packages/airflow/example_dags/tutorial.py
[2022-09-24 16:43:46,521] {logging_mixin.py:104} INFO - [2022-09-24 16:43:46,521] {dag.py:1824} INFO - Sync 1 DAGs
[2022-09-24 16:43:46,532] {logging_mixin.py:104} INFO - [2022-09-24 16:43:46,532] {dag.py:2280} INFO - Setting next_dagrun for tutorial to 2022-09-22 00:00:00+00:00
[2022-09-24 16:43:46,540] {scheduler_job.py:190} INFO - Processing /home/airflow/.local/lib/python3.6/site-packages/airflow/example_dags/tutorial.py took 0.047 seconds
[2022-09-24 16:44:16,703] {scheduler_job.py:182} INFO - Started process (PID=839) to work on /home/airflow/.local/lib/python3.6/site-packages/airflow/example_dags/tutorial.py
[2022-09-24 16:44:16,704] {scheduler_job.py:629} INFO - Processing file /home/airflow/.local/lib/python3.6/site-packages/airflow/example_dags/tutorial.py for tasks to queue
[2022-09-24 16:44:16,705] {logging_mixin.py:104} INFO - [2022-09-24 16:44:16,705] {dagbag.py:451} INFO - Filling up the DagBag from /home/airflow/.local/lib/python3.6/site-packages/airflow/example_dags/tutorial.py
[2022-09-24 16:44:16,713] {scheduler_job.py:639} INFO - DAG(s) dict_keys(['tutorial']) retrieved from /home/airflow/.local/lib/python3.6/site-packages/airflow/example_dags/tutorial.py
[2022-09-24 16:44:16,732] {logging_mixin.py:104} INFO - [2022-09-24 16:44:16,732] {dag.py:1824} INFO - Sync 1 DAGs
[2022-09-24 16:44:16,746] {logging_mixin.py:104} INFO - [2022-09-24 16:44:16,746] {dag.py:2280} INFO - Setting next_dagrun for tutorial to 2022-09-22 00:00:00+00:00
[2022-09-24 16:44:16,754] {scheduler_job.py:190} INFO - Processing /home/airflow/.local/lib/python3.6/site-packages/airflow/example_dags/tutorial.py took 0.054 seconds
[2022-09-24 16:44:46,782] {scheduler_job.py:182} INFO - Started process (PID=866) to work on /home/airflow/.local/lib/python3.6/site-packages/airflow/example_dags/tutorial.py
[2022-09-24 16:44:46,783] {scheduler_job.py:629} INFO - Processing file /home/airflow/.local/lib/python3.6/site-packages/airflow/example_dags/tutorial.py for tasks to queue
[2022-09-24 16:44:46,784] {logging_mixin.py:104} INFO - [2022-09-24 16:44:46,784] {dagbag.py:451} INFO - Filling up the DagBag from /home/airflow/.local/lib/python3.6/site-packages/airflow/example_dags/tutorial.py
[2022-09-24 16:44:46,790] {scheduler_job.py:639} INFO - DAG(s) dict_keys(['tutorial']) retrieved from /home/airflow/.local/lib/python3.6/site-packages/airflow/example_dags/tutorial.py
[2022-09-24 16:44:46,806] {logging_mixin.py:104} INFO - [2022-09-24 16:44:46,806] {dag.py:1824} INFO - Sync 1 DAGs
[2022-09-24 16:44:46,816] {logging_mixin.py:104} INFO - [2022-09-24 16:44:46,816] {dag.py:2280} INFO - Setting next_dagrun for tutorial to 2022-09-22 00:00:00+00:00
[2022-09-24 16:44:46,822] {scheduler_job.py:190} INFO - Processing /home/airflow/.local/lib/python3.6/site-packages/airflow/example_dags/tutorial.py took 0.042 seconds
[2022-09-24 16:45:17,695] {scheduler_job.py:182} INFO - Started process (PID=889) to work on /home/airflow/.local/lib/python3.6/site-packages/airflow/example_dags/tutorial.py
[2022-09-24 16:45:17,696] {scheduler_job.py:629} INFO - Processing file /home/airflow/.local/lib/python3.6/site-packages/airflow/example_dags/tutorial.py for tasks to queue
[2022-09-24 16:45:17,696] {logging_mixin.py:104} INFO - [2022-09-24 16:45:17,696] {dagbag.py:451} INFO - Filling up the DagBag from /home/airflow/.local/lib/python3.6/site-packages/airflow/example_dags/tutorial.py
[2022-09-24 16:45:17,703] {scheduler_job.py:639} INFO - DAG(s) dict_keys(['tutorial']) retrieved from /home/airflow/.local/lib/python3.6/site-packages/airflow/example_dags/tutorial.py
[2022-09-24 16:45:17,719] {logging_mixin.py:104} INFO - [2022-09-24 16:45:17,719] {dag.py:1824} INFO - Sync 1 DAGs
[2022-09-24 16:45:17,729] {logging_mixin.py:104} INFO - [2022-09-24 16:45:17,729] {dag.py:2280} INFO - Setting next_dagrun for tutorial to 2022-09-22 00:00:00+00:00
[2022-09-24 16:45:17,736] {scheduler_job.py:190} INFO - Processing /home/airflow/.local/lib/python3.6/site-packages/airflow/example_dags/tutorial.py took 0.044 seconds
[2022-09-24 16:45:47,784] {scheduler_job.py:182} INFO - Started process (PID=916) to work on /home/airflow/.local/lib/python3.6/site-packages/airflow/example_dags/tutorial.py
[2022-09-24 16:45:47,785] {scheduler_job.py:629} INFO - Processing file /home/airflow/.local/lib/python3.6/site-packages/airflow/example_dags/tutorial.py for tasks to queue
[2022-09-24 16:45:47,785] {logging_mixin.py:104} INFO - [2022-09-24 16:45:47,785] {dagbag.py:451} INFO - Filling up the DagBag from /home/airflow/.local/lib/python3.6/site-packages/airflow/example_dags/tutorial.py
[2022-09-24 16:45:47,793] {scheduler_job.py:639} INFO - DAG(s) dict_keys(['tutorial']) retrieved from /home/airflow/.local/lib/python3.6/site-packages/airflow/example_dags/tutorial.py
[2022-09-24 16:45:47,808] {logging_mixin.py:104} INFO - [2022-09-24 16:45:47,808] {dag.py:1824} INFO - Sync 1 DAGs
[2022-09-24 16:45:47,819] {logging_mixin.py:104} INFO - [2022-09-24 16:45:47,819] {dag.py:2280} INFO - Setting next_dagrun for tutorial to 2022-09-22 00:00:00+00:00
[2022-09-24 16:45:47,825] {scheduler_job.py:190} INFO - Processing /home/airflow/.local/lib/python3.6/site-packages/airflow/example_dags/tutorial.py took 0.044 seconds
[2022-09-24 16:46:18,799] {scheduler_job.py:182} INFO - Started process (PID=943) to work on /home/airflow/.local/lib/python3.6/site-packages/airflow/example_dags/tutorial.py
[2022-09-24 16:46:18,800] {scheduler_job.py:629} INFO - Processing file /home/airflow/.local/lib/python3.6/site-packages/airflow/example_dags/tutorial.py for tasks to queue
[2022-09-24 16:46:18,801] {logging_mixin.py:104} INFO - [2022-09-24 16:46:18,801] {dagbag.py:451} INFO - Filling up the DagBag from /home/airflow/.local/lib/python3.6/site-packages/airflow/example_dags/tutorial.py
[2022-09-24 16:46:18,809] {scheduler_job.py:639} INFO - DAG(s) dict_keys(['tutorial']) retrieved from /home/airflow/.local/lib/python3.6/site-packages/airflow/example_dags/tutorial.py
[2022-09-24 16:46:18,825] {logging_mixin.py:104} INFO - [2022-09-24 16:46:18,825] {dag.py:1824} INFO - Sync 1 DAGs
[2022-09-24 16:46:18,838] {logging_mixin.py:104} INFO - [2022-09-24 16:46:18,838] {dag.py:2280} INFO - Setting next_dagrun for tutorial to 2022-09-22 00:00:00+00:00
[2022-09-24 16:46:18,846] {scheduler_job.py:190} INFO - Processing /home/airflow/.local/lib/python3.6/site-packages/airflow/example_dags/tutorial.py took 0.050 seconds
[2022-09-24 16:46:49,762] {scheduler_job.py:182} INFO - Started process (PID=970) to work on /home/airflow/.local/lib/python3.6/site-packages/airflow/example_dags/tutorial.py
[2022-09-24 16:46:49,764] {scheduler_job.py:629} INFO - Processing file /home/airflow/.local/lib/python3.6/site-packages/airflow/example_dags/tutorial.py for tasks to queue
[2022-09-24 16:46:49,765] {logging_mixin.py:104} INFO - [2022-09-24 16:46:49,765] {dagbag.py:451} INFO - Filling up the DagBag from /home/airflow/.local/lib/python3.6/site-packages/airflow/example_dags/tutorial.py
[2022-09-24 16:46:49,772] {scheduler_job.py:639} INFO - DAG(s) dict_keys(['tutorial']) retrieved from /home/airflow/.local/lib/python3.6/site-packages/airflow/example_dags/tutorial.py
[2022-09-24 16:46:49,796] {logging_mixin.py:104} INFO - [2022-09-24 16:46:49,796] {dag.py:1824} INFO - Sync 1 DAGs
[2022-09-24 16:46:49,811] {logging_mixin.py:104} INFO - [2022-09-24 16:46:49,811] {dag.py:2280} INFO - Setting next_dagrun for tutorial to 2022-09-22 00:00:00+00:00
[2022-09-24 16:46:49,819] {scheduler_job.py:190} INFO - Processing /home/airflow/.local/lib/python3.6/site-packages/airflow/example_dags/tutorial.py took 0.059 seconds
[2022-09-24 16:47:20,790] {scheduler_job.py:182} INFO - Started process (PID=997) to work on /home/airflow/.local/lib/python3.6/site-packages/airflow/example_dags/tutorial.py
[2022-09-24 16:47:20,791] {scheduler_job.py:629} INFO - Processing file /home/airflow/.local/lib/python3.6/site-packages/airflow/example_dags/tutorial.py for tasks to queue
[2022-09-24 16:47:20,792] {logging_mixin.py:104} INFO - [2022-09-24 16:47:20,792] {dagbag.py:451} INFO - Filling up the DagBag from /home/airflow/.local/lib/python3.6/site-packages/airflow/example_dags/tutorial.py
[2022-09-24 16:47:20,799] {scheduler_job.py:639} INFO - DAG(s) dict_keys(['tutorial']) retrieved from /home/airflow/.local/lib/python3.6/site-packages/airflow/example_dags/tutorial.py
[2022-09-24 16:47:20,817] {logging_mixin.py:104} INFO - [2022-09-24 16:47:20,817] {dag.py:1824} INFO - Sync 1 DAGs
[2022-09-24 16:47:20,828] {logging_mixin.py:104} INFO - [2022-09-24 16:47:20,828] {dag.py:2280} INFO - Setting next_dagrun for tutorial to 2022-09-22 00:00:00+00:00
[2022-09-24 16:47:20,835] {scheduler_job.py:190} INFO - Processing /home/airflow/.local/lib/python3.6/site-packages/airflow/example_dags/tutorial.py took 0.047 seconds
[2022-09-24 16:47:50,963] {scheduler_job.py:182} INFO - Started process (PID=1026) to work on /home/airflow/.local/lib/python3.6/site-packages/airflow/example_dags/tutorial.py
[2022-09-24 16:47:50,964] {scheduler_job.py:629} INFO - Processing file /home/airflow/.local/lib/python3.6/site-packages/airflow/example_dags/tutorial.py for tasks to queue
[2022-09-24 16:47:50,964] {logging_mixin.py:104} INFO - [2022-09-24 16:47:50,964] {dagbag.py:451} INFO - Filling up the DagBag from /home/airflow/.local/lib/python3.6/site-packages/airflow/example_dags/tutorial.py
[2022-09-24 16:47:50,971] {scheduler_job.py:639} INFO - DAG(s) dict_keys(['tutorial']) retrieved from /home/airflow/.local/lib/python3.6/site-packages/airflow/example_dags/tutorial.py
[2022-09-24 16:47:50,987] {logging_mixin.py:104} INFO - [2022-09-24 16:47:50,987] {dag.py:1824} INFO - Sync 1 DAGs
[2022-09-24 16:47:50,997] {logging_mixin.py:104} INFO - [2022-09-24 16:47:50,997] {dag.py:2280} INFO - Setting next_dagrun for tutorial to 2022-09-22 00:00:00+00:00
[2022-09-24 16:47:51,004] {scheduler_job.py:190} INFO - Processing /home/airflow/.local/lib/python3.6/site-packages/airflow/example_dags/tutorial.py took 0.044 seconds
[2022-09-24 16:48:21,080] {scheduler_job.py:182} INFO - Started process (PID=1053) to work on /home/airflow/.local/lib/python3.6/site-packages/airflow/example_dags/tutorial.py
[2022-09-24 16:48:21,081] {scheduler_job.py:629} INFO - Processing file /home/airflow/.local/lib/python3.6/site-packages/airflow/example_dags/tutorial.py for tasks to queue
[2022-09-24 16:48:21,081] {logging_mixin.py:104} INFO - [2022-09-24 16:48:21,081] {dagbag.py:451} INFO - Filling up the DagBag from /home/airflow/.local/lib/python3.6/site-packages/airflow/example_dags/tutorial.py
[2022-09-24 16:48:21,089] {scheduler_job.py:639} INFO - DAG(s) dict_keys(['tutorial']) retrieved from /home/airflow/.local/lib/python3.6/site-packages/airflow/example_dags/tutorial.py
[2022-09-24 16:48:21,106] {logging_mixin.py:104} INFO - [2022-09-24 16:48:21,106] {dag.py:1824} INFO - Sync 1 DAGs
[2022-09-24 16:48:21,117] {logging_mixin.py:104} INFO - [2022-09-24 16:48:21,117] {dag.py:2280} INFO - Setting next_dagrun for tutorial to 2022-09-22 00:00:00+00:00
[2022-09-24 16:48:21,125] {scheduler_job.py:190} INFO - Processing /home/airflow/.local/lib/python3.6/site-packages/airflow/example_dags/tutorial.py took 0.048 seconds
[2022-09-24 16:48:51,402] {scheduler_job.py:182} INFO - Started process (PID=1082) to work on /home/airflow/.local/lib/python3.6/site-packages/airflow/example_dags/tutorial.py
[2022-09-24 16:48:51,404] {scheduler_job.py:629} INFO - Processing file /home/airflow/.local/lib/python3.6/site-packages/airflow/example_dags/tutorial.py for tasks to queue
[2022-09-24 16:48:51,405] {logging_mixin.py:104} INFO - [2022-09-24 16:48:51,404] {dagbag.py:451} INFO - Filling up the DagBag from /home/airflow/.local/lib/python3.6/site-packages/airflow/example_dags/tutorial.py
[2022-09-24 16:48:51,415] {scheduler_job.py:639} INFO - DAG(s) dict_keys(['tutorial']) retrieved from /home/airflow/.local/lib/python3.6/site-packages/airflow/example_dags/tutorial.py
[2022-09-24 16:48:51,435] {logging_mixin.py:104} INFO - [2022-09-24 16:48:51,435] {dag.py:1824} INFO - Sync 1 DAGs
[2022-09-24 16:48:51,449] {logging_mixin.py:104} INFO - [2022-09-24 16:48:51,449] {dag.py:2280} INFO - Setting next_dagrun for tutorial to 2022-09-22 00:00:00+00:00
[2022-09-24 16:48:51,457] {scheduler_job.py:190} INFO - Processing /home/airflow/.local/lib/python3.6/site-packages/airflow/example_dags/tutorial.py took 0.059 seconds
[2022-09-24 16:49:21,687] {scheduler_job.py:182} INFO - Started process (PID=1111) to work on /home/airflow/.local/lib/python3.6/site-packages/airflow/example_dags/tutorial.py
[2022-09-24 16:49:21,688] {scheduler_job.py:629} INFO - Processing file /home/airflow/.local/lib/python3.6/site-packages/airflow/example_dags/tutorial.py for tasks to queue
[2022-09-24 16:49:21,689] {logging_mixin.py:104} INFO - [2022-09-24 16:49:21,689] {dagbag.py:451} INFO - Filling up the DagBag from /home/airflow/.local/lib/python3.6/site-packages/airflow/example_dags/tutorial.py
[2022-09-24 16:49:21,698] {scheduler_job.py:639} INFO - DAG(s) dict_keys(['tutorial']) retrieved from /home/airflow/.local/lib/python3.6/site-packages/airflow/example_dags/tutorial.py
[2022-09-24 16:49:21,716] {logging_mixin.py:104} INFO - [2022-09-24 16:49:21,716] {dag.py:1824} INFO - Sync 1 DAGs
[2022-09-24 16:49:21,729] {logging_mixin.py:104} INFO - [2022-09-24 16:49:21,729] {dag.py:2280} INFO - Setting next_dagrun for tutorial to 2022-09-22 00:00:00+00:00
[2022-09-24 16:49:21,739] {scheduler_job.py:190} INFO - Processing /home/airflow/.local/lib/python3.6/site-packages/airflow/example_dags/tutorial.py took 0.055 seconds
[2022-09-24 16:49:52,038] {scheduler_job.py:182} INFO - Started process (PID=1138) to work on /home/airflow/.local/lib/python3.6/site-packages/airflow/example_dags/tutorial.py
[2022-09-24 16:49:52,040] {scheduler_job.py:629} INFO - Processing file /home/airflow/.local/lib/python3.6/site-packages/airflow/example_dags/tutorial.py for tasks to queue
[2022-09-24 16:49:52,041] {logging_mixin.py:104} INFO - [2022-09-24 16:49:52,041] {dagbag.py:451} INFO - Filling up the DagBag from /home/airflow/.local/lib/python3.6/site-packages/airflow/example_dags/tutorial.py
[2022-09-24 16:49:52,051] {scheduler_job.py:639} INFO - DAG(s) dict_keys(['tutorial']) retrieved from /home/airflow/.local/lib/python3.6/site-packages/airflow/example_dags/tutorial.py
[2022-09-24 16:49:52,072] {logging_mixin.py:104} INFO - [2022-09-24 16:49:52,072] {dag.py:1824} INFO - Sync 1 DAGs
[2022-09-24 16:49:52,087] {logging_mixin.py:104} INFO - [2022-09-24 16:49:52,086] {dag.py:2280} INFO - Setting next_dagrun for tutorial to 2022-09-22 00:00:00+00:00
[2022-09-24 16:49:52,096] {scheduler_job.py:190} INFO - Processing /home/airflow/.local/lib/python3.6/site-packages/airflow/example_dags/tutorial.py took 0.061 seconds
[2022-09-24 16:50:22,181] {scheduler_job.py:182} INFO - Started process (PID=1164) to work on /home/airflow/.local/lib/python3.6/site-packages/airflow/example_dags/tutorial.py
[2022-09-24 16:50:22,182] {scheduler_job.py:629} INFO - Processing file /home/airflow/.local/lib/python3.6/site-packages/airflow/example_dags/tutorial.py for tasks to queue
[2022-09-24 16:50:22,183] {logging_mixin.py:104} INFO - [2022-09-24 16:50:22,183] {dagbag.py:451} INFO - Filling up the DagBag from /home/airflow/.local/lib/python3.6/site-packages/airflow/example_dags/tutorial.py
[2022-09-24 16:50:22,190] {scheduler_job.py:639} INFO - DAG(s) dict_keys(['tutorial']) retrieved from /home/airflow/.local/lib/python3.6/site-packages/airflow/example_dags/tutorial.py
[2022-09-24 16:50:22,205] {logging_mixin.py:104} INFO - [2022-09-24 16:50:22,205] {dag.py:1824} INFO - Sync 1 DAGs
[2022-09-24 16:50:22,216] {logging_mixin.py:104} INFO - [2022-09-24 16:50:22,216] {dag.py:2280} INFO - Setting next_dagrun for tutorial to 2022-09-22 00:00:00+00:00
[2022-09-24 16:50:22,223] {scheduler_job.py:190} INFO - Processing /home/airflow/.local/lib/python3.6/site-packages/airflow/example_dags/tutorial.py took 0.045 seconds
[2022-09-24 16:50:52,280] {scheduler_job.py:182} INFO - Started process (PID=1191) to work on /home/airflow/.local/lib/python3.6/site-packages/airflow/example_dags/tutorial.py
[2022-09-24 16:50:52,281] {scheduler_job.py:629} INFO - Processing file /home/airflow/.local/lib/python3.6/site-packages/airflow/example_dags/tutorial.py for tasks to queue
[2022-09-24 16:50:52,281] {logging_mixin.py:104} INFO - [2022-09-24 16:50:52,281] {dagbag.py:451} INFO - Filling up the DagBag from /home/airflow/.local/lib/python3.6/site-packages/airflow/example_dags/tutorial.py
[2022-09-24 16:50:52,289] {scheduler_job.py:639} INFO - DAG(s) dict_keys(['tutorial']) retrieved from /home/airflow/.local/lib/python3.6/site-packages/airflow/example_dags/tutorial.py
[2022-09-24 16:50:52,306] {logging_mixin.py:104} INFO - [2022-09-24 16:50:52,306] {dag.py:1824} INFO - Sync 1 DAGs
[2022-09-24 16:50:52,316] {logging_mixin.py:104} INFO - [2022-09-24 16:50:52,316] {dag.py:2280} INFO - Setting next_dagrun for tutorial to 2022-09-22 00:00:00+00:00
[2022-09-24 16:50:52,323] {scheduler_job.py:190} INFO - Processing /home/airflow/.local/lib/python3.6/site-packages/airflow/example_dags/tutorial.py took 0.046 seconds
[2022-09-24 16:51:22,439] {scheduler_job.py:182} INFO - Started process (PID=1218) to work on /home/airflow/.local/lib/python3.6/site-packages/airflow/example_dags/tutorial.py
[2022-09-24 16:51:22,440] {scheduler_job.py:629} INFO - Processing file /home/airflow/.local/lib/python3.6/site-packages/airflow/example_dags/tutorial.py for tasks to queue
[2022-09-24 16:51:22,441] {logging_mixin.py:104} INFO - [2022-09-24 16:51:22,441] {dagbag.py:451} INFO - Filling up the DagBag from /home/airflow/.local/lib/python3.6/site-packages/airflow/example_dags/tutorial.py
[2022-09-24 16:51:22,449] {scheduler_job.py:639} INFO - DAG(s) dict_keys(['tutorial']) retrieved from /home/airflow/.local/lib/python3.6/site-packages/airflow/example_dags/tutorial.py
[2022-09-24 16:51:22,465] {logging_mixin.py:104} INFO - [2022-09-24 16:51:22,465] {dag.py:1824} INFO - Sync 1 DAGs
[2022-09-24 16:51:22,477] {logging_mixin.py:104} INFO - [2022-09-24 16:51:22,477] {dag.py:2280} INFO - Setting next_dagrun for tutorial to 2022-09-22 00:00:00+00:00
[2022-09-24 16:51:22,486] {scheduler_job.py:190} INFO - Processing /home/airflow/.local/lib/python3.6/site-packages/airflow/example_dags/tutorial.py took 0.050 seconds
[2022-09-24 16:51:52,509] {scheduler_job.py:182} INFO - Started process (PID=1245) to work on /home/airflow/.local/lib/python3.6/site-packages/airflow/example_dags/tutorial.py
[2022-09-24 16:51:52,511] {scheduler_job.py:629} INFO - Processing file /home/airflow/.local/lib/python3.6/site-packages/airflow/example_dags/tutorial.py for tasks to queue
[2022-09-24 16:51:52,512] {logging_mixin.py:104} INFO - [2022-09-24 16:51:52,512] {dagbag.py:451} INFO - Filling up the DagBag from /home/airflow/.local/lib/python3.6/site-packages/airflow/example_dags/tutorial.py
[2022-09-24 16:51:52,518] {scheduler_job.py:639} INFO - DAG(s) dict_keys(['tutorial']) retrieved from /home/airflow/.local/lib/python3.6/site-packages/airflow/example_dags/tutorial.py
[2022-09-24 16:51:52,534] {logging_mixin.py:104} INFO - [2022-09-24 16:51:52,534] {dag.py:1824} INFO - Sync 1 DAGs
[2022-09-24 16:51:52,545] {logging_mixin.py:104} INFO - [2022-09-24 16:51:52,545] {dag.py:2280} INFO - Setting next_dagrun for tutorial to 2022-09-22 00:00:00+00:00
[2022-09-24 16:51:52,552] {scheduler_job.py:190} INFO - Processing /home/airflow/.local/lib/python3.6/site-packages/airflow/example_dags/tutorial.py took 0.046 seconds
[2022-09-24 16:52:23,532] {scheduler_job.py:182} INFO - Started process (PID=1273) to work on /home/airflow/.local/lib/python3.6/site-packages/airflow/example_dags/tutorial.py
[2022-09-24 16:52:23,533] {scheduler_job.py:629} INFO - Processing file /home/airflow/.local/lib/python3.6/site-packages/airflow/example_dags/tutorial.py for tasks to queue
[2022-09-24 16:52:23,533] {logging_mixin.py:104} INFO - [2022-09-24 16:52:23,533] {dagbag.py:451} INFO - Filling up the DagBag from /home/airflow/.local/lib/python3.6/site-packages/airflow/example_dags/tutorial.py
[2022-09-24 16:52:23,540] {scheduler_job.py:639} INFO - DAG(s) dict_keys(['tutorial']) retrieved from /home/airflow/.local/lib/python3.6/site-packages/airflow/example_dags/tutorial.py
[2022-09-24 16:52:23,556] {logging_mixin.py:104} INFO - [2022-09-24 16:52:23,556] {dag.py:1824} INFO - Sync 1 DAGs
[2022-09-24 16:52:23,567] {logging_mixin.py:104} INFO - [2022-09-24 16:52:23,567] {dag.py:2280} INFO - Setting next_dagrun for tutorial to 2022-09-22 00:00:00+00:00
[2022-09-24 16:52:23,574] {scheduler_job.py:190} INFO - Processing /home/airflow/.local/lib/python3.6/site-packages/airflow/example_dags/tutorial.py took 0.045 seconds
[2022-09-24 16:52:54,624] {scheduler_job.py:182} INFO - Started process (PID=1300) to work on /home/airflow/.local/lib/python3.6/site-packages/airflow/example_dags/tutorial.py
[2022-09-24 16:52:54,625] {scheduler_job.py:629} INFO - Processing file /home/airflow/.local/lib/python3.6/site-packages/airflow/example_dags/tutorial.py for tasks to queue
[2022-09-24 16:52:54,625] {logging_mixin.py:104} INFO - [2022-09-24 16:52:54,625] {dagbag.py:451} INFO - Filling up the DagBag from /home/airflow/.local/lib/python3.6/site-packages/airflow/example_dags/tutorial.py
[2022-09-24 16:52:54,633] {scheduler_job.py:639} INFO - DAG(s) dict_keys(['tutorial']) retrieved from /home/airflow/.local/lib/python3.6/site-packages/airflow/example_dags/tutorial.py
[2022-09-24 16:52:54,650] {logging_mixin.py:104} INFO - [2022-09-24 16:52:54,649] {dag.py:1824} INFO - Sync 1 DAGs
[2022-09-24 16:52:54,664] {logging_mixin.py:104} INFO - [2022-09-24 16:52:54,664] {dag.py:2280} INFO - Setting next_dagrun for tutorial to 2022-09-22 00:00:00+00:00
[2022-09-24 16:52:54,673] {scheduler_job.py:190} INFO - Processing /home/airflow/.local/lib/python3.6/site-packages/airflow/example_dags/tutorial.py took 0.052 seconds
[2022-09-24 16:53:25,663] {scheduler_job.py:182} INFO - Started process (PID=1327) to work on /home/airflow/.local/lib/python3.6/site-packages/airflow/example_dags/tutorial.py
[2022-09-24 16:53:25,665] {scheduler_job.py:629} INFO - Processing file /home/airflow/.local/lib/python3.6/site-packages/airflow/example_dags/tutorial.py for tasks to queue
[2022-09-24 16:53:25,665] {logging_mixin.py:104} INFO - [2022-09-24 16:53:25,665] {dagbag.py:451} INFO - Filling up the DagBag from /home/airflow/.local/lib/python3.6/site-packages/airflow/example_dags/tutorial.py
[2022-09-24 16:53:25,675] {scheduler_job.py:639} INFO - DAG(s) dict_keys(['tutorial']) retrieved from /home/airflow/.local/lib/python3.6/site-packages/airflow/example_dags/tutorial.py
[2022-09-24 16:53:25,699] {logging_mixin.py:104} INFO - [2022-09-24 16:53:25,699] {dag.py:1824} INFO - Sync 1 DAGs
[2022-09-24 16:53:25,714] {logging_mixin.py:104} INFO - [2022-09-24 16:53:25,713] {dag.py:2280} INFO - Setting next_dagrun for tutorial to 2022-09-22 00:00:00+00:00
[2022-09-24 16:53:25,721] {scheduler_job.py:190} INFO - Processing /home/airflow/.local/lib/python3.6/site-packages/airflow/example_dags/tutorial.py took 0.062 seconds
[2022-09-24 16:53:55,817] {scheduler_job.py:182} INFO - Started process (PID=1353) to work on /home/airflow/.local/lib/python3.6/site-packages/airflow/example_dags/tutorial.py
[2022-09-24 16:53:55,818] {scheduler_job.py:629} INFO - Processing file /home/airflow/.local/lib/python3.6/site-packages/airflow/example_dags/tutorial.py for tasks to queue
[2022-09-24 16:53:55,819] {logging_mixin.py:104} INFO - [2022-09-24 16:53:55,819] {dagbag.py:451} INFO - Filling up the DagBag from /home/airflow/.local/lib/python3.6/site-packages/airflow/example_dags/tutorial.py
[2022-09-24 16:53:55,826] {scheduler_job.py:639} INFO - DAG(s) dict_keys(['tutorial']) retrieved from /home/airflow/.local/lib/python3.6/site-packages/airflow/example_dags/tutorial.py
[2022-09-24 16:53:55,841] {logging_mixin.py:104} INFO - [2022-09-24 16:53:55,841] {dag.py:1824} INFO - Sync 1 DAGs
[2022-09-24 16:53:55,852] {logging_mixin.py:104} INFO - [2022-09-24 16:53:55,852] {dag.py:2280} INFO - Setting next_dagrun for tutorial to 2022-09-22 00:00:00+00:00
[2022-09-24 16:53:55,860] {scheduler_job.py:190} INFO - Processing /home/airflow/.local/lib/python3.6/site-packages/airflow/example_dags/tutorial.py took 0.045 seconds
[2022-09-24 16:54:26,812] {scheduler_job.py:182} INFO - Started process (PID=1381) to work on /home/airflow/.local/lib/python3.6/site-packages/airflow/example_dags/tutorial.py
[2022-09-24 16:54:26,813] {scheduler_job.py:629} INFO - Processing file /home/airflow/.local/lib/python3.6/site-packages/airflow/example_dags/tutorial.py for tasks to queue
[2022-09-24 16:54:26,814] {logging_mixin.py:104} INFO - [2022-09-24 16:54:26,814] {dagbag.py:451} INFO - Filling up the DagBag from /home/airflow/.local/lib/python3.6/site-packages/airflow/example_dags/tutorial.py
[2022-09-24 16:54:26,821] {scheduler_job.py:639} INFO - DAG(s) dict_keys(['tutorial']) retrieved from /home/airflow/.local/lib/python3.6/site-packages/airflow/example_dags/tutorial.py
[2022-09-24 16:54:26,838] {logging_mixin.py:104} INFO - [2022-09-24 16:54:26,838] {dag.py:1824} INFO - Sync 1 DAGs
[2022-09-24 16:54:26,849] {logging_mixin.py:104} INFO - [2022-09-24 16:54:26,848] {dag.py:2280} INFO - Setting next_dagrun for tutorial to 2022-09-22 00:00:00+00:00
[2022-09-24 16:54:26,859] {scheduler_job.py:190} INFO - Processing /home/airflow/.local/lib/python3.6/site-packages/airflow/example_dags/tutorial.py took 0.049 seconds
[2022-09-24 16:54:56,886] {scheduler_job.py:182} INFO - Started process (PID=1407) to work on /home/airflow/.local/lib/python3.6/site-packages/airflow/example_dags/tutorial.py
[2022-09-24 16:54:56,887] {scheduler_job.py:629} INFO - Processing file /home/airflow/.local/lib/python3.6/site-packages/airflow/example_dags/tutorial.py for tasks to queue
[2022-09-24 16:54:56,888] {logging_mixin.py:104} INFO - [2022-09-24 16:54:56,888] {dagbag.py:451} INFO - Filling up the DagBag from /home/airflow/.local/lib/python3.6/site-packages/airflow/example_dags/tutorial.py
[2022-09-24 16:54:56,895] {scheduler_job.py:639} INFO - DAG(s) dict_keys(['tutorial']) retrieved from /home/airflow/.local/lib/python3.6/site-packages/airflow/example_dags/tutorial.py
[2022-09-24 16:54:56,910] {logging_mixin.py:104} INFO - [2022-09-24 16:54:56,910] {dag.py:1824} INFO - Sync 1 DAGs
[2022-09-24 16:54:56,920] {logging_mixin.py:104} INFO - [2022-09-24 16:54:56,920] {dag.py:2280} INFO - Setting next_dagrun for tutorial to 2022-09-22 00:00:00+00:00
[2022-09-24 16:54:56,927] {scheduler_job.py:190} INFO - Processing /home/airflow/.local/lib/python3.6/site-packages/airflow/example_dags/tutorial.py took 0.043 seconds
[2022-09-24 16:55:27,888] {scheduler_job.py:182} INFO - Started process (PID=1433) to work on /home/airflow/.local/lib/python3.6/site-packages/airflow/example_dags/tutorial.py
[2022-09-24 16:55:27,889] {scheduler_job.py:629} INFO - Processing file /home/airflow/.local/lib/python3.6/site-packages/airflow/example_dags/tutorial.py for tasks to queue
[2022-09-24 16:55:27,889] {logging_mixin.py:104} INFO - [2022-09-24 16:55:27,889] {dagbag.py:451} INFO - Filling up the DagBag from /home/airflow/.local/lib/python3.6/site-packages/airflow/example_dags/tutorial.py
[2022-09-24 16:55:27,897] {scheduler_job.py:639} INFO - DAG(s) dict_keys(['tutorial']) retrieved from /home/airflow/.local/lib/python3.6/site-packages/airflow/example_dags/tutorial.py
[2022-09-24 16:55:27,912] {logging_mixin.py:104} INFO - [2022-09-24 16:55:27,912] {dag.py:1824} INFO - Sync 1 DAGs
[2022-09-24 16:55:27,923] {logging_mixin.py:104} INFO - [2022-09-24 16:55:27,923] {dag.py:2280} INFO - Setting next_dagrun for tutorial to 2022-09-22 00:00:00+00:00
[2022-09-24 16:55:27,931] {scheduler_job.py:190} INFO - Processing /home/airflow/.local/lib/python3.6/site-packages/airflow/example_dags/tutorial.py took 0.047 seconds
