[2022-09-25 22:37:52,754] {taskinstance.py:877} INFO - Dependencies all met for <TaskInstance: Email_Bestseller_List_To_Users.Fiction_book_list 2022-09-25T22:37:49.096999+00:00 [queued]>
[2022-09-25 22:37:52,761] {taskinstance.py:877} INFO - Dependencies all met for <TaskInstance: Email_Bestseller_List_To_Users.Fiction_book_list 2022-09-25T22:37:49.096999+00:00 [queued]>
[2022-09-25 22:37:52,762] {taskinstance.py:1068} INFO - 
--------------------------------------------------------------------------------
[2022-09-25 22:37:52,762] {taskinstance.py:1069} INFO - Starting attempt 1 of 1
[2022-09-25 22:37:52,763] {taskinstance.py:1070} INFO - 
--------------------------------------------------------------------------------
[2022-09-25 22:37:52,772] {taskinstance.py:1089} INFO - Executing <Task(PythonOperator): Fiction_book_list> on 2022-09-25T22:37:49.096999+00:00
[2022-09-25 22:37:52,775] {standard_task_runner.py:52} INFO - Started process 166 to run task
[2022-09-25 22:37:52,778] {standard_task_runner.py:76} INFO - Running: ['airflow', 'tasks', 'run', 'Email_Bestseller_List_To_Users', 'Fiction_book_list', '2022-09-25T22:37:49.096999+00:00', '--job-id', '57', '--pool', 'default_pool', '--raw', '--subdir', 'DAGS_FOLDER/DAG1.py', '--cfg-path', '/tmp/tmpciklj_m0', '--error-file', '/tmp/tmpjek0uk9m']
[2022-09-25 22:37:52,778] {standard_task_runner.py:77} INFO - Job 57: Subtask Fiction_book_list
[2022-09-25 22:37:52,808] {logging_mixin.py:104} INFO - Running <TaskInstance: Email_Bestseller_List_To_Users.Fiction_book_list 2022-09-25T22:37:49.096999+00:00 [running]> on host d74d0d8a09f8
[2022-09-25 22:37:52,845] {taskinstance.py:1283} INFO - Exporting the following env vars:
AIRFLOW_CTX_DAG_OWNER=airflow
AIRFLOW_CTX_DAG_ID=Email_Bestseller_List_To_Users
AIRFLOW_CTX_TASK_ID=Fiction_book_list
AIRFLOW_CTX_EXECUTION_DATE=2022-09-25T22:37:49.096999+00:00
AIRFLOW_CTX_DAG_RUN_ID=manual__2022-09-25T22:37:49.096999+00:00
[2022-09-25 22:37:52,846] {python.py:118} INFO - Done. Returned value was: ('Rank', 1)
[2022-09-25 22:37:52,865] {taskinstance.py:1192} INFO - Marking task as SUCCESS. dag_id=Email_Bestseller_List_To_Users, task_id=Fiction_book_list, execution_date=20220925T223749, start_date=20220925T223752, end_date=20220925T223752
[2022-09-25 22:37:52,898] {taskinstance.py:1246} INFO - 1 downstream tasks scheduled from follow-on schedule check
[2022-09-25 22:37:52,911] {local_task_job.py:146} INFO - Task exited with return code 0
