[2022-09-25 22:42:43,976] {taskinstance.py:877} INFO - Dependencies all met for <TaskInstance: Email_Bestseller_List_To_Users.Push_email_list_to_xcom 2022-09-25T22:42:42.812294+00:00 [queued]>
[2022-09-25 22:42:43,988] {taskinstance.py:877} INFO - Dependencies all met for <TaskInstance: Email_Bestseller_List_To_Users.Push_email_list_to_xcom 2022-09-25T22:42:42.812294+00:00 [queued]>
[2022-09-25 22:42:43,988] {taskinstance.py:1068} INFO - 
--------------------------------------------------------------------------------
[2022-09-25 22:42:43,989] {taskinstance.py:1069} INFO - Starting attempt 1 of 1
[2022-09-25 22:42:43,989] {taskinstance.py:1070} INFO - 
--------------------------------------------------------------------------------
[2022-09-25 22:42:44,004] {taskinstance.py:1089} INFO - Executing <Task(PythonOperator): Push_email_list_to_xcom> on 2022-09-25T22:42:42.812294+00:00
[2022-09-25 22:42:44,009] {standard_task_runner.py:52} INFO - Started process 182 to run task
[2022-09-25 22:42:44,014] {standard_task_runner.py:76} INFO - Running: ['airflow', 'tasks', 'run', 'Email_Bestseller_List_To_Users', 'Push_email_list_to_xcom', '2022-09-25T22:42:42.812294+00:00', '--job-id', '65', '--pool', 'default_pool', '--raw', '--subdir', 'DAGS_FOLDER/DAG1.py', '--cfg-path', '/tmp/tmppetprpmw', '--error-file', '/tmp/tmp7342mr9m']
[2022-09-25 22:42:44,015] {standard_task_runner.py:77} INFO - Job 65: Subtask Push_email_list_to_xcom
[2022-09-25 22:42:44,054] {logging_mixin.py:104} INFO - Running <TaskInstance: Email_Bestseller_List_To_Users.Push_email_list_to_xcom 2022-09-25T22:42:42.812294+00:00 [running]> on host d74d0d8a09f8
[2022-09-25 22:42:44,085] {taskinstance.py:1283} INFO - Exporting the following env vars:
AIRFLOW_CTX_DAG_OWNER=airflow
AIRFLOW_CTX_DAG_ID=Email_Bestseller_List_To_Users
AIRFLOW_CTX_TASK_ID=Push_email_list_to_xcom
AIRFLOW_CTX_EXECUTION_DATE=2022-09-25T22:42:42.812294+00:00
AIRFLOW_CTX_DAG_RUN_ID=manual__2022-09-25T22:42:42.812294+00:00
[2022-09-25 22:42:44,086] {python.py:118} INFO - Done. Returned value was: ['nytbsemail@gmail.com']
[2022-09-25 22:42:44,102] {taskinstance.py:1192} INFO - Marking task as SUCCESS. dag_id=Email_Bestseller_List_To_Users, task_id=Push_email_list_to_xcom, execution_date=20220925T224242, start_date=20220925T224243, end_date=20220925T224244
[2022-09-25 22:42:44,125] {taskinstance.py:1246} INFO - 1 downstream tasks scheduled from follow-on schedule check
[2022-09-25 22:42:44,148] {local_task_job.py:146} INFO - Task exited with return code 0
