[2022-09-25 22:48:07,797] {taskinstance.py:877} INFO - Dependencies all met for <TaskInstance: Email_Bestseller_List_To_Users.Fiction_book_list 2022-09-25T22:48:03.695639+00:00 [queued]>
[2022-09-25 22:48:07,811] {taskinstance.py:877} INFO - Dependencies all met for <TaskInstance: Email_Bestseller_List_To_Users.Fiction_book_list 2022-09-25T22:48:03.695639+00:00 [queued]>
[2022-09-25 22:48:07,812] {taskinstance.py:1068} INFO - 
--------------------------------------------------------------------------------
[2022-09-25 22:48:07,812] {taskinstance.py:1069} INFO - Starting attempt 1 of 1
[2022-09-25 22:48:07,812] {taskinstance.py:1070} INFO - 
--------------------------------------------------------------------------------
[2022-09-25 22:48:07,829] {taskinstance.py:1089} INFO - Executing <Task(PythonOperator): Fiction_book_list> on 2022-09-25T22:48:03.695639+00:00
[2022-09-25 22:48:07,834] {standard_task_runner.py:52} INFO - Started process 190 to run task
[2022-09-25 22:48:07,838] {standard_task_runner.py:76} INFO - Running: ['airflow', 'tasks', 'run', 'Email_Bestseller_List_To_Users', 'Fiction_book_list', '2022-09-25T22:48:03.695639+00:00', '--job-id', '69', '--pool', 'default_pool', '--raw', '--subdir', 'DAGS_FOLDER/DAG1.py', '--cfg-path', '/tmp/tmpcv4afcd7', '--error-file', '/tmp/tmps1fmobx0']
[2022-09-25 22:48:07,839] {standard_task_runner.py:77} INFO - Job 69: Subtask Fiction_book_list
[2022-09-25 22:48:07,888] {logging_mixin.py:104} INFO - Running <TaskInstance: Email_Bestseller_List_To_Users.Fiction_book_list 2022-09-25T22:48:03.695639+00:00 [running]> on host d74d0d8a09f8
[2022-09-25 22:48:07,963] {taskinstance.py:1283} INFO - Exporting the following env vars:
AIRFLOW_CTX_DAG_OWNER=airflow
AIRFLOW_CTX_DAG_ID=Email_Bestseller_List_To_Users
AIRFLOW_CTX_TASK_ID=Fiction_book_list
AIRFLOW_CTX_EXECUTION_DATE=2022-09-25T22:48:03.695639+00:00
AIRFLOW_CTX_DAG_RUN_ID=manual__2022-09-25T22:48:03.695639+00:00
[2022-09-25 22:48:07,966] {python.py:118} INFO - Done. Returned value was: ('Book Uri', 'nyt://book/4c839330-a6b0-5520-b914-126231dcb2da')
[2022-09-25 22:48:08,016] {taskinstance.py:1192} INFO - Marking task as SUCCESS. dag_id=Email_Bestseller_List_To_Users, task_id=Fiction_book_list, execution_date=20220925T224803, start_date=20220925T224807, end_date=20220925T224808
[2022-09-25 22:48:08,054] {taskinstance.py:1246} INFO - 1 downstream tasks scheduled from follow-on schedule check
[2022-09-25 22:48:08,093] {local_task_job.py:146} INFO - Task exited with return code 0
