[2022-09-25 22:31:07,899] {taskinstance.py:877} INFO - Dependencies all met for <TaskInstance: Email_Bestseller_List_To_Users.Push_email_list_to_xcom 2022-09-25T22:31:06.415215+00:00 [queued]>
[2022-09-25 22:31:07,916] {taskinstance.py:877} INFO - Dependencies all met for <TaskInstance: Email_Bestseller_List_To_Users.Push_email_list_to_xcom 2022-09-25T22:31:06.415215+00:00 [queued]>
[2022-09-25 22:31:07,917] {taskinstance.py:1068} INFO - 
--------------------------------------------------------------------------------
[2022-09-25 22:31:07,918] {taskinstance.py:1069} INFO - Starting attempt 1 of 1
[2022-09-25 22:31:07,918] {taskinstance.py:1070} INFO - 
--------------------------------------------------------------------------------
[2022-09-25 22:31:07,938] {taskinstance.py:1089} INFO - Executing <Task(PythonOperator): Push_email_list_to_xcom> on 2022-09-25T22:31:06.415215+00:00
[2022-09-25 22:31:07,944] {standard_task_runner.py:52} INFO - Started process 130 to run task
[2022-09-25 22:31:07,950] {standard_task_runner.py:76} INFO - Running: ['airflow', 'tasks', 'run', 'Email_Bestseller_List_To_Users', 'Push_email_list_to_xcom', '2022-09-25T22:31:06.415215+00:00', '--job-id', '39', '--pool', 'default_pool', '--raw', '--subdir', 'DAGS_FOLDER/DAG1.py', '--cfg-path', '/tmp/tmphnvit_i7', '--error-file', '/tmp/tmpfwcvrtpm']
[2022-09-25 22:31:07,951] {standard_task_runner.py:77} INFO - Job 39: Subtask Push_email_list_to_xcom
[2022-09-25 22:31:07,995] {logging_mixin.py:104} INFO - Running <TaskInstance: Email_Bestseller_List_To_Users.Push_email_list_to_xcom 2022-09-25T22:31:06.415215+00:00 [running]> on host d74d0d8a09f8
[2022-09-25 22:31:08,028] {taskinstance.py:1283} INFO - Exporting the following env vars:
AIRFLOW_CTX_DAG_OWNER=airflow
AIRFLOW_CTX_DAG_ID=Email_Bestseller_List_To_Users
AIRFLOW_CTX_TASK_ID=Push_email_list_to_xcom
AIRFLOW_CTX_EXECUTION_DATE=2022-09-25T22:31:06.415215+00:00
AIRFLOW_CTX_DAG_RUN_ID=manual__2022-09-25T22:31:06.415215+00:00
[2022-09-25 22:31:08,029] {python.py:118} INFO - Done. Returned value was: ['nytbsemail@gmail.com']
[2022-09-25 22:31:08,049] {taskinstance.py:1192} INFO - Marking task as SUCCESS. dag_id=Email_Bestseller_List_To_Users, task_id=Push_email_list_to_xcom, execution_date=20220925T223106, start_date=20220925T223107, end_date=20220925T223108
[2022-09-25 22:31:08,076] {taskinstance.py:1246} INFO - 1 downstream tasks scheduled from follow-on schedule check
[2022-09-25 22:31:08,085] {local_task_job.py:146} INFO - Task exited with return code 0
